ARM GAS  C:\Users\choee\AppData\Local\Temp\ccbHYzaD.s 			page 1


   1              		.cpu cortex-m4
   2              		.eabi_attribute 27, 1
   3              		.eabi_attribute 28, 1
   4              		.eabi_attribute 20, 1
   5              		.eabi_attribute 21, 1
   6              		.eabi_attribute 23, 3
   7              		.eabi_attribute 24, 1
   8              		.eabi_attribute 25, 1
   9              		.eabi_attribute 26, 1
  10              		.eabi_attribute 30, 1
  11              		.eabi_attribute 34, 1
  12              		.eabi_attribute 18, 4
  13              		.file	"app_x-cube-ble1.c"
  14              		.text
  15              	.Ltext0:
  16              		.cfi_sections	.debug_frame
  17              		.section	.text.User_Init,"ax",%progbits
  18              		.align	1
  19              		.syntax unified
  20              		.thumb
  21              		.thumb_func
  22              		.fpu fpv4-sp-d16
  24              	User_Init:
  25              	.LFB132:
  26              		.file 1 "Src/app_x-cube-ble1.c"
   1:Src/app_x-cube-ble1.c **** /**
   2:Src/app_x-cube-ble1.c ****   ******************************************************************************
   3:Src/app_x-cube-ble1.c ****   * File Name          : app_x-cube-ble1.c
   4:Src/app_x-cube-ble1.c ****   * Description        : Implementation file
   5:Src/app_x-cube-ble1.c ****   *             
   6:Src/app_x-cube-ble1.c ****   ******************************************************************************
   7:Src/app_x-cube-ble1.c ****   *
   8:Src/app_x-cube-ble1.c ****   * COPYRIGHT 2019 STMicroelectronics
   9:Src/app_x-cube-ble1.c ****   *
  10:Src/app_x-cube-ble1.c ****   * Licensed under MCD-ST Liberty SW License Agreement V2, (the "License");
  11:Src/app_x-cube-ble1.c ****   * You may not use this file except in compliance with the License.
  12:Src/app_x-cube-ble1.c ****   * You may obtain a copy of the License at:
  13:Src/app_x-cube-ble1.c ****   *
  14:Src/app_x-cube-ble1.c ****   *        http://www.st.com/software_license_agreement_liberty_v2
  15:Src/app_x-cube-ble1.c ****   *
  16:Src/app_x-cube-ble1.c ****   * Unless required by applicable law or agreed to in writing, software 
  17:Src/app_x-cube-ble1.c ****   * distributed under the License is distributed on an "AS IS" BASIS, 
  18:Src/app_x-cube-ble1.c ****   * WITHOUT WARRANTIES OR CONDITIONS OF ANY KIND, either express or implied.
  19:Src/app_x-cube-ble1.c ****   * See the License for the specific language governing permissions and
  20:Src/app_x-cube-ble1.c ****   * limitations under the License.
  21:Src/app_x-cube-ble1.c ****   ******************************************************************************
  22:Src/app_x-cube-ble1.c ****   */
  23:Src/app_x-cube-ble1.c **** 
  24:Src/app_x-cube-ble1.c **** /* Define to prevent recursive inclusion -------------------------------------*/
  25:Src/app_x-cube-ble1.c **** #ifndef __APP_X_CUBE_BLE1_C
  26:Src/app_x-cube-ble1.c **** #define __APP_X_CUBE_BLE1_C
  27:Src/app_x-cube-ble1.c **** #ifdef __cplusplus
  28:Src/app_x-cube-ble1.c ****  extern "C" {
  29:Src/app_x-cube-ble1.c **** #endif
  30:Src/app_x-cube-ble1.c **** 
  31:Src/app_x-cube-ble1.c **** /* Includes ------------------------------------------------------------------*/
  32:Src/app_x-cube-ble1.c **** #include "app_x-cube-ble1.h"
ARM GAS  C:\Users\choee\AppData\Local\Temp\ccbHYzaD.s 			page 2


  33:Src/app_x-cube-ble1.c **** 
  34:Src/app_x-cube-ble1.c **** #include <string.h>
  35:Src/app_x-cube-ble1.c **** #include "hci_le.h"
  36:Src/app_x-cube-ble1.c **** #include "hci_tl.h"
  37:Src/app_x-cube-ble1.c **** #include "sensor_service.h"
  38:Src/app_x-cube-ble1.c **** #include "eddystone_beacon.h"
  39:Src/app_x-cube-ble1.c **** #include "bluenrg_utils.h"
  40:Src/app_x-cube-ble1.c **** #include "stm32l4xx_nucleo.h"
  41:Src/app_x-cube-ble1.c **** #include "bluenrg_gap_aci.h"
  42:Src/app_x-cube-ble1.c **** #include "bluenrg_gatt_aci.h"
  43:Src/app_x-cube-ble1.c **** 
  44:Src/app_x-cube-ble1.c **** /* USER CODE BEGIN Includes */
  45:Src/app_x-cube-ble1.c **** 
  46:Src/app_x-cube-ble1.c **** /* USER CODE END Includes */
  47:Src/app_x-cube-ble1.c **** 
  48:Src/app_x-cube-ble1.c **** /* Private define ------------------------------------------------------------*/
  49:Src/app_x-cube-ble1.c **** /**
  50:Src/app_x-cube-ble1.c ****  * Define the beacon type here only if it is not already defined in the project 
  51:Src/app_x-cube-ble1.c ****  * options.
  52:Src/app_x-cube-ble1.c ****  * For the URL beacon type uncomment the line below.
  53:Src/app_x-cube-ble1.c ****  * Otherwise, if it is not already defined in the project options, the UID 
  54:Src/app_x-cube-ble1.c ****  * beacon type is set.
  55:Src/app_x-cube-ble1.c ****  */
  56:Src/app_x-cube-ble1.c **** //#define EDDYSTONE_BEACON_TYPE EDDYSTONE_URL_BEACON_TYPE
  57:Src/app_x-cube-ble1.c **** 
  58:Src/app_x-cube-ble1.c **** #ifndef EDDYSTONE_BEACON_TYPE
  59:Src/app_x-cube-ble1.c ****   #define EDDYSTONE_BEACON_TYPE EDDYSTONE_UID_BEACON_TYPE
  60:Src/app_x-cube-ble1.c **** #endif
  61:Src/app_x-cube-ble1.c **** 
  62:Src/app_x-cube-ble1.c **** #define IDB04A1 0
  63:Src/app_x-cube-ble1.c **** #define IDB05A1 1
  64:Src/app_x-cube-ble1.c **** 
  65:Src/app_x-cube-ble1.c **** /* Private variables ---------------------------------------------------------*/
  66:Src/app_x-cube-ble1.c **** /* USER CODE BEGIN PV */
  67:Src/app_x-cube-ble1.c **** 
  68:Src/app_x-cube-ble1.c **** /* USER CODE END PV */
  69:Src/app_x-cube-ble1.c **** 
  70:Src/app_x-cube-ble1.c **** /* Private function prototypes -----------------------------------------------*/
  71:Src/app_x-cube-ble1.c **** void EnterStopMode(void);
  72:Src/app_x-cube-ble1.c **** static void User_Init(void);
  73:Src/app_x-cube-ble1.c **** static void User_Process(void);
  74:Src/app_x-cube-ble1.c **** 
  75:Src/app_x-cube-ble1.c **** /* USER CODE BEGIN PFP */
  76:Src/app_x-cube-ble1.c **** 
  77:Src/app_x-cube-ble1.c **** /* USER CODE END PFP */
  78:Src/app_x-cube-ble1.c **** 
  79:Src/app_x-cube-ble1.c **** #if PRINT_CSV_FORMAT
  80:Src/app_x-cube-ble1.c **** extern volatile uint32_t ms_counter;
  81:Src/app_x-cube-ble1.c **** /**
  82:Src/app_x-cube-ble1.c ****  * @brief  This function is a utility to print the log time
  83:Src/app_x-cube-ble1.c ****  *         in the format HH:MM:SS:MSS (DK GUI time format)
  84:Src/app_x-cube-ble1.c ****  * @param  None
  85:Src/app_x-cube-ble1.c ****  * @retval None
  86:Src/app_x-cube-ble1.c ****  */
  87:Src/app_x-cube-ble1.c **** void print_csv_time(void){
  88:Src/app_x-cube-ble1.c ****   uint32_t ms = HAL_GetTick();
  89:Src/app_x-cube-ble1.c ****   PRINT_CSV("%02d:%02d:%02d.%03d", ms/(60*60*1000)%24, ms/(60*1000)%60, (ms/1000)%60, ms%1000);
ARM GAS  C:\Users\choee\AppData\Local\Temp\ccbHYzaD.s 			page 3


  90:Src/app_x-cube-ble1.c **** }
  91:Src/app_x-cube-ble1.c **** #endif
  92:Src/app_x-cube-ble1.c **** 
  93:Src/app_x-cube-ble1.c **** void MX_BlueNRG_MS_Init(void)
  94:Src/app_x-cube-ble1.c **** {
  95:Src/app_x-cube-ble1.c ****   /* USER CODE BEGIN SV */ 
  96:Src/app_x-cube-ble1.c **** 
  97:Src/app_x-cube-ble1.c ****   /* USER CODE END SV */
  98:Src/app_x-cube-ble1.c ****   
  99:Src/app_x-cube-ble1.c ****   /* USER CODE BEGIN BlueNRG_MS_Init_PreTreatment */
 100:Src/app_x-cube-ble1.c ****   
 101:Src/app_x-cube-ble1.c ****   /* USER CODE END BlueNRG_MS_Init_PreTreatment */
 102:Src/app_x-cube-ble1.c **** 
 103:Src/app_x-cube-ble1.c ****   /* Initialize the peripherals and the BLE Stack */
 104:Src/app_x-cube-ble1.c ****   tBleStatus ret = BLE_STATUS_SUCCESS;
 105:Src/app_x-cube-ble1.c **** 
 106:Src/app_x-cube-ble1.c ****   uint16_t service_handle, dev_name_char_handle, appearance_char_handle;
 107:Src/app_x-cube-ble1.c ****   uint8_t SERVER_BDADDR[] = { MAC_ADDRESS };
 108:Src/app_x-cube-ble1.c **** 
 109:Src/app_x-cube-ble1.c ****   uint8_t  hwVersion;
 110:Src/app_x-cube-ble1.c ****   uint16_t fwVersion;
 111:Src/app_x-cube-ble1.c ****   uint8_t bnrg_expansion_board = IDB04A1; /* at startup, suppose the X-NUCLEO-IDB04A1 is used */
 112:Src/app_x-cube-ble1.c **** 
 113:Src/app_x-cube-ble1.c ****   User_Init();
 114:Src/app_x-cube-ble1.c ****     
 115:Src/app_x-cube-ble1.c ****   hci_init(user_notify, NULL);
 116:Src/app_x-cube-ble1.c ****   
 117:Src/app_x-cube-ble1.c ****   /* get the BlueNRG HW and FW versions */
 118:Src/app_x-cube-ble1.c ****   getBlueNRGVersion(&hwVersion, &fwVersion);
 119:Src/app_x-cube-ble1.c ****   
 120:Src/app_x-cube-ble1.c ****   /* 
 121:Src/app_x-cube-ble1.c ****    * Reset BlueNRG again otherwise we won't
 122:Src/app_x-cube-ble1.c ****    * be able to change its MAC address.
 123:Src/app_x-cube-ble1.c ****    * aci_hal_write_config_data() must be the first
 124:Src/app_x-cube-ble1.c ****    * command after reset otherwise it will fail.
 125:Src/app_x-cube-ble1.c ****    */
 126:Src/app_x-cube-ble1.c ****   hci_reset();
 127:Src/app_x-cube-ble1.c ****   
 128:Src/app_x-cube-ble1.c ****   HAL_Delay(100);
 129:Src/app_x-cube-ble1.c **** 
 130:Src/app_x-cube-ble1.c ****   if (hwVersion > 0x30) { /* X-NUCLEO-IDB05A1 expansion board is used */
 131:Src/app_x-cube-ble1.c ****     bnrg_expansion_board = IDB05A1; 
 132:Src/app_x-cube-ble1.c ****   }
 133:Src/app_x-cube-ble1.c ****   
 134:Src/app_x-cube-ble1.c ****   ret = aci_hal_write_config_data(CONFIG_DATA_PUBADDR_OFFSET,
 135:Src/app_x-cube-ble1.c ****                                   CONFIG_DATA_PUBADDR_LEN,
 136:Src/app_x-cube-ble1.c ****                                   SERVER_BDADDR);
 137:Src/app_x-cube-ble1.c **** 
 138:Src/app_x-cube-ble1.c ****   if (ret != BLE_STATUS_SUCCESS)
 139:Src/app_x-cube-ble1.c ****   {
 140:Src/app_x-cube-ble1.c ****     __asm("nop");
 141:Src/app_x-cube-ble1.c ****   }
 142:Src/app_x-cube-ble1.c **** 
 143:Src/app_x-cube-ble1.c ****   ret = aci_gatt_init();
 144:Src/app_x-cube-ble1.c **** 
 145:Src/app_x-cube-ble1.c ****   if (ret != BLE_STATUS_SUCCESS)
 146:Src/app_x-cube-ble1.c ****   {
ARM GAS  C:\Users\choee\AppData\Local\Temp\ccbHYzaD.s 			page 4


 147:Src/app_x-cube-ble1.c ****     __asm("nop");
 148:Src/app_x-cube-ble1.c ****   }
 149:Src/app_x-cube-ble1.c **** 
 150:Src/app_x-cube-ble1.c ****   if (bnrg_expansion_board == IDB05A1) {
 151:Src/app_x-cube-ble1.c ****     ret = aci_gap_init_IDB05A1(GAP_PERIPHERAL_ROLE_IDB05A1, 0, 0x07, &service_handle, &dev_name_cha
 152:Src/app_x-cube-ble1.c ****   }
 153:Src/app_x-cube-ble1.c ****   else {
 154:Src/app_x-cube-ble1.c ****     ret = aci_gap_init_IDB04A1(GAP_PERIPHERAL_ROLE_IDB04A1, &service_handle, &dev_name_char_handle,
 155:Src/app_x-cube-ble1.c ****   }
 156:Src/app_x-cube-ble1.c ****   
 157:Src/app_x-cube-ble1.c ****   if (ret != BLE_STATUS_SUCCESS)
 158:Src/app_x-cube-ble1.c ****   {
 159:Src/app_x-cube-ble1.c ****     __asm("nop");
 160:Src/app_x-cube-ble1.c ****   }
 161:Src/app_x-cube-ble1.c **** 
 162:Src/app_x-cube-ble1.c ****   ret = aci_hal_set_tx_power_level(1,4);
 163:Src/app_x-cube-ble1.c **** 
 164:Src/app_x-cube-ble1.c ****   if (ret != BLE_STATUS_SUCCESS)
 165:Src/app_x-cube-ble1.c ****   {
 166:Src/app_x-cube-ble1.c ****     __asm("nop");
 167:Src/app_x-cube-ble1.c ****   }
 168:Src/app_x-cube-ble1.c **** 
 169:Src/app_x-cube-ble1.c ****   /* Initialize beacon services */
 170:Src/app_x-cube-ble1.c ****   if (EDDYSTONE_BEACON_TYPE & EDDYSTONE_UID_BEACON_TYPE)
 171:Src/app_x-cube-ble1.c ****   {
 172:Src/app_x-cube-ble1.c ****     EddystoneUID_Start();
 173:Src/app_x-cube-ble1.c ****   }
 174:Src/app_x-cube-ble1.c ****   if (EDDYSTONE_BEACON_TYPE & EDDYSTONE_URL_BEACON_TYPE)
 175:Src/app_x-cube-ble1.c ****   {
 176:Src/app_x-cube-ble1.c ****     EddystoneURL_Start();
 177:Src/app_x-cube-ble1.c ****   }
 178:Src/app_x-cube-ble1.c **** 
 179:Src/app_x-cube-ble1.c ****   /* USER CODE BEGIN BlueNRG_MS_Init_PostTreatment */
 180:Src/app_x-cube-ble1.c ****   
 181:Src/app_x-cube-ble1.c ****   /* USER CODE END BlueNRG_MS_Init_PostTreatment */
 182:Src/app_x-cube-ble1.c **** }
 183:Src/app_x-cube-ble1.c **** 
 184:Src/app_x-cube-ble1.c **** /*
 185:Src/app_x-cube-ble1.c ****  * BlueNRG-MS background task
 186:Src/app_x-cube-ble1.c ****  */
 187:Src/app_x-cube-ble1.c **** void MX_BlueNRG_MS_Process(void)
 188:Src/app_x-cube-ble1.c **** {
 189:Src/app_x-cube-ble1.c ****   /* USER CODE BEGIN BlueNRG_MS_Process_PreTreatment */
 190:Src/app_x-cube-ble1.c ****   
 191:Src/app_x-cube-ble1.c ****   /* USER CODE END BlueNRG_MS_Process_PreTreatment */
 192:Src/app_x-cube-ble1.c ****   
 193:Src/app_x-cube-ble1.c ****   User_Process();  
 194:Src/app_x-cube-ble1.c ****   hci_user_evt_proc();
 195:Src/app_x-cube-ble1.c **** 
 196:Src/app_x-cube-ble1.c ****   /* USER CODE BEGIN BlueNRG_MS_Process_PostTreatment */
 197:Src/app_x-cube-ble1.c ****   
 198:Src/app_x-cube-ble1.c ****   /* USER CODE END BlueNRG_MS_Process_PostTreatment */
 199:Src/app_x-cube-ble1.c **** }
 200:Src/app_x-cube-ble1.c **** 
 201:Src/app_x-cube-ble1.c **** /**
 202:Src/app_x-cube-ble1.c ****  * @brief  Initialize User process.
 203:Src/app_x-cube-ble1.c ****  *
ARM GAS  C:\Users\choee\AppData\Local\Temp\ccbHYzaD.s 			page 5


 204:Src/app_x-cube-ble1.c ****  * @param  None
 205:Src/app_x-cube-ble1.c ****  * @retval None
 206:Src/app_x-cube-ble1.c ****  */
 207:Src/app_x-cube-ble1.c **** static void User_Init(void)
 208:Src/app_x-cube-ble1.c **** {  
  27              		.loc 1 208 0
  28              		.cfi_startproc
  29              		@ args = 0, pretend = 0, frame = 0
  30              		@ frame_needed = 0, uses_anonymous_args = 0
  31 0000 08B5     		push	{r3, lr}
  32              	.LCFI0:
  33              		.cfi_def_cfa_offset 8
  34              		.cfi_offset 3, -8
  35              		.cfi_offset 14, -4
 209:Src/app_x-cube-ble1.c ****   BSP_COM_Init(COM1); 
  36              		.loc 1 209 0
  37 0002 0020     		movs	r0, #0
  38 0004 FFF7FEFF 		bl	BSP_COM_Init
  39              	.LVL0:
  40 0008 08BD     		pop	{r3, pc}
  41              		.cfi_endproc
  42              	.LFE132:
  44              		.section	.text.MX_BlueNRG_MS_Init,"ax",%progbits
  45              		.align	1
  46              		.global	MX_BlueNRG_MS_Init
  47              		.syntax unified
  48              		.thumb
  49              		.thumb_func
  50              		.fpu fpv4-sp-d16
  52              	MX_BlueNRG_MS_Init:
  53              	.LFB130:
  94:Src/app_x-cube-ble1.c ****   /* USER CODE BEGIN SV */ 
  54              		.loc 1 94 0
  55              		.cfi_startproc
  56              		@ args = 0, pretend = 0, frame = 16
  57              		@ frame_needed = 0, uses_anonymous_args = 0
  58 0000 10B5     		push	{r4, lr}
  59              	.LCFI1:
  60              		.cfi_def_cfa_offset 8
  61              		.cfi_offset 4, -8
  62              		.cfi_offset 14, -4
  63 0002 86B0     		sub	sp, sp, #24
  64              	.LCFI2:
  65              		.cfi_def_cfa_offset 32
  66              	.LVL1:
 107:Src/app_x-cube-ble1.c **** 
  67              		.loc 1 107 0
  68 0004 244B     		ldr	r3, .L14
  69 0006 93E80300 		ldm	r3, {r0, r1}
  70 000a 0390     		str	r0, [sp, #12]
  71 000c ADF81010 		strh	r1, [sp, #16]	@ movhi
  72              	.LVL2:
 113:Src/app_x-cube-ble1.c ****     
  73              		.loc 1 113 0
  74 0010 FFF7FEFF 		bl	User_Init
  75              	.LVL3:
 115:Src/app_x-cube-ble1.c ****   
ARM GAS  C:\Users\choee\AppData\Local\Temp\ccbHYzaD.s 			page 6


  76              		.loc 1 115 0
  77 0014 0021     		movs	r1, #0
  78 0016 2148     		ldr	r0, .L14+4
  79 0018 FFF7FEFF 		bl	hci_init
  80              	.LVL4:
 118:Src/app_x-cube-ble1.c ****   
  81              		.loc 1 118 0
  82 001c 02A9     		add	r1, sp, #8
  83 001e 0DF10B00 		add	r0, sp, #11
  84 0022 FFF7FEFF 		bl	getBlueNRGVersion
  85              	.LVL5:
 126:Src/app_x-cube-ble1.c ****   
  86              		.loc 1 126 0
  87 0026 FFF7FEFF 		bl	hci_reset
  88              	.LVL6:
 128:Src/app_x-cube-ble1.c **** 
  89              		.loc 1 128 0
  90 002a 6420     		movs	r0, #100
  91 002c FFF7FEFF 		bl	HAL_Delay
  92              	.LVL7:
 130:Src/app_x-cube-ble1.c ****     bnrg_expansion_board = IDB05A1; 
  93              		.loc 1 130 0
  94 0030 9DF80B30 		ldrb	r3, [sp, #11]	@ zero_extendqisi2
  95 0034 302B     		cmp	r3, #48
  96 0036 20D8     		bhi	.L11
 111:Src/app_x-cube-ble1.c **** 
  97              		.loc 1 111 0
  98 0038 0024     		movs	r4, #0
  99              	.L4:
 100              	.LVL8:
 134:Src/app_x-cube-ble1.c ****                                   CONFIG_DATA_PUBADDR_LEN,
 101              		.loc 1 134 0
 102 003a 03AA     		add	r2, sp, #12
 103 003c 0621     		movs	r1, #6
 104 003e 0020     		movs	r0, #0
 105 0040 FFF7FEFF 		bl	aci_hal_write_config_data
 106              	.LVL9:
 138:Src/app_x-cube-ble1.c ****   {
 107              		.loc 1 138 0
 108 0044 00B1     		cbz	r0, .L5
 140:Src/app_x-cube-ble1.c ****   }
 109              		.loc 1 140 0
 110              		.syntax unified
 111              	@ 140 "Src/app_x-cube-ble1.c" 1
 112 0046 00BF     		nop
 113              	@ 0 "" 2
 114              		.thumb
 115              		.syntax unified
 116              	.L5:
 143:Src/app_x-cube-ble1.c **** 
 117              		.loc 1 143 0
 118 0048 FFF7FEFF 		bl	aci_gatt_init
 119              	.LVL10:
 145:Src/app_x-cube-ble1.c ****   {
 120              		.loc 1 145 0
 121 004c 00B1     		cbz	r0, .L6
 147:Src/app_x-cube-ble1.c ****   }
ARM GAS  C:\Users\choee\AppData\Local\Temp\ccbHYzaD.s 			page 7


 122              		.loc 1 147 0
 123              		.syntax unified
 124              	@ 147 "Src/app_x-cube-ble1.c" 1
 125 004e 00BF     		nop
 126              	@ 0 "" 2
 127              		.thumb
 128              		.syntax unified
 129              	.L6:
 150:Src/app_x-cube-ble1.c ****     ret = aci_gap_init_IDB05A1(GAP_PERIPHERAL_ROLE_IDB05A1, 0, 0x07, &service_handle, &dev_name_cha
 130              		.loc 1 150 0
 131 0050 ACB9     		cbnz	r4, .L13
 154:Src/app_x-cube-ble1.c ****   }
 132              		.loc 1 154 0
 133 0052 0DF11203 		add	r3, sp, #18
 134 0056 05AA     		add	r2, sp, #20
 135 0058 0DF11601 		add	r1, sp, #22
 136 005c 0120     		movs	r0, #1
 137              	.LVL11:
 138 005e FFF7FEFF 		bl	aci_gap_init_IDB04A1
 139              	.LVL12:
 140              	.L8:
 157:Src/app_x-cube-ble1.c ****   {
 141              		.loc 1 157 0
 142 0062 00B1     		cbz	r0, .L9
 159:Src/app_x-cube-ble1.c ****   }
 143              		.loc 1 159 0
 144              		.syntax unified
 145              	@ 159 "Src/app_x-cube-ble1.c" 1
 146 0064 00BF     		nop
 147              	@ 0 "" 2
 148              		.thumb
 149              		.syntax unified
 150              	.L9:
 162:Src/app_x-cube-ble1.c **** 
 151              		.loc 1 162 0
 152 0066 0421     		movs	r1, #4
 153 0068 0120     		movs	r0, #1
 154              	.LVL13:
 155 006a FFF7FEFF 		bl	aci_hal_set_tx_power_level
 156              	.LVL14:
 164:Src/app_x-cube-ble1.c ****   {
 157              		.loc 1 164 0
 158 006e 00B1     		cbz	r0, .L10
 166:Src/app_x-cube-ble1.c ****   }
 159              		.loc 1 166 0
 160              		.syntax unified
 161              	@ 166 "Src/app_x-cube-ble1.c" 1
 162 0070 00BF     		nop
 163              	@ 0 "" 2
 164              		.thumb
 165              		.syntax unified
 166              	.L10:
 172:Src/app_x-cube-ble1.c ****   }
 167              		.loc 1 172 0
 168 0072 FFF7FEFF 		bl	EddystoneUID_Start
 169              	.LVL15:
 182:Src/app_x-cube-ble1.c **** 
ARM GAS  C:\Users\choee\AppData\Local\Temp\ccbHYzaD.s 			page 8


 170              		.loc 1 182 0
 171 0076 06B0     		add	sp, sp, #24
 172              	.LCFI3:
 173              		.cfi_remember_state
 174              		.cfi_def_cfa_offset 8
 175              		@ sp needed
 176 0078 10BD     		pop	{r4, pc}
 177              	.LVL16:
 178              	.L11:
 179              	.LCFI4:
 180              		.cfi_restore_state
 131:Src/app_x-cube-ble1.c ****   }
 181              		.loc 1 131 0
 182 007a 0124     		movs	r4, #1
 183 007c DDE7     		b	.L4
 184              	.LVL17:
 185              	.L13:
 151:Src/app_x-cube-ble1.c ****   }
 186              		.loc 1 151 0
 187 007e 0DF11203 		add	r3, sp, #18
 188 0082 0193     		str	r3, [sp, #4]
 189 0084 05AB     		add	r3, sp, #20
 190 0086 0093     		str	r3, [sp]
 191 0088 0DF11603 		add	r3, sp, #22
 192 008c 0722     		movs	r2, #7
 193 008e 0021     		movs	r1, #0
 194 0090 0120     		movs	r0, #1
 195              	.LVL18:
 196 0092 FFF7FEFF 		bl	aci_gap_init_IDB05A1
 197              	.LVL19:
 198 0096 E4E7     		b	.L8
 199              	.L15:
 200              		.align	2
 201              	.L14:
 202 0098 00000000 		.word	.LANCHOR0
 203 009c 00000000 		.word	user_notify
 204              		.cfi_endproc
 205              	.LFE130:
 207              		.section	.text.EnterStopMode,"ax",%progbits
 208              		.align	1
 209              		.global	EnterStopMode
 210              		.syntax unified
 211              		.thumb
 212              		.thumb_func
 213              		.fpu fpv4-sp-d16
 215              	EnterStopMode:
 216              	.LFB134:
 210:Src/app_x-cube-ble1.c **** }
 211:Src/app_x-cube-ble1.c **** 
 212:Src/app_x-cube-ble1.c **** /**
 213:Src/app_x-cube-ble1.c ****  * @brief  User application process
 214:Src/app_x-cube-ble1.c ****  * @param  None
 215:Src/app_x-cube-ble1.c ****  * @retval None
 216:Src/app_x-cube-ble1.c ****  */
 217:Src/app_x-cube-ble1.c **** static void User_Process(void)
 218:Src/app_x-cube-ble1.c **** {
 219:Src/app_x-cube-ble1.c ****   EnterStopMode(); 
ARM GAS  C:\Users\choee\AppData\Local\Temp\ccbHYzaD.s 			page 9


 220:Src/app_x-cube-ble1.c **** }
 221:Src/app_x-cube-ble1.c **** 
 222:Src/app_x-cube-ble1.c **** /**
 223:Src/app_x-cube-ble1.c ****  * @brief  Enter the STOP mode
 224:Src/app_x-cube-ble1.c ****  * @param  None
 225:Src/app_x-cube-ble1.c ****  * @retval None
 226:Src/app_x-cube-ble1.c ****  */
 227:Src/app_x-cube-ble1.c **** void EnterStopMode(void)
 228:Src/app_x-cube-ble1.c **** {
 217              		.loc 1 228 0
 218              		.cfi_startproc
 219              		@ args = 0, pretend = 0, frame = 0
 220              		@ frame_needed = 0, uses_anonymous_args = 0
 221 0000 08B5     		push	{r3, lr}
 222              	.LCFI5:
 223              		.cfi_def_cfa_offset 8
 224              		.cfi_offset 3, -8
 225              		.cfi_offset 14, -4
 229:Src/app_x-cube-ble1.c ****   __HAL_PWR_CLEAR_FLAG(PWR_FLAG_WU);
 226              		.loc 1 229 0
 227 0002 1F22     		movs	r2, #31
 228 0004 034B     		ldr	r3, .L18
 229 0006 9A61     		str	r2, [r3, #24]
 230:Src/app_x-cube-ble1.c ****   HAL_PWR_EnterSTOPMode(PWR_LOWPOWERREGULATOR_ON, PWR_STOPENTRY_WFI);
 230              		.loc 1 230 0
 231 0008 0121     		movs	r1, #1
 232 000a 4FF48040 		mov	r0, #16384
 233 000e FFF7FEFF 		bl	HAL_PWR_EnterSTOPMode
 234              	.LVL20:
 235 0012 08BD     		pop	{r3, pc}
 236              	.L19:
 237              		.align	2
 238              	.L18:
 239 0014 00700040 		.word	1073770496
 240              		.cfi_endproc
 241              	.LFE134:
 243              		.section	.text.User_Process,"ax",%progbits
 244              		.align	1
 245              		.syntax unified
 246              		.thumb
 247              		.thumb_func
 248              		.fpu fpv4-sp-d16
 250              	User_Process:
 251              	.LFB133:
 218:Src/app_x-cube-ble1.c ****   EnterStopMode(); 
 252              		.loc 1 218 0
 253              		.cfi_startproc
 254              		@ args = 0, pretend = 0, frame = 0
 255              		@ frame_needed = 0, uses_anonymous_args = 0
 256 0000 08B5     		push	{r3, lr}
 257              	.LCFI6:
 258              		.cfi_def_cfa_offset 8
 259              		.cfi_offset 3, -8
 260              		.cfi_offset 14, -4
 219:Src/app_x-cube-ble1.c **** }
 261              		.loc 1 219 0
 262 0002 FFF7FEFF 		bl	EnterStopMode
ARM GAS  C:\Users\choee\AppData\Local\Temp\ccbHYzaD.s 			page 10


 263              	.LVL21:
 264 0006 08BD     		pop	{r3, pc}
 265              		.cfi_endproc
 266              	.LFE133:
 268              		.section	.text.MX_BlueNRG_MS_Process,"ax",%progbits
 269              		.align	1
 270              		.global	MX_BlueNRG_MS_Process
 271              		.syntax unified
 272              		.thumb
 273              		.thumb_func
 274              		.fpu fpv4-sp-d16
 276              	MX_BlueNRG_MS_Process:
 277              	.LFB131:
 188:Src/app_x-cube-ble1.c ****   /* USER CODE BEGIN BlueNRG_MS_Process_PreTreatment */
 278              		.loc 1 188 0
 279              		.cfi_startproc
 280              		@ args = 0, pretend = 0, frame = 0
 281              		@ frame_needed = 0, uses_anonymous_args = 0
 282 0000 08B5     		push	{r3, lr}
 283              	.LCFI7:
 284              		.cfi_def_cfa_offset 8
 285              		.cfi_offset 3, -8
 286              		.cfi_offset 14, -4
 193:Src/app_x-cube-ble1.c ****   hci_user_evt_proc();
 287              		.loc 1 193 0
 288 0002 FFF7FEFF 		bl	User_Process
 289              	.LVL22:
 194:Src/app_x-cube-ble1.c **** 
 290              		.loc 1 194 0
 291 0006 FFF7FEFF 		bl	hci_user_evt_proc
 292              	.LVL23:
 293 000a 08BD     		pop	{r3, pc}
 294              		.cfi_endproc
 295              	.LFE131:
 297              		.section	.rodata
 298              		.align	2
 299              		.set	.LANCHOR0,. + 0
 300              	.LC0:
 301 0000 12       		.byte	18
 302 0001 34       		.byte	52
 303 0002 00       		.byte	0
 304 0003 E1       		.byte	-31
 305 0004 80       		.byte	-128
 306 0005 03       		.byte	3
 307              		.text
 308              	.Letext0:
 309              		.file 2 "c:\\program files (x86)\\gnu tools arm embedded\\6 2017-q2-update\\arm-none-eabi\\include
 310              		.file 3 "c:\\program files (x86)\\gnu tools arm embedded\\6 2017-q2-update\\arm-none-eabi\\include
 311              		.file 4 "c:\\program files (x86)\\gnu tools arm embedded\\6 2017-q2-update\\arm-none-eabi\\include
 312              		.file 5 "c:\\program files (x86)\\gnu tools arm embedded\\6 2017-q2-update\\lib\\gcc\\arm-none-eab
 313              		.file 6 "c:\\program files (x86)\\gnu tools arm embedded\\6 2017-q2-update\\arm-none-eabi\\include
 314              		.file 7 "c:\\program files (x86)\\gnu tools arm embedded\\6 2017-q2-update\\arm-none-eabi\\include
 315              		.file 8 "Middlewares/ST/BlueNRG-MS/includes/bluenrg_def.h"
 316              		.file 9 "Drivers/CMSIS/Include/core_cm4.h"
 317              		.file 10 "Drivers/CMSIS/Device/ST/STM32L4xx/Include/system_stm32l4xx.h"
 318              		.file 11 "Drivers/CMSIS/Device/ST/STM32L4xx/Include/stm32l475xx.h"
 319              		.file 12 "Drivers/STM32L4xx_HAL_Driver/Inc/stm32l4xx_hal_def.h"
ARM GAS  C:\Users\choee\AppData\Local\Temp\ccbHYzaD.s 			page 11


 320              		.file 13 "Drivers/STM32L4xx_HAL_Driver/Inc/stm32l4xx_hal_dma.h"
 321              		.file 14 "Drivers/STM32L4xx_HAL_Driver/Inc/stm32l4xx_hal_flash.h"
 322              		.file 15 "Drivers/STM32L4xx_HAL_Driver/Inc/stm32l4xx_hal_uart.h"
 323              		.file 16 "Drivers/STM32L4xx_HAL_Driver/Inc/stm32l4xx_hal.h"
 324              		.file 17 "c:\\program files (x86)\\gnu tools arm embedded\\6 2017-q2-update\\arm-none-eabi\\includ
 325              		.file 18 "Middlewares/ST/BlueNRG-MS/includes/bluenrg_utils.h"
 326              		.file 19 "Inc/stm32l4xx_nucleo.h"
 327              		.file 20 "Drivers/STM32L4xx_HAL_Driver/Inc/stm32l4xx_hal_pwr.h"
 328              		.file 21 "Middlewares/ST/BlueNRG-MS/includes/hci.h"
 329              		.file 22 "Middlewares/ST/BlueNRG-MS/includes/hci_le.h"
 330              		.file 23 "Middlewares/ST/BlueNRG-MS/includes/bluenrg_hal_aci.h"
 331              		.file 24 "Middlewares/ST/BlueNRG-MS/includes/bluenrg_gatt_aci.h"
 332              		.file 25 "Middlewares/ST/BlueNRG-MS/includes/bluenrg_gap_aci.h"
 333              		.file 26 "Inc/eddystone_beacon.h"
ARM GAS  C:\Users\choee\AppData\Local\Temp\ccbHYzaD.s 			page 12


DEFINED SYMBOLS
                            *ABS*:00000000 app_x-cube-ble1.c
C:\Users\choee\AppData\Local\Temp\ccbHYzaD.s:18     .text.User_Init:00000000 $t
C:\Users\choee\AppData\Local\Temp\ccbHYzaD.s:24     .text.User_Init:00000000 User_Init
C:\Users\choee\AppData\Local\Temp\ccbHYzaD.s:45     .text.MX_BlueNRG_MS_Init:00000000 $t
C:\Users\choee\AppData\Local\Temp\ccbHYzaD.s:52     .text.MX_BlueNRG_MS_Init:00000000 MX_BlueNRG_MS_Init
C:\Users\choee\AppData\Local\Temp\ccbHYzaD.s:202    .text.MX_BlueNRG_MS_Init:00000098 $d
C:\Users\choee\AppData\Local\Temp\ccbHYzaD.s:208    .text.EnterStopMode:00000000 $t
C:\Users\choee\AppData\Local\Temp\ccbHYzaD.s:215    .text.EnterStopMode:00000000 EnterStopMode
C:\Users\choee\AppData\Local\Temp\ccbHYzaD.s:239    .text.EnterStopMode:00000014 $d
C:\Users\choee\AppData\Local\Temp\ccbHYzaD.s:244    .text.User_Process:00000000 $t
C:\Users\choee\AppData\Local\Temp\ccbHYzaD.s:250    .text.User_Process:00000000 User_Process
C:\Users\choee\AppData\Local\Temp\ccbHYzaD.s:269    .text.MX_BlueNRG_MS_Process:00000000 $t
C:\Users\choee\AppData\Local\Temp\ccbHYzaD.s:276    .text.MX_BlueNRG_MS_Process:00000000 MX_BlueNRG_MS_Process
C:\Users\choee\AppData\Local\Temp\ccbHYzaD.s:298    .rodata:00000000 $d
                     .debug_frame:00000010 $d

UNDEFINED SYMBOLS
BSP_COM_Init
hci_init
getBlueNRGVersion
hci_reset
HAL_Delay
aci_hal_write_config_data
aci_gatt_init
aci_gap_init_IDB04A1
aci_hal_set_tx_power_level
EddystoneUID_Start
aci_gap_init_IDB05A1
user_notify
HAL_PWR_EnterSTOPMode
hci_user_evt_proc
