ARM GAS  C:\Users\choee\AppData\Local\Temp\ccLSuVC2.s 			page 1


   1              		.cpu cortex-m4
   2              		.eabi_attribute 27, 1
   3              		.eabi_attribute 28, 1
   4              		.eabi_attribute 20, 1
   5              		.eabi_attribute 21, 1
   6              		.eabi_attribute 23, 3
   7              		.eabi_attribute 24, 1
   8              		.eabi_attribute 25, 1
   9              		.eabi_attribute 26, 1
  10              		.eabi_attribute 30, 1
  11              		.eabi_attribute 34, 1
  12              		.eabi_attribute 18, 4
  13              		.file	"ble_list.c"
  14              		.text
  15              	.Ltext0:
  16              		.cfi_sections	.debug_frame
  17              		.section	.text.list_init_head,"ax",%progbits
  18              		.align	1
  19              		.global	list_init_head
  20              		.syntax unified
  21              		.thumb
  22              		.thumb_func
  23              		.fpu fpv4-sp-d16
  25              	list_init_head:
  26              	.LFB131:
  27              		.file 1 "Middlewares/ST/BlueNRG-MS/utils/ble_list.c"
   1:Middlewares/ST/BlueNRG-MS/utils/ble_list.c **** /******************** (C) COPYRIGHT 2012 STMicroelectronics ********************
   2:Middlewares/ST/BlueNRG-MS/utils/ble_list.c **** * File Name          : ble_list.c
   3:Middlewares/ST/BlueNRG-MS/utils/ble_list.c **** * Author             : AMS - HEA&RF BU
   4:Middlewares/ST/BlueNRG-MS/utils/ble_list.c **** * Version            : V1.0.0
   5:Middlewares/ST/BlueNRG-MS/utils/ble_list.c **** * Date               : 19-July-2012
   6:Middlewares/ST/BlueNRG-MS/utils/ble_list.c **** * Description        : Circular Linked List Implementation.
   7:Middlewares/ST/BlueNRG-MS/utils/ble_list.c **** ********************************************************************************
   8:Middlewares/ST/BlueNRG-MS/utils/ble_list.c **** * THE PRESENT FIRMWARE WHICH IS FOR GUIDANCE ONLY AIMS AT PROVIDING CUSTOMERS
   9:Middlewares/ST/BlueNRG-MS/utils/ble_list.c **** * WITH CODING INFORMATION REGARDING THEIR PRODUCTS IN ORDER FOR THEM TO SAVE TIME.
  10:Middlewares/ST/BlueNRG-MS/utils/ble_list.c **** * AS A RESULT, STMICROELECTRONICS SHALL NOT BE HELD LIABLE FOR ANY DIRECT,
  11:Middlewares/ST/BlueNRG-MS/utils/ble_list.c **** * INDIRECT OR CONSEQUENTIAL DAMAGES WITH RESPECT TO ANY CLAIMS ARISING FROM THE
  12:Middlewares/ST/BlueNRG-MS/utils/ble_list.c **** * CONTENT OF SUCH FIRMWARE AND/OR THE USE MADE BY CUSTOMERS OF THE CODING
  13:Middlewares/ST/BlueNRG-MS/utils/ble_list.c **** * INFORMATION CONTAINED HEREIN IN CONNECTION WITH THEIR PRODUCTS.
  14:Middlewares/ST/BlueNRG-MS/utils/ble_list.c **** *******************************************************************************/
  15:Middlewares/ST/BlueNRG-MS/utils/ble_list.c **** 
  16:Middlewares/ST/BlueNRG-MS/utils/ble_list.c **** /******************************************************************************
  17:Middlewares/ST/BlueNRG-MS/utils/ble_list.c ****  * Include Files
  18:Middlewares/ST/BlueNRG-MS/utils/ble_list.c **** ******************************************************************************/
  19:Middlewares/ST/BlueNRG-MS/utils/ble_list.c **** #include "ble_list.h"
  20:Middlewares/ST/BlueNRG-MS/utils/ble_list.c **** #include <stdio.h>
  21:Middlewares/ST/BlueNRG-MS/utils/ble_list.c **** 
  22:Middlewares/ST/BlueNRG-MS/utils/ble_list.c **** #include "ble_list_utils.h"
  23:Middlewares/ST/BlueNRG-MS/utils/ble_list.c **** 
  24:Middlewares/ST/BlueNRG-MS/utils/ble_list.c **** /******************************************************************************
  25:Middlewares/ST/BlueNRG-MS/utils/ble_list.c ****  * Function Definitions 
  26:Middlewares/ST/BlueNRG-MS/utils/ble_list.c **** ******************************************************************************/
  27:Middlewares/ST/BlueNRG-MS/utils/ble_list.c **** void list_init_head (tListNode * listHead)
  28:Middlewares/ST/BlueNRG-MS/utils/ble_list.c **** {
  28              		.loc 1 28 0
  29              		.cfi_startproc
  30              		@ args = 0, pretend = 0, frame = 0
ARM GAS  C:\Users\choee\AppData\Local\Temp\ccLSuVC2.s 			page 2


  31              		@ frame_needed = 0, uses_anonymous_args = 0
  32              		@ link register save eliminated.
  33              	.LVL0:
  29:Middlewares/ST/BlueNRG-MS/utils/ble_list.c ****   listHead->next = listHead;
  34              		.loc 1 29 0
  35 0000 0060     		str	r0, [r0]
  30:Middlewares/ST/BlueNRG-MS/utils/ble_list.c ****   listHead->prev = listHead;	
  36              		.loc 1 30 0
  37 0002 4060     		str	r0, [r0, #4]
  38 0004 7047     		bx	lr
  39              		.cfi_endproc
  40              	.LFE131:
  42              		.section	.text.list_is_empty,"ax",%progbits
  43              		.align	1
  44              		.global	list_is_empty
  45              		.syntax unified
  46              		.thumb
  47              		.thumb_func
  48              		.fpu fpv4-sp-d16
  50              	list_is_empty:
  51              	.LFB132:
  31:Middlewares/ST/BlueNRG-MS/utils/ble_list.c **** }
  32:Middlewares/ST/BlueNRG-MS/utils/ble_list.c **** 
  33:Middlewares/ST/BlueNRG-MS/utils/ble_list.c **** uint8_t list_is_empty (tListNode * listHead)
  34:Middlewares/ST/BlueNRG-MS/utils/ble_list.c **** {
  52              		.loc 1 34 0
  53              		.cfi_startproc
  54              		@ args = 0, pretend = 0, frame = 0
  55              		@ frame_needed = 0, uses_anonymous_args = 0
  56              		@ link register save eliminated.
  57              	.LVL1:
  58              	.LBB68:
  59              	.LBB69:
  60              		.file 2 "Drivers/CMSIS/Include/cmsis_gcc.h"
   1:Drivers/CMSIS/Include/cmsis_gcc.h **** /**************************************************************************//**
   2:Drivers/CMSIS/Include/cmsis_gcc.h ****  * @file     cmsis_gcc.h
   3:Drivers/CMSIS/Include/cmsis_gcc.h ****  * @brief    CMSIS compiler GCC header file
   4:Drivers/CMSIS/Include/cmsis_gcc.h ****  * @version  V5.0.4
   5:Drivers/CMSIS/Include/cmsis_gcc.h ****  * @date     09. April 2018
   6:Drivers/CMSIS/Include/cmsis_gcc.h ****  ******************************************************************************/
   7:Drivers/CMSIS/Include/cmsis_gcc.h **** /*
   8:Drivers/CMSIS/Include/cmsis_gcc.h ****  * Copyright (c) 2009-2018 Arm Limited. All rights reserved.
   9:Drivers/CMSIS/Include/cmsis_gcc.h ****  *
  10:Drivers/CMSIS/Include/cmsis_gcc.h ****  * SPDX-License-Identifier: Apache-2.0
  11:Drivers/CMSIS/Include/cmsis_gcc.h ****  *
  12:Drivers/CMSIS/Include/cmsis_gcc.h ****  * Licensed under the Apache License, Version 2.0 (the License); you may
  13:Drivers/CMSIS/Include/cmsis_gcc.h ****  * not use this file except in compliance with the License.
  14:Drivers/CMSIS/Include/cmsis_gcc.h ****  * You may obtain a copy of the License at
  15:Drivers/CMSIS/Include/cmsis_gcc.h ****  *
  16:Drivers/CMSIS/Include/cmsis_gcc.h ****  * www.apache.org/licenses/LICENSE-2.0
  17:Drivers/CMSIS/Include/cmsis_gcc.h ****  *
  18:Drivers/CMSIS/Include/cmsis_gcc.h ****  * Unless required by applicable law or agreed to in writing, software
  19:Drivers/CMSIS/Include/cmsis_gcc.h ****  * distributed under the License is distributed on an AS IS BASIS, WITHOUT
  20:Drivers/CMSIS/Include/cmsis_gcc.h ****  * WARRANTIES OR CONDITIONS OF ANY KIND, either express or implied.
  21:Drivers/CMSIS/Include/cmsis_gcc.h ****  * See the License for the specific language governing permissions and
  22:Drivers/CMSIS/Include/cmsis_gcc.h ****  * limitations under the License.
  23:Drivers/CMSIS/Include/cmsis_gcc.h ****  */
ARM GAS  C:\Users\choee\AppData\Local\Temp\ccLSuVC2.s 			page 3


  24:Drivers/CMSIS/Include/cmsis_gcc.h **** 
  25:Drivers/CMSIS/Include/cmsis_gcc.h **** #ifndef __CMSIS_GCC_H
  26:Drivers/CMSIS/Include/cmsis_gcc.h **** #define __CMSIS_GCC_H
  27:Drivers/CMSIS/Include/cmsis_gcc.h **** 
  28:Drivers/CMSIS/Include/cmsis_gcc.h **** /* ignore some GCC warnings */
  29:Drivers/CMSIS/Include/cmsis_gcc.h **** #pragma GCC diagnostic push
  30:Drivers/CMSIS/Include/cmsis_gcc.h **** #pragma GCC diagnostic ignored "-Wsign-conversion"
  31:Drivers/CMSIS/Include/cmsis_gcc.h **** #pragma GCC diagnostic ignored "-Wconversion"
  32:Drivers/CMSIS/Include/cmsis_gcc.h **** #pragma GCC diagnostic ignored "-Wunused-parameter"
  33:Drivers/CMSIS/Include/cmsis_gcc.h **** 
  34:Drivers/CMSIS/Include/cmsis_gcc.h **** /* Fallback for __has_builtin */
  35:Drivers/CMSIS/Include/cmsis_gcc.h **** #ifndef __has_builtin
  36:Drivers/CMSIS/Include/cmsis_gcc.h ****   #define __has_builtin(x) (0)
  37:Drivers/CMSIS/Include/cmsis_gcc.h **** #endif
  38:Drivers/CMSIS/Include/cmsis_gcc.h **** 
  39:Drivers/CMSIS/Include/cmsis_gcc.h **** /* CMSIS compiler specific defines */
  40:Drivers/CMSIS/Include/cmsis_gcc.h **** #ifndef   __ASM
  41:Drivers/CMSIS/Include/cmsis_gcc.h ****   #define __ASM                                  __asm
  42:Drivers/CMSIS/Include/cmsis_gcc.h **** #endif
  43:Drivers/CMSIS/Include/cmsis_gcc.h **** #ifndef   __INLINE
  44:Drivers/CMSIS/Include/cmsis_gcc.h ****   #define __INLINE                               inline
  45:Drivers/CMSIS/Include/cmsis_gcc.h **** #endif
  46:Drivers/CMSIS/Include/cmsis_gcc.h **** #ifndef   __STATIC_INLINE
  47:Drivers/CMSIS/Include/cmsis_gcc.h ****   #define __STATIC_INLINE                        static inline
  48:Drivers/CMSIS/Include/cmsis_gcc.h **** #endif
  49:Drivers/CMSIS/Include/cmsis_gcc.h **** #ifndef   __STATIC_FORCEINLINE                 
  50:Drivers/CMSIS/Include/cmsis_gcc.h ****   #define __STATIC_FORCEINLINE                   __attribute__((always_inline)) static inline
  51:Drivers/CMSIS/Include/cmsis_gcc.h **** #endif                                           
  52:Drivers/CMSIS/Include/cmsis_gcc.h **** #ifndef   __NO_RETURN
  53:Drivers/CMSIS/Include/cmsis_gcc.h ****   #define __NO_RETURN                            __attribute__((__noreturn__))
  54:Drivers/CMSIS/Include/cmsis_gcc.h **** #endif
  55:Drivers/CMSIS/Include/cmsis_gcc.h **** #ifndef   __USED
  56:Drivers/CMSIS/Include/cmsis_gcc.h ****   #define __USED                                 __attribute__((used))
  57:Drivers/CMSIS/Include/cmsis_gcc.h **** #endif
  58:Drivers/CMSIS/Include/cmsis_gcc.h **** #ifndef   __WEAK
  59:Drivers/CMSIS/Include/cmsis_gcc.h ****   #define __WEAK                                 __attribute__((weak))
  60:Drivers/CMSIS/Include/cmsis_gcc.h **** #endif
  61:Drivers/CMSIS/Include/cmsis_gcc.h **** #ifndef   __PACKED
  62:Drivers/CMSIS/Include/cmsis_gcc.h ****   #define __PACKED                               __attribute__((packed, aligned(1)))
  63:Drivers/CMSIS/Include/cmsis_gcc.h **** #endif
  64:Drivers/CMSIS/Include/cmsis_gcc.h **** #ifndef   __PACKED_STRUCT
  65:Drivers/CMSIS/Include/cmsis_gcc.h ****   #define __PACKED_STRUCT                        struct __attribute__((packed, aligned(1)))
  66:Drivers/CMSIS/Include/cmsis_gcc.h **** #endif
  67:Drivers/CMSIS/Include/cmsis_gcc.h **** #ifndef   __PACKED_UNION
  68:Drivers/CMSIS/Include/cmsis_gcc.h ****   #define __PACKED_UNION                         union __attribute__((packed, aligned(1)))
  69:Drivers/CMSIS/Include/cmsis_gcc.h **** #endif
  70:Drivers/CMSIS/Include/cmsis_gcc.h **** #ifndef   __UNALIGNED_UINT32        /* deprecated */
  71:Drivers/CMSIS/Include/cmsis_gcc.h ****   #pragma GCC diagnostic push
  72:Drivers/CMSIS/Include/cmsis_gcc.h ****   #pragma GCC diagnostic ignored "-Wpacked"
  73:Drivers/CMSIS/Include/cmsis_gcc.h ****   #pragma GCC diagnostic ignored "-Wattributes"
  74:Drivers/CMSIS/Include/cmsis_gcc.h ****   struct __attribute__((packed)) T_UINT32 { uint32_t v; };
  75:Drivers/CMSIS/Include/cmsis_gcc.h ****   #pragma GCC diagnostic pop
  76:Drivers/CMSIS/Include/cmsis_gcc.h ****   #define __UNALIGNED_UINT32(x)                  (((struct T_UINT32 *)(x))->v)
  77:Drivers/CMSIS/Include/cmsis_gcc.h **** #endif
  78:Drivers/CMSIS/Include/cmsis_gcc.h **** #ifndef   __UNALIGNED_UINT16_WRITE
  79:Drivers/CMSIS/Include/cmsis_gcc.h ****   #pragma GCC diagnostic push
  80:Drivers/CMSIS/Include/cmsis_gcc.h ****   #pragma GCC diagnostic ignored "-Wpacked"
ARM GAS  C:\Users\choee\AppData\Local\Temp\ccLSuVC2.s 			page 4


  81:Drivers/CMSIS/Include/cmsis_gcc.h ****   #pragma GCC diagnostic ignored "-Wattributes"
  82:Drivers/CMSIS/Include/cmsis_gcc.h ****   __PACKED_STRUCT T_UINT16_WRITE { uint16_t v; };
  83:Drivers/CMSIS/Include/cmsis_gcc.h ****   #pragma GCC diagnostic pop
  84:Drivers/CMSIS/Include/cmsis_gcc.h ****   #define __UNALIGNED_UINT16_WRITE(addr, val)    (void)((((struct T_UINT16_WRITE *)(void *)(addr))-
  85:Drivers/CMSIS/Include/cmsis_gcc.h **** #endif
  86:Drivers/CMSIS/Include/cmsis_gcc.h **** #ifndef   __UNALIGNED_UINT16_READ
  87:Drivers/CMSIS/Include/cmsis_gcc.h ****   #pragma GCC diagnostic push
  88:Drivers/CMSIS/Include/cmsis_gcc.h ****   #pragma GCC diagnostic ignored "-Wpacked"
  89:Drivers/CMSIS/Include/cmsis_gcc.h ****   #pragma GCC diagnostic ignored "-Wattributes"
  90:Drivers/CMSIS/Include/cmsis_gcc.h ****   __PACKED_STRUCT T_UINT16_READ { uint16_t v; };
  91:Drivers/CMSIS/Include/cmsis_gcc.h ****   #pragma GCC diagnostic pop
  92:Drivers/CMSIS/Include/cmsis_gcc.h ****   #define __UNALIGNED_UINT16_READ(addr)          (((const struct T_UINT16_READ *)(const void *)(add
  93:Drivers/CMSIS/Include/cmsis_gcc.h **** #endif
  94:Drivers/CMSIS/Include/cmsis_gcc.h **** #ifndef   __UNALIGNED_UINT32_WRITE
  95:Drivers/CMSIS/Include/cmsis_gcc.h ****   #pragma GCC diagnostic push
  96:Drivers/CMSIS/Include/cmsis_gcc.h ****   #pragma GCC diagnostic ignored "-Wpacked"
  97:Drivers/CMSIS/Include/cmsis_gcc.h ****   #pragma GCC diagnostic ignored "-Wattributes"
  98:Drivers/CMSIS/Include/cmsis_gcc.h ****   __PACKED_STRUCT T_UINT32_WRITE { uint32_t v; };
  99:Drivers/CMSIS/Include/cmsis_gcc.h ****   #pragma GCC diagnostic pop
 100:Drivers/CMSIS/Include/cmsis_gcc.h ****   #define __UNALIGNED_UINT32_WRITE(addr, val)    (void)((((struct T_UINT32_WRITE *)(void *)(addr))-
 101:Drivers/CMSIS/Include/cmsis_gcc.h **** #endif
 102:Drivers/CMSIS/Include/cmsis_gcc.h **** #ifndef   __UNALIGNED_UINT32_READ
 103:Drivers/CMSIS/Include/cmsis_gcc.h ****   #pragma GCC diagnostic push
 104:Drivers/CMSIS/Include/cmsis_gcc.h ****   #pragma GCC diagnostic ignored "-Wpacked"
 105:Drivers/CMSIS/Include/cmsis_gcc.h ****   #pragma GCC diagnostic ignored "-Wattributes"
 106:Drivers/CMSIS/Include/cmsis_gcc.h ****   __PACKED_STRUCT T_UINT32_READ { uint32_t v; };
 107:Drivers/CMSIS/Include/cmsis_gcc.h ****   #pragma GCC diagnostic pop
 108:Drivers/CMSIS/Include/cmsis_gcc.h ****   #define __UNALIGNED_UINT32_READ(addr)          (((const struct T_UINT32_READ *)(const void *)(add
 109:Drivers/CMSIS/Include/cmsis_gcc.h **** #endif
 110:Drivers/CMSIS/Include/cmsis_gcc.h **** #ifndef   __ALIGNED
 111:Drivers/CMSIS/Include/cmsis_gcc.h ****   #define __ALIGNED(x)                           __attribute__((aligned(x)))
 112:Drivers/CMSIS/Include/cmsis_gcc.h **** #endif
 113:Drivers/CMSIS/Include/cmsis_gcc.h **** #ifndef   __RESTRICT
 114:Drivers/CMSIS/Include/cmsis_gcc.h ****   #define __RESTRICT                             __restrict
 115:Drivers/CMSIS/Include/cmsis_gcc.h **** #endif
 116:Drivers/CMSIS/Include/cmsis_gcc.h **** 
 117:Drivers/CMSIS/Include/cmsis_gcc.h **** 
 118:Drivers/CMSIS/Include/cmsis_gcc.h **** /* ###########################  Core Function Access  ########################### */
 119:Drivers/CMSIS/Include/cmsis_gcc.h **** /** \ingroup  CMSIS_Core_FunctionInterface
 120:Drivers/CMSIS/Include/cmsis_gcc.h ****     \defgroup CMSIS_Core_RegAccFunctions CMSIS Core Register Access Functions
 121:Drivers/CMSIS/Include/cmsis_gcc.h ****   @{
 122:Drivers/CMSIS/Include/cmsis_gcc.h ****  */
 123:Drivers/CMSIS/Include/cmsis_gcc.h **** 
 124:Drivers/CMSIS/Include/cmsis_gcc.h **** /**
 125:Drivers/CMSIS/Include/cmsis_gcc.h ****   \brief   Enable IRQ Interrupts
 126:Drivers/CMSIS/Include/cmsis_gcc.h ****   \details Enables IRQ interrupts by clearing the I-bit in the CPSR.
 127:Drivers/CMSIS/Include/cmsis_gcc.h ****            Can only be executed in Privileged modes.
 128:Drivers/CMSIS/Include/cmsis_gcc.h ****  */
 129:Drivers/CMSIS/Include/cmsis_gcc.h **** __STATIC_FORCEINLINE void __enable_irq(void)
 130:Drivers/CMSIS/Include/cmsis_gcc.h **** {
 131:Drivers/CMSIS/Include/cmsis_gcc.h ****   __ASM volatile ("cpsie i" : : : "memory");
 132:Drivers/CMSIS/Include/cmsis_gcc.h **** }
 133:Drivers/CMSIS/Include/cmsis_gcc.h **** 
 134:Drivers/CMSIS/Include/cmsis_gcc.h **** 
 135:Drivers/CMSIS/Include/cmsis_gcc.h **** /**
 136:Drivers/CMSIS/Include/cmsis_gcc.h ****   \brief   Disable IRQ Interrupts
 137:Drivers/CMSIS/Include/cmsis_gcc.h ****   \details Disables IRQ interrupts by setting the I-bit in the CPSR.
ARM GAS  C:\Users\choee\AppData\Local\Temp\ccLSuVC2.s 			page 5


 138:Drivers/CMSIS/Include/cmsis_gcc.h ****            Can only be executed in Privileged modes.
 139:Drivers/CMSIS/Include/cmsis_gcc.h ****  */
 140:Drivers/CMSIS/Include/cmsis_gcc.h **** __STATIC_FORCEINLINE void __disable_irq(void)
 141:Drivers/CMSIS/Include/cmsis_gcc.h **** {
 142:Drivers/CMSIS/Include/cmsis_gcc.h ****   __ASM volatile ("cpsid i" : : : "memory");
 143:Drivers/CMSIS/Include/cmsis_gcc.h **** }
 144:Drivers/CMSIS/Include/cmsis_gcc.h **** 
 145:Drivers/CMSIS/Include/cmsis_gcc.h **** 
 146:Drivers/CMSIS/Include/cmsis_gcc.h **** /**
 147:Drivers/CMSIS/Include/cmsis_gcc.h ****   \brief   Get Control Register
 148:Drivers/CMSIS/Include/cmsis_gcc.h ****   \details Returns the content of the Control Register.
 149:Drivers/CMSIS/Include/cmsis_gcc.h ****   \return               Control Register value
 150:Drivers/CMSIS/Include/cmsis_gcc.h ****  */
 151:Drivers/CMSIS/Include/cmsis_gcc.h **** __STATIC_FORCEINLINE uint32_t __get_CONTROL(void)
 152:Drivers/CMSIS/Include/cmsis_gcc.h **** {
 153:Drivers/CMSIS/Include/cmsis_gcc.h ****   uint32_t result;
 154:Drivers/CMSIS/Include/cmsis_gcc.h **** 
 155:Drivers/CMSIS/Include/cmsis_gcc.h ****   __ASM volatile ("MRS %0, control" : "=r" (result) );
 156:Drivers/CMSIS/Include/cmsis_gcc.h ****   return(result);
 157:Drivers/CMSIS/Include/cmsis_gcc.h **** }
 158:Drivers/CMSIS/Include/cmsis_gcc.h **** 
 159:Drivers/CMSIS/Include/cmsis_gcc.h **** 
 160:Drivers/CMSIS/Include/cmsis_gcc.h **** #if (defined (__ARM_FEATURE_CMSE ) && (__ARM_FEATURE_CMSE == 3))
 161:Drivers/CMSIS/Include/cmsis_gcc.h **** /**
 162:Drivers/CMSIS/Include/cmsis_gcc.h ****   \brief   Get Control Register (non-secure)
 163:Drivers/CMSIS/Include/cmsis_gcc.h ****   \details Returns the content of the non-secure Control Register when in secure mode.
 164:Drivers/CMSIS/Include/cmsis_gcc.h ****   \return               non-secure Control Register value
 165:Drivers/CMSIS/Include/cmsis_gcc.h ****  */
 166:Drivers/CMSIS/Include/cmsis_gcc.h **** __STATIC_FORCEINLINE uint32_t __TZ_get_CONTROL_NS(void)
 167:Drivers/CMSIS/Include/cmsis_gcc.h **** {
 168:Drivers/CMSIS/Include/cmsis_gcc.h ****   uint32_t result;
 169:Drivers/CMSIS/Include/cmsis_gcc.h **** 
 170:Drivers/CMSIS/Include/cmsis_gcc.h ****   __ASM volatile ("MRS %0, control_ns" : "=r" (result) );
 171:Drivers/CMSIS/Include/cmsis_gcc.h ****   return(result);
 172:Drivers/CMSIS/Include/cmsis_gcc.h **** }
 173:Drivers/CMSIS/Include/cmsis_gcc.h **** #endif
 174:Drivers/CMSIS/Include/cmsis_gcc.h **** 
 175:Drivers/CMSIS/Include/cmsis_gcc.h **** 
 176:Drivers/CMSIS/Include/cmsis_gcc.h **** /**
 177:Drivers/CMSIS/Include/cmsis_gcc.h ****   \brief   Set Control Register
 178:Drivers/CMSIS/Include/cmsis_gcc.h ****   \details Writes the given value to the Control Register.
 179:Drivers/CMSIS/Include/cmsis_gcc.h ****   \param [in]    control  Control Register value to set
 180:Drivers/CMSIS/Include/cmsis_gcc.h ****  */
 181:Drivers/CMSIS/Include/cmsis_gcc.h **** __STATIC_FORCEINLINE void __set_CONTROL(uint32_t control)
 182:Drivers/CMSIS/Include/cmsis_gcc.h **** {
 183:Drivers/CMSIS/Include/cmsis_gcc.h ****   __ASM volatile ("MSR control, %0" : : "r" (control) : "memory");
 184:Drivers/CMSIS/Include/cmsis_gcc.h **** }
 185:Drivers/CMSIS/Include/cmsis_gcc.h **** 
 186:Drivers/CMSIS/Include/cmsis_gcc.h **** 
 187:Drivers/CMSIS/Include/cmsis_gcc.h **** #if (defined (__ARM_FEATURE_CMSE ) && (__ARM_FEATURE_CMSE == 3))
 188:Drivers/CMSIS/Include/cmsis_gcc.h **** /**
 189:Drivers/CMSIS/Include/cmsis_gcc.h ****   \brief   Set Control Register (non-secure)
 190:Drivers/CMSIS/Include/cmsis_gcc.h ****   \details Writes the given value to the non-secure Control Register when in secure state.
 191:Drivers/CMSIS/Include/cmsis_gcc.h ****   \param [in]    control  Control Register value to set
 192:Drivers/CMSIS/Include/cmsis_gcc.h ****  */
 193:Drivers/CMSIS/Include/cmsis_gcc.h **** __STATIC_FORCEINLINE void __TZ_set_CONTROL_NS(uint32_t control)
 194:Drivers/CMSIS/Include/cmsis_gcc.h **** {
ARM GAS  C:\Users\choee\AppData\Local\Temp\ccLSuVC2.s 			page 6


 195:Drivers/CMSIS/Include/cmsis_gcc.h ****   __ASM volatile ("MSR control_ns, %0" : : "r" (control) : "memory");
 196:Drivers/CMSIS/Include/cmsis_gcc.h **** }
 197:Drivers/CMSIS/Include/cmsis_gcc.h **** #endif
 198:Drivers/CMSIS/Include/cmsis_gcc.h **** 
 199:Drivers/CMSIS/Include/cmsis_gcc.h **** 
 200:Drivers/CMSIS/Include/cmsis_gcc.h **** /**
 201:Drivers/CMSIS/Include/cmsis_gcc.h ****   \brief   Get IPSR Register
 202:Drivers/CMSIS/Include/cmsis_gcc.h ****   \details Returns the content of the IPSR Register.
 203:Drivers/CMSIS/Include/cmsis_gcc.h ****   \return               IPSR Register value
 204:Drivers/CMSIS/Include/cmsis_gcc.h ****  */
 205:Drivers/CMSIS/Include/cmsis_gcc.h **** __STATIC_FORCEINLINE uint32_t __get_IPSR(void)
 206:Drivers/CMSIS/Include/cmsis_gcc.h **** {
 207:Drivers/CMSIS/Include/cmsis_gcc.h ****   uint32_t result;
 208:Drivers/CMSIS/Include/cmsis_gcc.h **** 
 209:Drivers/CMSIS/Include/cmsis_gcc.h ****   __ASM volatile ("MRS %0, ipsr" : "=r" (result) );
 210:Drivers/CMSIS/Include/cmsis_gcc.h ****   return(result);
 211:Drivers/CMSIS/Include/cmsis_gcc.h **** }
 212:Drivers/CMSIS/Include/cmsis_gcc.h **** 
 213:Drivers/CMSIS/Include/cmsis_gcc.h **** 
 214:Drivers/CMSIS/Include/cmsis_gcc.h **** /**
 215:Drivers/CMSIS/Include/cmsis_gcc.h ****   \brief   Get APSR Register
 216:Drivers/CMSIS/Include/cmsis_gcc.h ****   \details Returns the content of the APSR Register.
 217:Drivers/CMSIS/Include/cmsis_gcc.h ****   \return               APSR Register value
 218:Drivers/CMSIS/Include/cmsis_gcc.h ****  */
 219:Drivers/CMSIS/Include/cmsis_gcc.h **** __STATIC_FORCEINLINE uint32_t __get_APSR(void)
 220:Drivers/CMSIS/Include/cmsis_gcc.h **** {
 221:Drivers/CMSIS/Include/cmsis_gcc.h ****   uint32_t result;
 222:Drivers/CMSIS/Include/cmsis_gcc.h **** 
 223:Drivers/CMSIS/Include/cmsis_gcc.h ****   __ASM volatile ("MRS %0, apsr" : "=r" (result) );
 224:Drivers/CMSIS/Include/cmsis_gcc.h ****   return(result);
 225:Drivers/CMSIS/Include/cmsis_gcc.h **** }
 226:Drivers/CMSIS/Include/cmsis_gcc.h **** 
 227:Drivers/CMSIS/Include/cmsis_gcc.h **** 
 228:Drivers/CMSIS/Include/cmsis_gcc.h **** /**
 229:Drivers/CMSIS/Include/cmsis_gcc.h ****   \brief   Get xPSR Register
 230:Drivers/CMSIS/Include/cmsis_gcc.h ****   \details Returns the content of the xPSR Register.
 231:Drivers/CMSIS/Include/cmsis_gcc.h ****   \return               xPSR Register value
 232:Drivers/CMSIS/Include/cmsis_gcc.h ****  */
 233:Drivers/CMSIS/Include/cmsis_gcc.h **** __STATIC_FORCEINLINE uint32_t __get_xPSR(void)
 234:Drivers/CMSIS/Include/cmsis_gcc.h **** {
 235:Drivers/CMSIS/Include/cmsis_gcc.h ****   uint32_t result;
 236:Drivers/CMSIS/Include/cmsis_gcc.h **** 
 237:Drivers/CMSIS/Include/cmsis_gcc.h ****   __ASM volatile ("MRS %0, xpsr" : "=r" (result) );
 238:Drivers/CMSIS/Include/cmsis_gcc.h ****   return(result);
 239:Drivers/CMSIS/Include/cmsis_gcc.h **** }
 240:Drivers/CMSIS/Include/cmsis_gcc.h **** 
 241:Drivers/CMSIS/Include/cmsis_gcc.h **** 
 242:Drivers/CMSIS/Include/cmsis_gcc.h **** /**
 243:Drivers/CMSIS/Include/cmsis_gcc.h ****   \brief   Get Process Stack Pointer
 244:Drivers/CMSIS/Include/cmsis_gcc.h ****   \details Returns the current value of the Process Stack Pointer (PSP).
 245:Drivers/CMSIS/Include/cmsis_gcc.h ****   \return               PSP Register value
 246:Drivers/CMSIS/Include/cmsis_gcc.h ****  */
 247:Drivers/CMSIS/Include/cmsis_gcc.h **** __STATIC_FORCEINLINE uint32_t __get_PSP(void)
 248:Drivers/CMSIS/Include/cmsis_gcc.h **** {
 249:Drivers/CMSIS/Include/cmsis_gcc.h ****   uint32_t result;
 250:Drivers/CMSIS/Include/cmsis_gcc.h **** 
 251:Drivers/CMSIS/Include/cmsis_gcc.h ****   __ASM volatile ("MRS %0, psp"  : "=r" (result) );
ARM GAS  C:\Users\choee\AppData\Local\Temp\ccLSuVC2.s 			page 7


 252:Drivers/CMSIS/Include/cmsis_gcc.h ****   return(result);
 253:Drivers/CMSIS/Include/cmsis_gcc.h **** }
 254:Drivers/CMSIS/Include/cmsis_gcc.h **** 
 255:Drivers/CMSIS/Include/cmsis_gcc.h **** 
 256:Drivers/CMSIS/Include/cmsis_gcc.h **** #if (defined (__ARM_FEATURE_CMSE ) && (__ARM_FEATURE_CMSE == 3))
 257:Drivers/CMSIS/Include/cmsis_gcc.h **** /**
 258:Drivers/CMSIS/Include/cmsis_gcc.h ****   \brief   Get Process Stack Pointer (non-secure)
 259:Drivers/CMSIS/Include/cmsis_gcc.h ****   \details Returns the current value of the non-secure Process Stack Pointer (PSP) when in secure s
 260:Drivers/CMSIS/Include/cmsis_gcc.h ****   \return               PSP Register value
 261:Drivers/CMSIS/Include/cmsis_gcc.h ****  */
 262:Drivers/CMSIS/Include/cmsis_gcc.h **** __STATIC_FORCEINLINE uint32_t __TZ_get_PSP_NS(void)
 263:Drivers/CMSIS/Include/cmsis_gcc.h **** {
 264:Drivers/CMSIS/Include/cmsis_gcc.h ****   uint32_t result;
 265:Drivers/CMSIS/Include/cmsis_gcc.h **** 
 266:Drivers/CMSIS/Include/cmsis_gcc.h ****   __ASM volatile ("MRS %0, psp_ns"  : "=r" (result) );
 267:Drivers/CMSIS/Include/cmsis_gcc.h ****   return(result);
 268:Drivers/CMSIS/Include/cmsis_gcc.h **** }
 269:Drivers/CMSIS/Include/cmsis_gcc.h **** #endif
 270:Drivers/CMSIS/Include/cmsis_gcc.h **** 
 271:Drivers/CMSIS/Include/cmsis_gcc.h **** 
 272:Drivers/CMSIS/Include/cmsis_gcc.h **** /**
 273:Drivers/CMSIS/Include/cmsis_gcc.h ****   \brief   Set Process Stack Pointer
 274:Drivers/CMSIS/Include/cmsis_gcc.h ****   \details Assigns the given value to the Process Stack Pointer (PSP).
 275:Drivers/CMSIS/Include/cmsis_gcc.h ****   \param [in]    topOfProcStack  Process Stack Pointer value to set
 276:Drivers/CMSIS/Include/cmsis_gcc.h ****  */
 277:Drivers/CMSIS/Include/cmsis_gcc.h **** __STATIC_FORCEINLINE void __set_PSP(uint32_t topOfProcStack)
 278:Drivers/CMSIS/Include/cmsis_gcc.h **** {
 279:Drivers/CMSIS/Include/cmsis_gcc.h ****   __ASM volatile ("MSR psp, %0" : : "r" (topOfProcStack) : );
 280:Drivers/CMSIS/Include/cmsis_gcc.h **** }
 281:Drivers/CMSIS/Include/cmsis_gcc.h **** 
 282:Drivers/CMSIS/Include/cmsis_gcc.h **** 
 283:Drivers/CMSIS/Include/cmsis_gcc.h **** #if (defined (__ARM_FEATURE_CMSE ) && (__ARM_FEATURE_CMSE == 3))
 284:Drivers/CMSIS/Include/cmsis_gcc.h **** /**
 285:Drivers/CMSIS/Include/cmsis_gcc.h ****   \brief   Set Process Stack Pointer (non-secure)
 286:Drivers/CMSIS/Include/cmsis_gcc.h ****   \details Assigns the given value to the non-secure Process Stack Pointer (PSP) when in secure sta
 287:Drivers/CMSIS/Include/cmsis_gcc.h ****   \param [in]    topOfProcStack  Process Stack Pointer value to set
 288:Drivers/CMSIS/Include/cmsis_gcc.h ****  */
 289:Drivers/CMSIS/Include/cmsis_gcc.h **** __STATIC_FORCEINLINE void __TZ_set_PSP_NS(uint32_t topOfProcStack)
 290:Drivers/CMSIS/Include/cmsis_gcc.h **** {
 291:Drivers/CMSIS/Include/cmsis_gcc.h ****   __ASM volatile ("MSR psp_ns, %0" : : "r" (topOfProcStack) : );
 292:Drivers/CMSIS/Include/cmsis_gcc.h **** }
 293:Drivers/CMSIS/Include/cmsis_gcc.h **** #endif
 294:Drivers/CMSIS/Include/cmsis_gcc.h **** 
 295:Drivers/CMSIS/Include/cmsis_gcc.h **** 
 296:Drivers/CMSIS/Include/cmsis_gcc.h **** /**
 297:Drivers/CMSIS/Include/cmsis_gcc.h ****   \brief   Get Main Stack Pointer
 298:Drivers/CMSIS/Include/cmsis_gcc.h ****   \details Returns the current value of the Main Stack Pointer (MSP).
 299:Drivers/CMSIS/Include/cmsis_gcc.h ****   \return               MSP Register value
 300:Drivers/CMSIS/Include/cmsis_gcc.h ****  */
 301:Drivers/CMSIS/Include/cmsis_gcc.h **** __STATIC_FORCEINLINE uint32_t __get_MSP(void)
 302:Drivers/CMSIS/Include/cmsis_gcc.h **** {
 303:Drivers/CMSIS/Include/cmsis_gcc.h ****   uint32_t result;
 304:Drivers/CMSIS/Include/cmsis_gcc.h **** 
 305:Drivers/CMSIS/Include/cmsis_gcc.h ****   __ASM volatile ("MRS %0, msp" : "=r" (result) );
 306:Drivers/CMSIS/Include/cmsis_gcc.h ****   return(result);
 307:Drivers/CMSIS/Include/cmsis_gcc.h **** }
 308:Drivers/CMSIS/Include/cmsis_gcc.h **** 
ARM GAS  C:\Users\choee\AppData\Local\Temp\ccLSuVC2.s 			page 8


 309:Drivers/CMSIS/Include/cmsis_gcc.h **** 
 310:Drivers/CMSIS/Include/cmsis_gcc.h **** #if (defined (__ARM_FEATURE_CMSE ) && (__ARM_FEATURE_CMSE == 3))
 311:Drivers/CMSIS/Include/cmsis_gcc.h **** /**
 312:Drivers/CMSIS/Include/cmsis_gcc.h ****   \brief   Get Main Stack Pointer (non-secure)
 313:Drivers/CMSIS/Include/cmsis_gcc.h ****   \details Returns the current value of the non-secure Main Stack Pointer (MSP) when in secure stat
 314:Drivers/CMSIS/Include/cmsis_gcc.h ****   \return               MSP Register value
 315:Drivers/CMSIS/Include/cmsis_gcc.h ****  */
 316:Drivers/CMSIS/Include/cmsis_gcc.h **** __STATIC_FORCEINLINE uint32_t __TZ_get_MSP_NS(void)
 317:Drivers/CMSIS/Include/cmsis_gcc.h **** {
 318:Drivers/CMSIS/Include/cmsis_gcc.h ****   uint32_t result;
 319:Drivers/CMSIS/Include/cmsis_gcc.h **** 
 320:Drivers/CMSIS/Include/cmsis_gcc.h ****   __ASM volatile ("MRS %0, msp_ns" : "=r" (result) );
 321:Drivers/CMSIS/Include/cmsis_gcc.h ****   return(result);
 322:Drivers/CMSIS/Include/cmsis_gcc.h **** }
 323:Drivers/CMSIS/Include/cmsis_gcc.h **** #endif
 324:Drivers/CMSIS/Include/cmsis_gcc.h **** 
 325:Drivers/CMSIS/Include/cmsis_gcc.h **** 
 326:Drivers/CMSIS/Include/cmsis_gcc.h **** /**
 327:Drivers/CMSIS/Include/cmsis_gcc.h ****   \brief   Set Main Stack Pointer
 328:Drivers/CMSIS/Include/cmsis_gcc.h ****   \details Assigns the given value to the Main Stack Pointer (MSP).
 329:Drivers/CMSIS/Include/cmsis_gcc.h ****   \param [in]    topOfMainStack  Main Stack Pointer value to set
 330:Drivers/CMSIS/Include/cmsis_gcc.h ****  */
 331:Drivers/CMSIS/Include/cmsis_gcc.h **** __STATIC_FORCEINLINE void __set_MSP(uint32_t topOfMainStack)
 332:Drivers/CMSIS/Include/cmsis_gcc.h **** {
 333:Drivers/CMSIS/Include/cmsis_gcc.h ****   __ASM volatile ("MSR msp, %0" : : "r" (topOfMainStack) : );
 334:Drivers/CMSIS/Include/cmsis_gcc.h **** }
 335:Drivers/CMSIS/Include/cmsis_gcc.h **** 
 336:Drivers/CMSIS/Include/cmsis_gcc.h **** 
 337:Drivers/CMSIS/Include/cmsis_gcc.h **** #if (defined (__ARM_FEATURE_CMSE ) && (__ARM_FEATURE_CMSE == 3))
 338:Drivers/CMSIS/Include/cmsis_gcc.h **** /**
 339:Drivers/CMSIS/Include/cmsis_gcc.h ****   \brief   Set Main Stack Pointer (non-secure)
 340:Drivers/CMSIS/Include/cmsis_gcc.h ****   \details Assigns the given value to the non-secure Main Stack Pointer (MSP) when in secure state.
 341:Drivers/CMSIS/Include/cmsis_gcc.h ****   \param [in]    topOfMainStack  Main Stack Pointer value to set
 342:Drivers/CMSIS/Include/cmsis_gcc.h ****  */
 343:Drivers/CMSIS/Include/cmsis_gcc.h **** __STATIC_FORCEINLINE void __TZ_set_MSP_NS(uint32_t topOfMainStack)
 344:Drivers/CMSIS/Include/cmsis_gcc.h **** {
 345:Drivers/CMSIS/Include/cmsis_gcc.h ****   __ASM volatile ("MSR msp_ns, %0" : : "r" (topOfMainStack) : );
 346:Drivers/CMSIS/Include/cmsis_gcc.h **** }
 347:Drivers/CMSIS/Include/cmsis_gcc.h **** #endif
 348:Drivers/CMSIS/Include/cmsis_gcc.h **** 
 349:Drivers/CMSIS/Include/cmsis_gcc.h **** 
 350:Drivers/CMSIS/Include/cmsis_gcc.h **** #if (defined (__ARM_FEATURE_CMSE ) && (__ARM_FEATURE_CMSE == 3))
 351:Drivers/CMSIS/Include/cmsis_gcc.h **** /**
 352:Drivers/CMSIS/Include/cmsis_gcc.h ****   \brief   Get Stack Pointer (non-secure)
 353:Drivers/CMSIS/Include/cmsis_gcc.h ****   \details Returns the current value of the non-secure Stack Pointer (SP) when in secure state.
 354:Drivers/CMSIS/Include/cmsis_gcc.h ****   \return               SP Register value
 355:Drivers/CMSIS/Include/cmsis_gcc.h ****  */
 356:Drivers/CMSIS/Include/cmsis_gcc.h **** __STATIC_FORCEINLINE uint32_t __TZ_get_SP_NS(void)
 357:Drivers/CMSIS/Include/cmsis_gcc.h **** {
 358:Drivers/CMSIS/Include/cmsis_gcc.h ****   uint32_t result;
 359:Drivers/CMSIS/Include/cmsis_gcc.h **** 
 360:Drivers/CMSIS/Include/cmsis_gcc.h ****   __ASM volatile ("MRS %0, sp_ns" : "=r" (result) );
 361:Drivers/CMSIS/Include/cmsis_gcc.h ****   return(result);
 362:Drivers/CMSIS/Include/cmsis_gcc.h **** }
 363:Drivers/CMSIS/Include/cmsis_gcc.h **** 
 364:Drivers/CMSIS/Include/cmsis_gcc.h **** 
 365:Drivers/CMSIS/Include/cmsis_gcc.h **** /**
ARM GAS  C:\Users\choee\AppData\Local\Temp\ccLSuVC2.s 			page 9


 366:Drivers/CMSIS/Include/cmsis_gcc.h ****   \brief   Set Stack Pointer (non-secure)
 367:Drivers/CMSIS/Include/cmsis_gcc.h ****   \details Assigns the given value to the non-secure Stack Pointer (SP) when in secure state.
 368:Drivers/CMSIS/Include/cmsis_gcc.h ****   \param [in]    topOfStack  Stack Pointer value to set
 369:Drivers/CMSIS/Include/cmsis_gcc.h ****  */
 370:Drivers/CMSIS/Include/cmsis_gcc.h **** __STATIC_FORCEINLINE void __TZ_set_SP_NS(uint32_t topOfStack)
 371:Drivers/CMSIS/Include/cmsis_gcc.h **** {
 372:Drivers/CMSIS/Include/cmsis_gcc.h ****   __ASM volatile ("MSR sp_ns, %0" : : "r" (topOfStack) : );
 373:Drivers/CMSIS/Include/cmsis_gcc.h **** }
 374:Drivers/CMSIS/Include/cmsis_gcc.h **** #endif
 375:Drivers/CMSIS/Include/cmsis_gcc.h **** 
 376:Drivers/CMSIS/Include/cmsis_gcc.h **** 
 377:Drivers/CMSIS/Include/cmsis_gcc.h **** /**
 378:Drivers/CMSIS/Include/cmsis_gcc.h ****   \brief   Get Priority Mask
 379:Drivers/CMSIS/Include/cmsis_gcc.h ****   \details Returns the current state of the priority mask bit from the Priority Mask Register.
 380:Drivers/CMSIS/Include/cmsis_gcc.h ****   \return               Priority Mask value
 381:Drivers/CMSIS/Include/cmsis_gcc.h ****  */
 382:Drivers/CMSIS/Include/cmsis_gcc.h **** __STATIC_FORCEINLINE uint32_t __get_PRIMASK(void)
 383:Drivers/CMSIS/Include/cmsis_gcc.h **** {
 384:Drivers/CMSIS/Include/cmsis_gcc.h ****   uint32_t result;
 385:Drivers/CMSIS/Include/cmsis_gcc.h **** 
 386:Drivers/CMSIS/Include/cmsis_gcc.h ****   __ASM volatile ("MRS %0, primask" : "=r" (result) :: "memory");
  61              		.loc 2 386 0
  62              		.syntax unified
  63              	@ 386 "Drivers/CMSIS/Include/cmsis_gcc.h" 1
  64 0000 EFF31083 		MRS r3, primask
  65              	@ 0 "" 2
  66              		.thumb
  67              		.syntax unified
  68              	.LBE69:
  69              	.LBE68:
  70              	.LBB70:
  71              	.LBB71:
 142:Drivers/CMSIS/Include/cmsis_gcc.h **** }
  72              		.loc 2 142 0
  73              		.syntax unified
  74              	@ 142 "Drivers/CMSIS/Include/cmsis_gcc.h" 1
  75 0004 72B6     		cpsid i
  76              	@ 0 "" 2
  77              		.thumb
  78              		.syntax unified
  79              	.LBE71:
  80              	.LBE70:
  35:Middlewares/ST/BlueNRG-MS/utils/ble_list.c ****   uint8_t return_value;
  36:Middlewares/ST/BlueNRG-MS/utils/ble_list.c ****   
  37:Middlewares/ST/BlueNRG-MS/utils/ble_list.c ****   uint32_t uwPRIMASK_Bit;
  38:Middlewares/ST/BlueNRG-MS/utils/ble_list.c ****   uwPRIMASK_Bit = __get_PRIMASK();  /**< backup PRIMASK bit */
  39:Middlewares/ST/BlueNRG-MS/utils/ble_list.c ****   __disable_irq();                  /**< Disable all interrupts by setting PRIMASK bit on Cortex*/
  40:Middlewares/ST/BlueNRG-MS/utils/ble_list.c ****    
  41:Middlewares/ST/BlueNRG-MS/utils/ble_list.c ****   if(listHead->next == listHead)
  81              		.loc 1 41 0
  82 0006 0268     		ldr	r2, [r0]
  83 0008 9042     		cmp	r0, r2
  84 000a 03D0     		beq	.L5
  42:Middlewares/ST/BlueNRG-MS/utils/ble_list.c ****   {
  43:Middlewares/ST/BlueNRG-MS/utils/ble_list.c ****     return_value = 1;
  44:Middlewares/ST/BlueNRG-MS/utils/ble_list.c ****   }
  45:Middlewares/ST/BlueNRG-MS/utils/ble_list.c ****   else
ARM GAS  C:\Users\choee\AppData\Local\Temp\ccLSuVC2.s 			page 10


  46:Middlewares/ST/BlueNRG-MS/utils/ble_list.c ****   {
  47:Middlewares/ST/BlueNRG-MS/utils/ble_list.c ****     return_value = 0;
  85              		.loc 1 47 0
  86 000c 0020     		movs	r0, #0
  87              	.LVL2:
  88              	.L3:
  89              	.LBB72:
  90              	.LBB73:
 387:Drivers/CMSIS/Include/cmsis_gcc.h ****   return(result);
 388:Drivers/CMSIS/Include/cmsis_gcc.h **** }
 389:Drivers/CMSIS/Include/cmsis_gcc.h **** 
 390:Drivers/CMSIS/Include/cmsis_gcc.h **** 
 391:Drivers/CMSIS/Include/cmsis_gcc.h **** #if (defined (__ARM_FEATURE_CMSE ) && (__ARM_FEATURE_CMSE == 3))
 392:Drivers/CMSIS/Include/cmsis_gcc.h **** /**
 393:Drivers/CMSIS/Include/cmsis_gcc.h ****   \brief   Get Priority Mask (non-secure)
 394:Drivers/CMSIS/Include/cmsis_gcc.h ****   \details Returns the current state of the non-secure priority mask bit from the Priority Mask Reg
 395:Drivers/CMSIS/Include/cmsis_gcc.h ****   \return               Priority Mask value
 396:Drivers/CMSIS/Include/cmsis_gcc.h ****  */
 397:Drivers/CMSIS/Include/cmsis_gcc.h **** __STATIC_FORCEINLINE uint32_t __TZ_get_PRIMASK_NS(void)
 398:Drivers/CMSIS/Include/cmsis_gcc.h **** {
 399:Drivers/CMSIS/Include/cmsis_gcc.h ****   uint32_t result;
 400:Drivers/CMSIS/Include/cmsis_gcc.h **** 
 401:Drivers/CMSIS/Include/cmsis_gcc.h ****   __ASM volatile ("MRS %0, primask_ns" : "=r" (result) :: "memory");
 402:Drivers/CMSIS/Include/cmsis_gcc.h ****   return(result);
 403:Drivers/CMSIS/Include/cmsis_gcc.h **** }
 404:Drivers/CMSIS/Include/cmsis_gcc.h **** #endif
 405:Drivers/CMSIS/Include/cmsis_gcc.h **** 
 406:Drivers/CMSIS/Include/cmsis_gcc.h **** 
 407:Drivers/CMSIS/Include/cmsis_gcc.h **** /**
 408:Drivers/CMSIS/Include/cmsis_gcc.h ****   \brief   Set Priority Mask
 409:Drivers/CMSIS/Include/cmsis_gcc.h ****   \details Assigns the given value to the Priority Mask Register.
 410:Drivers/CMSIS/Include/cmsis_gcc.h ****   \param [in]    priMask  Priority Mask
 411:Drivers/CMSIS/Include/cmsis_gcc.h ****  */
 412:Drivers/CMSIS/Include/cmsis_gcc.h **** __STATIC_FORCEINLINE void __set_PRIMASK(uint32_t priMask)
 413:Drivers/CMSIS/Include/cmsis_gcc.h **** {
 414:Drivers/CMSIS/Include/cmsis_gcc.h ****   __ASM volatile ("MSR primask, %0" : : "r" (priMask) : "memory");
  91              		.loc 2 414 0
  92              		.syntax unified
  93              	@ 414 "Drivers/CMSIS/Include/cmsis_gcc.h" 1
  94 000e 83F31088 		MSR primask, r3
  95              	@ 0 "" 2
  96              	.LVL3:
  97              		.thumb
  98              		.syntax unified
  99              	.LBE73:
 100              	.LBE72:
  48:Middlewares/ST/BlueNRG-MS/utils/ble_list.c ****   }
  49:Middlewares/ST/BlueNRG-MS/utils/ble_list.c ****   
  50:Middlewares/ST/BlueNRG-MS/utils/ble_list.c ****   __set_PRIMASK(uwPRIMASK_Bit);     /**< Restore PRIMASK bit*/
  51:Middlewares/ST/BlueNRG-MS/utils/ble_list.c ****   
  52:Middlewares/ST/BlueNRG-MS/utils/ble_list.c ****   return return_value;
  53:Middlewares/ST/BlueNRG-MS/utils/ble_list.c **** }
 101              		.loc 1 53 0
 102 0012 7047     		bx	lr
 103              	.LVL4:
 104              	.L5:
  43:Middlewares/ST/BlueNRG-MS/utils/ble_list.c ****   }
ARM GAS  C:\Users\choee\AppData\Local\Temp\ccLSuVC2.s 			page 11


 105              		.loc 1 43 0
 106 0014 0120     		movs	r0, #1
 107              	.LVL5:
 108 0016 FAE7     		b	.L3
 109              		.cfi_endproc
 110              	.LFE132:
 112              		.section	.text.list_insert_head,"ax",%progbits
 113              		.align	1
 114              		.global	list_insert_head
 115              		.syntax unified
 116              		.thumb
 117              		.thumb_func
 118              		.fpu fpv4-sp-d16
 120              	list_insert_head:
 121              	.LFB133:
  54:Middlewares/ST/BlueNRG-MS/utils/ble_list.c **** 
  55:Middlewares/ST/BlueNRG-MS/utils/ble_list.c **** void list_insert_head (tListNode * listHead, tListNode * node)
  56:Middlewares/ST/BlueNRG-MS/utils/ble_list.c **** {
 122              		.loc 1 56 0
 123              		.cfi_startproc
 124              		@ args = 0, pretend = 0, frame = 0
 125              		@ frame_needed = 0, uses_anonymous_args = 0
 126              		@ link register save eliminated.
 127              	.LVL6:
 128              	.LBB74:
 129              	.LBB75:
 386:Drivers/CMSIS/Include/cmsis_gcc.h ****   return(result);
 130              		.loc 2 386 0
 131              		.syntax unified
 132              	@ 386 "Drivers/CMSIS/Include/cmsis_gcc.h" 1
 133 0000 EFF31083 		MRS r3, primask
 134              	@ 0 "" 2
 135              		.thumb
 136              		.syntax unified
 137              	.LBE75:
 138              	.LBE74:
 139              	.LBB76:
 140              	.LBB77:
 142:Drivers/CMSIS/Include/cmsis_gcc.h **** }
 141              		.loc 2 142 0
 142              		.syntax unified
 143              	@ 142 "Drivers/CMSIS/Include/cmsis_gcc.h" 1
 144 0004 72B6     		cpsid i
 145              	@ 0 "" 2
 146              		.thumb
 147              		.syntax unified
 148              	.LBE77:
 149              	.LBE76:
  57:Middlewares/ST/BlueNRG-MS/utils/ble_list.c ****   uint32_t uwPRIMASK_Bit;
  58:Middlewares/ST/BlueNRG-MS/utils/ble_list.c ****   uwPRIMASK_Bit = __get_PRIMASK();  /**< backup PRIMASK bit */
  59:Middlewares/ST/BlueNRG-MS/utils/ble_list.c ****   __disable_irq();                  /**< Disable all interrupts by setting PRIMASK bit on Cortex*/
  60:Middlewares/ST/BlueNRG-MS/utils/ble_list.c ****   
  61:Middlewares/ST/BlueNRG-MS/utils/ble_list.c ****   node->next = listHead->next;
 150              		.loc 1 61 0
 151 0006 0268     		ldr	r2, [r0]
 152 0008 0A60     		str	r2, [r1]
  62:Middlewares/ST/BlueNRG-MS/utils/ble_list.c ****   node->prev = listHead;
ARM GAS  C:\Users\choee\AppData\Local\Temp\ccLSuVC2.s 			page 12


 153              		.loc 1 62 0
 154 000a 4860     		str	r0, [r1, #4]
  63:Middlewares/ST/BlueNRG-MS/utils/ble_list.c ****   listHead->next = node;
 155              		.loc 1 63 0
 156 000c 0160     		str	r1, [r0]
  64:Middlewares/ST/BlueNRG-MS/utils/ble_list.c ****   (node->next)->prev = node;
 157              		.loc 1 64 0
 158 000e 0A68     		ldr	r2, [r1]
 159 0010 5160     		str	r1, [r2, #4]
 160              	.LBB78:
 161              	.LBB79:
 162              		.loc 2 414 0
 163              		.syntax unified
 164              	@ 414 "Drivers/CMSIS/Include/cmsis_gcc.h" 1
 165 0012 83F31088 		MSR primask, r3
 166              	@ 0 "" 2
 167              		.thumb
 168              		.syntax unified
 169 0016 7047     		bx	lr
 170              	.LBE79:
 171              	.LBE78:
 172              		.cfi_endproc
 173              	.LFE133:
 175              		.section	.text.list_insert_tail,"ax",%progbits
 176              		.align	1
 177              		.global	list_insert_tail
 178              		.syntax unified
 179              		.thumb
 180              		.thumb_func
 181              		.fpu fpv4-sp-d16
 183              	list_insert_tail:
 184              	.LFB134:
  65:Middlewares/ST/BlueNRG-MS/utils/ble_list.c ****   
  66:Middlewares/ST/BlueNRG-MS/utils/ble_list.c ****   __set_PRIMASK(uwPRIMASK_Bit);     /**< Restore PRIMASK bit*/
  67:Middlewares/ST/BlueNRG-MS/utils/ble_list.c **** }
  68:Middlewares/ST/BlueNRG-MS/utils/ble_list.c **** 
  69:Middlewares/ST/BlueNRG-MS/utils/ble_list.c **** void list_insert_tail (tListNode * listHead, tListNode * node)
  70:Middlewares/ST/BlueNRG-MS/utils/ble_list.c **** {
 185              		.loc 1 70 0
 186              		.cfi_startproc
 187              		@ args = 0, pretend = 0, frame = 0
 188              		@ frame_needed = 0, uses_anonymous_args = 0
 189              		@ link register save eliminated.
 190              	.LVL7:
 191              	.LBB80:
 192              	.LBB81:
 386:Drivers/CMSIS/Include/cmsis_gcc.h ****   return(result);
 193              		.loc 2 386 0
 194              		.syntax unified
 195              	@ 386 "Drivers/CMSIS/Include/cmsis_gcc.h" 1
 196 0000 EFF31083 		MRS r3, primask
 197              	@ 0 "" 2
 198              		.thumb
 199              		.syntax unified
 200              	.LBE81:
 201              	.LBE80:
 202              	.LBB82:
ARM GAS  C:\Users\choee\AppData\Local\Temp\ccLSuVC2.s 			page 13


 203              	.LBB83:
 142:Drivers/CMSIS/Include/cmsis_gcc.h **** }
 204              		.loc 2 142 0
 205              		.syntax unified
 206              	@ 142 "Drivers/CMSIS/Include/cmsis_gcc.h" 1
 207 0004 72B6     		cpsid i
 208              	@ 0 "" 2
 209              		.thumb
 210              		.syntax unified
 211              	.LBE83:
 212              	.LBE82:
  71:Middlewares/ST/BlueNRG-MS/utils/ble_list.c ****   uint32_t uwPRIMASK_Bit;
  72:Middlewares/ST/BlueNRG-MS/utils/ble_list.c ****   uwPRIMASK_Bit = __get_PRIMASK();  /**< backup PRIMASK bit */
  73:Middlewares/ST/BlueNRG-MS/utils/ble_list.c ****   __disable_irq();                  /**< Disable all interrupts by setting PRIMASK bit on Cortex*/
  74:Middlewares/ST/BlueNRG-MS/utils/ble_list.c ****   
  75:Middlewares/ST/BlueNRG-MS/utils/ble_list.c ****   node->next = listHead;
 213              		.loc 1 75 0
 214 0006 0860     		str	r0, [r1]
  76:Middlewares/ST/BlueNRG-MS/utils/ble_list.c ****   node->prev = listHead->prev;
 215              		.loc 1 76 0
 216 0008 4268     		ldr	r2, [r0, #4]
 217 000a 4A60     		str	r2, [r1, #4]
  77:Middlewares/ST/BlueNRG-MS/utils/ble_list.c ****   listHead->prev = node;
 218              		.loc 1 77 0
 219 000c 4160     		str	r1, [r0, #4]
  78:Middlewares/ST/BlueNRG-MS/utils/ble_list.c ****   (node->prev)->next = node;
 220              		.loc 1 78 0
 221 000e 4A68     		ldr	r2, [r1, #4]
 222 0010 1160     		str	r1, [r2]
 223              	.LBB84:
 224              	.LBB85:
 225              		.loc 2 414 0
 226              		.syntax unified
 227              	@ 414 "Drivers/CMSIS/Include/cmsis_gcc.h" 1
 228 0012 83F31088 		MSR primask, r3
 229              	@ 0 "" 2
 230              		.thumb
 231              		.syntax unified
 232 0016 7047     		bx	lr
 233              	.LBE85:
 234              	.LBE84:
 235              		.cfi_endproc
 236              	.LFE134:
 238              		.section	.text.list_remove_node,"ax",%progbits
 239              		.align	1
 240              		.global	list_remove_node
 241              		.syntax unified
 242              		.thumb
 243              		.thumb_func
 244              		.fpu fpv4-sp-d16
 246              	list_remove_node:
 247              	.LFB135:
  79:Middlewares/ST/BlueNRG-MS/utils/ble_list.c ****   
  80:Middlewares/ST/BlueNRG-MS/utils/ble_list.c ****   __set_PRIMASK(uwPRIMASK_Bit);     /**< Restore PRIMASK bit*/
  81:Middlewares/ST/BlueNRG-MS/utils/ble_list.c **** }
  82:Middlewares/ST/BlueNRG-MS/utils/ble_list.c **** 
  83:Middlewares/ST/BlueNRG-MS/utils/ble_list.c **** void list_remove_node (tListNode * node)
ARM GAS  C:\Users\choee\AppData\Local\Temp\ccLSuVC2.s 			page 14


  84:Middlewares/ST/BlueNRG-MS/utils/ble_list.c **** {
 248              		.loc 1 84 0
 249              		.cfi_startproc
 250              		@ args = 0, pretend = 0, frame = 0
 251              		@ frame_needed = 0, uses_anonymous_args = 0
 252              		@ link register save eliminated.
 253              	.LVL8:
 254              	.LBB86:
 255              	.LBB87:
 386:Drivers/CMSIS/Include/cmsis_gcc.h ****   return(result);
 256              		.loc 2 386 0
 257              		.syntax unified
 258              	@ 386 "Drivers/CMSIS/Include/cmsis_gcc.h" 1
 259 0000 EFF31083 		MRS r3, primask
 260              	@ 0 "" 2
 261              		.thumb
 262              		.syntax unified
 263              	.LBE87:
 264              	.LBE86:
 265              	.LBB88:
 266              	.LBB89:
 142:Drivers/CMSIS/Include/cmsis_gcc.h **** }
 267              		.loc 2 142 0
 268              		.syntax unified
 269              	@ 142 "Drivers/CMSIS/Include/cmsis_gcc.h" 1
 270 0004 72B6     		cpsid i
 271              	@ 0 "" 2
 272              		.thumb
 273              		.syntax unified
 274              	.LBE89:
 275              	.LBE88:
  85:Middlewares/ST/BlueNRG-MS/utils/ble_list.c ****   uint32_t uwPRIMASK_Bit;
  86:Middlewares/ST/BlueNRG-MS/utils/ble_list.c ****   uwPRIMASK_Bit = __get_PRIMASK();  /**< backup PRIMASK bit */
  87:Middlewares/ST/BlueNRG-MS/utils/ble_list.c ****   __disable_irq();                  /**< Disable all interrupts by setting PRIMASK bit on Cortex*/
  88:Middlewares/ST/BlueNRG-MS/utils/ble_list.c ****   
  89:Middlewares/ST/BlueNRG-MS/utils/ble_list.c ****   (node->prev)->next = node->next;
 276              		.loc 1 89 0
 277 0006 4268     		ldr	r2, [r0, #4]
 278 0008 0168     		ldr	r1, [r0]
 279 000a 1160     		str	r1, [r2]
  90:Middlewares/ST/BlueNRG-MS/utils/ble_list.c ****   (node->next)->prev = node->prev;
 280              		.loc 1 90 0
 281 000c 0268     		ldr	r2, [r0]
 282 000e 4168     		ldr	r1, [r0, #4]
 283 0010 5160     		str	r1, [r2, #4]
 284              	.LBB90:
 285              	.LBB91:
 286              		.loc 2 414 0
 287              		.syntax unified
 288              	@ 414 "Drivers/CMSIS/Include/cmsis_gcc.h" 1
 289 0012 83F31088 		MSR primask, r3
 290              	@ 0 "" 2
 291              		.thumb
 292              		.syntax unified
 293 0016 7047     		bx	lr
 294              	.LBE91:
 295              	.LBE90:
ARM GAS  C:\Users\choee\AppData\Local\Temp\ccLSuVC2.s 			page 15


 296              		.cfi_endproc
 297              	.LFE135:
 299              		.section	.text.list_remove_head,"ax",%progbits
 300              		.align	1
 301              		.global	list_remove_head
 302              		.syntax unified
 303              		.thumb
 304              		.thumb_func
 305              		.fpu fpv4-sp-d16
 307              	list_remove_head:
 308              	.LFB136:
  91:Middlewares/ST/BlueNRG-MS/utils/ble_list.c ****   
  92:Middlewares/ST/BlueNRG-MS/utils/ble_list.c ****   __set_PRIMASK(uwPRIMASK_Bit);     /**< Restore PRIMASK bit*/
  93:Middlewares/ST/BlueNRG-MS/utils/ble_list.c **** }
  94:Middlewares/ST/BlueNRG-MS/utils/ble_list.c **** 
  95:Middlewares/ST/BlueNRG-MS/utils/ble_list.c **** void list_remove_head (tListNode * listHead, tListNode ** node )
  96:Middlewares/ST/BlueNRG-MS/utils/ble_list.c **** {
 309              		.loc 1 96 0
 310              		.cfi_startproc
 311              		@ args = 0, pretend = 0, frame = 0
 312              		@ frame_needed = 0, uses_anonymous_args = 0
 313              	.LVL9:
 314 0000 38B5     		push	{r3, r4, r5, lr}
 315              	.LCFI0:
 316              		.cfi_def_cfa_offset 16
 317              		.cfi_offset 3, -16
 318              		.cfi_offset 4, -12
 319              		.cfi_offset 5, -8
 320              		.cfi_offset 14, -4
 321 0002 0C46     		mov	r4, r1
 322              	.LBB92:
 323              	.LBB93:
 386:Drivers/CMSIS/Include/cmsis_gcc.h ****   return(result);
 324              		.loc 2 386 0
 325              		.syntax unified
 326              	@ 386 "Drivers/CMSIS/Include/cmsis_gcc.h" 1
 327 0004 EFF31085 		MRS r5, primask
 328              	@ 0 "" 2
 329              		.thumb
 330              		.syntax unified
 331              	.LBE93:
 332              	.LBE92:
 333              	.LBB94:
 334              	.LBB95:
 142:Drivers/CMSIS/Include/cmsis_gcc.h **** }
 335              		.loc 2 142 0
 336              		.syntax unified
 337              	@ 142 "Drivers/CMSIS/Include/cmsis_gcc.h" 1
 338 0008 72B6     		cpsid i
 339              	@ 0 "" 2
 340              		.thumb
 341              		.syntax unified
 342              	.LBE95:
 343              	.LBE94:
  97:Middlewares/ST/BlueNRG-MS/utils/ble_list.c ****   uint32_t uwPRIMASK_Bit;
  98:Middlewares/ST/BlueNRG-MS/utils/ble_list.c ****   uwPRIMASK_Bit = __get_PRIMASK();  /**< backup PRIMASK bit */
  99:Middlewares/ST/BlueNRG-MS/utils/ble_list.c ****   __disable_irq();                  /**< Disable all interrupts by setting PRIMASK bit on Cortex*/
ARM GAS  C:\Users\choee\AppData\Local\Temp\ccLSuVC2.s 			page 16


 100:Middlewares/ST/BlueNRG-MS/utils/ble_list.c ****   
 101:Middlewares/ST/BlueNRG-MS/utils/ble_list.c ****   *node = listHead->next;
 344              		.loc 1 101 0
 345 000a 0368     		ldr	r3, [r0]
 346 000c 0B60     		str	r3, [r1]
 102:Middlewares/ST/BlueNRG-MS/utils/ble_list.c ****   list_remove_node (listHead->next);
 347              		.loc 1 102 0
 348 000e 0068     		ldr	r0, [r0]
 349              	.LVL10:
 350 0010 FFF7FEFF 		bl	list_remove_node
 351              	.LVL11:
 103:Middlewares/ST/BlueNRG-MS/utils/ble_list.c ****   (*node)->next = NULL;
 352              		.loc 1 103 0
 353 0014 2268     		ldr	r2, [r4]
 354 0016 0023     		movs	r3, #0
 355 0018 1360     		str	r3, [r2]
 104:Middlewares/ST/BlueNRG-MS/utils/ble_list.c ****   (*node)->prev = NULL;
 356              		.loc 1 104 0
 357 001a 2268     		ldr	r2, [r4]
 358 001c 5360     		str	r3, [r2, #4]
 359              	.LBB96:
 360              	.LBB97:
 361              		.loc 2 414 0
 362              		.syntax unified
 363              	@ 414 "Drivers/CMSIS/Include/cmsis_gcc.h" 1
 364 001e 85F31088 		MSR primask, r5
 365              	@ 0 "" 2
 366              		.thumb
 367              		.syntax unified
 368 0022 38BD     		pop	{r3, r4, r5, pc}
 369              	.LBE97:
 370              	.LBE96:
 371              		.cfi_endproc
 372              	.LFE136:
 374              		.section	.text.list_remove_tail,"ax",%progbits
 375              		.align	1
 376              		.global	list_remove_tail
 377              		.syntax unified
 378              		.thumb
 379              		.thumb_func
 380              		.fpu fpv4-sp-d16
 382              	list_remove_tail:
 383              	.LFB137:
 105:Middlewares/ST/BlueNRG-MS/utils/ble_list.c ****   
 106:Middlewares/ST/BlueNRG-MS/utils/ble_list.c ****   __set_PRIMASK(uwPRIMASK_Bit);     /**< Restore PRIMASK bit*/
 107:Middlewares/ST/BlueNRG-MS/utils/ble_list.c **** }
 108:Middlewares/ST/BlueNRG-MS/utils/ble_list.c **** 
 109:Middlewares/ST/BlueNRG-MS/utils/ble_list.c **** void list_remove_tail (tListNode * listHead, tListNode ** node )
 110:Middlewares/ST/BlueNRG-MS/utils/ble_list.c **** {
 384              		.loc 1 110 0
 385              		.cfi_startproc
 386              		@ args = 0, pretend = 0, frame = 0
 387              		@ frame_needed = 0, uses_anonymous_args = 0
 388              	.LVL12:
 389 0000 38B5     		push	{r3, r4, r5, lr}
 390              	.LCFI1:
 391              		.cfi_def_cfa_offset 16
ARM GAS  C:\Users\choee\AppData\Local\Temp\ccLSuVC2.s 			page 17


 392              		.cfi_offset 3, -16
 393              		.cfi_offset 4, -12
 394              		.cfi_offset 5, -8
 395              		.cfi_offset 14, -4
 396 0002 0C46     		mov	r4, r1
 397              	.LBB98:
 398              	.LBB99:
 386:Drivers/CMSIS/Include/cmsis_gcc.h ****   return(result);
 399              		.loc 2 386 0
 400              		.syntax unified
 401              	@ 386 "Drivers/CMSIS/Include/cmsis_gcc.h" 1
 402 0004 EFF31085 		MRS r5, primask
 403              	@ 0 "" 2
 404              		.thumb
 405              		.syntax unified
 406              	.LBE99:
 407              	.LBE98:
 408              	.LBB100:
 409              	.LBB101:
 142:Drivers/CMSIS/Include/cmsis_gcc.h **** }
 410              		.loc 2 142 0
 411              		.syntax unified
 412              	@ 142 "Drivers/CMSIS/Include/cmsis_gcc.h" 1
 413 0008 72B6     		cpsid i
 414              	@ 0 "" 2
 415              		.thumb
 416              		.syntax unified
 417              	.LBE101:
 418              	.LBE100:
 111:Middlewares/ST/BlueNRG-MS/utils/ble_list.c ****   uint32_t uwPRIMASK_Bit;
 112:Middlewares/ST/BlueNRG-MS/utils/ble_list.c ****   uwPRIMASK_Bit = __get_PRIMASK();  /**< backup PRIMASK bit */
 113:Middlewares/ST/BlueNRG-MS/utils/ble_list.c ****   __disable_irq();                  /**< Disable all interrupts by setting PRIMASK bit on Cortex*/
 114:Middlewares/ST/BlueNRG-MS/utils/ble_list.c ****   
 115:Middlewares/ST/BlueNRG-MS/utils/ble_list.c ****   *node = listHead->prev;
 419              		.loc 1 115 0
 420 000a 4368     		ldr	r3, [r0, #4]
 421 000c 0B60     		str	r3, [r1]
 116:Middlewares/ST/BlueNRG-MS/utils/ble_list.c ****   list_remove_node (listHead->prev);
 422              		.loc 1 116 0
 423 000e 4068     		ldr	r0, [r0, #4]
 424              	.LVL13:
 425 0010 FFF7FEFF 		bl	list_remove_node
 426              	.LVL14:
 117:Middlewares/ST/BlueNRG-MS/utils/ble_list.c ****   (*node)->next = NULL;
 427              		.loc 1 117 0
 428 0014 2268     		ldr	r2, [r4]
 429 0016 0023     		movs	r3, #0
 430 0018 1360     		str	r3, [r2]
 118:Middlewares/ST/BlueNRG-MS/utils/ble_list.c ****   (*node)->prev = NULL;
 431              		.loc 1 118 0
 432 001a 2268     		ldr	r2, [r4]
 433 001c 5360     		str	r3, [r2, #4]
 434              	.LBB102:
 435              	.LBB103:
 436              		.loc 2 414 0
 437              		.syntax unified
 438              	@ 414 "Drivers/CMSIS/Include/cmsis_gcc.h" 1
ARM GAS  C:\Users\choee\AppData\Local\Temp\ccLSuVC2.s 			page 18


 439 001e 85F31088 		MSR primask, r5
 440              	@ 0 "" 2
 441              		.thumb
 442              		.syntax unified
 443 0022 38BD     		pop	{r3, r4, r5, pc}
 444              	.LBE103:
 445              	.LBE102:
 446              		.cfi_endproc
 447              	.LFE137:
 449              		.section	.text.list_insert_node_after,"ax",%progbits
 450              		.align	1
 451              		.global	list_insert_node_after
 452              		.syntax unified
 453              		.thumb
 454              		.thumb_func
 455              		.fpu fpv4-sp-d16
 457              	list_insert_node_after:
 458              	.LFB138:
 119:Middlewares/ST/BlueNRG-MS/utils/ble_list.c ****   
 120:Middlewares/ST/BlueNRG-MS/utils/ble_list.c ****   __set_PRIMASK(uwPRIMASK_Bit);     /**< Restore PRIMASK bit*/
 121:Middlewares/ST/BlueNRG-MS/utils/ble_list.c **** }
 122:Middlewares/ST/BlueNRG-MS/utils/ble_list.c **** 
 123:Middlewares/ST/BlueNRG-MS/utils/ble_list.c **** void list_insert_node_after (tListNode * node, tListNode * ref_node)
 124:Middlewares/ST/BlueNRG-MS/utils/ble_list.c **** {
 459              		.loc 1 124 0
 460              		.cfi_startproc
 461              		@ args = 0, pretend = 0, frame = 0
 462              		@ frame_needed = 0, uses_anonymous_args = 0
 463              		@ link register save eliminated.
 464              	.LVL15:
 465              	.LBB104:
 466              	.LBB105:
 386:Drivers/CMSIS/Include/cmsis_gcc.h ****   return(result);
 467              		.loc 2 386 0
 468              		.syntax unified
 469              	@ 386 "Drivers/CMSIS/Include/cmsis_gcc.h" 1
 470 0000 EFF31083 		MRS r3, primask
 471              	@ 0 "" 2
 472              		.thumb
 473              		.syntax unified
 474              	.LBE105:
 475              	.LBE104:
 476              	.LBB106:
 477              	.LBB107:
 142:Drivers/CMSIS/Include/cmsis_gcc.h **** }
 478              		.loc 2 142 0
 479              		.syntax unified
 480              	@ 142 "Drivers/CMSIS/Include/cmsis_gcc.h" 1
 481 0004 72B6     		cpsid i
 482              	@ 0 "" 2
 483              		.thumb
 484              		.syntax unified
 485              	.LBE107:
 486              	.LBE106:
 125:Middlewares/ST/BlueNRG-MS/utils/ble_list.c ****   uint32_t uwPRIMASK_Bit;
 126:Middlewares/ST/BlueNRG-MS/utils/ble_list.c ****   uwPRIMASK_Bit = __get_PRIMASK();  /**< backup PRIMASK bit */
 127:Middlewares/ST/BlueNRG-MS/utils/ble_list.c ****   __disable_irq();                  /**< Disable all interrupts by setting PRIMASK bit on Cortex*/
ARM GAS  C:\Users\choee\AppData\Local\Temp\ccLSuVC2.s 			page 19


 128:Middlewares/ST/BlueNRG-MS/utils/ble_list.c ****   
 129:Middlewares/ST/BlueNRG-MS/utils/ble_list.c ****   node->next = ref_node->next;
 487              		.loc 1 129 0
 488 0006 0A68     		ldr	r2, [r1]
 489 0008 0260     		str	r2, [r0]
 130:Middlewares/ST/BlueNRG-MS/utils/ble_list.c ****   node->prev = ref_node;
 490              		.loc 1 130 0
 491 000a 4160     		str	r1, [r0, #4]
 131:Middlewares/ST/BlueNRG-MS/utils/ble_list.c ****   ref_node->next = node;
 492              		.loc 1 131 0
 493 000c 0860     		str	r0, [r1]
 132:Middlewares/ST/BlueNRG-MS/utils/ble_list.c ****   (node->next)->prev = node;
 494              		.loc 1 132 0
 495 000e 0268     		ldr	r2, [r0]
 496 0010 5060     		str	r0, [r2, #4]
 497              	.LBB108:
 498              	.LBB109:
 499              		.loc 2 414 0
 500              		.syntax unified
 501              	@ 414 "Drivers/CMSIS/Include/cmsis_gcc.h" 1
 502 0012 83F31088 		MSR primask, r3
 503              	@ 0 "" 2
 504              		.thumb
 505              		.syntax unified
 506 0016 7047     		bx	lr
 507              	.LBE109:
 508              	.LBE108:
 509              		.cfi_endproc
 510              	.LFE138:
 512              		.section	.text.list_insert_node_before,"ax",%progbits
 513              		.align	1
 514              		.global	list_insert_node_before
 515              		.syntax unified
 516              		.thumb
 517              		.thumb_func
 518              		.fpu fpv4-sp-d16
 520              	list_insert_node_before:
 521              	.LFB139:
 133:Middlewares/ST/BlueNRG-MS/utils/ble_list.c ****   
 134:Middlewares/ST/BlueNRG-MS/utils/ble_list.c ****   __set_PRIMASK(uwPRIMASK_Bit);     /**< Restore PRIMASK bit*/
 135:Middlewares/ST/BlueNRG-MS/utils/ble_list.c **** }
 136:Middlewares/ST/BlueNRG-MS/utils/ble_list.c **** 
 137:Middlewares/ST/BlueNRG-MS/utils/ble_list.c **** void list_insert_node_before (tListNode * node, tListNode * ref_node)
 138:Middlewares/ST/BlueNRG-MS/utils/ble_list.c **** {
 522              		.loc 1 138 0
 523              		.cfi_startproc
 524              		@ args = 0, pretend = 0, frame = 0
 525              		@ frame_needed = 0, uses_anonymous_args = 0
 526              		@ link register save eliminated.
 527              	.LVL16:
 528              	.LBB110:
 529              	.LBB111:
 386:Drivers/CMSIS/Include/cmsis_gcc.h ****   return(result);
 530              		.loc 2 386 0
 531              		.syntax unified
 532              	@ 386 "Drivers/CMSIS/Include/cmsis_gcc.h" 1
 533 0000 EFF31083 		MRS r3, primask
ARM GAS  C:\Users\choee\AppData\Local\Temp\ccLSuVC2.s 			page 20


 534              	@ 0 "" 2
 535              		.thumb
 536              		.syntax unified
 537              	.LBE111:
 538              	.LBE110:
 539              	.LBB112:
 540              	.LBB113:
 142:Drivers/CMSIS/Include/cmsis_gcc.h **** }
 541              		.loc 2 142 0
 542              		.syntax unified
 543              	@ 142 "Drivers/CMSIS/Include/cmsis_gcc.h" 1
 544 0004 72B6     		cpsid i
 545              	@ 0 "" 2
 546              		.thumb
 547              		.syntax unified
 548              	.LBE113:
 549              	.LBE112:
 139:Middlewares/ST/BlueNRG-MS/utils/ble_list.c ****   uint32_t uwPRIMASK_Bit;
 140:Middlewares/ST/BlueNRG-MS/utils/ble_list.c ****   uwPRIMASK_Bit = __get_PRIMASK();  /**< backup PRIMASK bit */
 141:Middlewares/ST/BlueNRG-MS/utils/ble_list.c ****   __disable_irq();                  /**< Disable all interrupts by setting PRIMASK bit on Cortex*/
 142:Middlewares/ST/BlueNRG-MS/utils/ble_list.c ****   
 143:Middlewares/ST/BlueNRG-MS/utils/ble_list.c ****   node->next = ref_node;
 550              		.loc 1 143 0
 551 0006 0160     		str	r1, [r0]
 144:Middlewares/ST/BlueNRG-MS/utils/ble_list.c ****   node->prev = ref_node->prev;
 552              		.loc 1 144 0
 553 0008 4A68     		ldr	r2, [r1, #4]
 554 000a 4260     		str	r2, [r0, #4]
 145:Middlewares/ST/BlueNRG-MS/utils/ble_list.c ****   ref_node->prev = node;
 555              		.loc 1 145 0
 556 000c 4860     		str	r0, [r1, #4]
 146:Middlewares/ST/BlueNRG-MS/utils/ble_list.c ****   (node->prev)->next = node;
 557              		.loc 1 146 0
 558 000e 4268     		ldr	r2, [r0, #4]
 559 0010 1060     		str	r0, [r2]
 560              	.LBB114:
 561              	.LBB115:
 562              		.loc 2 414 0
 563              		.syntax unified
 564              	@ 414 "Drivers/CMSIS/Include/cmsis_gcc.h" 1
 565 0012 83F31088 		MSR primask, r3
 566              	@ 0 "" 2
 567              		.thumb
 568              		.syntax unified
 569 0016 7047     		bx	lr
 570              	.LBE115:
 571              	.LBE114:
 572              		.cfi_endproc
 573              	.LFE139:
 575              		.section	.text.list_get_size,"ax",%progbits
 576              		.align	1
 577              		.global	list_get_size
 578              		.syntax unified
 579              		.thumb
 580              		.thumb_func
 581              		.fpu fpv4-sp-d16
 583              	list_get_size:
ARM GAS  C:\Users\choee\AppData\Local\Temp\ccLSuVC2.s 			page 21


 584              	.LFB140:
 147:Middlewares/ST/BlueNRG-MS/utils/ble_list.c ****   
 148:Middlewares/ST/BlueNRG-MS/utils/ble_list.c ****   __set_PRIMASK(uwPRIMASK_Bit);     /**< Restore PRIMASK bit*/
 149:Middlewares/ST/BlueNRG-MS/utils/ble_list.c **** }
 150:Middlewares/ST/BlueNRG-MS/utils/ble_list.c **** 
 151:Middlewares/ST/BlueNRG-MS/utils/ble_list.c **** int list_get_size (tListNode * listHead)
 152:Middlewares/ST/BlueNRG-MS/utils/ble_list.c **** {
 585              		.loc 1 152 0
 586              		.cfi_startproc
 587              		@ args = 0, pretend = 0, frame = 0
 588              		@ frame_needed = 0, uses_anonymous_args = 0
 589              		@ link register save eliminated.
 590              	.LVL17:
 591              	.LBB116:
 592              	.LBB117:
 386:Drivers/CMSIS/Include/cmsis_gcc.h ****   return(result);
 593              		.loc 2 386 0
 594              		.syntax unified
 595              	@ 386 "Drivers/CMSIS/Include/cmsis_gcc.h" 1
 596 0000 EFF31081 		MRS r1, primask
 597              	@ 0 "" 2
 598              		.thumb
 599              		.syntax unified
 600              	.LBE117:
 601              	.LBE116:
 602              	.LBB118:
 603              	.LBB119:
 142:Drivers/CMSIS/Include/cmsis_gcc.h **** }
 604              		.loc 2 142 0
 605              		.syntax unified
 606              	@ 142 "Drivers/CMSIS/Include/cmsis_gcc.h" 1
 607 0004 72B6     		cpsid i
 608              	@ 0 "" 2
 609              		.thumb
 610              		.syntax unified
 611              	.LBE119:
 612              	.LBE118:
 153:Middlewares/ST/BlueNRG-MS/utils/ble_list.c ****   int size = 0;
 154:Middlewares/ST/BlueNRG-MS/utils/ble_list.c ****   tListNode * temp;
 155:Middlewares/ST/BlueNRG-MS/utils/ble_list.c **** 
 156:Middlewares/ST/BlueNRG-MS/utils/ble_list.c ****   uint32_t uwPRIMASK_Bit;
 157:Middlewares/ST/BlueNRG-MS/utils/ble_list.c ****   uwPRIMASK_Bit = __get_PRIMASK();  /**< backup PRIMASK bit */
 158:Middlewares/ST/BlueNRG-MS/utils/ble_list.c ****   __disable_irq();                  /**< Disable all interrupts by setting PRIMASK bit on Cortex*/
 159:Middlewares/ST/BlueNRG-MS/utils/ble_list.c **** 
 160:Middlewares/ST/BlueNRG-MS/utils/ble_list.c ****   temp = listHead->next;
 613              		.loc 1 160 0
 614 0006 0368     		ldr	r3, [r0]
 615              	.LVL18:
 153:Middlewares/ST/BlueNRG-MS/utils/ble_list.c ****   int size = 0;
 616              		.loc 1 153 0
 617 0008 0022     		movs	r2, #0
 161:Middlewares/ST/BlueNRG-MS/utils/ble_list.c ****   while (temp != listHead)
 618              		.loc 1 161 0
 619 000a 01E0     		b	.L16
 620              	.LVL19:
 621              	.L17:
 162:Middlewares/ST/BlueNRG-MS/utils/ble_list.c ****   {
ARM GAS  C:\Users\choee\AppData\Local\Temp\ccLSuVC2.s 			page 22


 163:Middlewares/ST/BlueNRG-MS/utils/ble_list.c ****     size++;
 622              		.loc 1 163 0
 623 000c 0132     		adds	r2, r2, #1
 624              	.LVL20:
 164:Middlewares/ST/BlueNRG-MS/utils/ble_list.c ****     temp = temp->next;		
 625              		.loc 1 164 0
 626 000e 1B68     		ldr	r3, [r3]
 627              	.LVL21:
 628              	.L16:
 161:Middlewares/ST/BlueNRG-MS/utils/ble_list.c ****   while (temp != listHead)
 629              		.loc 1 161 0
 630 0010 8342     		cmp	r3, r0
 631 0012 FBD1     		bne	.L17
 632              	.LVL22:
 633              	.LBB120:
 634              	.LBB121:
 635              		.loc 2 414 0
 636              		.syntax unified
 637              	@ 414 "Drivers/CMSIS/Include/cmsis_gcc.h" 1
 638 0014 81F31088 		MSR primask, r1
 639              	@ 0 "" 2
 640              	.LVL23:
 641              		.thumb
 642              		.syntax unified
 643              	.LBE121:
 644              	.LBE120:
 165:Middlewares/ST/BlueNRG-MS/utils/ble_list.c ****   }
 166:Middlewares/ST/BlueNRG-MS/utils/ble_list.c ****   
 167:Middlewares/ST/BlueNRG-MS/utils/ble_list.c ****   __set_PRIMASK(uwPRIMASK_Bit);     /**< Restore PRIMASK bit*/
 168:Middlewares/ST/BlueNRG-MS/utils/ble_list.c ****   
 169:Middlewares/ST/BlueNRG-MS/utils/ble_list.c ****   return (size);
 170:Middlewares/ST/BlueNRG-MS/utils/ble_list.c **** }
 645              		.loc 1 170 0
 646 0018 1046     		mov	r0, r2
 647              	.LVL24:
 648 001a 7047     		bx	lr
 649              		.cfi_endproc
 650              	.LFE140:
 652              		.section	.text.list_get_next_node,"ax",%progbits
 653              		.align	1
 654              		.global	list_get_next_node
 655              		.syntax unified
 656              		.thumb
 657              		.thumb_func
 658              		.fpu fpv4-sp-d16
 660              	list_get_next_node:
 661              	.LFB141:
 171:Middlewares/ST/BlueNRG-MS/utils/ble_list.c **** 
 172:Middlewares/ST/BlueNRG-MS/utils/ble_list.c **** void list_get_next_node (tListNode * ref_node, tListNode ** node)
 173:Middlewares/ST/BlueNRG-MS/utils/ble_list.c **** {
 662              		.loc 1 173 0
 663              		.cfi_startproc
 664              		@ args = 0, pretend = 0, frame = 0
 665              		@ frame_needed = 0, uses_anonymous_args = 0
 666              		@ link register save eliminated.
 667              	.LVL25:
 668              	.LBB122:
ARM GAS  C:\Users\choee\AppData\Local\Temp\ccLSuVC2.s 			page 23


 669              	.LBB123:
 386:Drivers/CMSIS/Include/cmsis_gcc.h ****   return(result);
 670              		.loc 2 386 0
 671              		.syntax unified
 672              	@ 386 "Drivers/CMSIS/Include/cmsis_gcc.h" 1
 673 0000 EFF31083 		MRS r3, primask
 674              	@ 0 "" 2
 675              		.thumb
 676              		.syntax unified
 677              	.LBE123:
 678              	.LBE122:
 679              	.LBB124:
 680              	.LBB125:
 142:Drivers/CMSIS/Include/cmsis_gcc.h **** }
 681              		.loc 2 142 0
 682              		.syntax unified
 683              	@ 142 "Drivers/CMSIS/Include/cmsis_gcc.h" 1
 684 0004 72B6     		cpsid i
 685              	@ 0 "" 2
 686              		.thumb
 687              		.syntax unified
 688              	.LBE125:
 689              	.LBE124:
 174:Middlewares/ST/BlueNRG-MS/utils/ble_list.c ****   uint32_t uwPRIMASK_Bit;
 175:Middlewares/ST/BlueNRG-MS/utils/ble_list.c ****   uwPRIMASK_Bit = __get_PRIMASK();  /**< backup PRIMASK bit */
 176:Middlewares/ST/BlueNRG-MS/utils/ble_list.c ****   __disable_irq();                  /**< Disable all interrupts by setting PRIMASK bit on Cortex*/
 177:Middlewares/ST/BlueNRG-MS/utils/ble_list.c ****   
 178:Middlewares/ST/BlueNRG-MS/utils/ble_list.c ****   *node = ref_node->next;
 690              		.loc 1 178 0
 691 0006 0268     		ldr	r2, [r0]
 692 0008 0A60     		str	r2, [r1]
 693              	.LBB126:
 694              	.LBB127:
 695              		.loc 2 414 0
 696              		.syntax unified
 697              	@ 414 "Drivers/CMSIS/Include/cmsis_gcc.h" 1
 698 000a 83F31088 		MSR primask, r3
 699              	@ 0 "" 2
 700              		.thumb
 701              		.syntax unified
 702 000e 7047     		bx	lr
 703              	.LBE127:
 704              	.LBE126:
 705              		.cfi_endproc
 706              	.LFE141:
 708              		.section	.text.list_get_prev_node,"ax",%progbits
 709              		.align	1
 710              		.global	list_get_prev_node
 711              		.syntax unified
 712              		.thumb
 713              		.thumb_func
 714              		.fpu fpv4-sp-d16
 716              	list_get_prev_node:
 717              	.LFB142:
 179:Middlewares/ST/BlueNRG-MS/utils/ble_list.c ****   
 180:Middlewares/ST/BlueNRG-MS/utils/ble_list.c ****   __set_PRIMASK(uwPRIMASK_Bit);     /**< Restore PRIMASK bit*/
 181:Middlewares/ST/BlueNRG-MS/utils/ble_list.c **** }
ARM GAS  C:\Users\choee\AppData\Local\Temp\ccLSuVC2.s 			page 24


 182:Middlewares/ST/BlueNRG-MS/utils/ble_list.c **** 
 183:Middlewares/ST/BlueNRG-MS/utils/ble_list.c **** void list_get_prev_node (tListNode * ref_node, tListNode ** node)
 184:Middlewares/ST/BlueNRG-MS/utils/ble_list.c **** {
 718              		.loc 1 184 0
 719              		.cfi_startproc
 720              		@ args = 0, pretend = 0, frame = 0
 721              		@ frame_needed = 0, uses_anonymous_args = 0
 722              		@ link register save eliminated.
 723              	.LVL26:
 724              	.LBB128:
 725              	.LBB129:
 386:Drivers/CMSIS/Include/cmsis_gcc.h ****   return(result);
 726              		.loc 2 386 0
 727              		.syntax unified
 728              	@ 386 "Drivers/CMSIS/Include/cmsis_gcc.h" 1
 729 0000 EFF31083 		MRS r3, primask
 730              	@ 0 "" 2
 731              		.thumb
 732              		.syntax unified
 733              	.LBE129:
 734              	.LBE128:
 735              	.LBB130:
 736              	.LBB131:
 142:Drivers/CMSIS/Include/cmsis_gcc.h **** }
 737              		.loc 2 142 0
 738              		.syntax unified
 739              	@ 142 "Drivers/CMSIS/Include/cmsis_gcc.h" 1
 740 0004 72B6     		cpsid i
 741              	@ 0 "" 2
 742              		.thumb
 743              		.syntax unified
 744              	.LBE131:
 745              	.LBE130:
 185:Middlewares/ST/BlueNRG-MS/utils/ble_list.c ****   uint32_t uwPRIMASK_Bit;
 186:Middlewares/ST/BlueNRG-MS/utils/ble_list.c ****   uwPRIMASK_Bit = __get_PRIMASK();  /**< backup PRIMASK bit */
 187:Middlewares/ST/BlueNRG-MS/utils/ble_list.c ****   __disable_irq();                  /**< Disable all interrupts by setting PRIMASK bit on Cortex*/
 188:Middlewares/ST/BlueNRG-MS/utils/ble_list.c ****   
 189:Middlewares/ST/BlueNRG-MS/utils/ble_list.c ****   *node = ref_node->prev;
 746              		.loc 1 189 0
 747 0006 4268     		ldr	r2, [r0, #4]
 748 0008 0A60     		str	r2, [r1]
 749              	.LBB132:
 750              	.LBB133:
 751              		.loc 2 414 0
 752              		.syntax unified
 753              	@ 414 "Drivers/CMSIS/Include/cmsis_gcc.h" 1
 754 000a 83F31088 		MSR primask, r3
 755              	@ 0 "" 2
 756              		.thumb
 757              		.syntax unified
 758 000e 7047     		bx	lr
 759              	.LBE133:
 760              	.LBE132:
 761              		.cfi_endproc
 762              	.LFE142:
 764              		.text
 765              	.Letext0:
ARM GAS  C:\Users\choee\AppData\Local\Temp\ccLSuVC2.s 			page 25


 766              		.file 3 "c:\\program files (x86)\\gnu tools arm embedded\\6 2017-q2-update\\arm-none-eabi\\include
 767              		.file 4 "c:\\program files (x86)\\gnu tools arm embedded\\6 2017-q2-update\\arm-none-eabi\\include
 768              		.file 5 "Middlewares/ST/BlueNRG-MS/utils/ble_list.h"
 769              		.file 6 "c:\\program files (x86)\\gnu tools arm embedded\\6 2017-q2-update\\arm-none-eabi\\include
 770              		.file 7 "c:\\program files (x86)\\gnu tools arm embedded\\6 2017-q2-update\\arm-none-eabi\\include
 771              		.file 8 "c:\\program files (x86)\\gnu tools arm embedded\\6 2017-q2-update\\lib\\gcc\\arm-none-eab
 772              		.file 9 "c:\\program files (x86)\\gnu tools arm embedded\\6 2017-q2-update\\arm-none-eabi\\include
 773              		.file 10 "Drivers/CMSIS/Include/core_cm4.h"
 774              		.file 11 "Drivers/CMSIS/Device/ST/STM32L4xx/Include/system_stm32l4xx.h"
 775              		.file 12 "Drivers/STM32L4xx_HAL_Driver/Inc/stm32l4xx_hal_def.h"
 776              		.file 13 "Drivers/STM32L4xx_HAL_Driver/Inc/stm32l4xx_hal_flash.h"
 777              		.file 14 "Drivers/STM32L4xx_HAL_Driver/Inc/stm32l4xx_hal.h"
ARM GAS  C:\Users\choee\AppData\Local\Temp\ccLSuVC2.s 			page 26


DEFINED SYMBOLS
                            *ABS*:00000000 ble_list.c
C:\Users\choee\AppData\Local\Temp\ccLSuVC2.s:18     .text.list_init_head:00000000 $t
C:\Users\choee\AppData\Local\Temp\ccLSuVC2.s:25     .text.list_init_head:00000000 list_init_head
C:\Users\choee\AppData\Local\Temp\ccLSuVC2.s:43     .text.list_is_empty:00000000 $t
C:\Users\choee\AppData\Local\Temp\ccLSuVC2.s:50     .text.list_is_empty:00000000 list_is_empty
C:\Users\choee\AppData\Local\Temp\ccLSuVC2.s:113    .text.list_insert_head:00000000 $t
C:\Users\choee\AppData\Local\Temp\ccLSuVC2.s:120    .text.list_insert_head:00000000 list_insert_head
C:\Users\choee\AppData\Local\Temp\ccLSuVC2.s:176    .text.list_insert_tail:00000000 $t
C:\Users\choee\AppData\Local\Temp\ccLSuVC2.s:183    .text.list_insert_tail:00000000 list_insert_tail
C:\Users\choee\AppData\Local\Temp\ccLSuVC2.s:239    .text.list_remove_node:00000000 $t
C:\Users\choee\AppData\Local\Temp\ccLSuVC2.s:246    .text.list_remove_node:00000000 list_remove_node
C:\Users\choee\AppData\Local\Temp\ccLSuVC2.s:300    .text.list_remove_head:00000000 $t
C:\Users\choee\AppData\Local\Temp\ccLSuVC2.s:307    .text.list_remove_head:00000000 list_remove_head
C:\Users\choee\AppData\Local\Temp\ccLSuVC2.s:375    .text.list_remove_tail:00000000 $t
C:\Users\choee\AppData\Local\Temp\ccLSuVC2.s:382    .text.list_remove_tail:00000000 list_remove_tail
C:\Users\choee\AppData\Local\Temp\ccLSuVC2.s:450    .text.list_insert_node_after:00000000 $t
C:\Users\choee\AppData\Local\Temp\ccLSuVC2.s:457    .text.list_insert_node_after:00000000 list_insert_node_after
C:\Users\choee\AppData\Local\Temp\ccLSuVC2.s:513    .text.list_insert_node_before:00000000 $t
C:\Users\choee\AppData\Local\Temp\ccLSuVC2.s:520    .text.list_insert_node_before:00000000 list_insert_node_before
C:\Users\choee\AppData\Local\Temp\ccLSuVC2.s:576    .text.list_get_size:00000000 $t
C:\Users\choee\AppData\Local\Temp\ccLSuVC2.s:583    .text.list_get_size:00000000 list_get_size
C:\Users\choee\AppData\Local\Temp\ccLSuVC2.s:653    .text.list_get_next_node:00000000 $t
C:\Users\choee\AppData\Local\Temp\ccLSuVC2.s:660    .text.list_get_next_node:00000000 list_get_next_node
C:\Users\choee\AppData\Local\Temp\ccLSuVC2.s:709    .text.list_get_prev_node:00000000 $t
C:\Users\choee\AppData\Local\Temp\ccLSuVC2.s:716    .text.list_get_prev_node:00000000 list_get_prev_node
                     .debug_frame:00000010 $d

NO UNDEFINED SYMBOLS
