ARM GAS  C:\Users\choee\AppData\Local\Temp\ccRRjUQH.s 			page 1


   1              		.cpu cortex-m4
   2              		.eabi_attribute 27, 1
   3              		.eabi_attribute 28, 1
   4              		.eabi_attribute 20, 1
   5              		.eabi_attribute 21, 1
   6              		.eabi_attribute 23, 3
   7              		.eabi_attribute 24, 1
   8              		.eabi_attribute 25, 1
   9              		.eabi_attribute 26, 1
  10              		.eabi_attribute 30, 1
  11              		.eabi_attribute 34, 1
  12              		.eabi_attribute 18, 4
  13              		.file	"freertos.c"
  14              		.text
  15              	.Ltext0:
  16              		.cfi_sections	.debug_frame
  17              		.section	.text.StartDefaultTask,"ax",%progbits
  18              		.align	1
  19              		.global	StartDefaultTask
  20              		.syntax unified
  21              		.thumb
  22              		.thumb_func
  23              		.fpu fpv4-sp-d16
  25              	StartDefaultTask:
  26              	.LFB135:
  27              		.file 1 "Src/freertos.c"
   1:Src/freertos.c **** /* USER CODE BEGIN Header */
   2:Src/freertos.c **** /**
   3:Src/freertos.c ****   ******************************************************************************
   4:Src/freertos.c ****   * File Name          : freertos.c
   5:Src/freertos.c ****   * Description        : Code for freertos applications
   6:Src/freertos.c ****   ******************************************************************************
   7:Src/freertos.c ****   * @attention
   8:Src/freertos.c ****   *
   9:Src/freertos.c ****   * <h2><center>&copy; Copyright (c) 2020 STMicroelectronics.
  10:Src/freertos.c ****   * All rights reserved.</center></h2>
  11:Src/freertos.c ****   *
  12:Src/freertos.c ****   * This software component is licensed by ST under Ultimate Liberty license
  13:Src/freertos.c ****   * SLA0044, the "License"; You may not use this file except in compliance with
  14:Src/freertos.c ****   * the License. You may obtain a copy of the License at:
  15:Src/freertos.c ****   *                             www.st.com/SLA0044
  16:Src/freertos.c ****   *
  17:Src/freertos.c ****   ******************************************************************************
  18:Src/freertos.c ****   */
  19:Src/freertos.c **** /* USER CODE END Header */
  20:Src/freertos.c **** 
  21:Src/freertos.c **** /* Includes ------------------------------------------------------------------*/
  22:Src/freertos.c **** #include "FreeRTOS.h"
  23:Src/freertos.c **** #include "task.h"
  24:Src/freertos.c **** #include "main.h"
  25:Src/freertos.c **** #include "cmsis_os.h"
  26:Src/freertos.c **** #include "app_x-cube-ble1.h"
  27:Src/freertos.c **** 
  28:Src/freertos.c **** /* Private includes ----------------------------------------------------------*/
  29:Src/freertos.c **** /* USER CODE BEGIN Includes */     
  30:Src/freertos.c **** 
  31:Src/freertos.c **** /* USER CODE END Includes */
ARM GAS  C:\Users\choee\AppData\Local\Temp\ccRRjUQH.s 			page 2


  32:Src/freertos.c **** 
  33:Src/freertos.c **** /* Private typedef -----------------------------------------------------------*/
  34:Src/freertos.c **** /* USER CODE BEGIN PTD */
  35:Src/freertos.c **** 
  36:Src/freertos.c **** /* USER CODE END PTD */
  37:Src/freertos.c **** 
  38:Src/freertos.c **** /* Private define ------------------------------------------------------------*/
  39:Src/freertos.c **** /* USER CODE BEGIN PD */
  40:Src/freertos.c **** 
  41:Src/freertos.c **** /* USER CODE END PD */
  42:Src/freertos.c **** 
  43:Src/freertos.c **** /* Private macro -------------------------------------------------------------*/
  44:Src/freertos.c **** /* USER CODE BEGIN PM */
  45:Src/freertos.c **** 
  46:Src/freertos.c **** /* USER CODE END PM */
  47:Src/freertos.c **** 
  48:Src/freertos.c **** /* Private variables ---------------------------------------------------------*/
  49:Src/freertos.c **** /* USER CODE BEGIN Variables */
  50:Src/freertos.c **** 
  51:Src/freertos.c **** /* USER CODE END Variables */
  52:Src/freertos.c **** osThreadId_t defaultTaskHandle;
  53:Src/freertos.c **** 
  54:Src/freertos.c **** /* Private function prototypes -----------------------------------------------*/
  55:Src/freertos.c **** /* USER CODE BEGIN FunctionPrototypes */
  56:Src/freertos.c ****    
  57:Src/freertos.c **** /* USER CODE END FunctionPrototypes */
  58:Src/freertos.c **** 
  59:Src/freertos.c **** void StartDefaultTask(void *argument);
  60:Src/freertos.c **** 
  61:Src/freertos.c **** void MX_FREERTOS_Init(void); /* (MISRA C 2004 rule 8.1) */
  62:Src/freertos.c **** 
  63:Src/freertos.c **** /**
  64:Src/freertos.c ****   * @brief  FreeRTOS initialization
  65:Src/freertos.c ****   * @param  None
  66:Src/freertos.c ****   * @retval None
  67:Src/freertos.c ****   */
  68:Src/freertos.c **** void MX_FREERTOS_Init(void) {
  69:Src/freertos.c ****   /* USER CODE BEGIN Init */
  70:Src/freertos.c ****        
  71:Src/freertos.c ****   /* USER CODE END Init */
  72:Src/freertos.c **** osKernelInitialize();
  73:Src/freertos.c **** 
  74:Src/freertos.c ****   /* USER CODE BEGIN RTOS_MUTEX */
  75:Src/freertos.c ****   /* add mutexes, ... */
  76:Src/freertos.c ****   /* USER CODE END RTOS_MUTEX */
  77:Src/freertos.c **** 
  78:Src/freertos.c ****   /* USER CODE BEGIN RTOS_SEMAPHORES */
  79:Src/freertos.c ****   /* add semaphores, ... */
  80:Src/freertos.c ****   /* USER CODE END RTOS_SEMAPHORES */
  81:Src/freertos.c **** 
  82:Src/freertos.c ****   /* USER CODE BEGIN RTOS_TIMERS */
  83:Src/freertos.c ****   /* start timers, add new ones, ... */
  84:Src/freertos.c ****   /* USER CODE END RTOS_TIMERS */
  85:Src/freertos.c **** 
  86:Src/freertos.c ****   /* USER CODE BEGIN RTOS_QUEUES */
  87:Src/freertos.c ****   /* add queues, ... */
  88:Src/freertos.c ****   /* USER CODE END RTOS_QUEUES */
ARM GAS  C:\Users\choee\AppData\Local\Temp\ccRRjUQH.s 			page 3


  89:Src/freertos.c **** 
  90:Src/freertos.c ****   /* Create the thread(s) */
  91:Src/freertos.c ****   /* definition and creation of defaultTask */
  92:Src/freertos.c ****   const osThreadAttr_t defaultTask_attributes = {
  93:Src/freertos.c ****     .name = "defaultTask",
  94:Src/freertos.c ****     .priority = (osPriority_t) osPriorityNormal,
  95:Src/freertos.c ****     .stack_size = 128
  96:Src/freertos.c ****   };
  97:Src/freertos.c ****   defaultTaskHandle = osThreadNew(StartDefaultTask, NULL, &defaultTask_attributes);
  98:Src/freertos.c **** 
  99:Src/freertos.c ****   /* USER CODE BEGIN RTOS_THREADS */
 100:Src/freertos.c ****   /* add threads, ... */
 101:Src/freertos.c ****   /* USER CODE END RTOS_THREADS */
 102:Src/freertos.c **** 
 103:Src/freertos.c **** }
 104:Src/freertos.c **** 
 105:Src/freertos.c **** /* USER CODE BEGIN Header_StartDefaultTask */
 106:Src/freertos.c **** /**
 107:Src/freertos.c ****   * @brief  Function implementing the defaultTask thread.
 108:Src/freertos.c ****   * @param  argument: Not used 
 109:Src/freertos.c ****   * @retval None
 110:Src/freertos.c ****   */
 111:Src/freertos.c **** /* USER CODE END Header_StartDefaultTask */
 112:Src/freertos.c **** void StartDefaultTask(void *argument)
 113:Src/freertos.c **** {
  28              		.loc 1 113 0
  29              		.cfi_startproc
  30              		@ Volatile: function does not return.
  31              		@ args = 0, pretend = 0, frame = 0
  32              		@ frame_needed = 0, uses_anonymous_args = 0
  33              	.LVL0:
  34 0000 08B5     		push	{r3, lr}
  35              	.LCFI0:
  36              		.cfi_def_cfa_offset 8
  37              		.cfi_offset 3, -8
  38              		.cfi_offset 14, -4
 114:Src/freertos.c ****   /* init code for BlueNRG_MS */
 115:Src/freertos.c ****   MX_BlueNRG_MS_Init();
  39              		.loc 1 115 0
  40 0002 FFF7FEFF 		bl	MX_BlueNRG_MS_Init
  41              	.LVL1:
  42              	.L2:
 116:Src/freertos.c ****   /* USER CODE BEGIN StartDefaultTask */
 117:Src/freertos.c ****   /* Infinite loop */
 118:Src/freertos.c ****   for(;;)
 119:Src/freertos.c ****   {
 120:Src/freertos.c ****     osDelay(1);
  43              		.loc 1 120 0 discriminator 1
  44 0006 0120     		movs	r0, #1
  45 0008 FFF7FEFF 		bl	osDelay
  46              	.LVL2:
  47 000c FBE7     		b	.L2
  48              		.cfi_endproc
  49              	.LFE135:
  51              		.section	.text.MX_FREERTOS_Init,"ax",%progbits
  52              		.align	1
  53              		.global	MX_FREERTOS_Init
ARM GAS  C:\Users\choee\AppData\Local\Temp\ccRRjUQH.s 			page 4


  54              		.syntax unified
  55              		.thumb
  56              		.thumb_func
  57              		.fpu fpv4-sp-d16
  59              	MX_FREERTOS_Init:
  60              	.LFB134:
  68:Src/freertos.c ****   /* USER CODE BEGIN Init */
  61              		.loc 1 68 0
  62              		.cfi_startproc
  63              		@ args = 0, pretend = 0, frame = 40
  64              		@ frame_needed = 0, uses_anonymous_args = 0
  65 0000 00B5     		push	{lr}
  66              	.LCFI1:
  67              		.cfi_def_cfa_offset 4
  68              		.cfi_offset 14, -4
  69 0002 8BB0     		sub	sp, sp, #44
  70              	.LCFI2:
  71              		.cfi_def_cfa_offset 48
  72:Src/freertos.c **** 
  72              		.loc 1 72 0
  73 0004 FFF7FEFF 		bl	osKernelInitialize
  74              	.LVL3:
  92:Src/freertos.c ****     .name = "defaultTask",
  75              		.loc 1 92 0
  76 0008 2422     		movs	r2, #36
  77 000a 0021     		movs	r1, #0
  78 000c 01A8     		add	r0, sp, #4
  79 000e FFF7FEFF 		bl	memset
  80              	.LVL4:
  81 0012 084B     		ldr	r3, .L6
  82 0014 0193     		str	r3, [sp, #4]
  83 0016 8023     		movs	r3, #128
  84 0018 0693     		str	r3, [sp, #24]
  85 001a 1823     		movs	r3, #24
  86 001c 0793     		str	r3, [sp, #28]
  97:Src/freertos.c **** 
  87              		.loc 1 97 0
  88 001e 01AA     		add	r2, sp, #4
  89 0020 0021     		movs	r1, #0
  90 0022 0548     		ldr	r0, .L6+4
  91 0024 FFF7FEFF 		bl	osThreadNew
  92              	.LVL5:
  93 0028 044B     		ldr	r3, .L6+8
  94 002a 1860     		str	r0, [r3]
 103:Src/freertos.c **** 
  95              		.loc 1 103 0
  96 002c 0BB0     		add	sp, sp, #44
  97              	.LCFI3:
  98              		.cfi_def_cfa_offset 4
  99              		@ sp needed
 100 002e 5DF804FB 		ldr	pc, [sp], #4
 101              	.L7:
 102 0032 00BF     		.align	2
 103              	.L6:
 104 0034 00000000 		.word	.LC0
 105 0038 00000000 		.word	StartDefaultTask
 106 003c 00000000 		.word	defaultTaskHandle
ARM GAS  C:\Users\choee\AppData\Local\Temp\ccRRjUQH.s 			page 5


 107              		.cfi_endproc
 108              	.LFE134:
 110              		.comm	defaultTaskHandle,4,4
 111              		.section	.rodata.MX_FREERTOS_Init.str1.4,"aMS",%progbits,1
 112              		.align	2
 113              	.LC0:
 114 0000 64656661 		.ascii	"defaultTask\000"
 114      756C7454 
 114      61736B00 
 115              		.text
 116              	.Letext0:
 117              		.file 2 "c:\\program files (x86)\\gnu tools arm embedded\\6 2017-q2-update\\arm-none-eabi\\include
 118              		.file 3 "c:\\program files (x86)\\gnu tools arm embedded\\6 2017-q2-update\\arm-none-eabi\\include
 119              		.file 4 "Inc/FreeRTOSConfig.h"
 120              		.file 5 "Drivers/CMSIS/Include/core_cm4.h"
 121              		.file 6 "Drivers/CMSIS/Device/ST/STM32L4xx/Include/system_stm32l4xx.h"
 122              		.file 7 "Drivers/CMSIS/Device/ST/STM32L4xx/Include/stm32l475xx.h"
 123              		.file 8 "Drivers/STM32L4xx_HAL_Driver/Inc/stm32l4xx_hal_def.h"
 124              		.file 9 "Drivers/STM32L4xx_HAL_Driver/Inc/stm32l4xx_hal_dma.h"
 125              		.file 10 "Drivers/STM32L4xx_HAL_Driver/Inc/stm32l4xx_hal_flash.h"
 126              		.file 11 "Drivers/STM32L4xx_HAL_Driver/Inc/stm32l4xx_hal_uart.h"
 127              		.file 12 "Drivers/STM32L4xx_HAL_Driver/Inc/stm32l4xx_hal.h"
 128              		.file 13 "Inc/stm32l4xx_nucleo.h"
 129              		.file 14 "Middlewares/Third_Party/FreeRTOS/Source/CMSIS_RTOS_V2/cmsis_os2.h"
 130              		.file 15 "Inc/app_x-cube-ble1.h"
ARM GAS  C:\Users\choee\AppData\Local\Temp\ccRRjUQH.s 			page 6


DEFINED SYMBOLS
                            *ABS*:00000000 freertos.c
C:\Users\choee\AppData\Local\Temp\ccRRjUQH.s:18     .text.StartDefaultTask:00000000 $t
C:\Users\choee\AppData\Local\Temp\ccRRjUQH.s:25     .text.StartDefaultTask:00000000 StartDefaultTask
C:\Users\choee\AppData\Local\Temp\ccRRjUQH.s:52     .text.MX_FREERTOS_Init:00000000 $t
C:\Users\choee\AppData\Local\Temp\ccRRjUQH.s:59     .text.MX_FREERTOS_Init:00000000 MX_FREERTOS_Init
C:\Users\choee\AppData\Local\Temp\ccRRjUQH.s:104    .text.MX_FREERTOS_Init:00000034 $d
                            *COM*:00000004 defaultTaskHandle
C:\Users\choee\AppData\Local\Temp\ccRRjUQH.s:112    .rodata.MX_FREERTOS_Init.str1.4:00000000 $d
                     .debug_frame:00000010 $d

UNDEFINED SYMBOLS
MX_BlueNRG_MS_Init
osDelay
osKernelInitialize
memset
osThreadNew
