ARM GAS  C:\Users\choee\AppData\Local\Temp\ccGRh1DT.s 			page 1


   1              		.cpu cortex-m4
   2              		.eabi_attribute 27, 1
   3              		.eabi_attribute 28, 1
   4              		.eabi_attribute 20, 1
   5              		.eabi_attribute 21, 1
   6              		.eabi_attribute 23, 3
   7              		.eabi_attribute 24, 1
   8              		.eabi_attribute 25, 1
   9              		.eabi_attribute 26, 1
  10              		.eabi_attribute 30, 1
  11              		.eabi_attribute 34, 1
  12              		.eabi_attribute 18, 4
  13              		.file	"hci_tl_interface.c"
  14              		.text
  15              	.Ltext0:
  16              		.cfi_sections	.debug_frame
  17              		.section	.text.hci_tl_lowlevel_init,"ax",%progbits
  18              		.align	1
  19              		.global	hci_tl_lowlevel_init
  20              		.syntax unified
  21              		.thumb
  22              		.thumb_func
  23              		.fpu fpv4-sp-d16
  25              	hci_tl_lowlevel_init:
  26              	.LFB0:
  27              		.file 1 "Middlewares/ST/BlueNRG-MS/hci/hci_tl_patterns/Template/hci_tl_interface.c"
   1:Middlewares/ST/BlueNRG-MS/hci/hci_tl_patterns/Template/hci_tl_interface.c **** /**
   2:Middlewares/ST/BlueNRG-MS/hci/hci_tl_patterns/Template/hci_tl_interface.c ****   ******************************************************************************
   3:Middlewares/ST/BlueNRG-MS/hci/hci_tl_patterns/Template/hci_tl_interface.c ****   * @file    hci_tl_interface_template.c
   4:Middlewares/ST/BlueNRG-MS/hci/hci_tl_patterns/Template/hci_tl_interface.c ****   * @brief 
   5:Middlewares/ST/BlueNRG-MS/hci/hci_tl_patterns/Template/hci_tl_interface.c ****   ******************************************************************************
   6:Middlewares/ST/BlueNRG-MS/hci/hci_tl_patterns/Template/hci_tl_interface.c ****   * This notice applies to any and all portions of this file
   7:Middlewares/ST/BlueNRG-MS/hci/hci_tl_patterns/Template/hci_tl_interface.c ****   * that are not between comment pairs USER CODE BEGIN and
   8:Middlewares/ST/BlueNRG-MS/hci/hci_tl_patterns/Template/hci_tl_interface.c ****   * USER CODE END. Other portions of this file, whether 
   9:Middlewares/ST/BlueNRG-MS/hci/hci_tl_patterns/Template/hci_tl_interface.c ****   * inserted by the user or by software development tools
  10:Middlewares/ST/BlueNRG-MS/hci/hci_tl_patterns/Template/hci_tl_interface.c ****   * are owned by their respective copyright owners.
  11:Middlewares/ST/BlueNRG-MS/hci/hci_tl_patterns/Template/hci_tl_interface.c ****   *
  12:Middlewares/ST/BlueNRG-MS/hci/hci_tl_patterns/Template/hci_tl_interface.c ****   * Copyright (c) 2018 STMicroelectronics International N.V. 
  13:Middlewares/ST/BlueNRG-MS/hci/hci_tl_patterns/Template/hci_tl_interface.c ****   * All rights reserved.
  14:Middlewares/ST/BlueNRG-MS/hci/hci_tl_patterns/Template/hci_tl_interface.c ****   *
  15:Middlewares/ST/BlueNRG-MS/hci/hci_tl_patterns/Template/hci_tl_interface.c ****   * Redistribution and use in source and binary forms, with or without 
  16:Middlewares/ST/BlueNRG-MS/hci/hci_tl_patterns/Template/hci_tl_interface.c ****   * modification, are permitted, provided that the following conditions are met:
  17:Middlewares/ST/BlueNRG-MS/hci/hci_tl_patterns/Template/hci_tl_interface.c ****   *
  18:Middlewares/ST/BlueNRG-MS/hci/hci_tl_patterns/Template/hci_tl_interface.c ****   * 1. Redistribution of source code must retain the above copyright notice, 
  19:Middlewares/ST/BlueNRG-MS/hci/hci_tl_patterns/Template/hci_tl_interface.c ****   *    this list of conditions and the following disclaimer.
  20:Middlewares/ST/BlueNRG-MS/hci/hci_tl_patterns/Template/hci_tl_interface.c ****   * 2. Redistributions in binary form must reproduce the above copyright notice,
  21:Middlewares/ST/BlueNRG-MS/hci/hci_tl_patterns/Template/hci_tl_interface.c ****   *    this list of conditions and the following disclaimer in the documentation
  22:Middlewares/ST/BlueNRG-MS/hci/hci_tl_patterns/Template/hci_tl_interface.c ****   *    and/or other materials provided with the distribution.
  23:Middlewares/ST/BlueNRG-MS/hci/hci_tl_patterns/Template/hci_tl_interface.c ****   * 3. Neither the name of STMicroelectronics nor the names of other 
  24:Middlewares/ST/BlueNRG-MS/hci/hci_tl_patterns/Template/hci_tl_interface.c ****   *    contributors to this software may be used to endorse or promote products 
  25:Middlewares/ST/BlueNRG-MS/hci/hci_tl_patterns/Template/hci_tl_interface.c ****   *    derived from this software without specific written permission.
  26:Middlewares/ST/BlueNRG-MS/hci/hci_tl_patterns/Template/hci_tl_interface.c ****   * 4. This software, including modifications and/or derivative works of this 
  27:Middlewares/ST/BlueNRG-MS/hci/hci_tl_patterns/Template/hci_tl_interface.c ****   *    software, must execute solely and exclusively on microcontroller or
  28:Middlewares/ST/BlueNRG-MS/hci/hci_tl_patterns/Template/hci_tl_interface.c ****   *    microprocessor devices manufactured by or for STMicroelectronics.
  29:Middlewares/ST/BlueNRG-MS/hci/hci_tl_patterns/Template/hci_tl_interface.c ****   * 5. Redistribution and use of this software other than as permitted under 
  30:Middlewares/ST/BlueNRG-MS/hci/hci_tl_patterns/Template/hci_tl_interface.c ****   *    this license is void and will automatically terminate your rights under 
  31:Middlewares/ST/BlueNRG-MS/hci/hci_tl_patterns/Template/hci_tl_interface.c ****   *    this license. 
ARM GAS  C:\Users\choee\AppData\Local\Temp\ccGRh1DT.s 			page 2


  32:Middlewares/ST/BlueNRG-MS/hci/hci_tl_patterns/Template/hci_tl_interface.c ****   *
  33:Middlewares/ST/BlueNRG-MS/hci/hci_tl_patterns/Template/hci_tl_interface.c ****   * THIS SOFTWARE IS PROVIDED BY STMICROELECTRONICS AND CONTRIBUTORS "AS IS" 
  34:Middlewares/ST/BlueNRG-MS/hci/hci_tl_patterns/Template/hci_tl_interface.c ****   * AND ANY EXPRESS, IMPLIED OR STATUTORY WARRANTIES, INCLUDING, BUT NOT 
  35:Middlewares/ST/BlueNRG-MS/hci/hci_tl_patterns/Template/hci_tl_interface.c ****   * LIMITED TO, THE IMPLIED WARRANTIES OF MERCHANTABILITY, FITNESS FOR A 
  36:Middlewares/ST/BlueNRG-MS/hci/hci_tl_patterns/Template/hci_tl_interface.c ****   * PARTICULAR PURPOSE AND NON-INFRINGEMENT OF THIRD PARTY INTELLECTUAL PROPERTY
  37:Middlewares/ST/BlueNRG-MS/hci/hci_tl_patterns/Template/hci_tl_interface.c ****   * RIGHTS ARE DISCLAIMED TO THE FULLEST EXTENT PERMITTED BY LAW. IN NO EVENT 
  38:Middlewares/ST/BlueNRG-MS/hci/hci_tl_patterns/Template/hci_tl_interface.c ****   * SHALL STMICROELECTRONICS OR CONTRIBUTORS BE LIABLE FOR ANY DIRECT, INDIRECT,
  39:Middlewares/ST/BlueNRG-MS/hci/hci_tl_patterns/Template/hci_tl_interface.c ****   * INCIDENTAL, SPECIAL, EXEMPLARY, OR CONSEQUENTIAL DAMAGES (INCLUDING, BUT NOT
  40:Middlewares/ST/BlueNRG-MS/hci/hci_tl_patterns/Template/hci_tl_interface.c ****   * LIMITED TO, PROCUREMENT OF SUBSTITUTE GOODS OR SERVICES; LOSS OF USE, DATA, 
  41:Middlewares/ST/BlueNRG-MS/hci/hci_tl_patterns/Template/hci_tl_interface.c ****   * OR PROFITS; OR BUSINESS INTERRUPTION) HOWEVER CAUSED AND ON ANY THEORY OF 
  42:Middlewares/ST/BlueNRG-MS/hci/hci_tl_patterns/Template/hci_tl_interface.c ****   * LIABILITY, WHETHER IN CONTRACT, STRICT LIABILITY, OR TORT (INCLUDING 
  43:Middlewares/ST/BlueNRG-MS/hci/hci_tl_patterns/Template/hci_tl_interface.c ****   * NEGLIGENCE OR OTHERWISE) ARISING IN ANY WAY OUT OF THE USE OF THIS SOFTWARE,
  44:Middlewares/ST/BlueNRG-MS/hci/hci_tl_patterns/Template/hci_tl_interface.c ****   * EVEN IF ADVISED OF THE POSSIBILITY OF SUCH DAMAGE.
  45:Middlewares/ST/BlueNRG-MS/hci/hci_tl_patterns/Template/hci_tl_interface.c ****   *
  46:Middlewares/ST/BlueNRG-MS/hci/hci_tl_patterns/Template/hci_tl_interface.c ****   ******************************************************************************
  47:Middlewares/ST/BlueNRG-MS/hci/hci_tl_patterns/Template/hci_tl_interface.c **** */
  48:Middlewares/ST/BlueNRG-MS/hci/hci_tl_patterns/Template/hci_tl_interface.c **** #ifdef HCI_TL
  49:Middlewares/ST/BlueNRG-MS/hci/hci_tl_patterns/Template/hci_tl_interface.c **** #include "hci_tl.h"
  50:Middlewares/ST/BlueNRG-MS/hci/hci_tl_patterns/Template/hci_tl_interface.c **** #endif
  51:Middlewares/ST/BlueNRG-MS/hci/hci_tl_patterns/Template/hci_tl_interface.c **** #include "hci_tl_interface.h"
  52:Middlewares/ST/BlueNRG-MS/hci/hci_tl_patterns/Template/hci_tl_interface.c ****  
  53:Middlewares/ST/BlueNRG-MS/hci/hci_tl_patterns/Template/hci_tl_interface.c **** void hci_tl_lowlevel_init(void)
  54:Middlewares/ST/BlueNRG-MS/hci/hci_tl_patterns/Template/hci_tl_interface.c **** {
  28              		.loc 1 54 0
  29              		.cfi_startproc
  30              		@ args = 0, pretend = 0, frame = 0
  31              		@ frame_needed = 0, uses_anonymous_args = 0
  32              		@ link register save eliminated.
  33 0000 7047     		bx	lr
  34              		.cfi_endproc
  35              	.LFE0:
  37              		.section	.text.hci_tl_lowlevel_isr,"ax",%progbits
  38              		.align	1
  39              		.global	hci_tl_lowlevel_isr
  40              		.syntax unified
  41              		.thumb
  42              		.thumb_func
  43              		.fpu fpv4-sp-d16
  45              	hci_tl_lowlevel_isr:
  46              	.LFB1:
  55:Middlewares/ST/BlueNRG-MS/hci/hci_tl_patterns/Template/hci_tl_interface.c **** #ifdef HCI_TL
  56:Middlewares/ST/BlueNRG-MS/hci/hci_tl_patterns/Template/hci_tl_interface.c ****   tHciIO fops;  
  57:Middlewares/ST/BlueNRG-MS/hci/hci_tl_patterns/Template/hci_tl_interface.c ****   
  58:Middlewares/ST/BlueNRG-MS/hci/hci_tl_patterns/Template/hci_tl_interface.c ****   /* USER CODE BEGIN hci_tl_lowlevel_init 1 */
  59:Middlewares/ST/BlueNRG-MS/hci/hci_tl_patterns/Template/hci_tl_interface.c ****   /* Register IO bus services */
  60:Middlewares/ST/BlueNRG-MS/hci/hci_tl_patterns/Template/hci_tl_interface.c ****   
  61:Middlewares/ST/BlueNRG-MS/hci/hci_tl_patterns/Template/hci_tl_interface.c ****   /* USER CODE END hci_tl_lowlevel_init 1 */
  62:Middlewares/ST/BlueNRG-MS/hci/hci_tl_patterns/Template/hci_tl_interface.c ****   
  63:Middlewares/ST/BlueNRG-MS/hci/hci_tl_patterns/Template/hci_tl_interface.c ****   hci_register_io_bus(&fops);
  64:Middlewares/ST/BlueNRG-MS/hci/hci_tl_patterns/Template/hci_tl_interface.c ****   
  65:Middlewares/ST/BlueNRG-MS/hci/hci_tl_patterns/Template/hci_tl_interface.c ****   /* USER CODE BEGIN hci_tl_lowlevel_init 2 */
  66:Middlewares/ST/BlueNRG-MS/hci/hci_tl_patterns/Template/hci_tl_interface.c ****   /* Register event irq handler */
  67:Middlewares/ST/BlueNRG-MS/hci/hci_tl_patterns/Template/hci_tl_interface.c ****   
  68:Middlewares/ST/BlueNRG-MS/hci/hci_tl_patterns/Template/hci_tl_interface.c ****   /* USER CODE END hci_tl_lowlevel_init 2 */
  69:Middlewares/ST/BlueNRG-MS/hci/hci_tl_patterns/Template/hci_tl_interface.c **** 
  70:Middlewares/ST/BlueNRG-MS/hci/hci_tl_patterns/Template/hci_tl_interface.c **** #endif
  71:Middlewares/ST/BlueNRG-MS/hci/hci_tl_patterns/Template/hci_tl_interface.c ****   /* USER CODE BEGIN hci_tl_lowlevel_init 3 */
ARM GAS  C:\Users\choee\AppData\Local\Temp\ccGRh1DT.s 			page 3


  72:Middlewares/ST/BlueNRG-MS/hci/hci_tl_patterns/Template/hci_tl_interface.c ****   
  73:Middlewares/ST/BlueNRG-MS/hci/hci_tl_patterns/Template/hci_tl_interface.c ****   /* USER CODE END hci_tl_lowlevel_init 3 */
  74:Middlewares/ST/BlueNRG-MS/hci/hci_tl_patterns/Template/hci_tl_interface.c **** }
  75:Middlewares/ST/BlueNRG-MS/hci/hci_tl_patterns/Template/hci_tl_interface.c **** 
  76:Middlewares/ST/BlueNRG-MS/hci/hci_tl_patterns/Template/hci_tl_interface.c **** void hci_tl_lowlevel_isr(void)
  77:Middlewares/ST/BlueNRG-MS/hci/hci_tl_patterns/Template/hci_tl_interface.c **** {
  47              		.loc 1 77 0
  48              		.cfi_startproc
  49              		@ args = 0, pretend = 0, frame = 0
  50              		@ frame_needed = 0, uses_anonymous_args = 0
  51              		@ link register save eliminated.
  52 0000 7047     		bx	lr
  53              		.cfi_endproc
  54              	.LFE1:
  56              		.text
  57              	.Letext0:
ARM GAS  C:\Users\choee\AppData\Local\Temp\ccGRh1DT.s 			page 4


DEFINED SYMBOLS
                            *ABS*:00000000 hci_tl_interface.c
C:\Users\choee\AppData\Local\Temp\ccGRh1DT.s:18     .text.hci_tl_lowlevel_init:00000000 $t
C:\Users\choee\AppData\Local\Temp\ccGRh1DT.s:25     .text.hci_tl_lowlevel_init:00000000 hci_tl_lowlevel_init
C:\Users\choee\AppData\Local\Temp\ccGRh1DT.s:38     .text.hci_tl_lowlevel_isr:00000000 $t
C:\Users\choee\AppData\Local\Temp\ccGRh1DT.s:45     .text.hci_tl_lowlevel_isr:00000000 hci_tl_lowlevel_isr
                     .debug_frame:00000010 $d

NO UNDEFINED SYMBOLS
