ARM GAS  C:\Users\choee\AppData\Local\Temp\ccKBBowE.s 			page 1


   1              		.cpu cortex-m4
   2              		.eabi_attribute 27, 1
   3              		.eabi_attribute 28, 1
   4              		.eabi_attribute 20, 1
   5              		.eabi_attribute 21, 1
   6              		.eabi_attribute 23, 3
   7              		.eabi_attribute 24, 1
   8              		.eabi_attribute 25, 1
   9              		.eabi_attribute 26, 1
  10              		.eabi_attribute 30, 1
  11              		.eabi_attribute 34, 1
  12              		.eabi_attribute 18, 4
  13              		.file	"hci_tl.c"
  14              		.text
  15              	.Ltext0:
  16              		.cfi_sections	.debug_frame
  17              		.section	.text.hci_init,"ax",%progbits
  18              		.align	1
  19              		.global	hci_init
  20              		.syntax unified
  21              		.thumb
  22              		.thumb_func
  23              		.fpu fpv4-sp-d16
  25              	hci_init:
  26              	.LFB130:
  27              		.file 1 "Middlewares/ST/BlueNRG-MS/hci/hci_tl_patterns/Template/hci_tl.c"
   1:Middlewares/ST/BlueNRG-MS/hci/hci_tl_patterns/Template/hci_tl.c **** /**
   2:Middlewares/ST/BlueNRG-MS/hci/hci_tl_patterns/Template/hci_tl.c ****   ******************************************************************************
   3:Middlewares/ST/BlueNRG-MS/hci/hci_tl_patterns/Template/hci_tl.c ****   * @file    hci_tl_template.c 
   4:Middlewares/ST/BlueNRG-MS/hci/hci_tl_patterns/Template/hci_tl.c ****   * @author  AMG RF Application Team
   5:Middlewares/ST/BlueNRG-MS/hci/hci_tl_patterns/Template/hci_tl.c ****   * @brief   Function for managing framework required for handling HCI interface.
   6:Middlewares/ST/BlueNRG-MS/hci/hci_tl_patterns/Template/hci_tl.c ****   ******************************************************************************
   7:Middlewares/ST/BlueNRG-MS/hci/hci_tl_patterns/Template/hci_tl.c ****   *
   8:Middlewares/ST/BlueNRG-MS/hci/hci_tl_patterns/Template/hci_tl.c ****   *
   9:Middlewares/ST/BlueNRG-MS/hci/hci_tl_patterns/Template/hci_tl.c ****   * THE PRESENT FIRMWARE WHICH IS FOR GUIDANCE ONLY AIMS AT PROVIDING CUSTOMERS
  10:Middlewares/ST/BlueNRG-MS/hci/hci_tl_patterns/Template/hci_tl.c ****   * WITH CODING INFORMATION REGARDING THEIR PRODUCTS IN ORDER FOR THEM TO SAVE
  11:Middlewares/ST/BlueNRG-MS/hci/hci_tl_patterns/Template/hci_tl.c ****   * TIME. AS A RESULT, STMICROELECTRONICS SHALL NOT BE HELD LIABLE FOR ANY
  12:Middlewares/ST/BlueNRG-MS/hci/hci_tl_patterns/Template/hci_tl.c ****   * DIRECT, INDIRECT OR CONSEQUENTIAL DAMAGES WITH RESPECT TO ANY CLAIMS ARISING
  13:Middlewares/ST/BlueNRG-MS/hci/hci_tl_patterns/Template/hci_tl.c ****   * FROM THE CONTENT OF SUCH FIRMWARE AND/OR THE USE MADE BY CUSTOMERS OF THE
  14:Middlewares/ST/BlueNRG-MS/hci/hci_tl_patterns/Template/hci_tl.c ****   * CODING INFORMATION CONTAINED HEREIN IN CONNECTION WITH THEIR PRODUCTS.
  15:Middlewares/ST/BlueNRG-MS/hci/hci_tl_patterns/Template/hci_tl.c ****   *
  16:Middlewares/ST/BlueNRG-MS/hci/hci_tl_patterns/Template/hci_tl.c ****   * <h2><center>&copy; COPYRIGHT 2013 STMicroelectronics</center></h2>
  17:Middlewares/ST/BlueNRG-MS/hci/hci_tl_patterns/Template/hci_tl.c ****   */ 
  18:Middlewares/ST/BlueNRG-MS/hci/hci_tl_patterns/Template/hci_tl.c **** #include "hci_const.h"
  19:Middlewares/ST/BlueNRG-MS/hci/hci_tl_patterns/Template/hci_tl.c **** #include "hci.h"
  20:Middlewares/ST/BlueNRG-MS/hci/hci_tl_patterns/Template/hci_tl.c **** #include "hci_tl.h"
  21:Middlewares/ST/BlueNRG-MS/hci/hci_tl_patterns/Template/hci_tl.c **** 
  22:Middlewares/ST/BlueNRG-MS/hci/hci_tl_patterns/Template/hci_tl.c **** static tHciContext    hciContext;
  23:Middlewares/ST/BlueNRG-MS/hci/hci_tl_patterns/Template/hci_tl.c **** 
  24:Middlewares/ST/BlueNRG-MS/hci/hci_tl_patterns/Template/hci_tl.c **** void hci_init(void(* UserEvtRx)(void* pData), void* pConf)
  25:Middlewares/ST/BlueNRG-MS/hci/hci_tl_patterns/Template/hci_tl.c **** {
  28              		.loc 1 25 0
  29              		.cfi_startproc
  30              		@ args = 0, pretend = 0, frame = 0
  31              		@ frame_needed = 0, uses_anonymous_args = 0
  32              	.LVL0:
  33 0000 08B5     		push	{r3, lr}
ARM GAS  C:\Users\choee\AppData\Local\Temp\ccKBBowE.s 			page 2


  34              	.LCFI0:
  35              		.cfi_def_cfa_offset 8
  36              		.cfi_offset 3, -8
  37              		.cfi_offset 14, -4
  26:Middlewares/ST/BlueNRG-MS/hci/hci_tl_patterns/Template/hci_tl.c ****   /* USER CODE BEGIN hci_init 1 */
  27:Middlewares/ST/BlueNRG-MS/hci/hci_tl_patterns/Template/hci_tl.c ****   
  28:Middlewares/ST/BlueNRG-MS/hci/hci_tl_patterns/Template/hci_tl.c ****   /* USER CODE END hci_init 1 */
  29:Middlewares/ST/BlueNRG-MS/hci/hci_tl_patterns/Template/hci_tl.c ****   
  30:Middlewares/ST/BlueNRG-MS/hci/hci_tl_patterns/Template/hci_tl.c ****   if(UserEvtRx != NULL)
  38              		.loc 1 30 0
  39 0002 08B1     		cbz	r0, .L2
  31:Middlewares/ST/BlueNRG-MS/hci/hci_tl_patterns/Template/hci_tl.c ****   {
  32:Middlewares/ST/BlueNRG-MS/hci/hci_tl_patterns/Template/hci_tl.c ****     hciContext.UserEvtRx = UserEvtRx;
  40              		.loc 1 32 0
  41 0004 064A     		ldr	r2, .L6
  42 0006 D061     		str	r0, [r2, #28]
  43              	.L2:
  33:Middlewares/ST/BlueNRG-MS/hci/hci_tl_patterns/Template/hci_tl.c ****   }
  34:Middlewares/ST/BlueNRG-MS/hci/hci_tl_patterns/Template/hci_tl.c ****   
  35:Middlewares/ST/BlueNRG-MS/hci/hci_tl_patterns/Template/hci_tl.c ****   /* Initialize TL BLE layer */
  36:Middlewares/ST/BlueNRG-MS/hci/hci_tl_patterns/Template/hci_tl.c ****   hci_tl_lowlevel_init();
  44              		.loc 1 36 0
  45 0008 FFF7FEFF 		bl	hci_tl_lowlevel_init
  46              	.LVL1:
  37:Middlewares/ST/BlueNRG-MS/hci/hci_tl_patterns/Template/hci_tl.c ****   
  38:Middlewares/ST/BlueNRG-MS/hci/hci_tl_patterns/Template/hci_tl.c ****   /* USER CODE BEGIN hci_init 2 */
  39:Middlewares/ST/BlueNRG-MS/hci/hci_tl_patterns/Template/hci_tl.c ****   
  40:Middlewares/ST/BlueNRG-MS/hci/hci_tl_patterns/Template/hci_tl.c ****   /* USER CODE END hci_init 2 */
  41:Middlewares/ST/BlueNRG-MS/hci/hci_tl_patterns/Template/hci_tl.c ****   
  42:Middlewares/ST/BlueNRG-MS/hci/hci_tl_patterns/Template/hci_tl.c ****   /* Initialize low level driver */
  43:Middlewares/ST/BlueNRG-MS/hci/hci_tl_patterns/Template/hci_tl.c ****   if (hciContext.io.Init)  hciContext.io.Init(NULL);
  47              		.loc 1 43 0
  48 000c 044B     		ldr	r3, .L6
  49 000e 1B68     		ldr	r3, [r3]
  50 0010 0BB1     		cbz	r3, .L3
  51              		.loc 1 43 0 is_stmt 0 discriminator 1
  52 0012 0020     		movs	r0, #0
  53 0014 9847     		blx	r3
  54              	.LVL2:
  55              	.L3:
  44:Middlewares/ST/BlueNRG-MS/hci/hci_tl_patterns/Template/hci_tl.c ****   if (hciContext.io.Reset) hciContext.io.Reset();
  56              		.loc 1 44 0 is_stmt 1
  57 0016 024B     		ldr	r3, .L6
  58 0018 9B68     		ldr	r3, [r3, #8]
  59 001a 03B1     		cbz	r3, .L1
  60              		.loc 1 44 0 is_stmt 0 discriminator 1
  61 001c 9847     		blx	r3
  62              	.LVL3:
  63              	.L1:
  64 001e 08BD     		pop	{r3, pc}
  65              	.L7:
  66              		.align	2
  67              	.L6:
  68 0020 00000000 		.word	.LANCHOR0
  69              		.cfi_endproc
  70              	.LFE130:
  72              		.section	.text.hci_register_io_bus,"ax",%progbits
ARM GAS  C:\Users\choee\AppData\Local\Temp\ccKBBowE.s 			page 3


  73              		.align	1
  74              		.global	hci_register_io_bus
  75              		.syntax unified
  76              		.thumb
  77              		.thumb_func
  78              		.fpu fpv4-sp-d16
  80              	hci_register_io_bus:
  81              	.LFB131:
  45:Middlewares/ST/BlueNRG-MS/hci/hci_tl_patterns/Template/hci_tl.c **** }
  46:Middlewares/ST/BlueNRG-MS/hci/hci_tl_patterns/Template/hci_tl.c ****  
  47:Middlewares/ST/BlueNRG-MS/hci/hci_tl_patterns/Template/hci_tl.c **** void hci_register_io_bus(tHciIO* fops)
  48:Middlewares/ST/BlueNRG-MS/hci/hci_tl_patterns/Template/hci_tl.c **** {
  82              		.loc 1 48 0 is_stmt 1
  83              		.cfi_startproc
  84              		@ args = 0, pretend = 0, frame = 0
  85              		@ frame_needed = 0, uses_anonymous_args = 0
  86              		@ link register save eliminated.
  87              	.LVL4:
  49:Middlewares/ST/BlueNRG-MS/hci/hci_tl_patterns/Template/hci_tl.c ****   /* Register bus function */
  50:Middlewares/ST/BlueNRG-MS/hci/hci_tl_patterns/Template/hci_tl.c ****   hciContext.io.Init    = fops->Init; 
  88              		.loc 1 50 0
  89 0000 0268     		ldr	r2, [r0]
  90 0002 054B     		ldr	r3, .L9
  91 0004 1A60     		str	r2, [r3]
  51:Middlewares/ST/BlueNRG-MS/hci/hci_tl_patterns/Template/hci_tl.c ****   hciContext.io.Receive = fops->Receive;  
  92              		.loc 1 51 0
  93 0006 C268     		ldr	r2, [r0, #12]
  94 0008 DA60     		str	r2, [r3, #12]
  52:Middlewares/ST/BlueNRG-MS/hci/hci_tl_patterns/Template/hci_tl.c ****   hciContext.io.Send    = fops->Send;
  95              		.loc 1 52 0
  96 000a 0269     		ldr	r2, [r0, #16]
  97 000c 1A61     		str	r2, [r3, #16]
  53:Middlewares/ST/BlueNRG-MS/hci/hci_tl_patterns/Template/hci_tl.c ****   hciContext.io.GetTick = fops->GetTick;
  98              		.loc 1 53 0
  99 000e 8269     		ldr	r2, [r0, #24]
 100 0010 9A61     		str	r2, [r3, #24]
  54:Middlewares/ST/BlueNRG-MS/hci/hci_tl_patterns/Template/hci_tl.c ****   hciContext.io.Reset   = fops->Reset;    
 101              		.loc 1 54 0
 102 0012 8268     		ldr	r2, [r0, #8]
 103 0014 9A60     		str	r2, [r3, #8]
 104 0016 7047     		bx	lr
 105              	.L10:
 106              		.align	2
 107              	.L9:
 108 0018 00000000 		.word	.LANCHOR0
 109              		.cfi_endproc
 110              	.LFE131:
 112              		.section	.text.hci_send_req,"ax",%progbits
 113              		.align	1
 114              		.global	hci_send_req
 115              		.syntax unified
 116              		.thumb
 117              		.thumb_func
 118              		.fpu fpv4-sp-d16
 120              	hci_send_req:
 121              	.LFB132:
  55:Middlewares/ST/BlueNRG-MS/hci/hci_tl_patterns/Template/hci_tl.c **** }
ARM GAS  C:\Users\choee\AppData\Local\Temp\ccKBBowE.s 			page 4


  56:Middlewares/ST/BlueNRG-MS/hci/hci_tl_patterns/Template/hci_tl.c **** 
  57:Middlewares/ST/BlueNRG-MS/hci/hci_tl_patterns/Template/hci_tl.c **** int hci_send_req(struct hci_request* r, BOOL async)
  58:Middlewares/ST/BlueNRG-MS/hci/hci_tl_patterns/Template/hci_tl.c **** {
 122              		.loc 1 58 0
 123              		.cfi_startproc
 124              		@ args = 0, pretend = 0, frame = 0
 125              		@ frame_needed = 0, uses_anonymous_args = 0
 126              		@ link register save eliminated.
 127              	.LVL5:
  59:Middlewares/ST/BlueNRG-MS/hci/hci_tl_patterns/Template/hci_tl.c ****   /* USER CODE BEGIN hci_send_req */
  60:Middlewares/ST/BlueNRG-MS/hci/hci_tl_patterns/Template/hci_tl.c ****   
  61:Middlewares/ST/BlueNRG-MS/hci/hci_tl_patterns/Template/hci_tl.c ****   /* USER CODE END hci_send_req */
  62:Middlewares/ST/BlueNRG-MS/hci/hci_tl_patterns/Template/hci_tl.c ****   
  63:Middlewares/ST/BlueNRG-MS/hci/hci_tl_patterns/Template/hci_tl.c ****   return 0;
  64:Middlewares/ST/BlueNRG-MS/hci/hci_tl_patterns/Template/hci_tl.c **** }
 128              		.loc 1 64 0
 129 0000 0020     		movs	r0, #0
 130              	.LVL6:
 131 0002 7047     		bx	lr
 132              		.cfi_endproc
 133              	.LFE132:
 135              		.section	.text.hci_user_evt_proc,"ax",%progbits
 136              		.align	1
 137              		.global	hci_user_evt_proc
 138              		.syntax unified
 139              		.thumb
 140              		.thumb_func
 141              		.fpu fpv4-sp-d16
 143              	hci_user_evt_proc:
 144              	.LFB133:
  65:Middlewares/ST/BlueNRG-MS/hci/hci_tl_patterns/Template/hci_tl.c ****  
  66:Middlewares/ST/BlueNRG-MS/hci/hci_tl_patterns/Template/hci_tl.c **** void hci_user_evt_proc(void)
  67:Middlewares/ST/BlueNRG-MS/hci/hci_tl_patterns/Template/hci_tl.c **** {
 145              		.loc 1 67 0
 146              		.cfi_startproc
 147              		@ args = 0, pretend = 0, frame = 0
 148              		@ frame_needed = 0, uses_anonymous_args = 0
 149              		@ link register save eliminated.
 150 0000 7047     		bx	lr
 151              		.cfi_endproc
 152              	.LFE133:
 154              		.section	.text.hci_notify_asynch_evt,"ax",%progbits
 155              		.align	1
 156              		.global	hci_notify_asynch_evt
 157              		.syntax unified
 158              		.thumb
 159              		.thumb_func
 160              		.fpu fpv4-sp-d16
 162              	hci_notify_asynch_evt:
 163              	.LFB134:
  68:Middlewares/ST/BlueNRG-MS/hci/hci_tl_patterns/Template/hci_tl.c ****   /* USER CODE BEGIN hci_user_evt_proc */
  69:Middlewares/ST/BlueNRG-MS/hci/hci_tl_patterns/Template/hci_tl.c ****   
  70:Middlewares/ST/BlueNRG-MS/hci/hci_tl_patterns/Template/hci_tl.c ****   /* USER CODE END hci_user_evt_proc */
  71:Middlewares/ST/BlueNRG-MS/hci/hci_tl_patterns/Template/hci_tl.c **** }
  72:Middlewares/ST/BlueNRG-MS/hci/hci_tl_patterns/Template/hci_tl.c **** 
  73:Middlewares/ST/BlueNRG-MS/hci/hci_tl_patterns/Template/hci_tl.c **** int32_t hci_notify_asynch_evt(void* pdata)
  74:Middlewares/ST/BlueNRG-MS/hci/hci_tl_patterns/Template/hci_tl.c **** {
ARM GAS  C:\Users\choee\AppData\Local\Temp\ccKBBowE.s 			page 5


 164              		.loc 1 74 0
 165              		.cfi_startproc
 166              		@ args = 0, pretend = 0, frame = 0
 167              		@ frame_needed = 0, uses_anonymous_args = 0
 168              		@ link register save eliminated.
 169              	.LVL7:
  75:Middlewares/ST/BlueNRG-MS/hci/hci_tl_patterns/Template/hci_tl.c ****   /* USER CODE BEGIN hci_notify_asynch_evt */
  76:Middlewares/ST/BlueNRG-MS/hci/hci_tl_patterns/Template/hci_tl.c ****   
  77:Middlewares/ST/BlueNRG-MS/hci/hci_tl_patterns/Template/hci_tl.c ****   /* USER CODE END hci_notify_asynch_evt */
  78:Middlewares/ST/BlueNRG-MS/hci/hci_tl_patterns/Template/hci_tl.c ****   
  79:Middlewares/ST/BlueNRG-MS/hci/hci_tl_patterns/Template/hci_tl.c ****   return 0;
  80:Middlewares/ST/BlueNRG-MS/hci/hci_tl_patterns/Template/hci_tl.c **** }
 170              		.loc 1 80 0
 171 0000 0020     		movs	r0, #0
 172              	.LVL8:
 173 0002 7047     		bx	lr
 174              		.cfi_endproc
 175              	.LFE134:
 177              		.section	.text.hci_resume_flow,"ax",%progbits
 178              		.align	1
 179              		.global	hci_resume_flow
 180              		.syntax unified
 181              		.thumb
 182              		.thumb_func
 183              		.fpu fpv4-sp-d16
 185              	hci_resume_flow:
 186              	.LFB135:
  81:Middlewares/ST/BlueNRG-MS/hci/hci_tl_patterns/Template/hci_tl.c **** 
  82:Middlewares/ST/BlueNRG-MS/hci/hci_tl_patterns/Template/hci_tl.c **** void hci_resume_flow(void)
  83:Middlewares/ST/BlueNRG-MS/hci/hci_tl_patterns/Template/hci_tl.c **** {
 187              		.loc 1 83 0
 188              		.cfi_startproc
 189              		@ args = 0, pretend = 0, frame = 0
 190              		@ frame_needed = 0, uses_anonymous_args = 0
 191              		@ link register save eliminated.
 192 0000 7047     		bx	lr
 193              		.cfi_endproc
 194              	.LFE135:
 196              		.section	.text.hci_cmd_resp_wait,"ax",%progbits
 197              		.align	1
 198              		.global	hci_cmd_resp_wait
 199              		.syntax unified
 200              		.thumb
 201              		.thumb_func
 202              		.fpu fpv4-sp-d16
 204              	hci_cmd_resp_wait:
 205              	.LFB136:
  84:Middlewares/ST/BlueNRG-MS/hci/hci_tl_patterns/Template/hci_tl.c ****   /* USER CODE BEGIN hci_resume_flow */
  85:Middlewares/ST/BlueNRG-MS/hci/hci_tl_patterns/Template/hci_tl.c ****   
  86:Middlewares/ST/BlueNRG-MS/hci/hci_tl_patterns/Template/hci_tl.c ****   /* USER CODE END hci_resume_flow */
  87:Middlewares/ST/BlueNRG-MS/hci/hci_tl_patterns/Template/hci_tl.c **** }
  88:Middlewares/ST/BlueNRG-MS/hci/hci_tl_patterns/Template/hci_tl.c **** 
  89:Middlewares/ST/BlueNRG-MS/hci/hci_tl_patterns/Template/hci_tl.c **** void hci_cmd_resp_wait(uint32_t timeout)
  90:Middlewares/ST/BlueNRG-MS/hci/hci_tl_patterns/Template/hci_tl.c **** {
 206              		.loc 1 90 0
 207              		.cfi_startproc
 208              		@ args = 0, pretend = 0, frame = 0
ARM GAS  C:\Users\choee\AppData\Local\Temp\ccKBBowE.s 			page 6


 209              		@ frame_needed = 0, uses_anonymous_args = 0
 210              		@ link register save eliminated.
 211              	.LVL9:
 212 0000 7047     		bx	lr
 213              		.cfi_endproc
 214              	.LFE136:
 216              		.section	.text.hci_cmd_resp_release,"ax",%progbits
 217              		.align	1
 218              		.global	hci_cmd_resp_release
 219              		.syntax unified
 220              		.thumb
 221              		.thumb_func
 222              		.fpu fpv4-sp-d16
 224              	hci_cmd_resp_release:
 225              	.LFB137:
  91:Middlewares/ST/BlueNRG-MS/hci/hci_tl_patterns/Template/hci_tl.c ****   /* USER CODE BEGIN hci_cmd_resp_wait */
  92:Middlewares/ST/BlueNRG-MS/hci/hci_tl_patterns/Template/hci_tl.c ****   
  93:Middlewares/ST/BlueNRG-MS/hci/hci_tl_patterns/Template/hci_tl.c ****   /* USER CODE END hci_cmd_resp_wait */
  94:Middlewares/ST/BlueNRG-MS/hci/hci_tl_patterns/Template/hci_tl.c **** }
  95:Middlewares/ST/BlueNRG-MS/hci/hci_tl_patterns/Template/hci_tl.c **** 
  96:Middlewares/ST/BlueNRG-MS/hci/hci_tl_patterns/Template/hci_tl.c **** void hci_cmd_resp_release(uint32_t flag)
  97:Middlewares/ST/BlueNRG-MS/hci/hci_tl_patterns/Template/hci_tl.c **** {
 226              		.loc 1 97 0
 227              		.cfi_startproc
 228              		@ args = 0, pretend = 0, frame = 0
 229              		@ frame_needed = 0, uses_anonymous_args = 0
 230              		@ link register save eliminated.
 231              	.LVL10:
 232 0000 7047     		bx	lr
 233              		.cfi_endproc
 234              	.LFE137:
 236              		.section	.bss.hciContext,"aw",%nobits
 237              		.align	2
 238              		.set	.LANCHOR0,. + 0
 241              	hciContext:
 242 0000 00000000 		.space	32
 242      00000000 
 242      00000000 
 242      00000000 
 242      00000000 
 243              		.text
 244              	.Letext0:
 245              		.file 2 "c:\\program files (x86)\\gnu tools arm embedded\\6 2017-q2-update\\arm-none-eabi\\include
 246              		.file 3 "c:\\program files (x86)\\gnu tools arm embedded\\6 2017-q2-update\\arm-none-eabi\\include
 247              		.file 4 "Middlewares/ST/BlueNRG-MS/includes/bluenrg_types.h"
 248              		.file 5 "Drivers/CMSIS/Include/core_cm4.h"
 249              		.file 6 "Drivers/CMSIS/Device/ST/STM32L4xx/Include/system_stm32l4xx.h"
 250              		.file 7 "Drivers/STM32L4xx_HAL_Driver/Inc/stm32l4xx_hal_def.h"
 251              		.file 8 "Drivers/STM32L4xx_HAL_Driver/Inc/stm32l4xx_hal_flash.h"
 252              		.file 9 "Drivers/STM32L4xx_HAL_Driver/Inc/stm32l4xx_hal.h"
 253              		.file 10 "c:\\program files (x86)\\gnu tools arm embedded\\6 2017-q2-update\\arm-none-eabi\\includ
 254              		.file 11 "c:\\program files (x86)\\gnu tools arm embedded\\6 2017-q2-update\\arm-none-eabi\\includ
 255              		.file 12 "c:\\program files (x86)\\gnu tools arm embedded\\6 2017-q2-update\\lib\\gcc\\arm-none-ea
 256              		.file 13 "c:\\program files (x86)\\gnu tools arm embedded\\6 2017-q2-update\\arm-none-eabi\\includ
 257              		.file 14 "Middlewares/ST/BlueNRG-MS/hci/hci_tl_patterns/Template/hci_tl.h"
 258              		.file 15 "Middlewares/ST/BlueNRG-MS/hci/hci_tl_patterns/Template/hci_tl_interface.h"
ARM GAS  C:\Users\choee\AppData\Local\Temp\ccKBBowE.s 			page 7


DEFINED SYMBOLS
                            *ABS*:00000000 hci_tl.c
C:\Users\choee\AppData\Local\Temp\ccKBBowE.s:18     .text.hci_init:00000000 $t
C:\Users\choee\AppData\Local\Temp\ccKBBowE.s:25     .text.hci_init:00000000 hci_init
C:\Users\choee\AppData\Local\Temp\ccKBBowE.s:68     .text.hci_init:00000020 $d
C:\Users\choee\AppData\Local\Temp\ccKBBowE.s:73     .text.hci_register_io_bus:00000000 $t
C:\Users\choee\AppData\Local\Temp\ccKBBowE.s:80     .text.hci_register_io_bus:00000000 hci_register_io_bus
C:\Users\choee\AppData\Local\Temp\ccKBBowE.s:108    .text.hci_register_io_bus:00000018 $d
C:\Users\choee\AppData\Local\Temp\ccKBBowE.s:113    .text.hci_send_req:00000000 $t
C:\Users\choee\AppData\Local\Temp\ccKBBowE.s:120    .text.hci_send_req:00000000 hci_send_req
C:\Users\choee\AppData\Local\Temp\ccKBBowE.s:136    .text.hci_user_evt_proc:00000000 $t
C:\Users\choee\AppData\Local\Temp\ccKBBowE.s:143    .text.hci_user_evt_proc:00000000 hci_user_evt_proc
C:\Users\choee\AppData\Local\Temp\ccKBBowE.s:155    .text.hci_notify_asynch_evt:00000000 $t
C:\Users\choee\AppData\Local\Temp\ccKBBowE.s:162    .text.hci_notify_asynch_evt:00000000 hci_notify_asynch_evt
C:\Users\choee\AppData\Local\Temp\ccKBBowE.s:178    .text.hci_resume_flow:00000000 $t
C:\Users\choee\AppData\Local\Temp\ccKBBowE.s:185    .text.hci_resume_flow:00000000 hci_resume_flow
C:\Users\choee\AppData\Local\Temp\ccKBBowE.s:197    .text.hci_cmd_resp_wait:00000000 $t
C:\Users\choee\AppData\Local\Temp\ccKBBowE.s:204    .text.hci_cmd_resp_wait:00000000 hci_cmd_resp_wait
C:\Users\choee\AppData\Local\Temp\ccKBBowE.s:217    .text.hci_cmd_resp_release:00000000 $t
C:\Users\choee\AppData\Local\Temp\ccKBBowE.s:224    .text.hci_cmd_resp_release:00000000 hci_cmd_resp_release
C:\Users\choee\AppData\Local\Temp\ccKBBowE.s:237    .bss.hciContext:00000000 $d
C:\Users\choee\AppData\Local\Temp\ccKBBowE.s:241    .bss.hciContext:00000000 hciContext
                     .debug_frame:00000010 $d

UNDEFINED SYMBOLS
hci_tl_lowlevel_init
