ARM GAS  C:\Users\choee\AppData\Local\Temp\cclpJ2GX.s 			page 1


   1              		.cpu cortex-m4
   2              		.eabi_attribute 27, 1
   3              		.eabi_attribute 28, 1
   4              		.eabi_attribute 20, 1
   5              		.eabi_attribute 21, 1
   6              		.eabi_attribute 23, 3
   7              		.eabi_attribute 24, 1
   8              		.eabi_attribute 25, 1
   9              		.eabi_attribute 26, 1
  10              		.eabi_attribute 30, 1
  11              		.eabi_attribute 34, 1
  12              		.eabi_attribute 18, 4
  13              		.file	"i2c.c"
  14              		.text
  15              	.Ltext0:
  16              		.cfi_sections	.debug_frame
  17              		.section	.text.MX_I2C2_Init,"ax",%progbits
  18              		.align	1
  19              		.global	MX_I2C2_Init
  20              		.syntax unified
  21              		.thumb
  22              		.thumb_func
  23              		.fpu fpv4-sp-d16
  25              	MX_I2C2_Init:
  26              	.LFB130:
  27              		.file 1 "Src/i2c.c"
   1:Src/i2c.c     **** /**
   2:Src/i2c.c     ****   ******************************************************************************
   3:Src/i2c.c     ****   * File Name          : I2C.c
   4:Src/i2c.c     ****   * Description        : This file provides code for the configuration
   5:Src/i2c.c     ****   *                      of the I2C instances.
   6:Src/i2c.c     ****   ******************************************************************************
   7:Src/i2c.c     ****   * @attention
   8:Src/i2c.c     ****   *
   9:Src/i2c.c     ****   * <h2><center>&copy; Copyright (c) 2020 STMicroelectronics.
  10:Src/i2c.c     ****   * All rights reserved.</center></h2>
  11:Src/i2c.c     ****   *
  12:Src/i2c.c     ****   * This software component is licensed by ST under Ultimate Liberty license
  13:Src/i2c.c     ****   * SLA0044, the "License"; You may not use this file except in compliance with
  14:Src/i2c.c     ****   * the License. You may obtain a copy of the License at:
  15:Src/i2c.c     ****   *                             www.st.com/SLA0044
  16:Src/i2c.c     ****   *
  17:Src/i2c.c     ****   ******************************************************************************
  18:Src/i2c.c     ****   */
  19:Src/i2c.c     **** 
  20:Src/i2c.c     **** /* Includes ------------------------------------------------------------------*/
  21:Src/i2c.c     **** #include "i2c.h"
  22:Src/i2c.c     **** 
  23:Src/i2c.c     **** /* USER CODE BEGIN 0 */
  24:Src/i2c.c     **** 
  25:Src/i2c.c     **** /* USER CODE END 0 */
  26:Src/i2c.c     **** 
  27:Src/i2c.c     **** I2C_HandleTypeDef hi2c2;
  28:Src/i2c.c     **** 
  29:Src/i2c.c     **** /* I2C2 init function */
  30:Src/i2c.c     **** void MX_I2C2_Init(void)
  31:Src/i2c.c     **** {
ARM GAS  C:\Users\choee\AppData\Local\Temp\cclpJ2GX.s 			page 2


  28              		.loc 1 31 0
  29              		.cfi_startproc
  30              		@ args = 0, pretend = 0, frame = 0
  31              		@ frame_needed = 0, uses_anonymous_args = 0
  32 0000 08B5     		push	{r3, lr}
  33              	.LCFI0:
  34              		.cfi_def_cfa_offset 8
  35              		.cfi_offset 3, -8
  36              		.cfi_offset 14, -4
  32:Src/i2c.c     **** 
  33:Src/i2c.c     ****   hi2c2.Instance = I2C2;
  37              		.loc 1 33 0
  38 0002 1248     		ldr	r0, .L9
  39 0004 124B     		ldr	r3, .L9+4
  40 0006 0360     		str	r3, [r0]
  34:Src/i2c.c     ****   hi2c2.Init.Timing = 0x10909CEC;
  41              		.loc 1 34 0
  42 0008 124B     		ldr	r3, .L9+8
  43 000a 4360     		str	r3, [r0, #4]
  35:Src/i2c.c     ****   hi2c2.Init.OwnAddress1 = 0;
  44              		.loc 1 35 0
  45 000c 0023     		movs	r3, #0
  46 000e 8360     		str	r3, [r0, #8]
  36:Src/i2c.c     ****   hi2c2.Init.AddressingMode = I2C_ADDRESSINGMODE_7BIT;
  47              		.loc 1 36 0
  48 0010 0122     		movs	r2, #1
  49 0012 C260     		str	r2, [r0, #12]
  37:Src/i2c.c     ****   hi2c2.Init.DualAddressMode = I2C_DUALADDRESS_DISABLE;
  50              		.loc 1 37 0
  51 0014 0361     		str	r3, [r0, #16]
  38:Src/i2c.c     ****   hi2c2.Init.OwnAddress2 = 0;
  52              		.loc 1 38 0
  53 0016 4361     		str	r3, [r0, #20]
  39:Src/i2c.c     ****   hi2c2.Init.OwnAddress2Masks = I2C_OA2_NOMASK;
  54              		.loc 1 39 0
  55 0018 8361     		str	r3, [r0, #24]
  40:Src/i2c.c     ****   hi2c2.Init.GeneralCallMode = I2C_GENERALCALL_DISABLE;
  56              		.loc 1 40 0
  57 001a C361     		str	r3, [r0, #28]
  41:Src/i2c.c     ****   hi2c2.Init.NoStretchMode = I2C_NOSTRETCH_DISABLE;
  58              		.loc 1 41 0
  59 001c 0362     		str	r3, [r0, #32]
  42:Src/i2c.c     ****   if (HAL_I2C_Init(&hi2c2) != HAL_OK)
  60              		.loc 1 42 0
  61 001e FFF7FEFF 		bl	HAL_I2C_Init
  62              	.LVL0:
  63 0022 50B9     		cbnz	r0, .L6
  64              	.L2:
  43:Src/i2c.c     ****   {
  44:Src/i2c.c     ****     Error_Handler();
  45:Src/i2c.c     ****   }
  46:Src/i2c.c     ****   /** Configure Analogue filter 
  47:Src/i2c.c     ****   */
  48:Src/i2c.c     ****   if (HAL_I2CEx_ConfigAnalogFilter(&hi2c2, I2C_ANALOGFILTER_ENABLE) != HAL_OK)
  65              		.loc 1 48 0
  66 0024 0021     		movs	r1, #0
  67 0026 0948     		ldr	r0, .L9
ARM GAS  C:\Users\choee\AppData\Local\Temp\cclpJ2GX.s 			page 3


  68 0028 FFF7FEFF 		bl	HAL_I2CEx_ConfigAnalogFilter
  69              	.LVL1:
  70 002c 40B9     		cbnz	r0, .L7
  71              	.L3:
  49:Src/i2c.c     ****   {
  50:Src/i2c.c     ****     Error_Handler();
  51:Src/i2c.c     ****   }
  52:Src/i2c.c     ****   /** Configure Digital filter 
  53:Src/i2c.c     ****   */
  54:Src/i2c.c     ****   if (HAL_I2CEx_ConfigDigitalFilter(&hi2c2, 0) != HAL_OK)
  72              		.loc 1 54 0
  73 002e 0021     		movs	r1, #0
  74 0030 0648     		ldr	r0, .L9
  75 0032 FFF7FEFF 		bl	HAL_I2CEx_ConfigDigitalFilter
  76              	.LVL2:
  77 0036 30B9     		cbnz	r0, .L8
  78              	.L1:
  79 0038 08BD     		pop	{r3, pc}
  80              	.L6:
  44:Src/i2c.c     ****   }
  81              		.loc 1 44 0
  82 003a FFF7FEFF 		bl	Error_Handler
  83              	.LVL3:
  84 003e F1E7     		b	.L2
  85              	.L7:
  50:Src/i2c.c     ****   }
  86              		.loc 1 50 0
  87 0040 FFF7FEFF 		bl	Error_Handler
  88              	.LVL4:
  89 0044 F3E7     		b	.L3
  90              	.L8:
  55:Src/i2c.c     ****   {
  56:Src/i2c.c     ****     Error_Handler();
  91              		.loc 1 56 0
  92 0046 FFF7FEFF 		bl	Error_Handler
  93              	.LVL5:
  57:Src/i2c.c     ****   }
  58:Src/i2c.c     **** 
  59:Src/i2c.c     **** }
  94              		.loc 1 59 0
  95 004a F5E7     		b	.L1
  96              	.L10:
  97              		.align	2
  98              	.L9:
  99 004c 00000000 		.word	hi2c2
 100 0050 00580040 		.word	1073764352
 101 0054 EC9C9010 		.word	277912812
 102              		.cfi_endproc
 103              	.LFE130:
 105              		.section	.text.HAL_I2C_MspInit,"ax",%progbits
 106              		.align	1
 107              		.global	HAL_I2C_MspInit
 108              		.syntax unified
 109              		.thumb
 110              		.thumb_func
 111              		.fpu fpv4-sp-d16
 113              	HAL_I2C_MspInit:
ARM GAS  C:\Users\choee\AppData\Local\Temp\cclpJ2GX.s 			page 4


 114              	.LFB131:
  60:Src/i2c.c     **** 
  61:Src/i2c.c     **** void HAL_I2C_MspInit(I2C_HandleTypeDef* i2cHandle)
  62:Src/i2c.c     **** {
 115              		.loc 1 62 0
 116              		.cfi_startproc
 117              		@ args = 0, pretend = 0, frame = 32
 118              		@ frame_needed = 0, uses_anonymous_args = 0
 119              	.LVL6:
 120 0000 10B5     		push	{r4, lr}
 121              	.LCFI1:
 122              		.cfi_def_cfa_offset 8
 123              		.cfi_offset 4, -8
 124              		.cfi_offset 14, -4
 125 0002 88B0     		sub	sp, sp, #32
 126              	.LCFI2:
 127              		.cfi_def_cfa_offset 40
  63:Src/i2c.c     **** 
  64:Src/i2c.c     ****   GPIO_InitTypeDef GPIO_InitStruct = {0};
 128              		.loc 1 64 0
 129 0004 0023     		movs	r3, #0
 130 0006 0393     		str	r3, [sp, #12]
 131 0008 0493     		str	r3, [sp, #16]
 132 000a 0593     		str	r3, [sp, #20]
 133 000c 0693     		str	r3, [sp, #24]
 134 000e 0793     		str	r3, [sp, #28]
  65:Src/i2c.c     ****   if(i2cHandle->Instance==I2C2)
 135              		.loc 1 65 0
 136 0010 0268     		ldr	r2, [r0]
 137 0012 144B     		ldr	r3, .L15
 138 0014 9A42     		cmp	r2, r3
 139 0016 01D0     		beq	.L14
 140              	.LVL7:
 141              	.L11:
  66:Src/i2c.c     ****   {
  67:Src/i2c.c     ****   /* USER CODE BEGIN I2C2_MspInit 0 */
  68:Src/i2c.c     **** 
  69:Src/i2c.c     ****   /* USER CODE END I2C2_MspInit 0 */
  70:Src/i2c.c     ****   
  71:Src/i2c.c     ****     __HAL_RCC_GPIOB_CLK_ENABLE();
  72:Src/i2c.c     ****     /**I2C2 GPIO Configuration    
  73:Src/i2c.c     ****     PB10     ------> I2C2_SCL
  74:Src/i2c.c     ****     PB11     ------> I2C2_SDA 
  75:Src/i2c.c     ****     */
  76:Src/i2c.c     ****     GPIO_InitStruct.Pin = INTERNAL_I2C2_SCL_Pin|INTERNAL_I2C2_SDA_Pin;
  77:Src/i2c.c     ****     GPIO_InitStruct.Mode = GPIO_MODE_AF_OD;
  78:Src/i2c.c     ****     GPIO_InitStruct.Pull = GPIO_PULLUP;
  79:Src/i2c.c     ****     GPIO_InitStruct.Speed = GPIO_SPEED_FREQ_VERY_HIGH;
  80:Src/i2c.c     ****     GPIO_InitStruct.Alternate = GPIO_AF4_I2C2;
  81:Src/i2c.c     ****     HAL_GPIO_Init(GPIOB, &GPIO_InitStruct);
  82:Src/i2c.c     **** 
  83:Src/i2c.c     ****     /* I2C2 clock enable */
  84:Src/i2c.c     ****     __HAL_RCC_I2C2_CLK_ENABLE();
  85:Src/i2c.c     ****   /* USER CODE BEGIN I2C2_MspInit 1 */
  86:Src/i2c.c     **** 
  87:Src/i2c.c     ****   /* USER CODE END I2C2_MspInit 1 */
  88:Src/i2c.c     ****   }
ARM GAS  C:\Users\choee\AppData\Local\Temp\cclpJ2GX.s 			page 5


  89:Src/i2c.c     **** }
 142              		.loc 1 89 0
 143 0018 08B0     		add	sp, sp, #32
 144              	.LCFI3:
 145              		.cfi_remember_state
 146              		.cfi_def_cfa_offset 8
 147              		@ sp needed
 148 001a 10BD     		pop	{r4, pc}
 149              	.LVL8:
 150              	.L14:
 151              	.LCFI4:
 152              		.cfi_restore_state
 153              	.LBB2:
  71:Src/i2c.c     ****     /**I2C2 GPIO Configuration    
 154              		.loc 1 71 0
 155 001c 124C     		ldr	r4, .L15+4
 156 001e E36C     		ldr	r3, [r4, #76]
 157 0020 43F00203 		orr	r3, r3, #2
 158 0024 E364     		str	r3, [r4, #76]
 159 0026 E36C     		ldr	r3, [r4, #76]
 160 0028 03F00203 		and	r3, r3, #2
 161 002c 0193     		str	r3, [sp, #4]
 162 002e 019B     		ldr	r3, [sp, #4]
 163              	.LBE2:
  76:Src/i2c.c     ****     GPIO_InitStruct.Mode = GPIO_MODE_AF_OD;
 164              		.loc 1 76 0
 165 0030 4FF44063 		mov	r3, #3072
 166 0034 0393     		str	r3, [sp, #12]
  77:Src/i2c.c     ****     GPIO_InitStruct.Pull = GPIO_PULLUP;
 167              		.loc 1 77 0
 168 0036 1223     		movs	r3, #18
 169 0038 0493     		str	r3, [sp, #16]
  78:Src/i2c.c     ****     GPIO_InitStruct.Speed = GPIO_SPEED_FREQ_VERY_HIGH;
 170              		.loc 1 78 0
 171 003a 0123     		movs	r3, #1
 172 003c 0593     		str	r3, [sp, #20]
  79:Src/i2c.c     ****     GPIO_InitStruct.Alternate = GPIO_AF4_I2C2;
 173              		.loc 1 79 0
 174 003e 0323     		movs	r3, #3
 175 0040 0693     		str	r3, [sp, #24]
  80:Src/i2c.c     ****     HAL_GPIO_Init(GPIOB, &GPIO_InitStruct);
 176              		.loc 1 80 0
 177 0042 0423     		movs	r3, #4
 178 0044 0793     		str	r3, [sp, #28]
  81:Src/i2c.c     **** 
 179              		.loc 1 81 0
 180 0046 03A9     		add	r1, sp, #12
 181 0048 0848     		ldr	r0, .L15+8
 182              	.LVL9:
 183 004a FFF7FEFF 		bl	HAL_GPIO_Init
 184              	.LVL10:
 185              	.LBB3:
  84:Src/i2c.c     ****   /* USER CODE BEGIN I2C2_MspInit 1 */
 186              		.loc 1 84 0
 187 004e A36D     		ldr	r3, [r4, #88]
 188 0050 43F48003 		orr	r3, r3, #4194304
 189 0054 A365     		str	r3, [r4, #88]
ARM GAS  C:\Users\choee\AppData\Local\Temp\cclpJ2GX.s 			page 6


 190 0056 A36D     		ldr	r3, [r4, #88]
 191 0058 03F48003 		and	r3, r3, #4194304
 192 005c 0293     		str	r3, [sp, #8]
 193 005e 029B     		ldr	r3, [sp, #8]
 194              	.LBE3:
 195              		.loc 1 89 0
 196 0060 DAE7     		b	.L11
 197              	.L16:
 198 0062 00BF     		.align	2
 199              	.L15:
 200 0064 00580040 		.word	1073764352
 201 0068 00100240 		.word	1073876992
 202 006c 00040048 		.word	1207960576
 203              		.cfi_endproc
 204              	.LFE131:
 206              		.section	.text.HAL_I2C_MspDeInit,"ax",%progbits
 207              		.align	1
 208              		.global	HAL_I2C_MspDeInit
 209              		.syntax unified
 210              		.thumb
 211              		.thumb_func
 212              		.fpu fpv4-sp-d16
 214              	HAL_I2C_MspDeInit:
 215              	.LFB132:
  90:Src/i2c.c     **** 
  91:Src/i2c.c     **** void HAL_I2C_MspDeInit(I2C_HandleTypeDef* i2cHandle)
  92:Src/i2c.c     **** {
 216              		.loc 1 92 0
 217              		.cfi_startproc
 218              		@ args = 0, pretend = 0, frame = 0
 219              		@ frame_needed = 0, uses_anonymous_args = 0
 220              	.LVL11:
 221 0000 08B5     		push	{r3, lr}
 222              	.LCFI5:
 223              		.cfi_def_cfa_offset 8
 224              		.cfi_offset 3, -8
 225              		.cfi_offset 14, -4
  93:Src/i2c.c     **** 
  94:Src/i2c.c     ****   if(i2cHandle->Instance==I2C2)
 226              		.loc 1 94 0
 227 0002 0268     		ldr	r2, [r0]
 228 0004 074B     		ldr	r3, .L21
 229 0006 9A42     		cmp	r2, r3
 230 0008 00D0     		beq	.L20
 231              	.LVL12:
 232              	.L17:
 233 000a 08BD     		pop	{r3, pc}
 234              	.LVL13:
 235              	.L20:
  95:Src/i2c.c     ****   {
  96:Src/i2c.c     ****   /* USER CODE BEGIN I2C2_MspDeInit 0 */
  97:Src/i2c.c     **** 
  98:Src/i2c.c     ****   /* USER CODE END I2C2_MspDeInit 0 */
  99:Src/i2c.c     ****     /* Peripheral clock disable */
 100:Src/i2c.c     ****     __HAL_RCC_I2C2_CLK_DISABLE();
 236              		.loc 1 100 0
 237 000c 064A     		ldr	r2, .L21+4
ARM GAS  C:\Users\choee\AppData\Local\Temp\cclpJ2GX.s 			page 7


 238 000e 936D     		ldr	r3, [r2, #88]
 239 0010 23F48003 		bic	r3, r3, #4194304
 240 0014 9365     		str	r3, [r2, #88]
 101:Src/i2c.c     ****   
 102:Src/i2c.c     ****     /**I2C2 GPIO Configuration    
 103:Src/i2c.c     ****     PB10     ------> I2C2_SCL
 104:Src/i2c.c     ****     PB11     ------> I2C2_SDA 
 105:Src/i2c.c     ****     */
 106:Src/i2c.c     ****     HAL_GPIO_DeInit(GPIOB, INTERNAL_I2C2_SCL_Pin|INTERNAL_I2C2_SDA_Pin);
 241              		.loc 1 106 0
 242 0016 4FF44061 		mov	r1, #3072
 243 001a 0448     		ldr	r0, .L21+8
 244              	.LVL14:
 245 001c FFF7FEFF 		bl	HAL_GPIO_DeInit
 246              	.LVL15:
 107:Src/i2c.c     **** 
 108:Src/i2c.c     ****   /* USER CODE BEGIN I2C2_MspDeInit 1 */
 109:Src/i2c.c     **** 
 110:Src/i2c.c     ****   /* USER CODE END I2C2_MspDeInit 1 */
 111:Src/i2c.c     ****   }
 112:Src/i2c.c     **** } 
 247              		.loc 1 112 0
 248 0020 F3E7     		b	.L17
 249              	.L22:
 250 0022 00BF     		.align	2
 251              	.L21:
 252 0024 00580040 		.word	1073764352
 253 0028 00100240 		.word	1073876992
 254 002c 00040048 		.word	1207960576
 255              		.cfi_endproc
 256              	.LFE132:
 258              		.comm	hi2c2,76,4
 259              		.text
 260              	.Letext0:
 261              		.file 2 "c:\\program files (x86)\\gnu tools arm embedded\\6 2017-q2-update\\arm-none-eabi\\include
 262              		.file 3 "c:\\program files (x86)\\gnu tools arm embedded\\6 2017-q2-update\\arm-none-eabi\\include
 263              		.file 4 "Drivers/CMSIS/Include/core_cm4.h"
 264              		.file 5 "Drivers/CMSIS/Device/ST/STM32L4xx/Include/system_stm32l4xx.h"
 265              		.file 6 "Drivers/CMSIS/Device/ST/STM32L4xx/Include/stm32l475xx.h"
 266              		.file 7 "Drivers/STM32L4xx_HAL_Driver/Inc/stm32l4xx_hal_def.h"
 267              		.file 8 "Drivers/STM32L4xx_HAL_Driver/Inc/stm32l4xx_hal_gpio.h"
 268              		.file 9 "Drivers/STM32L4xx_HAL_Driver/Inc/stm32l4xx_hal_dma.h"
 269              		.file 10 "Drivers/STM32L4xx_HAL_Driver/Inc/stm32l4xx_hal_flash.h"
 270              		.file 11 "Drivers/STM32L4xx_HAL_Driver/Inc/stm32l4xx_hal_i2c.h"
 271              		.file 12 "Drivers/STM32L4xx_HAL_Driver/Inc/stm32l4xx_hal_uart.h"
 272              		.file 13 "Drivers/STM32L4xx_HAL_Driver/Inc/stm32l4xx_hal.h"
 273              		.file 14 "Inc/stm32l4xx_nucleo.h"
 274              		.file 15 "Inc/i2c.h"
 275              		.file 16 "Drivers/STM32L4xx_HAL_Driver/Inc/stm32l4xx_hal_i2c_ex.h"
 276              		.file 17 "Inc/main.h"
ARM GAS  C:\Users\choee\AppData\Local\Temp\cclpJ2GX.s 			page 8


DEFINED SYMBOLS
                            *ABS*:00000000 i2c.c
C:\Users\choee\AppData\Local\Temp\cclpJ2GX.s:18     .text.MX_I2C2_Init:00000000 $t
C:\Users\choee\AppData\Local\Temp\cclpJ2GX.s:25     .text.MX_I2C2_Init:00000000 MX_I2C2_Init
C:\Users\choee\AppData\Local\Temp\cclpJ2GX.s:99     .text.MX_I2C2_Init:0000004c $d
                            *COM*:0000004c hi2c2
C:\Users\choee\AppData\Local\Temp\cclpJ2GX.s:106    .text.HAL_I2C_MspInit:00000000 $t
C:\Users\choee\AppData\Local\Temp\cclpJ2GX.s:113    .text.HAL_I2C_MspInit:00000000 HAL_I2C_MspInit
C:\Users\choee\AppData\Local\Temp\cclpJ2GX.s:200    .text.HAL_I2C_MspInit:00000064 $d
C:\Users\choee\AppData\Local\Temp\cclpJ2GX.s:207    .text.HAL_I2C_MspDeInit:00000000 $t
C:\Users\choee\AppData\Local\Temp\cclpJ2GX.s:214    .text.HAL_I2C_MspDeInit:00000000 HAL_I2C_MspDeInit
C:\Users\choee\AppData\Local\Temp\cclpJ2GX.s:252    .text.HAL_I2C_MspDeInit:00000024 $d
                     .debug_frame:00000010 $d

UNDEFINED SYMBOLS
HAL_I2C_Init
HAL_I2CEx_ConfigAnalogFilter
HAL_I2CEx_ConfigDigitalFilter
Error_Handler
HAL_GPIO_Init
HAL_GPIO_DeInit
