ARM GAS  C:\Users\choee\AppData\Local\Temp\ccm8qET3.s 			page 1


   1              		.cpu cortex-m4
   2              		.eabi_attribute 27, 1
   3              		.eabi_attribute 28, 1
   4              		.eabi_attribute 20, 1
   5              		.eabi_attribute 21, 1
   6              		.eabi_attribute 23, 3
   7              		.eabi_attribute 24, 1
   8              		.eabi_attribute 25, 1
   9              		.eabi_attribute 26, 1
  10              		.eabi_attribute 30, 1
  11              		.eabi_attribute 34, 1
  12              		.eabi_attribute 18, 4
  13              		.file	"main.c"
  14              		.text
  15              	.Ltext0:
  16              		.cfi_sections	.debug_frame
  17              		.section	.text.SystemClock_Config,"ax",%progbits
  18              		.align	1
  19              		.global	SystemClock_Config
  20              		.syntax unified
  21              		.thumb
  22              		.thumb_func
  23              		.fpu fpv4-sp-d16
  25              	SystemClock_Config:
  26              	.LFB135:
  27              		.file 1 "Src/main.c"
   1:Src/main.c    **** /* USER CODE BEGIN Header */
   2:Src/main.c    **** /**
   3:Src/main.c    ****   ******************************************************************************
   4:Src/main.c    ****   * @file           : main.c
   5:Src/main.c    ****   * @brief          : Main program body
   6:Src/main.c    ****   ******************************************************************************
   7:Src/main.c    ****   * @attention
   8:Src/main.c    ****   *
   9:Src/main.c    ****   * <h2><center>&copy; Copyright (c) 2020 STMicroelectronics.
  10:Src/main.c    ****   * All rights reserved.</center></h2>
  11:Src/main.c    ****   *
  12:Src/main.c    ****   * This software component is licensed by ST under Ultimate Liberty license
  13:Src/main.c    ****   * SLA0044, the "License"; You may not use this file except in compliance with
  14:Src/main.c    ****   * the License. You may obtain a copy of the License at:
  15:Src/main.c    ****   *                             www.st.com/SLA0044
  16:Src/main.c    ****   *
  17:Src/main.c    ****   ******************************************************************************
  18:Src/main.c    ****   */
  19:Src/main.c    **** /* USER CODE END Header */
  20:Src/main.c    **** 
  21:Src/main.c    **** /* Includes ------------------------------------------------------------------*/
  22:Src/main.c    **** #include "main.h"
  23:Src/main.c    **** #include "cmsis_os.h"
  24:Src/main.c    **** #include "dfsdm.h"
  25:Src/main.c    **** #include "i2c.h"
  26:Src/main.c    **** #include "quadspi.h"
  27:Src/main.c    **** #include "usart.h"
  28:Src/main.c    **** #include "usb_otg.h"
  29:Src/main.c    **** #include "gpio.h"
  30:Src/main.c    **** 
  31:Src/main.c    **** /* Private includes ----------------------------------------------------------*/
ARM GAS  C:\Users\choee\AppData\Local\Temp\ccm8qET3.s 			page 2


  32:Src/main.c    **** /* USER CODE BEGIN Includes */
  33:Src/main.c    **** 
  34:Src/main.c    **** /* USER CODE END Includes */
  35:Src/main.c    **** 
  36:Src/main.c    **** /* Private typedef -----------------------------------------------------------*/
  37:Src/main.c    **** /* USER CODE BEGIN PTD */
  38:Src/main.c    **** 
  39:Src/main.c    **** /* USER CODE END PTD */
  40:Src/main.c    **** 
  41:Src/main.c    **** /* Private define ------------------------------------------------------------*/
  42:Src/main.c    **** /* USER CODE BEGIN PD */
  43:Src/main.c    **** /* USER CODE END PD */
  44:Src/main.c    **** 
  45:Src/main.c    **** /* Private macro -------------------------------------------------------------*/
  46:Src/main.c    **** /* USER CODE BEGIN PM */
  47:Src/main.c    **** 
  48:Src/main.c    **** /* USER CODE END PM */
  49:Src/main.c    **** 
  50:Src/main.c    **** /* Private variables ---------------------------------------------------------*/
  51:Src/main.c    **** 
  52:Src/main.c    **** /* USER CODE BEGIN PV */
  53:Src/main.c    **** 
  54:Src/main.c    **** /* USER CODE END PV */
  55:Src/main.c    **** 
  56:Src/main.c    **** /* Private function prototypes -----------------------------------------------*/
  57:Src/main.c    **** void SystemClock_Config(void);
  58:Src/main.c    **** void MX_FREERTOS_Init(void);
  59:Src/main.c    **** /* USER CODE BEGIN PFP */
  60:Src/main.c    **** 
  61:Src/main.c    **** /* USER CODE END PFP */
  62:Src/main.c    **** 
  63:Src/main.c    **** /* Private user code ---------------------------------------------------------*/
  64:Src/main.c    **** /* USER CODE BEGIN 0 */
  65:Src/main.c    **** 
  66:Src/main.c    **** /* USER CODE END 0 */
  67:Src/main.c    **** 
  68:Src/main.c    **** /**
  69:Src/main.c    ****   * @brief  The application entry point.
  70:Src/main.c    ****   * @retval int
  71:Src/main.c    ****   */
  72:Src/main.c    **** int main(void)
  73:Src/main.c    **** {
  74:Src/main.c    ****   /* USER CODE BEGIN 1 */
  75:Src/main.c    **** 
  76:Src/main.c    ****   /* USER CODE END 1 */
  77:Src/main.c    ****   
  78:Src/main.c    **** 
  79:Src/main.c    ****   /* MCU Configuration--------------------------------------------------------*/
  80:Src/main.c    **** 
  81:Src/main.c    ****   /* Reset of all peripherals, Initializes the Flash interface and the Systick. */
  82:Src/main.c    ****   HAL_Init();
  83:Src/main.c    **** 
  84:Src/main.c    ****   /* USER CODE BEGIN Init */
  85:Src/main.c    **** 
  86:Src/main.c    ****   /* USER CODE END Init */
  87:Src/main.c    **** 
  88:Src/main.c    ****   /* Configure the system clock */
ARM GAS  C:\Users\choee\AppData\Local\Temp\ccm8qET3.s 			page 3


  89:Src/main.c    ****   SystemClock_Config();
  90:Src/main.c    **** 
  91:Src/main.c    ****   /* USER CODE BEGIN SysInit */
  92:Src/main.c    **** 
  93:Src/main.c    ****   /* USER CODE END SysInit */
  94:Src/main.c    **** 
  95:Src/main.c    ****   /* Initialize all configured peripherals */
  96:Src/main.c    ****   MX_GPIO_Init();
  97:Src/main.c    ****   MX_DFSDM1_Init();
  98:Src/main.c    ****   MX_I2C2_Init();
  99:Src/main.c    ****   MX_QUADSPI_Init();
 100:Src/main.c    ****   MX_USART3_UART_Init();
 101:Src/main.c    ****   MX_USB_OTG_FS_PCD_Init();
 102:Src/main.c    ****   /* USER CODE BEGIN 2 */
 103:Src/main.c    **** 
 104:Src/main.c    ****   /* USER CODE END 2 */
 105:Src/main.c    **** 
 106:Src/main.c    ****   /* Call init function for freertos objects (in freertos.c) */
 107:Src/main.c    ****   MX_FREERTOS_Init(); 
 108:Src/main.c    **** 
 109:Src/main.c    ****   /* Start scheduler */
 110:Src/main.c    ****   osKernelStart();
 111:Src/main.c    ****   
 112:Src/main.c    ****   /* We should never get here as control is now taken by the scheduler */
 113:Src/main.c    **** 
 114:Src/main.c    ****   /* Infinite loop */
 115:Src/main.c    ****   /* USER CODE BEGIN WHILE */
 116:Src/main.c    ****   while (1)
 117:Src/main.c    ****   {
 118:Src/main.c    ****     /* USER CODE END WHILE */
 119:Src/main.c    **** 
 120:Src/main.c    ****     /* USER CODE BEGIN 3 */
 121:Src/main.c    ****   }
 122:Src/main.c    ****   /* USER CODE END 3 */
 123:Src/main.c    **** }
 124:Src/main.c    **** 
 125:Src/main.c    **** /**
 126:Src/main.c    ****   * @brief System Clock Configuration
 127:Src/main.c    ****   * @retval None
 128:Src/main.c    ****   */
 129:Src/main.c    **** void SystemClock_Config(void)
 130:Src/main.c    **** {
  28              		.loc 1 130 0
  29              		.cfi_startproc
  30              		@ args = 0, pretend = 0, frame = 224
  31              		@ frame_needed = 0, uses_anonymous_args = 0
  32 0000 F0B5     		push	{r4, r5, r6, r7, lr}
  33              	.LCFI0:
  34              		.cfi_def_cfa_offset 20
  35              		.cfi_offset 4, -20
  36              		.cfi_offset 5, -16
  37              		.cfi_offset 6, -12
  38              		.cfi_offset 7, -8
  39              		.cfi_offset 14, -4
  40 0002 B9B0     		sub	sp, sp, #228
  41              	.LCFI1:
  42              		.cfi_def_cfa_offset 248
ARM GAS  C:\Users\choee\AppData\Local\Temp\ccm8qET3.s 			page 4


 131:Src/main.c    ****   RCC_OscInitTypeDef RCC_OscInitStruct = {0};
  43              		.loc 1 131 0
  44 0004 4422     		movs	r2, #68
  45 0006 0021     		movs	r1, #0
  46 0008 27A8     		add	r0, sp, #156
  47 000a FFF7FEFF 		bl	memset
  48              	.LVL0:
 132:Src/main.c    ****   RCC_ClkInitTypeDef RCC_ClkInitStruct = {0};
  49              		.loc 1 132 0
  50 000e 0024     		movs	r4, #0
  51 0010 2294     		str	r4, [sp, #136]
  52 0012 2394     		str	r4, [sp, #140]
  53 0014 2494     		str	r4, [sp, #144]
  54 0016 2594     		str	r4, [sp, #148]
  55 0018 2694     		str	r4, [sp, #152]
 133:Src/main.c    ****   RCC_PeriphCLKInitTypeDef PeriphClkInit = {0};
  56              		.loc 1 133 0
  57 001a 8822     		movs	r2, #136
  58 001c 2146     		mov	r1, r4
  59 001e 6846     		mov	r0, sp
  60 0020 FFF7FEFF 		bl	memset
  61              	.LVL1:
 134:Src/main.c    **** 
 135:Src/main.c    ****   /** Configure LSE Drive Capability 
 136:Src/main.c    ****   */
 137:Src/main.c    ****   HAL_PWR_EnableBkUpAccess();
  62              		.loc 1 137 0
  63 0024 FFF7FEFF 		bl	HAL_PWR_EnableBkUpAccess
  64              	.LVL2:
 138:Src/main.c    ****   __HAL_RCC_LSEDRIVE_CONFIG(RCC_LSEDRIVE_LOW);
  65              		.loc 1 138 0
  66 0028 214A     		ldr	r2, .L3
  67 002a D2F89030 		ldr	r3, [r2, #144]
  68 002e 23F01803 		bic	r3, r3, #24
  69 0032 C2F89030 		str	r3, [r2, #144]
 139:Src/main.c    ****   /** Initializes the CPU, AHB and APB busses clocks 
 140:Src/main.c    ****   */
 141:Src/main.c    ****   RCC_OscInitStruct.OscillatorType = RCC_OSCILLATORTYPE_LSE|RCC_OSCILLATORTYPE_MSI;
  70              		.loc 1 141 0
  71 0036 1423     		movs	r3, #20
  72 0038 2793     		str	r3, [sp, #156]
 142:Src/main.c    ****   RCC_OscInitStruct.LSEState = RCC_LSE_ON;
  73              		.loc 1 142 0
  74 003a 0125     		movs	r5, #1
  75 003c 2995     		str	r5, [sp, #164]
 143:Src/main.c    ****   RCC_OscInitStruct.MSIState = RCC_MSI_ON;
  76              		.loc 1 143 0
  77 003e 2D95     		str	r5, [sp, #180]
 144:Src/main.c    ****   RCC_OscInitStruct.MSICalibrationValue = 0;
  78              		.loc 1 144 0
  79 0040 2E94     		str	r4, [sp, #184]
 145:Src/main.c    ****   RCC_OscInitStruct.MSIClockRange = RCC_MSIRANGE_6;
  80              		.loc 1 145 0
  81 0042 6023     		movs	r3, #96
  82 0044 2F93     		str	r3, [sp, #188]
 146:Src/main.c    ****   RCC_OscInitStruct.PLL.PLLState = RCC_PLL_ON;
  83              		.loc 1 146 0
ARM GAS  C:\Users\choee\AppData\Local\Temp\ccm8qET3.s 			page 5


  84 0046 0226     		movs	r6, #2
  85 0048 3196     		str	r6, [sp, #196]
 147:Src/main.c    ****   RCC_OscInitStruct.PLL.PLLSource = RCC_PLLSOURCE_MSI;
  86              		.loc 1 147 0
  87 004a 3295     		str	r5, [sp, #200]
 148:Src/main.c    ****   RCC_OscInitStruct.PLL.PLLM = 1;
  88              		.loc 1 148 0
  89 004c 3395     		str	r5, [sp, #204]
 149:Src/main.c    ****   RCC_OscInitStruct.PLL.PLLN = 40;
  90              		.loc 1 149 0
  91 004e 2823     		movs	r3, #40
  92 0050 3493     		str	r3, [sp, #208]
 150:Src/main.c    ****   RCC_OscInitStruct.PLL.PLLP = RCC_PLLP_DIV7;
  93              		.loc 1 150 0
  94 0052 0727     		movs	r7, #7
  95 0054 3597     		str	r7, [sp, #212]
 151:Src/main.c    ****   RCC_OscInitStruct.PLL.PLLQ = RCC_PLLQ_DIV2;
  96              		.loc 1 151 0
  97 0056 3696     		str	r6, [sp, #216]
 152:Src/main.c    ****   RCC_OscInitStruct.PLL.PLLR = RCC_PLLR_DIV2;
  98              		.loc 1 152 0
  99 0058 3796     		str	r6, [sp, #220]
 153:Src/main.c    ****   if (HAL_RCC_OscConfig(&RCC_OscInitStruct) != HAL_OK)
 100              		.loc 1 153 0
 101 005a 27A8     		add	r0, sp, #156
 102 005c FFF7FEFF 		bl	HAL_RCC_OscConfig
 103              	.LVL3:
 154:Src/main.c    ****   {
 155:Src/main.c    ****     Error_Handler();
 156:Src/main.c    ****   }
 157:Src/main.c    ****   /** Initializes the CPU, AHB and APB busses clocks 
 158:Src/main.c    ****   */
 159:Src/main.c    ****   RCC_ClkInitStruct.ClockType = RCC_CLOCKTYPE_HCLK|RCC_CLOCKTYPE_SYSCLK
 104              		.loc 1 159 0
 105 0060 0F23     		movs	r3, #15
 106 0062 2293     		str	r3, [sp, #136]
 160:Src/main.c    ****                               |RCC_CLOCKTYPE_PCLK1|RCC_CLOCKTYPE_PCLK2;
 161:Src/main.c    ****   RCC_ClkInitStruct.SYSCLKSource = RCC_SYSCLKSOURCE_PLLCLK;
 107              		.loc 1 161 0
 108 0064 0323     		movs	r3, #3
 109 0066 2393     		str	r3, [sp, #140]
 162:Src/main.c    ****   RCC_ClkInitStruct.AHBCLKDivider = RCC_SYSCLK_DIV1;
 110              		.loc 1 162 0
 111 0068 2494     		str	r4, [sp, #144]
 163:Src/main.c    ****   RCC_ClkInitStruct.APB1CLKDivider = RCC_HCLK_DIV1;
 112              		.loc 1 163 0
 113 006a 2594     		str	r4, [sp, #148]
 164:Src/main.c    ****   RCC_ClkInitStruct.APB2CLKDivider = RCC_HCLK_DIV1;
 114              		.loc 1 164 0
 115 006c 2694     		str	r4, [sp, #152]
 165:Src/main.c    **** 
 166:Src/main.c    ****   if (HAL_RCC_ClockConfig(&RCC_ClkInitStruct, FLASH_LATENCY_4) != HAL_OK)
 116              		.loc 1 166 0
 117 006e 0421     		movs	r1, #4
 118 0070 22A8     		add	r0, sp, #136
 119 0072 FFF7FEFF 		bl	HAL_RCC_ClockConfig
 120              	.LVL4:
ARM GAS  C:\Users\choee\AppData\Local\Temp\ccm8qET3.s 			page 6


 167:Src/main.c    ****   {
 168:Src/main.c    ****     Error_Handler();
 169:Src/main.c    ****   }
 170:Src/main.c    ****   PeriphClkInit.PeriphClockSelection = RCC_PERIPHCLK_USART3|RCC_PERIPHCLK_I2C2
 121              		.loc 1 170 0
 122 0076 0F4B     		ldr	r3, .L3+4
 123 0078 0093     		str	r3, [sp]
 171:Src/main.c    ****                               |RCC_PERIPHCLK_DFSDM1|RCC_PERIPHCLK_USB;
 172:Src/main.c    ****   PeriphClkInit.Usart3ClockSelection = RCC_USART3CLKSOURCE_PCLK1;
 124              		.loc 1 172 0
 125 007a 1094     		str	r4, [sp, #64]
 173:Src/main.c    ****   PeriphClkInit.I2c2ClockSelection = RCC_I2C2CLKSOURCE_PCLK1;
 126              		.loc 1 173 0
 127 007c 1594     		str	r4, [sp, #84]
 174:Src/main.c    ****   PeriphClkInit.Dfsdm1ClockSelection = RCC_DFSDM1CLKSOURCE_PCLK;
 128              		.loc 1 174 0
 129 007e 2094     		str	r4, [sp, #128]
 175:Src/main.c    ****   PeriphClkInit.UsbClockSelection = RCC_USBCLKSOURCE_PLLSAI1;
 130              		.loc 1 175 0
 131 0080 4FF08063 		mov	r3, #67108864
 132 0084 1B93     		str	r3, [sp, #108]
 176:Src/main.c    ****   PeriphClkInit.PLLSAI1.PLLSAI1Source = RCC_PLLSOURCE_MSI;
 133              		.loc 1 176 0
 134 0086 0195     		str	r5, [sp, #4]
 177:Src/main.c    ****   PeriphClkInit.PLLSAI1.PLLSAI1M = 1;
 135              		.loc 1 177 0
 136 0088 0295     		str	r5, [sp, #8]
 178:Src/main.c    ****   PeriphClkInit.PLLSAI1.PLLSAI1N = 24;
 137              		.loc 1 178 0
 138 008a 1823     		movs	r3, #24
 139 008c 0393     		str	r3, [sp, #12]
 179:Src/main.c    ****   PeriphClkInit.PLLSAI1.PLLSAI1P = RCC_PLLP_DIV7;
 140              		.loc 1 179 0
 141 008e 0497     		str	r7, [sp, #16]
 180:Src/main.c    ****   PeriphClkInit.PLLSAI1.PLLSAI1Q = RCC_PLLQ_DIV2;
 142              		.loc 1 180 0
 143 0090 0596     		str	r6, [sp, #20]
 181:Src/main.c    ****   PeriphClkInit.PLLSAI1.PLLSAI1R = RCC_PLLR_DIV2;
 144              		.loc 1 181 0
 145 0092 0696     		str	r6, [sp, #24]
 182:Src/main.c    ****   PeriphClkInit.PLLSAI1.PLLSAI1ClockOut = RCC_PLLSAI1_48M2CLK;
 146              		.loc 1 182 0
 147 0094 4FF48013 		mov	r3, #1048576
 148 0098 0793     		str	r3, [sp, #28]
 183:Src/main.c    ****   if (HAL_RCCEx_PeriphCLKConfig(&PeriphClkInit) != HAL_OK)
 149              		.loc 1 183 0
 150 009a 6846     		mov	r0, sp
 151 009c FFF7FEFF 		bl	HAL_RCCEx_PeriphCLKConfig
 152              	.LVL5:
 184:Src/main.c    ****   {
 185:Src/main.c    ****     Error_Handler();
 186:Src/main.c    ****   }
 187:Src/main.c    ****   /** Configure the main internal regulator output voltage 
 188:Src/main.c    ****   */
 189:Src/main.c    ****   if (HAL_PWREx_ControlVoltageScaling(PWR_REGULATOR_VOLTAGE_SCALE1) != HAL_OK)
 153              		.loc 1 189 0
 154 00a0 4FF40070 		mov	r0, #512
ARM GAS  C:\Users\choee\AppData\Local\Temp\ccm8qET3.s 			page 7


 155 00a4 FFF7FEFF 		bl	HAL_PWREx_ControlVoltageScaling
 156              	.LVL6:
 190:Src/main.c    ****   {
 191:Src/main.c    ****     Error_Handler();
 192:Src/main.c    ****   }
 193:Src/main.c    ****   /** Enable MSI Auto calibration 
 194:Src/main.c    ****   */
 195:Src/main.c    ****   HAL_RCCEx_EnableMSIPLLMode();
 157              		.loc 1 195 0
 158 00a8 FFF7FEFF 		bl	HAL_RCCEx_EnableMSIPLLMode
 159              	.LVL7:
 196:Src/main.c    **** }
 160              		.loc 1 196 0
 161 00ac 39B0     		add	sp, sp, #228
 162              	.LCFI2:
 163              		.cfi_def_cfa_offset 20
 164              		@ sp needed
 165 00ae F0BD     		pop	{r4, r5, r6, r7, pc}
 166              	.L4:
 167              		.align	2
 168              	.L3:
 169 00b0 00100240 		.word	1073876992
 170 00b4 84200100 		.word	73860
 171              		.cfi_endproc
 172              	.LFE135:
 174              		.section	.text.main,"ax",%progbits
 175              		.align	1
 176              		.global	main
 177              		.syntax unified
 178              		.thumb
 179              		.thumb_func
 180              		.fpu fpv4-sp-d16
 182              	main:
 183              	.LFB134:
  73:Src/main.c    ****   /* USER CODE BEGIN 1 */
 184              		.loc 1 73 0
 185              		.cfi_startproc
 186              		@ Volatile: function does not return.
 187              		@ args = 0, pretend = 0, frame = 0
 188              		@ frame_needed = 0, uses_anonymous_args = 0
 189 0000 08B5     		push	{r3, lr}
 190              	.LCFI3:
 191              		.cfi_def_cfa_offset 8
 192              		.cfi_offset 3, -8
 193              		.cfi_offset 14, -4
  82:Src/main.c    **** 
 194              		.loc 1 82 0
 195 0002 FFF7FEFF 		bl	HAL_Init
 196              	.LVL8:
  89:Src/main.c    **** 
 197              		.loc 1 89 0
 198 0006 FFF7FEFF 		bl	SystemClock_Config
 199              	.LVL9:
  96:Src/main.c    ****   MX_DFSDM1_Init();
 200              		.loc 1 96 0
 201 000a FFF7FEFF 		bl	MX_GPIO_Init
 202              	.LVL10:
ARM GAS  C:\Users\choee\AppData\Local\Temp\ccm8qET3.s 			page 8


  97:Src/main.c    ****   MX_I2C2_Init();
 203              		.loc 1 97 0
 204 000e FFF7FEFF 		bl	MX_DFSDM1_Init
 205              	.LVL11:
  98:Src/main.c    ****   MX_QUADSPI_Init();
 206              		.loc 1 98 0
 207 0012 FFF7FEFF 		bl	MX_I2C2_Init
 208              	.LVL12:
  99:Src/main.c    ****   MX_USART3_UART_Init();
 209              		.loc 1 99 0
 210 0016 FFF7FEFF 		bl	MX_QUADSPI_Init
 211              	.LVL13:
 100:Src/main.c    ****   MX_USB_OTG_FS_PCD_Init();
 212              		.loc 1 100 0
 213 001a FFF7FEFF 		bl	MX_USART3_UART_Init
 214              	.LVL14:
 101:Src/main.c    ****   /* USER CODE BEGIN 2 */
 215              		.loc 1 101 0
 216 001e FFF7FEFF 		bl	MX_USB_OTG_FS_PCD_Init
 217              	.LVL15:
 107:Src/main.c    **** 
 218              		.loc 1 107 0
 219 0022 FFF7FEFF 		bl	MX_FREERTOS_Init
 220              	.LVL16:
 110:Src/main.c    ****   
 221              		.loc 1 110 0
 222 0026 FFF7FEFF 		bl	osKernelStart
 223              	.LVL17:
 224              	.L6:
 225 002a FEE7     		b	.L6
 226              		.cfi_endproc
 227              	.LFE134:
 229              		.section	.text.HAL_TIM_PeriodElapsedCallback,"ax",%progbits
 230              		.align	1
 231              		.global	HAL_TIM_PeriodElapsedCallback
 232              		.syntax unified
 233              		.thumb
 234              		.thumb_func
 235              		.fpu fpv4-sp-d16
 237              	HAL_TIM_PeriodElapsedCallback:
 238              	.LFB136:
 197:Src/main.c    **** 
 198:Src/main.c    **** /* USER CODE BEGIN 4 */
 199:Src/main.c    **** 
 200:Src/main.c    **** /* USER CODE END 4 */
 201:Src/main.c    **** 
 202:Src/main.c    **** /**
 203:Src/main.c    ****   * @brief  Period elapsed callback in non blocking mode
 204:Src/main.c    ****   * @note   This function is called  when TIM2 interrupt took place, inside
 205:Src/main.c    ****   * HAL_TIM_IRQHandler(). It makes a direct call to HAL_IncTick() to increment
 206:Src/main.c    ****   * a global variable "uwTick" used as application time base.
 207:Src/main.c    ****   * @param  htim : TIM handle
 208:Src/main.c    ****   * @retval None
 209:Src/main.c    ****   */
 210:Src/main.c    **** void HAL_TIM_PeriodElapsedCallback(TIM_HandleTypeDef *htim)
 211:Src/main.c    **** {
 239              		.loc 1 211 0
ARM GAS  C:\Users\choee\AppData\Local\Temp\ccm8qET3.s 			page 9


 240              		.cfi_startproc
 241              		@ args = 0, pretend = 0, frame = 0
 242              		@ frame_needed = 0, uses_anonymous_args = 0
 243              	.LVL18:
 244 0000 08B5     		push	{r3, lr}
 245              	.LCFI4:
 246              		.cfi_def_cfa_offset 8
 247              		.cfi_offset 3, -8
 248              		.cfi_offset 14, -4
 212:Src/main.c    ****   /* USER CODE BEGIN Callback 0 */
 213:Src/main.c    **** 
 214:Src/main.c    ****   /* USER CODE END Callback 0 */
 215:Src/main.c    ****   if (htim->Instance == TIM2) {
 249              		.loc 1 215 0
 250 0002 0368     		ldr	r3, [r0]
 251 0004 B3F1804F 		cmp	r3, #1073741824
 252 0008 00D0     		beq	.L11
 253              	.LVL19:
 254              	.L8:
 255 000a 08BD     		pop	{r3, pc}
 256              	.LVL20:
 257              	.L11:
 216:Src/main.c    ****     HAL_IncTick();
 258              		.loc 1 216 0
 259 000c FFF7FEFF 		bl	HAL_IncTick
 260              	.LVL21:
 217:Src/main.c    ****   }
 218:Src/main.c    ****   /* USER CODE BEGIN Callback 1 */
 219:Src/main.c    **** 
 220:Src/main.c    ****   /* USER CODE END Callback 1 */
 221:Src/main.c    **** }
 261              		.loc 1 221 0
 262 0010 FBE7     		b	.L8
 263              		.cfi_endproc
 264              	.LFE136:
 266              		.section	.text.Error_Handler,"ax",%progbits
 267              		.align	1
 268              		.global	Error_Handler
 269              		.syntax unified
 270              		.thumb
 271              		.thumb_func
 272              		.fpu fpv4-sp-d16
 274              	Error_Handler:
 275              	.LFB137:
 222:Src/main.c    **** 
 223:Src/main.c    **** /**
 224:Src/main.c    ****   * @brief  This function is executed in case of error occurrence.
 225:Src/main.c    ****   * @retval None
 226:Src/main.c    ****   */
 227:Src/main.c    **** void Error_Handler(void)
 228:Src/main.c    **** {
 276              		.loc 1 228 0
 277              		.cfi_startproc
 278              		@ args = 0, pretend = 0, frame = 0
 279              		@ frame_needed = 0, uses_anonymous_args = 0
 280              		@ link register save eliminated.
 281 0000 7047     		bx	lr
ARM GAS  C:\Users\choee\AppData\Local\Temp\ccm8qET3.s 			page 10


 282              		.cfi_endproc
 283              	.LFE137:
 285              		.text
 286              	.Letext0:
 287              		.file 2 "c:\\program files (x86)\\gnu tools arm embedded\\6 2017-q2-update\\arm-none-eabi\\include
 288              		.file 3 "c:\\program files (x86)\\gnu tools arm embedded\\6 2017-q2-update\\arm-none-eabi\\include
 289              		.file 4 "Drivers/CMSIS/Include/core_cm4.h"
 290              		.file 5 "Drivers/CMSIS/Device/ST/STM32L4xx/Include/system_stm32l4xx.h"
 291              		.file 6 "Drivers/CMSIS/Device/ST/STM32L4xx/Include/stm32l475xx.h"
 292              		.file 7 "Drivers/CMSIS/Device/ST/STM32L4xx/Include/stm32l4xx.h"
 293              		.file 8 "Drivers/STM32L4xx_HAL_Driver/Inc/stm32l4xx_hal_def.h"
 294              		.file 9 "Drivers/STM32L4xx_HAL_Driver/Inc/stm32l4xx_hal_rcc.h"
 295              		.file 10 "Drivers/STM32L4xx_HAL_Driver/Inc/stm32l4xx_hal_rcc_ex.h"
 296              		.file 11 "Drivers/STM32L4xx_HAL_Driver/Inc/stm32l4xx_hal_dma.h"
 297              		.file 12 "Drivers/STM32L4xx_HAL_Driver/Inc/stm32l4xx_hal_dfsdm.h"
 298              		.file 13 "Drivers/STM32L4xx_HAL_Driver/Inc/stm32l4xx_hal_flash.h"
 299              		.file 14 "Drivers/STM32L4xx_HAL_Driver/Inc/stm32l4xx_hal_i2c.h"
 300              		.file 15 "Drivers/STM32L4xx_HAL_Driver/Inc/stm32l4xx_hal_qspi.h"
 301              		.file 16 "Drivers/STM32L4xx_HAL_Driver/Inc/stm32l4xx_hal_tim.h"
 302              		.file 17 "Drivers/STM32L4xx_HAL_Driver/Inc/stm32l4xx_hal_uart.h"
 303              		.file 18 "Drivers/STM32L4xx_HAL_Driver/Inc/stm32l4xx_ll_usb.h"
 304              		.file 19 "Drivers/STM32L4xx_HAL_Driver/Inc/stm32l4xx_hal_pcd.h"
 305              		.file 20 "Drivers/STM32L4xx_HAL_Driver/Inc/stm32l4xx_hal.h"
 306              		.file 21 "Inc/stm32l4xx_nucleo.h"
 307              		.file 22 "Inc/dfsdm.h"
 308              		.file 23 "Inc/i2c.h"
 309              		.file 24 "Inc/quadspi.h"
 310              		.file 25 "Inc/usart.h"
 311              		.file 26 "Inc/usb_otg.h"
 312              		.file 27 "Drivers/STM32L4xx_HAL_Driver/Inc/stm32l4xx_hal_pwr.h"
 313              		.file 28 "Drivers/STM32L4xx_HAL_Driver/Inc/stm32l4xx_hal_pwr_ex.h"
 314              		.file 29 "Inc/gpio.h"
 315              		.file 30 "Middlewares/Third_Party/FreeRTOS/Source/CMSIS_RTOS_V2/cmsis_os2.h"
ARM GAS  C:\Users\choee\AppData\Local\Temp\ccm8qET3.s 			page 11


DEFINED SYMBOLS
                            *ABS*:00000000 main.c
C:\Users\choee\AppData\Local\Temp\ccm8qET3.s:18     .text.SystemClock_Config:00000000 $t
C:\Users\choee\AppData\Local\Temp\ccm8qET3.s:25     .text.SystemClock_Config:00000000 SystemClock_Config
C:\Users\choee\AppData\Local\Temp\ccm8qET3.s:169    .text.SystemClock_Config:000000b0 $d
C:\Users\choee\AppData\Local\Temp\ccm8qET3.s:175    .text.main:00000000 $t
C:\Users\choee\AppData\Local\Temp\ccm8qET3.s:182    .text.main:00000000 main
C:\Users\choee\AppData\Local\Temp\ccm8qET3.s:230    .text.HAL_TIM_PeriodElapsedCallback:00000000 $t
C:\Users\choee\AppData\Local\Temp\ccm8qET3.s:237    .text.HAL_TIM_PeriodElapsedCallback:00000000 HAL_TIM_PeriodElapsedCallback
C:\Users\choee\AppData\Local\Temp\ccm8qET3.s:267    .text.Error_Handler:00000000 $t
C:\Users\choee\AppData\Local\Temp\ccm8qET3.s:274    .text.Error_Handler:00000000 Error_Handler
                     .debug_frame:00000010 $d

UNDEFINED SYMBOLS
memset
HAL_PWR_EnableBkUpAccess
HAL_RCC_OscConfig
HAL_RCC_ClockConfig
HAL_RCCEx_PeriphCLKConfig
HAL_PWREx_ControlVoltageScaling
HAL_RCCEx_EnableMSIPLLMode
HAL_Init
MX_GPIO_Init
MX_DFSDM1_Init
MX_I2C2_Init
MX_QUADSPI_Init
MX_USART3_UART_Init
MX_USB_OTG_FS_PCD_Init
MX_FREERTOS_Init
osKernelStart
HAL_IncTick
