ARM GAS  C:\Users\choee\AppData\Local\Temp\ccXNWlFd.s 			page 1


   1              		.cpu cortex-m4
   2              		.eabi_attribute 27, 1
   3              		.eabi_attribute 28, 1
   4              		.eabi_attribute 20, 1
   5              		.eabi_attribute 21, 1
   6              		.eabi_attribute 23, 3
   7              		.eabi_attribute 24, 1
   8              		.eabi_attribute 25, 1
   9              		.eabi_attribute 26, 1
  10              		.eabi_attribute 30, 1
  11              		.eabi_attribute 34, 1
  12              		.eabi_attribute 18, 4
  13              		.file	"sensor_service.c"
  14              		.text
  15              	.Ltext0:
  16              		.cfi_sections	.debug_frame
  17              		.section	.text.user_notify,"ax",%progbits
  18              		.align	1
  19              		.global	user_notify
  20              		.syntax unified
  21              		.thumb
  22              		.thumb_func
  23              		.fpu fpv4-sp-d16
  25              	user_notify:
  26              	.LFB130:
  27              		.file 1 "Src/sensor_service.c"
   1:Src/sensor_service.c **** /**
   2:Src/sensor_service.c ****   ******************************************************************************
   3:Src/sensor_service.c ****   * @file    sensor_service.c
   4:Src/sensor_service.c ****   * @author  MCD Application Team
   5:Src/sensor_service.c ****   * @version V1.0.0
   6:Src/sensor_service.c ****   * @date    04-July-2014
   7:Src/sensor_service.c ****   * @brief   Add a sample service using a vendor specific profile.
   8:Src/sensor_service.c ****   ******************************************************************************
   9:Src/sensor_service.c ****   * @attention
  10:Src/sensor_service.c ****   *
  11:Src/sensor_service.c ****   * <h2><center>&copy; COPYRIGHT(c) 2014 STMicroelectronics</center></h2>
  12:Src/sensor_service.c ****   *
  13:Src/sensor_service.c ****   * Redistribution and use in source and binary forms, with or without modification,
  14:Src/sensor_service.c ****   * are permitted provided that the following conditions are met:
  15:Src/sensor_service.c ****   *   1. Redistributions of source code must retain the above copyright notice,
  16:Src/sensor_service.c ****   *      this list of conditions and the following disclaimer.
  17:Src/sensor_service.c ****   *   2. Redistributions in binary form must reproduce the above copyright notice,
  18:Src/sensor_service.c ****   *      this list of conditions and the following disclaimer in the documentation
  19:Src/sensor_service.c ****   *      and/or other materials provided with the distribution.
  20:Src/sensor_service.c ****   *   3. Neither the name of STMicroelectronics nor the names of its contributors
  21:Src/sensor_service.c ****   *      may be used to endorse or promote products derived from this software
  22:Src/sensor_service.c ****   *      without specific prior written permission.
  23:Src/sensor_service.c ****   *
  24:Src/sensor_service.c ****   * THIS SOFTWARE IS PROVIDED BY THE COPYRIGHT HOLDERS AND CONTRIBUTORS "AS IS"
  25:Src/sensor_service.c ****   * AND ANY EXPRESS OR IMPLIED WARRANTIES, INCLUDING, BUT NOT LIMITED TO, THE
  26:Src/sensor_service.c ****   * IMPLIED WARRANTIES OF MERCHANTABILITY AND FITNESS FOR A PARTICULAR PURPOSE ARE
  27:Src/sensor_service.c ****   * DISCLAIMED. IN NO EVENT SHALL THE COPYRIGHT HOLDER OR CONTRIBUTORS BE LIABLE
  28:Src/sensor_service.c ****   * FOR ANY DIRECT, INDIRECT, INCIDENTAL, SPECIAL, EXEMPLARY, OR CONSEQUENTIAL
  29:Src/sensor_service.c ****   * DAMAGES (INCLUDING, BUT NOT LIMITED TO, PROCUREMENT OF SUBSTITUTE GOODS OR
  30:Src/sensor_service.c ****   * SERVICES; LOSS OF USE, DATA, OR PROFITS; OR BUSINESS INTERRUPTION) HOWEVER
  31:Src/sensor_service.c ****   * CAUSED AND ON ANY THEORY OF LIABILITY, WHETHER IN CONTRACT, STRICT LIABILITY,
ARM GAS  C:\Users\choee\AppData\Local\Temp\ccXNWlFd.s 			page 2


  32:Src/sensor_service.c ****   * OR TORT (INCLUDING NEGLIGENCE OR OTHERWISE) ARISING IN ANY WAY OUT OF THE USE
  33:Src/sensor_service.c ****   * OF THIS SOFTWARE, EVEN IF ADVISED OF THE POSSIBILITY OF SUCH DAMAGE.
  34:Src/sensor_service.c ****   *
  35:Src/sensor_service.c ****   ******************************************************************************
  36:Src/sensor_service.c ****   */
  37:Src/sensor_service.c **** #include "sensor_service.h"
  38:Src/sensor_service.c **** #include "bluenrg_gap_aci.h"
  39:Src/sensor_service.c **** #include "bluenrg_gatt_aci.h"
  40:Src/sensor_service.c **** 
  41:Src/sensor_service.c **** /** @addtogroup Applications
  42:Src/sensor_service.c ****  *  @{
  43:Src/sensor_service.c ****  */
  44:Src/sensor_service.c **** 
  45:Src/sensor_service.c **** /** @addtogroup Beacon
  46:Src/sensor_service.c ****  *  @{
  47:Src/sensor_service.c ****  */
  48:Src/sensor_service.c ****  
  49:Src/sensor_service.c **** /** @defgroup SENSOR_SERVICE
  50:Src/sensor_service.c ****  * @{
  51:Src/sensor_service.c ****  */
  52:Src/sensor_service.c **** 
  53:Src/sensor_service.c **** /** @addtogroup SENSOR_SERVICE_Exported_Functions
  54:Src/sensor_service.c ****  * @{
  55:Src/sensor_service.c ****  */ 
  56:Src/sensor_service.c **** /**
  57:Src/sensor_service.c ****  * @brief  Callback processing the ACI events.
  58:Src/sensor_service.c ****  * @note   Inside this function each event must be identified and correctly
  59:Src/sensor_service.c ****  *         parsed.
  60:Src/sensor_service.c ****  * @param  void* Pointer to the ACI packet
  61:Src/sensor_service.c ****  * @retval None
  62:Src/sensor_service.c ****  */
  63:Src/sensor_service.c **** void user_notify(void * pData)
  64:Src/sensor_service.c **** {
  28              		.loc 1 64 0
  29              		.cfi_startproc
  30              		@ args = 0, pretend = 0, frame = 0
  31              		@ frame_needed = 0, uses_anonymous_args = 0
  32              		@ link register save eliminated.
  33              	.LVL0:
  34 0000 7047     		bx	lr
  35              		.cfi_endproc
  36              	.LFE130:
  38              		.text
  39              	.Letext0:
  40              		.file 2 "c:\\program files (x86)\\gnu tools arm embedded\\6 2017-q2-update\\arm-none-eabi\\include
  41              		.file 3 "c:\\program files (x86)\\gnu tools arm embedded\\6 2017-q2-update\\arm-none-eabi\\include
  42              		.file 4 "c:\\program files (x86)\\gnu tools arm embedded\\6 2017-q2-update\\arm-none-eabi\\include
  43              		.file 5 "c:\\program files (x86)\\gnu tools arm embedded\\6 2017-q2-update\\arm-none-eabi\\include
  44              		.file 6 "c:\\program files (x86)\\gnu tools arm embedded\\6 2017-q2-update\\lib\\gcc\\arm-none-eab
  45              		.file 7 "c:\\program files (x86)\\gnu tools arm embedded\\6 2017-q2-update\\arm-none-eabi\\include
  46              		.file 8 "Drivers/CMSIS/Include/core_cm4.h"
  47              		.file 9 "Drivers/CMSIS/Device/ST/STM32L4xx/Include/system_stm32l4xx.h"
  48              		.file 10 "Drivers/STM32L4xx_HAL_Driver/Inc/stm32l4xx_hal_def.h"
  49              		.file 11 "Drivers/STM32L4xx_HAL_Driver/Inc/stm32l4xx_hal_flash.h"
  50              		.file 12 "Drivers/STM32L4xx_HAL_Driver/Inc/stm32l4xx_hal.h"
  51              		.file 13 "Middlewares/ST/BlueNRG-MS/includes/hci_const.h"
  52              		.file 14 "c:\\program files (x86)\\gnu tools arm embedded\\6 2017-q2-update\\arm-none-eabi\\includ
ARM GAS  C:\Users\choee\AppData\Local\Temp\ccXNWlFd.s 			page 3


ARM GAS  C:\Users\choee\AppData\Local\Temp\ccXNWlFd.s 			page 4


DEFINED SYMBOLS
                            *ABS*:00000000 sensor_service.c
C:\Users\choee\AppData\Local\Temp\ccXNWlFd.s:18     .text.user_notify:00000000 $t
C:\Users\choee\AppData\Local\Temp\ccXNWlFd.s:25     .text.user_notify:00000000 user_notify
                     .debug_frame:00000010 $d

NO UNDEFINED SYMBOLS
