ARM GAS  C:\Users\choee\AppData\Local\Temp\ccilKWwa.s 			page 1


   1              		.cpu cortex-m4
   2              		.eabi_attribute 27, 1
   3              		.eabi_attribute 28, 1
   4              		.eabi_attribute 20, 1
   5              		.eabi_attribute 21, 1
   6              		.eabi_attribute 23, 3
   7              		.eabi_attribute 24, 1
   8              		.eabi_attribute 25, 1
   9              		.eabi_attribute 26, 1
  10              		.eabi_attribute 30, 1
  11              		.eabi_attribute 34, 1
  12              		.eabi_attribute 18, 4
  13              		.file	"stm32l4xx_hal_msp.c"
  14              		.text
  15              	.Ltext0:
  16              		.cfi_sections	.debug_frame
  17              		.section	.text.HAL_MspInit,"ax",%progbits
  18              		.align	1
  19              		.global	HAL_MspInit
  20              		.syntax unified
  21              		.thumb
  22              		.thumb_func
  23              		.fpu fpv4-sp-d16
  25              	HAL_MspInit:
  26              	.LFB130:
  27              		.file 1 "Src/stm32l4xx_hal_msp.c"
   1:Src/stm32l4xx_hal_msp.c **** /* USER CODE BEGIN Header */
   2:Src/stm32l4xx_hal_msp.c **** /**
   3:Src/stm32l4xx_hal_msp.c ****   ******************************************************************************
   4:Src/stm32l4xx_hal_msp.c ****   * File Name          : stm32l4xx_hal_msp.c
   5:Src/stm32l4xx_hal_msp.c ****   * Description        : This file provides code for the MSP Initialization 
   6:Src/stm32l4xx_hal_msp.c ****   *                      and de-Initialization codes.
   7:Src/stm32l4xx_hal_msp.c ****   ******************************************************************************
   8:Src/stm32l4xx_hal_msp.c ****   * @attention
   9:Src/stm32l4xx_hal_msp.c ****   *
  10:Src/stm32l4xx_hal_msp.c ****   * <h2><center>&copy; Copyright (c) 2020 STMicroelectronics.
  11:Src/stm32l4xx_hal_msp.c ****   * All rights reserved.</center></h2>
  12:Src/stm32l4xx_hal_msp.c ****   *
  13:Src/stm32l4xx_hal_msp.c ****   * This software component is licensed by ST under Ultimate Liberty license
  14:Src/stm32l4xx_hal_msp.c ****   * SLA0044, the "License"; You may not use this file except in compliance with
  15:Src/stm32l4xx_hal_msp.c ****   * the License. You may obtain a copy of the License at:
  16:Src/stm32l4xx_hal_msp.c ****   *                             www.st.com/SLA0044
  17:Src/stm32l4xx_hal_msp.c ****   *
  18:Src/stm32l4xx_hal_msp.c ****   ******************************************************************************
  19:Src/stm32l4xx_hal_msp.c ****   */
  20:Src/stm32l4xx_hal_msp.c **** /* USER CODE END Header */
  21:Src/stm32l4xx_hal_msp.c **** 
  22:Src/stm32l4xx_hal_msp.c **** /* Includes ------------------------------------------------------------------*/
  23:Src/stm32l4xx_hal_msp.c **** #include "main.h"
  24:Src/stm32l4xx_hal_msp.c **** /* USER CODE BEGIN Includes */
  25:Src/stm32l4xx_hal_msp.c **** 
  26:Src/stm32l4xx_hal_msp.c **** /* USER CODE END Includes */
  27:Src/stm32l4xx_hal_msp.c **** 
  28:Src/stm32l4xx_hal_msp.c **** /* Private typedef -----------------------------------------------------------*/
  29:Src/stm32l4xx_hal_msp.c **** /* USER CODE BEGIN TD */
  30:Src/stm32l4xx_hal_msp.c **** 
  31:Src/stm32l4xx_hal_msp.c **** /* USER CODE END TD */
ARM GAS  C:\Users\choee\AppData\Local\Temp\ccilKWwa.s 			page 2


  32:Src/stm32l4xx_hal_msp.c **** 
  33:Src/stm32l4xx_hal_msp.c **** /* Private define ------------------------------------------------------------*/
  34:Src/stm32l4xx_hal_msp.c **** /* USER CODE BEGIN Define */
  35:Src/stm32l4xx_hal_msp.c ****  
  36:Src/stm32l4xx_hal_msp.c **** /* USER CODE END Define */
  37:Src/stm32l4xx_hal_msp.c **** 
  38:Src/stm32l4xx_hal_msp.c **** /* Private macro -------------------------------------------------------------*/
  39:Src/stm32l4xx_hal_msp.c **** /* USER CODE BEGIN Macro */
  40:Src/stm32l4xx_hal_msp.c **** 
  41:Src/stm32l4xx_hal_msp.c **** /* USER CODE END Macro */
  42:Src/stm32l4xx_hal_msp.c **** 
  43:Src/stm32l4xx_hal_msp.c **** /* Private variables ---------------------------------------------------------*/
  44:Src/stm32l4xx_hal_msp.c **** /* USER CODE BEGIN PV */
  45:Src/stm32l4xx_hal_msp.c **** 
  46:Src/stm32l4xx_hal_msp.c **** /* USER CODE END PV */
  47:Src/stm32l4xx_hal_msp.c **** 
  48:Src/stm32l4xx_hal_msp.c **** /* Private function prototypes -----------------------------------------------*/
  49:Src/stm32l4xx_hal_msp.c **** /* USER CODE BEGIN PFP */
  50:Src/stm32l4xx_hal_msp.c **** 
  51:Src/stm32l4xx_hal_msp.c **** /* USER CODE END PFP */
  52:Src/stm32l4xx_hal_msp.c **** 
  53:Src/stm32l4xx_hal_msp.c **** /* External functions --------------------------------------------------------*/
  54:Src/stm32l4xx_hal_msp.c **** /* USER CODE BEGIN ExternalFunctions */
  55:Src/stm32l4xx_hal_msp.c **** 
  56:Src/stm32l4xx_hal_msp.c **** /* USER CODE END ExternalFunctions */
  57:Src/stm32l4xx_hal_msp.c **** 
  58:Src/stm32l4xx_hal_msp.c **** /* USER CODE BEGIN 0 */
  59:Src/stm32l4xx_hal_msp.c **** 
  60:Src/stm32l4xx_hal_msp.c **** /* USER CODE END 0 */
  61:Src/stm32l4xx_hal_msp.c **** /**
  62:Src/stm32l4xx_hal_msp.c ****   * Initializes the Global MSP.
  63:Src/stm32l4xx_hal_msp.c ****   */
  64:Src/stm32l4xx_hal_msp.c **** void HAL_MspInit(void)
  65:Src/stm32l4xx_hal_msp.c **** {
  28              		.loc 1 65 0
  29              		.cfi_startproc
  30              		@ args = 0, pretend = 0, frame = 8
  31              		@ frame_needed = 0, uses_anonymous_args = 0
  32 0000 00B5     		push	{lr}
  33              	.LCFI0:
  34              		.cfi_def_cfa_offset 4
  35              		.cfi_offset 14, -4
  36 0002 83B0     		sub	sp, sp, #12
  37              	.LCFI1:
  38              		.cfi_def_cfa_offset 16
  39              	.LBB2:
  66:Src/stm32l4xx_hal_msp.c ****   /* USER CODE BEGIN MspInit 0 */
  67:Src/stm32l4xx_hal_msp.c **** 
  68:Src/stm32l4xx_hal_msp.c ****   /* USER CODE END MspInit 0 */
  69:Src/stm32l4xx_hal_msp.c **** 
  70:Src/stm32l4xx_hal_msp.c ****   __HAL_RCC_SYSCFG_CLK_ENABLE();
  40              		.loc 1 70 0
  41 0004 0D4B     		ldr	r3, .L3
  42 0006 1A6E     		ldr	r2, [r3, #96]
  43 0008 42F00102 		orr	r2, r2, #1
  44 000c 1A66     		str	r2, [r3, #96]
  45 000e 1A6E     		ldr	r2, [r3, #96]
ARM GAS  C:\Users\choee\AppData\Local\Temp\ccilKWwa.s 			page 3


  46 0010 02F00102 		and	r2, r2, #1
  47 0014 0092     		str	r2, [sp]
  48 0016 009A     		ldr	r2, [sp]
  49              	.LBE2:
  50              	.LBB3:
  71:Src/stm32l4xx_hal_msp.c ****   __HAL_RCC_PWR_CLK_ENABLE();
  51              		.loc 1 71 0
  52 0018 9A6D     		ldr	r2, [r3, #88]
  53 001a 42F08052 		orr	r2, r2, #268435456
  54 001e 9A65     		str	r2, [r3, #88]
  55 0020 9B6D     		ldr	r3, [r3, #88]
  56 0022 03F08053 		and	r3, r3, #268435456
  57 0026 0193     		str	r3, [sp, #4]
  58 0028 019B     		ldr	r3, [sp, #4]
  59              	.LBE3:
  72:Src/stm32l4xx_hal_msp.c **** 
  73:Src/stm32l4xx_hal_msp.c ****   /* System interrupt init*/
  74:Src/stm32l4xx_hal_msp.c ****   /* PendSV_IRQn interrupt configuration */
  75:Src/stm32l4xx_hal_msp.c ****   HAL_NVIC_SetPriority(PendSV_IRQn, 15, 0);
  60              		.loc 1 75 0
  61 002a 0022     		movs	r2, #0
  62 002c 0F21     		movs	r1, #15
  63 002e 6FF00100 		mvn	r0, #1
  64 0032 FFF7FEFF 		bl	HAL_NVIC_SetPriority
  65              	.LVL0:
  76:Src/stm32l4xx_hal_msp.c **** 
  77:Src/stm32l4xx_hal_msp.c ****   /* USER CODE BEGIN MspInit 1 */
  78:Src/stm32l4xx_hal_msp.c **** 
  79:Src/stm32l4xx_hal_msp.c ****   /* USER CODE END MspInit 1 */
  80:Src/stm32l4xx_hal_msp.c **** }
  66              		.loc 1 80 0
  67 0036 03B0     		add	sp, sp, #12
  68              	.LCFI2:
  69              		.cfi_def_cfa_offset 4
  70              		@ sp needed
  71 0038 5DF804FB 		ldr	pc, [sp], #4
  72              	.L4:
  73              		.align	2
  74              	.L3:
  75 003c 00100240 		.word	1073876992
  76              		.cfi_endproc
  77              	.LFE130:
  79              		.section	.text.HAL_DFSDM_ChannelMspInit,"ax",%progbits
  80              		.align	1
  81              		.global	HAL_DFSDM_ChannelMspInit
  82              		.syntax unified
  83              		.thumb
  84              		.thumb_func
  85              		.fpu fpv4-sp-d16
  87              	HAL_DFSDM_ChannelMspInit:
  88              	.LFB131:
  81:Src/stm32l4xx_hal_msp.c **** 
  82:Src/stm32l4xx_hal_msp.c **** static uint32_t DFSDM1_Init = 0;
  83:Src/stm32l4xx_hal_msp.c **** /**
  84:Src/stm32l4xx_hal_msp.c **** * @brief DFSDM_Channel MSP Initialization
  85:Src/stm32l4xx_hal_msp.c **** * This function configures the hardware resources used in this example
  86:Src/stm32l4xx_hal_msp.c **** * @param hdfsdm_channel: DFSDM_Channel handle pointer
ARM GAS  C:\Users\choee\AppData\Local\Temp\ccilKWwa.s 			page 4


  87:Src/stm32l4xx_hal_msp.c **** * @retval None
  88:Src/stm32l4xx_hal_msp.c **** */
  89:Src/stm32l4xx_hal_msp.c **** void HAL_DFSDM_ChannelMspInit(DFSDM_Channel_HandleTypeDef* hdfsdm_channel)
  90:Src/stm32l4xx_hal_msp.c **** {
  89              		.loc 1 90 0
  90              		.cfi_startproc
  91              		@ args = 0, pretend = 0, frame = 32
  92              		@ frame_needed = 0, uses_anonymous_args = 0
  93              	.LVL1:
  94 0000 00B5     		push	{lr}
  95              	.LCFI3:
  96              		.cfi_def_cfa_offset 4
  97              		.cfi_offset 14, -4
  98 0002 89B0     		sub	sp, sp, #36
  99              	.LCFI4:
 100              		.cfi_def_cfa_offset 40
  91:Src/stm32l4xx_hal_msp.c ****   GPIO_InitTypeDef GPIO_InitStruct = {0};
 101              		.loc 1 91 0
 102 0004 0023     		movs	r3, #0
 103 0006 0393     		str	r3, [sp, #12]
 104 0008 0493     		str	r3, [sp, #16]
 105 000a 0593     		str	r3, [sp, #20]
 106 000c 0693     		str	r3, [sp, #24]
 107 000e 0793     		str	r3, [sp, #28]
  92:Src/stm32l4xx_hal_msp.c ****   if(DFSDM1_Init == 0)
 108              		.loc 1 92 0
 109 0010 134B     		ldr	r3, .L9
 110 0012 1B68     		ldr	r3, [r3]
 111 0014 13B1     		cbz	r3, .L8
 112              	.LVL2:
 113              	.L5:
  93:Src/stm32l4xx_hal_msp.c ****   {
  94:Src/stm32l4xx_hal_msp.c ****   /* USER CODE BEGIN DFSDM1_MspInit 0 */
  95:Src/stm32l4xx_hal_msp.c **** 
  96:Src/stm32l4xx_hal_msp.c ****   /* USER CODE END DFSDM1_MspInit 0 */
  97:Src/stm32l4xx_hal_msp.c ****     /* Peripheral clock enable */
  98:Src/stm32l4xx_hal_msp.c ****     __HAL_RCC_DFSDM1_CLK_ENABLE();
  99:Src/stm32l4xx_hal_msp.c ****   
 100:Src/stm32l4xx_hal_msp.c ****     __HAL_RCC_GPIOE_CLK_ENABLE();
 101:Src/stm32l4xx_hal_msp.c ****     /**DFSDM1 GPIO Configuration    
 102:Src/stm32l4xx_hal_msp.c ****     PE7     ------> DFSDM1_DATIN2
 103:Src/stm32l4xx_hal_msp.c ****     PE9     ------> DFSDM1_CKOUT 
 104:Src/stm32l4xx_hal_msp.c ****     */
 105:Src/stm32l4xx_hal_msp.c ****     GPIO_InitStruct.Pin = DFSDM1_DATIN2_Pin|DFSDM1_CKOUT_Pin;
 106:Src/stm32l4xx_hal_msp.c ****     GPIO_InitStruct.Mode = GPIO_MODE_AF_PP;
 107:Src/stm32l4xx_hal_msp.c ****     GPIO_InitStruct.Pull = GPIO_NOPULL;
 108:Src/stm32l4xx_hal_msp.c ****     GPIO_InitStruct.Speed = GPIO_SPEED_FREQ_LOW;
 109:Src/stm32l4xx_hal_msp.c ****     GPIO_InitStruct.Alternate = GPIO_AF6_DFSDM1;
 110:Src/stm32l4xx_hal_msp.c ****     HAL_GPIO_Init(GPIOE, &GPIO_InitStruct);
 111:Src/stm32l4xx_hal_msp.c **** 
 112:Src/stm32l4xx_hal_msp.c ****   /* USER CODE BEGIN DFSDM1_MspInit 1 */
 113:Src/stm32l4xx_hal_msp.c **** 
 114:Src/stm32l4xx_hal_msp.c ****   /* USER CODE END DFSDM1_MspInit 1 */
 115:Src/stm32l4xx_hal_msp.c ****   }
 116:Src/stm32l4xx_hal_msp.c **** 
 117:Src/stm32l4xx_hal_msp.c **** }
 114              		.loc 1 117 0
ARM GAS  C:\Users\choee\AppData\Local\Temp\ccilKWwa.s 			page 5


 115 0016 09B0     		add	sp, sp, #36
 116              	.LCFI5:
 117              		.cfi_remember_state
 118              		.cfi_def_cfa_offset 4
 119              		@ sp needed
 120 0018 5DF804FB 		ldr	pc, [sp], #4
 121              	.LVL3:
 122              	.L8:
 123              	.LCFI6:
 124              		.cfi_restore_state
 125              	.LBB4:
  98:Src/stm32l4xx_hal_msp.c ****   
 126              		.loc 1 98 0
 127 001c 03F18043 		add	r3, r3, #1073741824
 128 0020 03F50433 		add	r3, r3, #135168
 129 0024 1A6E     		ldr	r2, [r3, #96]
 130 0026 42F08072 		orr	r2, r2, #16777216
 131 002a 1A66     		str	r2, [r3, #96]
 132 002c 1A6E     		ldr	r2, [r3, #96]
 133 002e 02F08072 		and	r2, r2, #16777216
 134 0032 0192     		str	r2, [sp, #4]
 135 0034 019A     		ldr	r2, [sp, #4]
 136              	.LBE4:
 137              	.LBB5:
 100:Src/stm32l4xx_hal_msp.c ****     /**DFSDM1 GPIO Configuration    
 138              		.loc 1 100 0
 139 0036 DA6C     		ldr	r2, [r3, #76]
 140 0038 42F01002 		orr	r2, r2, #16
 141 003c DA64     		str	r2, [r3, #76]
 142 003e DB6C     		ldr	r3, [r3, #76]
 143 0040 03F01003 		and	r3, r3, #16
 144 0044 0293     		str	r3, [sp, #8]
 145 0046 029B     		ldr	r3, [sp, #8]
 146              	.LBE5:
 105:Src/stm32l4xx_hal_msp.c ****     GPIO_InitStruct.Mode = GPIO_MODE_AF_PP;
 147              		.loc 1 105 0
 148 0048 4FF42073 		mov	r3, #640
 149 004c 0393     		str	r3, [sp, #12]
 106:Src/stm32l4xx_hal_msp.c ****     GPIO_InitStruct.Pull = GPIO_NOPULL;
 150              		.loc 1 106 0
 151 004e 0223     		movs	r3, #2
 152 0050 0493     		str	r3, [sp, #16]
 109:Src/stm32l4xx_hal_msp.c ****     HAL_GPIO_Init(GPIOE, &GPIO_InitStruct);
 153              		.loc 1 109 0
 154 0052 0623     		movs	r3, #6
 155 0054 0793     		str	r3, [sp, #28]
 110:Src/stm32l4xx_hal_msp.c **** 
 156              		.loc 1 110 0
 157 0056 03A9     		add	r1, sp, #12
 158 0058 0248     		ldr	r0, .L9+4
 159              	.LVL4:
 160 005a FFF7FEFF 		bl	HAL_GPIO_Init
 161              	.LVL5:
 162              		.loc 1 117 0
 163 005e DAE7     		b	.L5
 164              	.L10:
 165              		.align	2
ARM GAS  C:\Users\choee\AppData\Local\Temp\ccilKWwa.s 			page 6


 166              	.L9:
 167 0060 00000000 		.word	.LANCHOR0
 168 0064 00100048 		.word	1207963648
 169              		.cfi_endproc
 170              	.LFE131:
 172              		.section	.text.HAL_DFSDM_ChannelMspDeInit,"ax",%progbits
 173              		.align	1
 174              		.global	HAL_DFSDM_ChannelMspDeInit
 175              		.syntax unified
 176              		.thumb
 177              		.thumb_func
 178              		.fpu fpv4-sp-d16
 180              	HAL_DFSDM_ChannelMspDeInit:
 181              	.LFB132:
 118:Src/stm32l4xx_hal_msp.c **** 
 119:Src/stm32l4xx_hal_msp.c **** /**
 120:Src/stm32l4xx_hal_msp.c **** * @brief DFSDM_Channel MSP De-Initialization
 121:Src/stm32l4xx_hal_msp.c **** * This function freeze the hardware resources used in this example
 122:Src/stm32l4xx_hal_msp.c **** * @param hdfsdm_channel: DFSDM_Channel handle pointer
 123:Src/stm32l4xx_hal_msp.c **** * @retval None
 124:Src/stm32l4xx_hal_msp.c **** */
 125:Src/stm32l4xx_hal_msp.c **** void HAL_DFSDM_ChannelMspDeInit(DFSDM_Channel_HandleTypeDef* hdfsdm_channel)
 126:Src/stm32l4xx_hal_msp.c **** {
 182              		.loc 1 126 0
 183              		.cfi_startproc
 184              		@ args = 0, pretend = 0, frame = 0
 185              		@ frame_needed = 0, uses_anonymous_args = 0
 186              	.LVL6:
 187 0000 08B5     		push	{r3, lr}
 188              	.LCFI7:
 189              		.cfi_def_cfa_offset 8
 190              		.cfi_offset 3, -8
 191              		.cfi_offset 14, -4
 127:Src/stm32l4xx_hal_msp.c ****   DFSDM1_Init-- ;
 192              		.loc 1 127 0
 193 0002 084A     		ldr	r2, .L15
 194 0004 1368     		ldr	r3, [r2]
 195 0006 013B     		subs	r3, r3, #1
 196 0008 1360     		str	r3, [r2]
 128:Src/stm32l4xx_hal_msp.c ****   if(DFSDM1_Init == 0)
 197              		.loc 1 128 0
 198 000a 03B1     		cbz	r3, .L14
 199              	.LVL7:
 200              	.L11:
 201 000c 08BD     		pop	{r3, pc}
 202              	.LVL8:
 203              	.L14:
 129:Src/stm32l4xx_hal_msp.c ****     {
 130:Src/stm32l4xx_hal_msp.c ****   /* USER CODE BEGIN DFSDM1_MspDeInit 0 */
 131:Src/stm32l4xx_hal_msp.c **** 
 132:Src/stm32l4xx_hal_msp.c ****   /* USER CODE END DFSDM1_MspDeInit 0 */
 133:Src/stm32l4xx_hal_msp.c ****     /* Peripheral clock disable */
 134:Src/stm32l4xx_hal_msp.c ****     __HAL_RCC_DFSDM1_CLK_DISABLE();
 204              		.loc 1 134 0
 205 000e 064A     		ldr	r2, .L15+4
 206 0010 136E     		ldr	r3, [r2, #96]
 207 0012 23F08073 		bic	r3, r3, #16777216
ARM GAS  C:\Users\choee\AppData\Local\Temp\ccilKWwa.s 			page 7


 208 0016 1366     		str	r3, [r2, #96]
 135:Src/stm32l4xx_hal_msp.c ****   
 136:Src/stm32l4xx_hal_msp.c ****     /**DFSDM1 GPIO Configuration    
 137:Src/stm32l4xx_hal_msp.c ****     PE7     ------> DFSDM1_DATIN2
 138:Src/stm32l4xx_hal_msp.c ****     PE9     ------> DFSDM1_CKOUT 
 139:Src/stm32l4xx_hal_msp.c ****     */
 140:Src/stm32l4xx_hal_msp.c ****     HAL_GPIO_DeInit(GPIOE, DFSDM1_DATIN2_Pin|DFSDM1_CKOUT_Pin);
 209              		.loc 1 140 0
 210 0018 4FF42071 		mov	r1, #640
 211 001c 0348     		ldr	r0, .L15+8
 212              	.LVL9:
 213 001e FFF7FEFF 		bl	HAL_GPIO_DeInit
 214              	.LVL10:
 141:Src/stm32l4xx_hal_msp.c **** 
 142:Src/stm32l4xx_hal_msp.c ****   /* USER CODE BEGIN DFSDM1_MspDeInit 1 */
 143:Src/stm32l4xx_hal_msp.c **** 
 144:Src/stm32l4xx_hal_msp.c ****   /* USER CODE END DFSDM1_MspDeInit 1 */
 145:Src/stm32l4xx_hal_msp.c ****   }
 146:Src/stm32l4xx_hal_msp.c **** 
 147:Src/stm32l4xx_hal_msp.c **** }
 215              		.loc 1 147 0
 216 0022 F3E7     		b	.L11
 217              	.L16:
 218              		.align	2
 219              	.L15:
 220 0024 00000000 		.word	.LANCHOR0
 221 0028 00100240 		.word	1073876992
 222 002c 00100048 		.word	1207963648
 223              		.cfi_endproc
 224              	.LFE132:
 226              		.section	.text.HAL_I2C_MspInit,"ax",%progbits
 227              		.align	1
 228              		.global	HAL_I2C_MspInit
 229              		.syntax unified
 230              		.thumb
 231              		.thumb_func
 232              		.fpu fpv4-sp-d16
 234              	HAL_I2C_MspInit:
 235              	.LFB133:
 148:Src/stm32l4xx_hal_msp.c **** 
 149:Src/stm32l4xx_hal_msp.c **** /**
 150:Src/stm32l4xx_hal_msp.c **** * @brief I2C MSP Initialization
 151:Src/stm32l4xx_hal_msp.c **** * This function configures the hardware resources used in this example
 152:Src/stm32l4xx_hal_msp.c **** * @param hi2c: I2C handle pointer
 153:Src/stm32l4xx_hal_msp.c **** * @retval None
 154:Src/stm32l4xx_hal_msp.c **** */
 155:Src/stm32l4xx_hal_msp.c **** void HAL_I2C_MspInit(I2C_HandleTypeDef* hi2c)
 156:Src/stm32l4xx_hal_msp.c **** {
 236              		.loc 1 156 0
 237              		.cfi_startproc
 238              		@ args = 0, pretend = 0, frame = 32
 239              		@ frame_needed = 0, uses_anonymous_args = 0
 240              	.LVL11:
 241 0000 10B5     		push	{r4, lr}
 242              	.LCFI8:
 243              		.cfi_def_cfa_offset 8
 244              		.cfi_offset 4, -8
ARM GAS  C:\Users\choee\AppData\Local\Temp\ccilKWwa.s 			page 8


 245              		.cfi_offset 14, -4
 246 0002 88B0     		sub	sp, sp, #32
 247              	.LCFI9:
 248              		.cfi_def_cfa_offset 40
 157:Src/stm32l4xx_hal_msp.c ****   GPIO_InitTypeDef GPIO_InitStruct = {0};
 249              		.loc 1 157 0
 250 0004 0023     		movs	r3, #0
 251 0006 0393     		str	r3, [sp, #12]
 252 0008 0493     		str	r3, [sp, #16]
 253 000a 0593     		str	r3, [sp, #20]
 254 000c 0693     		str	r3, [sp, #24]
 255 000e 0793     		str	r3, [sp, #28]
 158:Src/stm32l4xx_hal_msp.c ****   if(hi2c->Instance==I2C2)
 256              		.loc 1 158 0
 257 0010 0268     		ldr	r2, [r0]
 258 0012 144B     		ldr	r3, .L21
 259 0014 9A42     		cmp	r2, r3
 260 0016 01D0     		beq	.L20
 261              	.LVL12:
 262              	.L17:
 159:Src/stm32l4xx_hal_msp.c ****   {
 160:Src/stm32l4xx_hal_msp.c ****   /* USER CODE BEGIN I2C2_MspInit 0 */
 161:Src/stm32l4xx_hal_msp.c **** 
 162:Src/stm32l4xx_hal_msp.c ****   /* USER CODE END I2C2_MspInit 0 */
 163:Src/stm32l4xx_hal_msp.c ****   
 164:Src/stm32l4xx_hal_msp.c ****     __HAL_RCC_GPIOB_CLK_ENABLE();
 165:Src/stm32l4xx_hal_msp.c ****     /**I2C2 GPIO Configuration    
 166:Src/stm32l4xx_hal_msp.c ****     PB10     ------> I2C2_SCL
 167:Src/stm32l4xx_hal_msp.c ****     PB11     ------> I2C2_SDA 
 168:Src/stm32l4xx_hal_msp.c ****     */
 169:Src/stm32l4xx_hal_msp.c ****     GPIO_InitStruct.Pin = INTERNAL_I2C2_SCL_Pin|INTERNAL_I2C2_SDA_Pin;
 170:Src/stm32l4xx_hal_msp.c ****     GPIO_InitStruct.Mode = GPIO_MODE_AF_OD;
 171:Src/stm32l4xx_hal_msp.c ****     GPIO_InitStruct.Pull = GPIO_PULLUP;
 172:Src/stm32l4xx_hal_msp.c ****     GPIO_InitStruct.Speed = GPIO_SPEED_FREQ_VERY_HIGH;
 173:Src/stm32l4xx_hal_msp.c ****     GPIO_InitStruct.Alternate = GPIO_AF4_I2C2;
 174:Src/stm32l4xx_hal_msp.c ****     HAL_GPIO_Init(GPIOB, &GPIO_InitStruct);
 175:Src/stm32l4xx_hal_msp.c **** 
 176:Src/stm32l4xx_hal_msp.c ****     /* Peripheral clock enable */
 177:Src/stm32l4xx_hal_msp.c ****     __HAL_RCC_I2C2_CLK_ENABLE();
 178:Src/stm32l4xx_hal_msp.c ****   /* USER CODE BEGIN I2C2_MspInit 1 */
 179:Src/stm32l4xx_hal_msp.c **** 
 180:Src/stm32l4xx_hal_msp.c ****   /* USER CODE END I2C2_MspInit 1 */
 181:Src/stm32l4xx_hal_msp.c ****   }
 182:Src/stm32l4xx_hal_msp.c **** 
 183:Src/stm32l4xx_hal_msp.c **** }
 263              		.loc 1 183 0
 264 0018 08B0     		add	sp, sp, #32
 265              	.LCFI10:
 266              		.cfi_remember_state
 267              		.cfi_def_cfa_offset 8
 268              		@ sp needed
 269 001a 10BD     		pop	{r4, pc}
 270              	.LVL13:
 271              	.L20:
 272              	.LCFI11:
 273              		.cfi_restore_state
 274              	.LBB6:
ARM GAS  C:\Users\choee\AppData\Local\Temp\ccilKWwa.s 			page 9


 164:Src/stm32l4xx_hal_msp.c ****     /**I2C2 GPIO Configuration    
 275              		.loc 1 164 0
 276 001c 124C     		ldr	r4, .L21+4
 277 001e E36C     		ldr	r3, [r4, #76]
 278 0020 43F00203 		orr	r3, r3, #2
 279 0024 E364     		str	r3, [r4, #76]
 280 0026 E36C     		ldr	r3, [r4, #76]
 281 0028 03F00203 		and	r3, r3, #2
 282 002c 0193     		str	r3, [sp, #4]
 283 002e 019B     		ldr	r3, [sp, #4]
 284              	.LBE6:
 169:Src/stm32l4xx_hal_msp.c ****     GPIO_InitStruct.Mode = GPIO_MODE_AF_OD;
 285              		.loc 1 169 0
 286 0030 4FF44063 		mov	r3, #3072
 287 0034 0393     		str	r3, [sp, #12]
 170:Src/stm32l4xx_hal_msp.c ****     GPIO_InitStruct.Pull = GPIO_PULLUP;
 288              		.loc 1 170 0
 289 0036 1223     		movs	r3, #18
 290 0038 0493     		str	r3, [sp, #16]
 171:Src/stm32l4xx_hal_msp.c ****     GPIO_InitStruct.Speed = GPIO_SPEED_FREQ_VERY_HIGH;
 291              		.loc 1 171 0
 292 003a 0123     		movs	r3, #1
 293 003c 0593     		str	r3, [sp, #20]
 172:Src/stm32l4xx_hal_msp.c ****     GPIO_InitStruct.Alternate = GPIO_AF4_I2C2;
 294              		.loc 1 172 0
 295 003e 0323     		movs	r3, #3
 296 0040 0693     		str	r3, [sp, #24]
 173:Src/stm32l4xx_hal_msp.c ****     HAL_GPIO_Init(GPIOB, &GPIO_InitStruct);
 297              		.loc 1 173 0
 298 0042 0423     		movs	r3, #4
 299 0044 0793     		str	r3, [sp, #28]
 174:Src/stm32l4xx_hal_msp.c **** 
 300              		.loc 1 174 0
 301 0046 03A9     		add	r1, sp, #12
 302 0048 0848     		ldr	r0, .L21+8
 303              	.LVL14:
 304 004a FFF7FEFF 		bl	HAL_GPIO_Init
 305              	.LVL15:
 306              	.LBB7:
 177:Src/stm32l4xx_hal_msp.c ****   /* USER CODE BEGIN I2C2_MspInit 1 */
 307              		.loc 1 177 0
 308 004e A36D     		ldr	r3, [r4, #88]
 309 0050 43F48003 		orr	r3, r3, #4194304
 310 0054 A365     		str	r3, [r4, #88]
 311 0056 A36D     		ldr	r3, [r4, #88]
 312 0058 03F48003 		and	r3, r3, #4194304
 313 005c 0293     		str	r3, [sp, #8]
 314 005e 029B     		ldr	r3, [sp, #8]
 315              	.LBE7:
 316              		.loc 1 183 0
 317 0060 DAE7     		b	.L17
 318              	.L22:
 319 0062 00BF     		.align	2
 320              	.L21:
 321 0064 00580040 		.word	1073764352
 322 0068 00100240 		.word	1073876992
 323 006c 00040048 		.word	1207960576
ARM GAS  C:\Users\choee\AppData\Local\Temp\ccilKWwa.s 			page 10


 324              		.cfi_endproc
 325              	.LFE133:
 327              		.section	.text.HAL_I2C_MspDeInit,"ax",%progbits
 328              		.align	1
 329              		.global	HAL_I2C_MspDeInit
 330              		.syntax unified
 331              		.thumb
 332              		.thumb_func
 333              		.fpu fpv4-sp-d16
 335              	HAL_I2C_MspDeInit:
 336              	.LFB134:
 184:Src/stm32l4xx_hal_msp.c **** 
 185:Src/stm32l4xx_hal_msp.c **** /**
 186:Src/stm32l4xx_hal_msp.c **** * @brief I2C MSP De-Initialization
 187:Src/stm32l4xx_hal_msp.c **** * This function freeze the hardware resources used in this example
 188:Src/stm32l4xx_hal_msp.c **** * @param hi2c: I2C handle pointer
 189:Src/stm32l4xx_hal_msp.c **** * @retval None
 190:Src/stm32l4xx_hal_msp.c **** */
 191:Src/stm32l4xx_hal_msp.c **** void HAL_I2C_MspDeInit(I2C_HandleTypeDef* hi2c)
 192:Src/stm32l4xx_hal_msp.c **** {
 337              		.loc 1 192 0
 338              		.cfi_startproc
 339              		@ args = 0, pretend = 0, frame = 0
 340              		@ frame_needed = 0, uses_anonymous_args = 0
 341              	.LVL16:
 342 0000 08B5     		push	{r3, lr}
 343              	.LCFI12:
 344              		.cfi_def_cfa_offset 8
 345              		.cfi_offset 3, -8
 346              		.cfi_offset 14, -4
 193:Src/stm32l4xx_hal_msp.c ****   if(hi2c->Instance==I2C2)
 347              		.loc 1 193 0
 348 0002 0268     		ldr	r2, [r0]
 349 0004 074B     		ldr	r3, .L27
 350 0006 9A42     		cmp	r2, r3
 351 0008 00D0     		beq	.L26
 352              	.LVL17:
 353              	.L23:
 354 000a 08BD     		pop	{r3, pc}
 355              	.LVL18:
 356              	.L26:
 194:Src/stm32l4xx_hal_msp.c ****   {
 195:Src/stm32l4xx_hal_msp.c ****   /* USER CODE BEGIN I2C2_MspDeInit 0 */
 196:Src/stm32l4xx_hal_msp.c **** 
 197:Src/stm32l4xx_hal_msp.c ****   /* USER CODE END I2C2_MspDeInit 0 */
 198:Src/stm32l4xx_hal_msp.c ****     /* Peripheral clock disable */
 199:Src/stm32l4xx_hal_msp.c ****     __HAL_RCC_I2C2_CLK_DISABLE();
 357              		.loc 1 199 0
 358 000c 064A     		ldr	r2, .L27+4
 359 000e 936D     		ldr	r3, [r2, #88]
 360 0010 23F48003 		bic	r3, r3, #4194304
 361 0014 9365     		str	r3, [r2, #88]
 200:Src/stm32l4xx_hal_msp.c ****   
 201:Src/stm32l4xx_hal_msp.c ****     /**I2C2 GPIO Configuration    
 202:Src/stm32l4xx_hal_msp.c ****     PB10     ------> I2C2_SCL
 203:Src/stm32l4xx_hal_msp.c ****     PB11     ------> I2C2_SDA 
 204:Src/stm32l4xx_hal_msp.c ****     */
ARM GAS  C:\Users\choee\AppData\Local\Temp\ccilKWwa.s 			page 11


 205:Src/stm32l4xx_hal_msp.c ****     HAL_GPIO_DeInit(GPIOB, INTERNAL_I2C2_SCL_Pin|INTERNAL_I2C2_SDA_Pin);
 362              		.loc 1 205 0
 363 0016 4FF44061 		mov	r1, #3072
 364 001a 0448     		ldr	r0, .L27+8
 365              	.LVL19:
 366 001c FFF7FEFF 		bl	HAL_GPIO_DeInit
 367              	.LVL20:
 206:Src/stm32l4xx_hal_msp.c **** 
 207:Src/stm32l4xx_hal_msp.c ****   /* USER CODE BEGIN I2C2_MspDeInit 1 */
 208:Src/stm32l4xx_hal_msp.c **** 
 209:Src/stm32l4xx_hal_msp.c ****   /* USER CODE END I2C2_MspDeInit 1 */
 210:Src/stm32l4xx_hal_msp.c ****   }
 211:Src/stm32l4xx_hal_msp.c **** 
 212:Src/stm32l4xx_hal_msp.c **** }
 368              		.loc 1 212 0
 369 0020 F3E7     		b	.L23
 370              	.L28:
 371 0022 00BF     		.align	2
 372              	.L27:
 373 0024 00580040 		.word	1073764352
 374 0028 00100240 		.word	1073876992
 375 002c 00040048 		.word	1207960576
 376              		.cfi_endproc
 377              	.LFE134:
 379              		.section	.text.HAL_QSPI_MspInit,"ax",%progbits
 380              		.align	1
 381              		.global	HAL_QSPI_MspInit
 382              		.syntax unified
 383              		.thumb
 384              		.thumb_func
 385              		.fpu fpv4-sp-d16
 387              	HAL_QSPI_MspInit:
 388              	.LFB135:
 213:Src/stm32l4xx_hal_msp.c **** 
 214:Src/stm32l4xx_hal_msp.c **** /**
 215:Src/stm32l4xx_hal_msp.c **** * @brief QSPI MSP Initialization
 216:Src/stm32l4xx_hal_msp.c **** * This function configures the hardware resources used in this example
 217:Src/stm32l4xx_hal_msp.c **** * @param hqspi: QSPI handle pointer
 218:Src/stm32l4xx_hal_msp.c **** * @retval None
 219:Src/stm32l4xx_hal_msp.c **** */
 220:Src/stm32l4xx_hal_msp.c **** void HAL_QSPI_MspInit(QSPI_HandleTypeDef* hqspi)
 221:Src/stm32l4xx_hal_msp.c **** {
 389              		.loc 1 221 0
 390              		.cfi_startproc
 391              		@ args = 0, pretend = 0, frame = 32
 392              		@ frame_needed = 0, uses_anonymous_args = 0
 393              	.LVL21:
 394 0000 00B5     		push	{lr}
 395              	.LCFI13:
 396              		.cfi_def_cfa_offset 4
 397              		.cfi_offset 14, -4
 398 0002 89B0     		sub	sp, sp, #36
 399              	.LCFI14:
 400              		.cfi_def_cfa_offset 40
 222:Src/stm32l4xx_hal_msp.c ****   GPIO_InitTypeDef GPIO_InitStruct = {0};
 401              		.loc 1 222 0
 402 0004 0023     		movs	r3, #0
ARM GAS  C:\Users\choee\AppData\Local\Temp\ccilKWwa.s 			page 12


 403 0006 0393     		str	r3, [sp, #12]
 404 0008 0493     		str	r3, [sp, #16]
 405 000a 0593     		str	r3, [sp, #20]
 406 000c 0693     		str	r3, [sp, #24]
 407 000e 0793     		str	r3, [sp, #28]
 223:Src/stm32l4xx_hal_msp.c ****   if(hqspi->Instance==QUADSPI)
 408              		.loc 1 223 0
 409 0010 0268     		ldr	r2, [r0]
 410 0012 154B     		ldr	r3, .L33
 411 0014 9A42     		cmp	r2, r3
 412 0016 02D0     		beq	.L32
 413              	.LVL22:
 414              	.L29:
 224:Src/stm32l4xx_hal_msp.c ****   {
 225:Src/stm32l4xx_hal_msp.c ****   /* USER CODE BEGIN QUADSPI_MspInit 0 */
 226:Src/stm32l4xx_hal_msp.c **** 
 227:Src/stm32l4xx_hal_msp.c ****   /* USER CODE END QUADSPI_MspInit 0 */
 228:Src/stm32l4xx_hal_msp.c ****     /* Peripheral clock enable */
 229:Src/stm32l4xx_hal_msp.c ****     __HAL_RCC_QSPI_CLK_ENABLE();
 230:Src/stm32l4xx_hal_msp.c ****   
 231:Src/stm32l4xx_hal_msp.c ****     __HAL_RCC_GPIOE_CLK_ENABLE();
 232:Src/stm32l4xx_hal_msp.c ****     /**QUADSPI GPIO Configuration    
 233:Src/stm32l4xx_hal_msp.c ****     PE10     ------> QUADSPI_CLK
 234:Src/stm32l4xx_hal_msp.c ****     PE11     ------> QUADSPI_NCS
 235:Src/stm32l4xx_hal_msp.c ****     PE12     ------> QUADSPI_BK1_IO0
 236:Src/stm32l4xx_hal_msp.c ****     PE13     ------> QUADSPI_BK1_IO1
 237:Src/stm32l4xx_hal_msp.c ****     PE14     ------> QUADSPI_BK1_IO2
 238:Src/stm32l4xx_hal_msp.c ****     PE15     ------> QUADSPI_BK1_IO3 
 239:Src/stm32l4xx_hal_msp.c ****     */
 240:Src/stm32l4xx_hal_msp.c ****     GPIO_InitStruct.Pin = QUADSPI_CLK_Pin|QUADSPI_NCS_Pin|OQUADSPI_BK1_IO0_Pin|QUADSPI_BK1_IO1_Pin 
 241:Src/stm32l4xx_hal_msp.c ****                           |QUAD_SPI_BK1_IO2_Pin|QUAD_SPI_BK1_IO3_Pin;
 242:Src/stm32l4xx_hal_msp.c ****     GPIO_InitStruct.Mode = GPIO_MODE_AF_PP;
 243:Src/stm32l4xx_hal_msp.c ****     GPIO_InitStruct.Pull = GPIO_NOPULL;
 244:Src/stm32l4xx_hal_msp.c ****     GPIO_InitStruct.Speed = GPIO_SPEED_FREQ_VERY_HIGH;
 245:Src/stm32l4xx_hal_msp.c ****     GPIO_InitStruct.Alternate = GPIO_AF10_QUADSPI;
 246:Src/stm32l4xx_hal_msp.c ****     HAL_GPIO_Init(GPIOE, &GPIO_InitStruct);
 247:Src/stm32l4xx_hal_msp.c **** 
 248:Src/stm32l4xx_hal_msp.c ****   /* USER CODE BEGIN QUADSPI_MspInit 1 */
 249:Src/stm32l4xx_hal_msp.c **** 
 250:Src/stm32l4xx_hal_msp.c ****   /* USER CODE END QUADSPI_MspInit 1 */
 251:Src/stm32l4xx_hal_msp.c ****   }
 252:Src/stm32l4xx_hal_msp.c **** 
 253:Src/stm32l4xx_hal_msp.c **** }
 415              		.loc 1 253 0
 416 0018 09B0     		add	sp, sp, #36
 417              	.LCFI15:
 418              		.cfi_remember_state
 419              		.cfi_def_cfa_offset 4
 420              		@ sp needed
 421 001a 5DF804FB 		ldr	pc, [sp], #4
 422              	.LVL23:
 423              	.L32:
 424              	.LCFI16:
 425              		.cfi_restore_state
 426              	.LBB8:
 229:Src/stm32l4xx_hal_msp.c ****   
 427              		.loc 1 229 0
ARM GAS  C:\Users\choee\AppData\Local\Temp\ccilKWwa.s 			page 13


 428 001e 03F12043 		add	r3, r3, #-1610612736
 429 0022 03F50033 		add	r3, r3, #131072
 430 0026 1A6D     		ldr	r2, [r3, #80]
 431 0028 42F48072 		orr	r2, r2, #256
 432 002c 1A65     		str	r2, [r3, #80]
 433 002e 1A6D     		ldr	r2, [r3, #80]
 434 0030 02F48072 		and	r2, r2, #256
 435 0034 0192     		str	r2, [sp, #4]
 436 0036 019A     		ldr	r2, [sp, #4]
 437              	.LBE8:
 438              	.LBB9:
 231:Src/stm32l4xx_hal_msp.c ****     /**QUADSPI GPIO Configuration    
 439              		.loc 1 231 0
 440 0038 DA6C     		ldr	r2, [r3, #76]
 441 003a 42F01002 		orr	r2, r2, #16
 442 003e DA64     		str	r2, [r3, #76]
 443 0040 DB6C     		ldr	r3, [r3, #76]
 444 0042 03F01003 		and	r3, r3, #16
 445 0046 0293     		str	r3, [sp, #8]
 446 0048 029B     		ldr	r3, [sp, #8]
 447              	.LBE9:
 240:Src/stm32l4xx_hal_msp.c ****                           |QUAD_SPI_BK1_IO2_Pin|QUAD_SPI_BK1_IO3_Pin;
 448              		.loc 1 240 0
 449 004a 4FF47C43 		mov	r3, #64512
 450 004e 0393     		str	r3, [sp, #12]
 242:Src/stm32l4xx_hal_msp.c ****     GPIO_InitStruct.Pull = GPIO_NOPULL;
 451              		.loc 1 242 0
 452 0050 0223     		movs	r3, #2
 453 0052 0493     		str	r3, [sp, #16]
 244:Src/stm32l4xx_hal_msp.c ****     GPIO_InitStruct.Alternate = GPIO_AF10_QUADSPI;
 454              		.loc 1 244 0
 455 0054 0323     		movs	r3, #3
 456 0056 0693     		str	r3, [sp, #24]
 245:Src/stm32l4xx_hal_msp.c ****     HAL_GPIO_Init(GPIOE, &GPIO_InitStruct);
 457              		.loc 1 245 0
 458 0058 0A23     		movs	r3, #10
 459 005a 0793     		str	r3, [sp, #28]
 246:Src/stm32l4xx_hal_msp.c **** 
 460              		.loc 1 246 0
 461 005c 03A9     		add	r1, sp, #12
 462 005e 0348     		ldr	r0, .L33+4
 463              	.LVL24:
 464 0060 FFF7FEFF 		bl	HAL_GPIO_Init
 465              	.LVL25:
 466              		.loc 1 253 0
 467 0064 D8E7     		b	.L29
 468              	.L34:
 469 0066 00BF     		.align	2
 470              	.L33:
 471 0068 001000A0 		.word	-1610608640
 472 006c 00100048 		.word	1207963648
 473              		.cfi_endproc
 474              	.LFE135:
 476              		.section	.text.HAL_QSPI_MspDeInit,"ax",%progbits
 477              		.align	1
 478              		.global	HAL_QSPI_MspDeInit
 479              		.syntax unified
ARM GAS  C:\Users\choee\AppData\Local\Temp\ccilKWwa.s 			page 14


 480              		.thumb
 481              		.thumb_func
 482              		.fpu fpv4-sp-d16
 484              	HAL_QSPI_MspDeInit:
 485              	.LFB136:
 254:Src/stm32l4xx_hal_msp.c **** 
 255:Src/stm32l4xx_hal_msp.c **** /**
 256:Src/stm32l4xx_hal_msp.c **** * @brief QSPI MSP De-Initialization
 257:Src/stm32l4xx_hal_msp.c **** * This function freeze the hardware resources used in this example
 258:Src/stm32l4xx_hal_msp.c **** * @param hqspi: QSPI handle pointer
 259:Src/stm32l4xx_hal_msp.c **** * @retval None
 260:Src/stm32l4xx_hal_msp.c **** */
 261:Src/stm32l4xx_hal_msp.c **** void HAL_QSPI_MspDeInit(QSPI_HandleTypeDef* hqspi)
 262:Src/stm32l4xx_hal_msp.c **** {
 486              		.loc 1 262 0
 487              		.cfi_startproc
 488              		@ args = 0, pretend = 0, frame = 0
 489              		@ frame_needed = 0, uses_anonymous_args = 0
 490              	.LVL26:
 491 0000 08B5     		push	{r3, lr}
 492              	.LCFI17:
 493              		.cfi_def_cfa_offset 8
 494              		.cfi_offset 3, -8
 495              		.cfi_offset 14, -4
 263:Src/stm32l4xx_hal_msp.c ****   if(hqspi->Instance==QUADSPI)
 496              		.loc 1 263 0
 497 0002 0268     		ldr	r2, [r0]
 498 0004 074B     		ldr	r3, .L39
 499 0006 9A42     		cmp	r2, r3
 500 0008 00D0     		beq	.L38
 501              	.LVL27:
 502              	.L35:
 503 000a 08BD     		pop	{r3, pc}
 504              	.LVL28:
 505              	.L38:
 264:Src/stm32l4xx_hal_msp.c ****   {
 265:Src/stm32l4xx_hal_msp.c ****   /* USER CODE BEGIN QUADSPI_MspDeInit 0 */
 266:Src/stm32l4xx_hal_msp.c **** 
 267:Src/stm32l4xx_hal_msp.c ****   /* USER CODE END QUADSPI_MspDeInit 0 */
 268:Src/stm32l4xx_hal_msp.c ****     /* Peripheral clock disable */
 269:Src/stm32l4xx_hal_msp.c ****     __HAL_RCC_QSPI_CLK_DISABLE();
 506              		.loc 1 269 0
 507 000c 064A     		ldr	r2, .L39+4
 508 000e 136D     		ldr	r3, [r2, #80]
 509 0010 23F48073 		bic	r3, r3, #256
 510 0014 1365     		str	r3, [r2, #80]
 270:Src/stm32l4xx_hal_msp.c ****   
 271:Src/stm32l4xx_hal_msp.c ****     /**QUADSPI GPIO Configuration    
 272:Src/stm32l4xx_hal_msp.c ****     PE10     ------> QUADSPI_CLK
 273:Src/stm32l4xx_hal_msp.c ****     PE11     ------> QUADSPI_NCS
 274:Src/stm32l4xx_hal_msp.c ****     PE12     ------> QUADSPI_BK1_IO0
 275:Src/stm32l4xx_hal_msp.c ****     PE13     ------> QUADSPI_BK1_IO1
 276:Src/stm32l4xx_hal_msp.c ****     PE14     ------> QUADSPI_BK1_IO2
 277:Src/stm32l4xx_hal_msp.c ****     PE15     ------> QUADSPI_BK1_IO3 
 278:Src/stm32l4xx_hal_msp.c ****     */
 279:Src/stm32l4xx_hal_msp.c ****     HAL_GPIO_DeInit(GPIOE, QUADSPI_CLK_Pin|QUADSPI_NCS_Pin|OQUADSPI_BK1_IO0_Pin|QUADSPI_BK1_IO1_Pin
 511              		.loc 1 279 0
ARM GAS  C:\Users\choee\AppData\Local\Temp\ccilKWwa.s 			page 15


 512 0016 4FF47C41 		mov	r1, #64512
 513 001a 0448     		ldr	r0, .L39+8
 514              	.LVL29:
 515 001c FFF7FEFF 		bl	HAL_GPIO_DeInit
 516              	.LVL30:
 280:Src/stm32l4xx_hal_msp.c ****                           |QUAD_SPI_BK1_IO2_Pin|QUAD_SPI_BK1_IO3_Pin);
 281:Src/stm32l4xx_hal_msp.c **** 
 282:Src/stm32l4xx_hal_msp.c ****   /* USER CODE BEGIN QUADSPI_MspDeInit 1 */
 283:Src/stm32l4xx_hal_msp.c **** 
 284:Src/stm32l4xx_hal_msp.c ****   /* USER CODE END QUADSPI_MspDeInit 1 */
 285:Src/stm32l4xx_hal_msp.c ****   }
 286:Src/stm32l4xx_hal_msp.c **** 
 287:Src/stm32l4xx_hal_msp.c **** }
 517              		.loc 1 287 0
 518 0020 F3E7     		b	.L35
 519              	.L40:
 520 0022 00BF     		.align	2
 521              	.L39:
 522 0024 001000A0 		.word	-1610608640
 523 0028 00100240 		.word	1073876992
 524 002c 00100048 		.word	1207963648
 525              		.cfi_endproc
 526              	.LFE136:
 528              		.section	.text.HAL_UART_MspInit,"ax",%progbits
 529              		.align	1
 530              		.global	HAL_UART_MspInit
 531              		.syntax unified
 532              		.thumb
 533              		.thumb_func
 534              		.fpu fpv4-sp-d16
 536              	HAL_UART_MspInit:
 537              	.LFB137:
 288:Src/stm32l4xx_hal_msp.c **** 
 289:Src/stm32l4xx_hal_msp.c **** /**
 290:Src/stm32l4xx_hal_msp.c **** * @brief UART MSP Initialization
 291:Src/stm32l4xx_hal_msp.c **** * This function configures the hardware resources used in this example
 292:Src/stm32l4xx_hal_msp.c **** * @param huart: UART handle pointer
 293:Src/stm32l4xx_hal_msp.c **** * @retval None
 294:Src/stm32l4xx_hal_msp.c **** */
 295:Src/stm32l4xx_hal_msp.c **** void HAL_UART_MspInit(UART_HandleTypeDef* huart)
 296:Src/stm32l4xx_hal_msp.c **** {
 538              		.loc 1 296 0
 539              		.cfi_startproc
 540              		@ args = 0, pretend = 0, frame = 32
 541              		@ frame_needed = 0, uses_anonymous_args = 0
 542              	.LVL31:
 543 0000 00B5     		push	{lr}
 544              	.LCFI18:
 545              		.cfi_def_cfa_offset 4
 546              		.cfi_offset 14, -4
 547 0002 89B0     		sub	sp, sp, #36
 548              	.LCFI19:
 549              		.cfi_def_cfa_offset 40
 297:Src/stm32l4xx_hal_msp.c ****   GPIO_InitTypeDef GPIO_InitStruct = {0};
 550              		.loc 1 297 0
 551 0004 0023     		movs	r3, #0
 552 0006 0393     		str	r3, [sp, #12]
ARM GAS  C:\Users\choee\AppData\Local\Temp\ccilKWwa.s 			page 16


 553 0008 0493     		str	r3, [sp, #16]
 554 000a 0593     		str	r3, [sp, #20]
 555 000c 0693     		str	r3, [sp, #24]
 556 000e 0793     		str	r3, [sp, #28]
 298:Src/stm32l4xx_hal_msp.c ****   if(huart->Instance==USART3)
 557              		.loc 1 298 0
 558 0010 0268     		ldr	r2, [r0]
 559 0012 144B     		ldr	r3, .L45
 560 0014 9A42     		cmp	r2, r3
 561 0016 02D0     		beq	.L44
 562              	.LVL32:
 563              	.L41:
 299:Src/stm32l4xx_hal_msp.c ****   {
 300:Src/stm32l4xx_hal_msp.c ****   /* USER CODE BEGIN USART3_MspInit 0 */
 301:Src/stm32l4xx_hal_msp.c **** 
 302:Src/stm32l4xx_hal_msp.c ****   /* USER CODE END USART3_MspInit 0 */
 303:Src/stm32l4xx_hal_msp.c ****     /* Peripheral clock enable */
 304:Src/stm32l4xx_hal_msp.c ****     __HAL_RCC_USART3_CLK_ENABLE();
 305:Src/stm32l4xx_hal_msp.c ****   
 306:Src/stm32l4xx_hal_msp.c ****     __HAL_RCC_GPIOD_CLK_ENABLE();
 307:Src/stm32l4xx_hal_msp.c ****     /**USART3 GPIO Configuration    
 308:Src/stm32l4xx_hal_msp.c ****     PD8     ------> USART3_TX
 309:Src/stm32l4xx_hal_msp.c ****     PD9     ------> USART3_RX 
 310:Src/stm32l4xx_hal_msp.c ****     */
 311:Src/stm32l4xx_hal_msp.c ****     GPIO_InitStruct.Pin = INTERNAL_UART3_TX_Pin|INTERNAL_UART3_RX_Pin;
 312:Src/stm32l4xx_hal_msp.c ****     GPIO_InitStruct.Mode = GPIO_MODE_AF_PP;
 313:Src/stm32l4xx_hal_msp.c ****     GPIO_InitStruct.Pull = GPIO_NOPULL;
 314:Src/stm32l4xx_hal_msp.c ****     GPIO_InitStruct.Speed = GPIO_SPEED_FREQ_VERY_HIGH;
 315:Src/stm32l4xx_hal_msp.c ****     GPIO_InitStruct.Alternate = GPIO_AF7_USART3;
 316:Src/stm32l4xx_hal_msp.c ****     HAL_GPIO_Init(GPIOD, &GPIO_InitStruct);
 317:Src/stm32l4xx_hal_msp.c **** 
 318:Src/stm32l4xx_hal_msp.c ****   /* USER CODE BEGIN USART3_MspInit 1 */
 319:Src/stm32l4xx_hal_msp.c **** 
 320:Src/stm32l4xx_hal_msp.c ****   /* USER CODE END USART3_MspInit 1 */
 321:Src/stm32l4xx_hal_msp.c ****   }
 322:Src/stm32l4xx_hal_msp.c **** 
 323:Src/stm32l4xx_hal_msp.c **** }
 564              		.loc 1 323 0
 565 0018 09B0     		add	sp, sp, #36
 566              	.LCFI20:
 567              		.cfi_remember_state
 568              		.cfi_def_cfa_offset 4
 569              		@ sp needed
 570 001a 5DF804FB 		ldr	pc, [sp], #4
 571              	.LVL33:
 572              	.L44:
 573              	.LCFI21:
 574              		.cfi_restore_state
 575              	.LBB10:
 304:Src/stm32l4xx_hal_msp.c ****   
 576              		.loc 1 304 0
 577 001e 03F5E433 		add	r3, r3, #116736
 578 0022 9A6D     		ldr	r2, [r3, #88]
 579 0024 42F48022 		orr	r2, r2, #262144
 580 0028 9A65     		str	r2, [r3, #88]
 581 002a 9A6D     		ldr	r2, [r3, #88]
 582 002c 02F48022 		and	r2, r2, #262144
ARM GAS  C:\Users\choee\AppData\Local\Temp\ccilKWwa.s 			page 17


 583 0030 0192     		str	r2, [sp, #4]
 584 0032 019A     		ldr	r2, [sp, #4]
 585              	.LBE10:
 586              	.LBB11:
 306:Src/stm32l4xx_hal_msp.c ****     /**USART3 GPIO Configuration    
 587              		.loc 1 306 0
 588 0034 DA6C     		ldr	r2, [r3, #76]
 589 0036 42F00802 		orr	r2, r2, #8
 590 003a DA64     		str	r2, [r3, #76]
 591 003c DB6C     		ldr	r3, [r3, #76]
 592 003e 03F00803 		and	r3, r3, #8
 593 0042 0293     		str	r3, [sp, #8]
 594 0044 029B     		ldr	r3, [sp, #8]
 595              	.LBE11:
 311:Src/stm32l4xx_hal_msp.c ****     GPIO_InitStruct.Mode = GPIO_MODE_AF_PP;
 596              		.loc 1 311 0
 597 0046 4FF44073 		mov	r3, #768
 598 004a 0393     		str	r3, [sp, #12]
 312:Src/stm32l4xx_hal_msp.c ****     GPIO_InitStruct.Pull = GPIO_NOPULL;
 599              		.loc 1 312 0
 600 004c 0223     		movs	r3, #2
 601 004e 0493     		str	r3, [sp, #16]
 314:Src/stm32l4xx_hal_msp.c ****     GPIO_InitStruct.Alternate = GPIO_AF7_USART3;
 602              		.loc 1 314 0
 603 0050 0323     		movs	r3, #3
 604 0052 0693     		str	r3, [sp, #24]
 315:Src/stm32l4xx_hal_msp.c ****     HAL_GPIO_Init(GPIOD, &GPIO_InitStruct);
 605              		.loc 1 315 0
 606 0054 0723     		movs	r3, #7
 607 0056 0793     		str	r3, [sp, #28]
 316:Src/stm32l4xx_hal_msp.c **** 
 608              		.loc 1 316 0
 609 0058 03A9     		add	r1, sp, #12
 610 005a 0348     		ldr	r0, .L45+4
 611              	.LVL34:
 612 005c FFF7FEFF 		bl	HAL_GPIO_Init
 613              	.LVL35:
 614              		.loc 1 323 0
 615 0060 DAE7     		b	.L41
 616              	.L46:
 617 0062 00BF     		.align	2
 618              	.L45:
 619 0064 00480040 		.word	1073760256
 620 0068 000C0048 		.word	1207962624
 621              		.cfi_endproc
 622              	.LFE137:
 624              		.section	.text.HAL_UART_MspDeInit,"ax",%progbits
 625              		.align	1
 626              		.global	HAL_UART_MspDeInit
 627              		.syntax unified
 628              		.thumb
 629              		.thumb_func
 630              		.fpu fpv4-sp-d16
 632              	HAL_UART_MspDeInit:
 633              	.LFB138:
 324:Src/stm32l4xx_hal_msp.c **** 
 325:Src/stm32l4xx_hal_msp.c **** /**
ARM GAS  C:\Users\choee\AppData\Local\Temp\ccilKWwa.s 			page 18


 326:Src/stm32l4xx_hal_msp.c **** * @brief UART MSP De-Initialization
 327:Src/stm32l4xx_hal_msp.c **** * This function freeze the hardware resources used in this example
 328:Src/stm32l4xx_hal_msp.c **** * @param huart: UART handle pointer
 329:Src/stm32l4xx_hal_msp.c **** * @retval None
 330:Src/stm32l4xx_hal_msp.c **** */
 331:Src/stm32l4xx_hal_msp.c **** void HAL_UART_MspDeInit(UART_HandleTypeDef* huart)
 332:Src/stm32l4xx_hal_msp.c **** {
 634              		.loc 1 332 0
 635              		.cfi_startproc
 636              		@ args = 0, pretend = 0, frame = 0
 637              		@ frame_needed = 0, uses_anonymous_args = 0
 638              	.LVL36:
 639 0000 08B5     		push	{r3, lr}
 640              	.LCFI22:
 641              		.cfi_def_cfa_offset 8
 642              		.cfi_offset 3, -8
 643              		.cfi_offset 14, -4
 333:Src/stm32l4xx_hal_msp.c ****   if(huart->Instance==USART3)
 644              		.loc 1 333 0
 645 0002 0268     		ldr	r2, [r0]
 646 0004 074B     		ldr	r3, .L51
 647 0006 9A42     		cmp	r2, r3
 648 0008 00D0     		beq	.L50
 649              	.LVL37:
 650              	.L47:
 651 000a 08BD     		pop	{r3, pc}
 652              	.LVL38:
 653              	.L50:
 334:Src/stm32l4xx_hal_msp.c ****   {
 335:Src/stm32l4xx_hal_msp.c ****   /* USER CODE BEGIN USART3_MspDeInit 0 */
 336:Src/stm32l4xx_hal_msp.c **** 
 337:Src/stm32l4xx_hal_msp.c ****   /* USER CODE END USART3_MspDeInit 0 */
 338:Src/stm32l4xx_hal_msp.c ****     /* Peripheral clock disable */
 339:Src/stm32l4xx_hal_msp.c ****     __HAL_RCC_USART3_CLK_DISABLE();
 654              		.loc 1 339 0
 655 000c 064A     		ldr	r2, .L51+4
 656 000e 936D     		ldr	r3, [r2, #88]
 657 0010 23F48023 		bic	r3, r3, #262144
 658 0014 9365     		str	r3, [r2, #88]
 340:Src/stm32l4xx_hal_msp.c ****   
 341:Src/stm32l4xx_hal_msp.c ****     /**USART3 GPIO Configuration    
 342:Src/stm32l4xx_hal_msp.c ****     PD8     ------> USART3_TX
 343:Src/stm32l4xx_hal_msp.c ****     PD9     ------> USART3_RX 
 344:Src/stm32l4xx_hal_msp.c ****     */
 345:Src/stm32l4xx_hal_msp.c ****     HAL_GPIO_DeInit(GPIOD, INTERNAL_UART3_TX_Pin|INTERNAL_UART3_RX_Pin);
 659              		.loc 1 345 0
 660 0016 4FF44071 		mov	r1, #768
 661 001a 0448     		ldr	r0, .L51+8
 662              	.LVL39:
 663 001c FFF7FEFF 		bl	HAL_GPIO_DeInit
 664              	.LVL40:
 346:Src/stm32l4xx_hal_msp.c **** 
 347:Src/stm32l4xx_hal_msp.c ****   /* USER CODE BEGIN USART3_MspDeInit 1 */
 348:Src/stm32l4xx_hal_msp.c **** 
 349:Src/stm32l4xx_hal_msp.c ****   /* USER CODE END USART3_MspDeInit 1 */
 350:Src/stm32l4xx_hal_msp.c ****   }
 351:Src/stm32l4xx_hal_msp.c **** 
ARM GAS  C:\Users\choee\AppData\Local\Temp\ccilKWwa.s 			page 19


 352:Src/stm32l4xx_hal_msp.c **** }
 665              		.loc 1 352 0
 666 0020 F3E7     		b	.L47
 667              	.L52:
 668 0022 00BF     		.align	2
 669              	.L51:
 670 0024 00480040 		.word	1073760256
 671 0028 00100240 		.word	1073876992
 672 002c 000C0048 		.word	1207962624
 673              		.cfi_endproc
 674              	.LFE138:
 676              		.section	.text.HAL_PCD_MspInit,"ax",%progbits
 677              		.align	1
 678              		.global	HAL_PCD_MspInit
 679              		.syntax unified
 680              		.thumb
 681              		.thumb_func
 682              		.fpu fpv4-sp-d16
 684              	HAL_PCD_MspInit:
 685              	.LFB139:
 353:Src/stm32l4xx_hal_msp.c **** 
 354:Src/stm32l4xx_hal_msp.c **** /**
 355:Src/stm32l4xx_hal_msp.c **** * @brief PCD MSP Initialization
 356:Src/stm32l4xx_hal_msp.c **** * This function configures the hardware resources used in this example
 357:Src/stm32l4xx_hal_msp.c **** * @param hpcd: PCD handle pointer
 358:Src/stm32l4xx_hal_msp.c **** * @retval None
 359:Src/stm32l4xx_hal_msp.c **** */
 360:Src/stm32l4xx_hal_msp.c **** void HAL_PCD_MspInit(PCD_HandleTypeDef* hpcd)
 361:Src/stm32l4xx_hal_msp.c **** {
 686              		.loc 1 361 0
 687              		.cfi_startproc
 688              		@ args = 0, pretend = 0, frame = 32
 689              		@ frame_needed = 0, uses_anonymous_args = 0
 690              	.LVL41:
 691 0000 30B5     		push	{r4, r5, lr}
 692              	.LCFI23:
 693              		.cfi_def_cfa_offset 12
 694              		.cfi_offset 4, -12
 695              		.cfi_offset 5, -8
 696              		.cfi_offset 14, -4
 697 0002 89B0     		sub	sp, sp, #36
 698              	.LCFI24:
 699              		.cfi_def_cfa_offset 48
 362:Src/stm32l4xx_hal_msp.c ****   GPIO_InitTypeDef GPIO_InitStruct = {0};
 700              		.loc 1 362 0
 701 0004 0023     		movs	r3, #0
 702 0006 0393     		str	r3, [sp, #12]
 703 0008 0493     		str	r3, [sp, #16]
 704 000a 0593     		str	r3, [sp, #20]
 705 000c 0693     		str	r3, [sp, #24]
 706 000e 0793     		str	r3, [sp, #28]
 363:Src/stm32l4xx_hal_msp.c ****   if(hpcd->Instance==USB_OTG_FS)
 707              		.loc 1 363 0
 708 0010 0368     		ldr	r3, [r0]
 709 0012 B3F1A04F 		cmp	r3, #1342177280
 710 0016 01D0     		beq	.L57
 711              	.LVL42:
ARM GAS  C:\Users\choee\AppData\Local\Temp\ccilKWwa.s 			page 20


 712              	.L53:
 364:Src/stm32l4xx_hal_msp.c ****   {
 365:Src/stm32l4xx_hal_msp.c ****   /* USER CODE BEGIN USB_OTG_FS_MspInit 0 */
 366:Src/stm32l4xx_hal_msp.c **** 
 367:Src/stm32l4xx_hal_msp.c ****   /* USER CODE END USB_OTG_FS_MspInit 0 */
 368:Src/stm32l4xx_hal_msp.c ****   
 369:Src/stm32l4xx_hal_msp.c ****     __HAL_RCC_GPIOA_CLK_ENABLE();
 370:Src/stm32l4xx_hal_msp.c ****     /**USB_OTG_FS GPIO Configuration    
 371:Src/stm32l4xx_hal_msp.c ****     PA9     ------> USB_OTG_FS_VBUS
 372:Src/stm32l4xx_hal_msp.c ****     PA10     ------> USB_OTG_FS_ID
 373:Src/stm32l4xx_hal_msp.c ****     PA11     ------> USB_OTG_FS_DM
 374:Src/stm32l4xx_hal_msp.c ****     PA12     ------> USB_OTG_FS_DP 
 375:Src/stm32l4xx_hal_msp.c ****     */
 376:Src/stm32l4xx_hal_msp.c ****     GPIO_InitStruct.Pin = USB_OTG_FS_VBUS_Pin;
 377:Src/stm32l4xx_hal_msp.c ****     GPIO_InitStruct.Mode = GPIO_MODE_INPUT;
 378:Src/stm32l4xx_hal_msp.c ****     GPIO_InitStruct.Pull = GPIO_NOPULL;
 379:Src/stm32l4xx_hal_msp.c ****     HAL_GPIO_Init(USB_OTG_FS_VBUS_GPIO_Port, &GPIO_InitStruct);
 380:Src/stm32l4xx_hal_msp.c **** 
 381:Src/stm32l4xx_hal_msp.c ****     GPIO_InitStruct.Pin = USB_OTG_FS_ID_Pin|USB_OTG_FS_DM_Pin|USB_OTG_FS_DP_Pin;
 382:Src/stm32l4xx_hal_msp.c ****     GPIO_InitStruct.Mode = GPIO_MODE_AF_PP;
 383:Src/stm32l4xx_hal_msp.c ****     GPIO_InitStruct.Pull = GPIO_NOPULL;
 384:Src/stm32l4xx_hal_msp.c ****     GPIO_InitStruct.Speed = GPIO_SPEED_FREQ_VERY_HIGH;
 385:Src/stm32l4xx_hal_msp.c ****     GPIO_InitStruct.Alternate = GPIO_AF10_OTG_FS;
 386:Src/stm32l4xx_hal_msp.c ****     HAL_GPIO_Init(GPIOA, &GPIO_InitStruct);
 387:Src/stm32l4xx_hal_msp.c **** 
 388:Src/stm32l4xx_hal_msp.c ****     /* Peripheral clock enable */
 389:Src/stm32l4xx_hal_msp.c ****     __HAL_RCC_USB_OTG_FS_CLK_ENABLE();
 390:Src/stm32l4xx_hal_msp.c **** 
 391:Src/stm32l4xx_hal_msp.c ****     /* Enable VDDUSB */
 392:Src/stm32l4xx_hal_msp.c ****     if(__HAL_RCC_PWR_IS_CLK_DISABLED())
 393:Src/stm32l4xx_hal_msp.c ****     {
 394:Src/stm32l4xx_hal_msp.c ****       __HAL_RCC_PWR_CLK_ENABLE();
 395:Src/stm32l4xx_hal_msp.c ****       HAL_PWREx_EnableVddUSB();
 396:Src/stm32l4xx_hal_msp.c ****       __HAL_RCC_PWR_CLK_DISABLE();
 397:Src/stm32l4xx_hal_msp.c ****     }
 398:Src/stm32l4xx_hal_msp.c ****     else
 399:Src/stm32l4xx_hal_msp.c ****     {
 400:Src/stm32l4xx_hal_msp.c ****       HAL_PWREx_EnableVddUSB();
 401:Src/stm32l4xx_hal_msp.c ****     }
 402:Src/stm32l4xx_hal_msp.c ****   /* USER CODE BEGIN USB_OTG_FS_MspInit 1 */
 403:Src/stm32l4xx_hal_msp.c **** 
 404:Src/stm32l4xx_hal_msp.c ****   /* USER CODE END USB_OTG_FS_MspInit 1 */
 405:Src/stm32l4xx_hal_msp.c ****   }
 406:Src/stm32l4xx_hal_msp.c **** 
 407:Src/stm32l4xx_hal_msp.c **** }
 713              		.loc 1 407 0
 714 0018 09B0     		add	sp, sp, #36
 715              	.LCFI25:
 716              		.cfi_remember_state
 717              		.cfi_def_cfa_offset 12
 718              		@ sp needed
 719 001a 30BD     		pop	{r4, r5, pc}
 720              	.LVL43:
 721              	.L57:
 722              	.LCFI26:
 723              		.cfi_restore_state
 724              	.LBB12:
ARM GAS  C:\Users\choee\AppData\Local\Temp\ccilKWwa.s 			page 21


 369:Src/stm32l4xx_hal_msp.c ****     /**USB_OTG_FS GPIO Configuration    
 725              		.loc 1 369 0
 726 001c 214C     		ldr	r4, .L59
 727 001e E36C     		ldr	r3, [r4, #76]
 728 0020 43F00103 		orr	r3, r3, #1
 729 0024 E364     		str	r3, [r4, #76]
 730 0026 E36C     		ldr	r3, [r4, #76]
 731 0028 03F00103 		and	r3, r3, #1
 732 002c 0093     		str	r3, [sp]
 733 002e 009B     		ldr	r3, [sp]
 734              	.LBE12:
 376:Src/stm32l4xx_hal_msp.c ****     GPIO_InitStruct.Mode = GPIO_MODE_INPUT;
 735              		.loc 1 376 0
 736 0030 08AD     		add	r5, sp, #32
 737 0032 4FF40073 		mov	r3, #512
 738 0036 45F8143D 		str	r3, [r5, #-20]!
 379:Src/stm32l4xx_hal_msp.c **** 
 739              		.loc 1 379 0
 740 003a 2946     		mov	r1, r5
 741 003c 4FF09040 		mov	r0, #1207959552
 742              	.LVL44:
 743 0040 FFF7FEFF 		bl	HAL_GPIO_Init
 744              	.LVL45:
 381:Src/stm32l4xx_hal_msp.c ****     GPIO_InitStruct.Mode = GPIO_MODE_AF_PP;
 745              		.loc 1 381 0
 746 0044 4FF4E053 		mov	r3, #7168
 747 0048 0393     		str	r3, [sp, #12]
 382:Src/stm32l4xx_hal_msp.c ****     GPIO_InitStruct.Pull = GPIO_NOPULL;
 748              		.loc 1 382 0
 749 004a 0223     		movs	r3, #2
 750 004c 0493     		str	r3, [sp, #16]
 383:Src/stm32l4xx_hal_msp.c ****     GPIO_InitStruct.Speed = GPIO_SPEED_FREQ_VERY_HIGH;
 751              		.loc 1 383 0
 752 004e 0023     		movs	r3, #0
 753 0050 0593     		str	r3, [sp, #20]
 384:Src/stm32l4xx_hal_msp.c ****     GPIO_InitStruct.Alternate = GPIO_AF10_OTG_FS;
 754              		.loc 1 384 0
 755 0052 0323     		movs	r3, #3
 756 0054 0693     		str	r3, [sp, #24]
 385:Src/stm32l4xx_hal_msp.c ****     HAL_GPIO_Init(GPIOA, &GPIO_InitStruct);
 757              		.loc 1 385 0
 758 0056 0A23     		movs	r3, #10
 759 0058 0793     		str	r3, [sp, #28]
 386:Src/stm32l4xx_hal_msp.c **** 
 760              		.loc 1 386 0
 761 005a 2946     		mov	r1, r5
 762 005c 4FF09040 		mov	r0, #1207959552
 763 0060 FFF7FEFF 		bl	HAL_GPIO_Init
 764              	.LVL46:
 765              	.LBB13:
 389:Src/stm32l4xx_hal_msp.c **** 
 766              		.loc 1 389 0
 767 0064 E36C     		ldr	r3, [r4, #76]
 768 0066 43F48053 		orr	r3, r3, #4096
 769 006a E364     		str	r3, [r4, #76]
 770 006c E36C     		ldr	r3, [r4, #76]
 771 006e 03F48053 		and	r3, r3, #4096
ARM GAS  C:\Users\choee\AppData\Local\Temp\ccilKWwa.s 			page 22


 772 0072 0193     		str	r3, [sp, #4]
 773 0074 019B     		ldr	r3, [sp, #4]
 774              	.LBE13:
 392:Src/stm32l4xx_hal_msp.c ****     {
 775              		.loc 1 392 0
 776 0076 A36D     		ldr	r3, [r4, #88]
 777 0078 13F0805F 		tst	r3, #268435456
 778 007c 02D0     		beq	.L58
 400:Src/stm32l4xx_hal_msp.c ****     }
 779              		.loc 1 400 0
 780 007e FFF7FEFF 		bl	HAL_PWREx_EnableVddUSB
 781              	.LVL47:
 782              		.loc 1 407 0
 783 0082 C9E7     		b	.L53
 784              	.L58:
 785              	.LBB14:
 394:Src/stm32l4xx_hal_msp.c ****       HAL_PWREx_EnableVddUSB();
 786              		.loc 1 394 0
 787 0084 A36D     		ldr	r3, [r4, #88]
 788 0086 43F08053 		orr	r3, r3, #268435456
 789 008a A365     		str	r3, [r4, #88]
 790 008c A36D     		ldr	r3, [r4, #88]
 791 008e 03F08053 		and	r3, r3, #268435456
 792 0092 0293     		str	r3, [sp, #8]
 793 0094 029B     		ldr	r3, [sp, #8]
 794              	.LBE14:
 395:Src/stm32l4xx_hal_msp.c ****       __HAL_RCC_PWR_CLK_DISABLE();
 795              		.loc 1 395 0
 796 0096 FFF7FEFF 		bl	HAL_PWREx_EnableVddUSB
 797              	.LVL48:
 396:Src/stm32l4xx_hal_msp.c ****     }
 798              		.loc 1 396 0
 799 009a A36D     		ldr	r3, [r4, #88]
 800 009c 23F08053 		bic	r3, r3, #268435456
 801 00a0 A365     		str	r3, [r4, #88]
 802 00a2 B9E7     		b	.L53
 803              	.L60:
 804              		.align	2
 805              	.L59:
 806 00a4 00100240 		.word	1073876992
 807              		.cfi_endproc
 808              	.LFE139:
 810              		.section	.text.HAL_PCD_MspDeInit,"ax",%progbits
 811              		.align	1
 812              		.global	HAL_PCD_MspDeInit
 813              		.syntax unified
 814              		.thumb
 815              		.thumb_func
 816              		.fpu fpv4-sp-d16
 818              	HAL_PCD_MspDeInit:
 819              	.LFB140:
 408:Src/stm32l4xx_hal_msp.c **** 
 409:Src/stm32l4xx_hal_msp.c **** /**
 410:Src/stm32l4xx_hal_msp.c **** * @brief PCD MSP De-Initialization
 411:Src/stm32l4xx_hal_msp.c **** * This function freeze the hardware resources used in this example
 412:Src/stm32l4xx_hal_msp.c **** * @param hpcd: PCD handle pointer
 413:Src/stm32l4xx_hal_msp.c **** * @retval None
ARM GAS  C:\Users\choee\AppData\Local\Temp\ccilKWwa.s 			page 23


 414:Src/stm32l4xx_hal_msp.c **** */
 415:Src/stm32l4xx_hal_msp.c **** void HAL_PCD_MspDeInit(PCD_HandleTypeDef* hpcd)
 416:Src/stm32l4xx_hal_msp.c **** {
 820              		.loc 1 416 0
 821              		.cfi_startproc
 822              		@ args = 0, pretend = 0, frame = 8
 823              		@ frame_needed = 0, uses_anonymous_args = 0
 824              	.LVL49:
 417:Src/stm32l4xx_hal_msp.c ****   if(hpcd->Instance==USB_OTG_FS)
 825              		.loc 1 417 0
 826 0000 0368     		ldr	r3, [r0]
 827 0002 B3F1A04F 		cmp	r3, #1342177280
 828 0006 00D0     		beq	.L68
 829 0008 7047     		bx	lr
 830              	.L68:
 416:Src/stm32l4xx_hal_msp.c ****   if(hpcd->Instance==USB_OTG_FS)
 831              		.loc 1 416 0
 832 000a 10B5     		push	{r4, lr}
 833              	.LCFI27:
 834              		.cfi_def_cfa_offset 8
 835              		.cfi_offset 4, -8
 836              		.cfi_offset 14, -4
 837 000c 82B0     		sub	sp, sp, #8
 838              	.LCFI28:
 839              		.cfi_def_cfa_offset 16
 418:Src/stm32l4xx_hal_msp.c ****   {
 419:Src/stm32l4xx_hal_msp.c ****   /* USER CODE BEGIN USB_OTG_FS_MspDeInit 0 */
 420:Src/stm32l4xx_hal_msp.c **** 
 421:Src/stm32l4xx_hal_msp.c ****   /* USER CODE END USB_OTG_FS_MspDeInit 0 */
 422:Src/stm32l4xx_hal_msp.c ****     /* Peripheral clock disable */
 423:Src/stm32l4xx_hal_msp.c ****     __HAL_RCC_USB_OTG_FS_CLK_DISABLE();
 840              		.loc 1 423 0
 841 000e 114C     		ldr	r4, .L70
 842 0010 E36C     		ldr	r3, [r4, #76]
 843 0012 23F48053 		bic	r3, r3, #4096
 844 0016 E364     		str	r3, [r4, #76]
 424:Src/stm32l4xx_hal_msp.c ****   
 425:Src/stm32l4xx_hal_msp.c ****     /**USB_OTG_FS GPIO Configuration    
 426:Src/stm32l4xx_hal_msp.c ****     PA9     ------> USB_OTG_FS_VBUS
 427:Src/stm32l4xx_hal_msp.c ****     PA10     ------> USB_OTG_FS_ID
 428:Src/stm32l4xx_hal_msp.c ****     PA11     ------> USB_OTG_FS_DM
 429:Src/stm32l4xx_hal_msp.c ****     PA12     ------> USB_OTG_FS_DP 
 430:Src/stm32l4xx_hal_msp.c ****     */
 431:Src/stm32l4xx_hal_msp.c ****     HAL_GPIO_DeInit(GPIOA, USB_OTG_FS_VBUS_Pin|USB_OTG_FS_ID_Pin|USB_OTG_FS_DM_Pin|USB_OTG_FS_DP_Pi
 845              		.loc 1 431 0
 846 0018 4FF4F051 		mov	r1, #7680
 847 001c 4FF09040 		mov	r0, #1207959552
 848              	.LVL50:
 849 0020 FFF7FEFF 		bl	HAL_GPIO_DeInit
 850              	.LVL51:
 432:Src/stm32l4xx_hal_msp.c **** 
 433:Src/stm32l4xx_hal_msp.c ****     /* Disable VDDUSB */
 434:Src/stm32l4xx_hal_msp.c ****     if(__HAL_RCC_PWR_IS_CLK_DISABLED())
 851              		.loc 1 434 0
 852 0024 A36D     		ldr	r3, [r4, #88]
 853 0026 13F0805F 		tst	r3, #268435456
 854 002a 03D0     		beq	.L69
ARM GAS  C:\Users\choee\AppData\Local\Temp\ccilKWwa.s 			page 24


 435:Src/stm32l4xx_hal_msp.c ****     {
 436:Src/stm32l4xx_hal_msp.c ****       __HAL_RCC_PWR_CLK_ENABLE();
 437:Src/stm32l4xx_hal_msp.c ****       HAL_PWREx_DisableVddUSB();
 438:Src/stm32l4xx_hal_msp.c ****       __HAL_RCC_PWR_CLK_DISABLE();
 439:Src/stm32l4xx_hal_msp.c ****     }
 440:Src/stm32l4xx_hal_msp.c ****     else
 441:Src/stm32l4xx_hal_msp.c ****     {
 442:Src/stm32l4xx_hal_msp.c ****       HAL_PWREx_DisableVddUSB();
 855              		.loc 1 442 0
 856 002c FFF7FEFF 		bl	HAL_PWREx_DisableVddUSB
 857              	.LVL52:
 858              	.L61:
 443:Src/stm32l4xx_hal_msp.c ****     }
 444:Src/stm32l4xx_hal_msp.c ****   /* USER CODE BEGIN USB_OTG_FS_MspDeInit 1 */
 445:Src/stm32l4xx_hal_msp.c **** 
 446:Src/stm32l4xx_hal_msp.c ****   /* USER CODE END USB_OTG_FS_MspDeInit 1 */
 447:Src/stm32l4xx_hal_msp.c ****   }
 448:Src/stm32l4xx_hal_msp.c **** 
 449:Src/stm32l4xx_hal_msp.c **** }
 859              		.loc 1 449 0
 860 0030 02B0     		add	sp, sp, #8
 861              	.LCFI29:
 862              		.cfi_remember_state
 863              		.cfi_def_cfa_offset 8
 864              		@ sp needed
 865 0032 10BD     		pop	{r4, pc}
 866              	.L69:
 867              	.LCFI30:
 868              		.cfi_restore_state
 869              	.LBB15:
 436:Src/stm32l4xx_hal_msp.c ****       HAL_PWREx_DisableVddUSB();
 870              		.loc 1 436 0
 871 0034 A36D     		ldr	r3, [r4, #88]
 872 0036 43F08053 		orr	r3, r3, #268435456
 873 003a A365     		str	r3, [r4, #88]
 874 003c A36D     		ldr	r3, [r4, #88]
 875 003e 03F08053 		and	r3, r3, #268435456
 876 0042 0193     		str	r3, [sp, #4]
 877 0044 019B     		ldr	r3, [sp, #4]
 878              	.LBE15:
 437:Src/stm32l4xx_hal_msp.c ****       __HAL_RCC_PWR_CLK_DISABLE();
 879              		.loc 1 437 0
 880 0046 FFF7FEFF 		bl	HAL_PWREx_DisableVddUSB
 881              	.LVL53:
 438:Src/stm32l4xx_hal_msp.c ****     }
 882              		.loc 1 438 0
 883 004a A36D     		ldr	r3, [r4, #88]
 884 004c 23F08053 		bic	r3, r3, #268435456
 885 0050 A365     		str	r3, [r4, #88]
 886 0052 EDE7     		b	.L61
 887              	.L71:
 888              		.align	2
 889              	.L70:
 890 0054 00100240 		.word	1073876992
 891              		.cfi_endproc
 892              	.LFE140:
 894              		.section	.bss.DFSDM1_Init,"aw",%nobits
ARM GAS  C:\Users\choee\AppData\Local\Temp\ccilKWwa.s 			page 25


 895              		.align	2
 896              		.set	.LANCHOR0,. + 0
 899              	DFSDM1_Init:
 900 0000 00000000 		.space	4
 901              		.text
 902              	.Letext0:
 903              		.file 2 "c:\\program files (x86)\\gnu tools arm embedded\\6 2017-q2-update\\arm-none-eabi\\include
 904              		.file 3 "c:\\program files (x86)\\gnu tools arm embedded\\6 2017-q2-update\\arm-none-eabi\\include
 905              		.file 4 "Drivers/CMSIS/Include/core_cm4.h"
 906              		.file 5 "Drivers/CMSIS/Device/ST/STM32L4xx/Include/system_stm32l4xx.h"
 907              		.file 6 "Drivers/CMSIS/Device/ST/STM32L4xx/Include/stm32l475xx.h"
 908              		.file 7 "Drivers/CMSIS/Device/ST/STM32L4xx/Include/stm32l4xx.h"
 909              		.file 8 "Drivers/STM32L4xx_HAL_Driver/Inc/stm32l4xx_hal_def.h"
 910              		.file 9 "Drivers/STM32L4xx_HAL_Driver/Inc/stm32l4xx_hal_gpio.h"
 911              		.file 10 "Drivers/STM32L4xx_HAL_Driver/Inc/stm32l4xx_hal_dma.h"
 912              		.file 11 "Drivers/STM32L4xx_HAL_Driver/Inc/stm32l4xx_hal_dfsdm.h"
 913              		.file 12 "Drivers/STM32L4xx_HAL_Driver/Inc/stm32l4xx_hal_flash.h"
 914              		.file 13 "Drivers/STM32L4xx_HAL_Driver/Inc/stm32l4xx_hal_i2c.h"
 915              		.file 14 "Drivers/STM32L4xx_HAL_Driver/Inc/stm32l4xx_hal_qspi.h"
 916              		.file 15 "Drivers/STM32L4xx_HAL_Driver/Inc/stm32l4xx_hal_uart.h"
 917              		.file 16 "Drivers/STM32L4xx_HAL_Driver/Inc/stm32l4xx_ll_usb.h"
 918              		.file 17 "Drivers/STM32L4xx_HAL_Driver/Inc/stm32l4xx_hal_pcd.h"
 919              		.file 18 "Drivers/STM32L4xx_HAL_Driver/Inc/stm32l4xx_hal.h"
 920              		.file 19 "Drivers/STM32L4xx_HAL_Driver/Inc/stm32l4xx_hal_pwr_ex.h"
 921              		.file 20 "Drivers/STM32L4xx_HAL_Driver/Inc/stm32l4xx_hal_cortex.h"
ARM GAS  C:\Users\choee\AppData\Local\Temp\ccilKWwa.s 			page 26


DEFINED SYMBOLS
                            *ABS*:00000000 stm32l4xx_hal_msp.c
C:\Users\choee\AppData\Local\Temp\ccilKWwa.s:18     .text.HAL_MspInit:00000000 $t
C:\Users\choee\AppData\Local\Temp\ccilKWwa.s:25     .text.HAL_MspInit:00000000 HAL_MspInit
C:\Users\choee\AppData\Local\Temp\ccilKWwa.s:75     .text.HAL_MspInit:0000003c $d
C:\Users\choee\AppData\Local\Temp\ccilKWwa.s:80     .text.HAL_DFSDM_ChannelMspInit:00000000 $t
C:\Users\choee\AppData\Local\Temp\ccilKWwa.s:87     .text.HAL_DFSDM_ChannelMspInit:00000000 HAL_DFSDM_ChannelMspInit
C:\Users\choee\AppData\Local\Temp\ccilKWwa.s:167    .text.HAL_DFSDM_ChannelMspInit:00000060 $d
C:\Users\choee\AppData\Local\Temp\ccilKWwa.s:173    .text.HAL_DFSDM_ChannelMspDeInit:00000000 $t
C:\Users\choee\AppData\Local\Temp\ccilKWwa.s:180    .text.HAL_DFSDM_ChannelMspDeInit:00000000 HAL_DFSDM_ChannelMspDeInit
C:\Users\choee\AppData\Local\Temp\ccilKWwa.s:220    .text.HAL_DFSDM_ChannelMspDeInit:00000024 $d
C:\Users\choee\AppData\Local\Temp\ccilKWwa.s:227    .text.HAL_I2C_MspInit:00000000 $t
C:\Users\choee\AppData\Local\Temp\ccilKWwa.s:234    .text.HAL_I2C_MspInit:00000000 HAL_I2C_MspInit
C:\Users\choee\AppData\Local\Temp\ccilKWwa.s:321    .text.HAL_I2C_MspInit:00000064 $d
C:\Users\choee\AppData\Local\Temp\ccilKWwa.s:328    .text.HAL_I2C_MspDeInit:00000000 $t
C:\Users\choee\AppData\Local\Temp\ccilKWwa.s:335    .text.HAL_I2C_MspDeInit:00000000 HAL_I2C_MspDeInit
C:\Users\choee\AppData\Local\Temp\ccilKWwa.s:373    .text.HAL_I2C_MspDeInit:00000024 $d
C:\Users\choee\AppData\Local\Temp\ccilKWwa.s:380    .text.HAL_QSPI_MspInit:00000000 $t
C:\Users\choee\AppData\Local\Temp\ccilKWwa.s:387    .text.HAL_QSPI_MspInit:00000000 HAL_QSPI_MspInit
C:\Users\choee\AppData\Local\Temp\ccilKWwa.s:471    .text.HAL_QSPI_MspInit:00000068 $d
C:\Users\choee\AppData\Local\Temp\ccilKWwa.s:477    .text.HAL_QSPI_MspDeInit:00000000 $t
C:\Users\choee\AppData\Local\Temp\ccilKWwa.s:484    .text.HAL_QSPI_MspDeInit:00000000 HAL_QSPI_MspDeInit
C:\Users\choee\AppData\Local\Temp\ccilKWwa.s:522    .text.HAL_QSPI_MspDeInit:00000024 $d
C:\Users\choee\AppData\Local\Temp\ccilKWwa.s:529    .text.HAL_UART_MspInit:00000000 $t
C:\Users\choee\AppData\Local\Temp\ccilKWwa.s:536    .text.HAL_UART_MspInit:00000000 HAL_UART_MspInit
C:\Users\choee\AppData\Local\Temp\ccilKWwa.s:619    .text.HAL_UART_MspInit:00000064 $d
C:\Users\choee\AppData\Local\Temp\ccilKWwa.s:625    .text.HAL_UART_MspDeInit:00000000 $t
C:\Users\choee\AppData\Local\Temp\ccilKWwa.s:632    .text.HAL_UART_MspDeInit:00000000 HAL_UART_MspDeInit
C:\Users\choee\AppData\Local\Temp\ccilKWwa.s:670    .text.HAL_UART_MspDeInit:00000024 $d
C:\Users\choee\AppData\Local\Temp\ccilKWwa.s:677    .text.HAL_PCD_MspInit:00000000 $t
C:\Users\choee\AppData\Local\Temp\ccilKWwa.s:684    .text.HAL_PCD_MspInit:00000000 HAL_PCD_MspInit
C:\Users\choee\AppData\Local\Temp\ccilKWwa.s:806    .text.HAL_PCD_MspInit:000000a4 $d
C:\Users\choee\AppData\Local\Temp\ccilKWwa.s:811    .text.HAL_PCD_MspDeInit:00000000 $t
C:\Users\choee\AppData\Local\Temp\ccilKWwa.s:818    .text.HAL_PCD_MspDeInit:00000000 HAL_PCD_MspDeInit
C:\Users\choee\AppData\Local\Temp\ccilKWwa.s:890    .text.HAL_PCD_MspDeInit:00000054 $d
C:\Users\choee\AppData\Local\Temp\ccilKWwa.s:895    .bss.DFSDM1_Init:00000000 $d
C:\Users\choee\AppData\Local\Temp\ccilKWwa.s:899    .bss.DFSDM1_Init:00000000 DFSDM1_Init
                     .debug_frame:00000010 $d

UNDEFINED SYMBOLS
HAL_NVIC_SetPriority
HAL_GPIO_Init
HAL_GPIO_DeInit
HAL_PWREx_EnableVddUSB
HAL_PWREx_DisableVddUSB
