ARM GAS  C:\Users\choee\AppData\Local\Temp\ccsccNXx.s 			page 1


   1              		.cpu cortex-m4
   2              		.eabi_attribute 27, 1
   3              		.eabi_attribute 28, 1
   4              		.eabi_attribute 20, 1
   5              		.eabi_attribute 21, 1
   6              		.eabi_attribute 23, 3
   7              		.eabi_attribute 24, 1
   8              		.eabi_attribute 25, 1
   9              		.eabi_attribute 26, 1
  10              		.eabi_attribute 30, 1
  11              		.eabi_attribute 34, 1
  12              		.eabi_attribute 18, 4
  13              		.file	"stm32l4xx_hal_timebase_tim.c"
  14              		.text
  15              	.Ltext0:
  16              		.cfi_sections	.debug_frame
  17              		.section	.text.HAL_InitTick,"ax",%progbits
  18              		.align	1
  19              		.global	HAL_InitTick
  20              		.syntax unified
  21              		.thumb
  22              		.thumb_func
  23              		.fpu fpv4-sp-d16
  25              	HAL_InitTick:
  26              	.LFB130:
  27              		.file 1 "Src/stm32l4xx_hal_timebase_tim.c"
   1:Src/stm32l4xx_hal_timebase_tim.c **** /* USER CODE BEGIN Header */
   2:Src/stm32l4xx_hal_timebase_tim.c **** /**
   3:Src/stm32l4xx_hal_timebase_tim.c ****   ******************************************************************************
   4:Src/stm32l4xx_hal_timebase_tim.c ****   * @file    stm32l4xx_hal_timebase_TIM.c 
   5:Src/stm32l4xx_hal_timebase_tim.c ****   * @brief   HAL time base based on the hardware TIM.
   6:Src/stm32l4xx_hal_timebase_tim.c ****   ******************************************************************************
   7:Src/stm32l4xx_hal_timebase_tim.c ****   * @attention
   8:Src/stm32l4xx_hal_timebase_tim.c ****   *
   9:Src/stm32l4xx_hal_timebase_tim.c ****   * <h2><center>&copy; Copyright (c) 2020 STMicroelectronics.
  10:Src/stm32l4xx_hal_timebase_tim.c ****   * All rights reserved.</center></h2>
  11:Src/stm32l4xx_hal_timebase_tim.c ****   *
  12:Src/stm32l4xx_hal_timebase_tim.c ****   * This software component is licensed by ST under Ultimate Liberty license
  13:Src/stm32l4xx_hal_timebase_tim.c ****   * SLA0044, the "License"; You may not use this file except in compliance with
  14:Src/stm32l4xx_hal_timebase_tim.c ****   * the License. You may obtain a copy of the License at:
  15:Src/stm32l4xx_hal_timebase_tim.c ****   *                             www.st.com/SLA0044
  16:Src/stm32l4xx_hal_timebase_tim.c ****   *
  17:Src/stm32l4xx_hal_timebase_tim.c ****   ******************************************************************************
  18:Src/stm32l4xx_hal_timebase_tim.c ****   */
  19:Src/stm32l4xx_hal_timebase_tim.c **** /* USER CODE END Header */
  20:Src/stm32l4xx_hal_timebase_tim.c **** 
  21:Src/stm32l4xx_hal_timebase_tim.c **** /* Includes ------------------------------------------------------------------*/
  22:Src/stm32l4xx_hal_timebase_tim.c **** #include "stm32l4xx_hal.h"
  23:Src/stm32l4xx_hal_timebase_tim.c **** #include "stm32l4xx_hal_tim.h"
  24:Src/stm32l4xx_hal_timebase_tim.c ****  
  25:Src/stm32l4xx_hal_timebase_tim.c **** /* Private typedef -----------------------------------------------------------*/
  26:Src/stm32l4xx_hal_timebase_tim.c **** /* Private define ------------------------------------------------------------*/
  27:Src/stm32l4xx_hal_timebase_tim.c **** /* Private macro -------------------------------------------------------------*/
  28:Src/stm32l4xx_hal_timebase_tim.c **** /* Private variables ---------------------------------------------------------*/
  29:Src/stm32l4xx_hal_timebase_tim.c **** TIM_HandleTypeDef        htim2; 
  30:Src/stm32l4xx_hal_timebase_tim.c **** /* Private function prototypes -----------------------------------------------*/
  31:Src/stm32l4xx_hal_timebase_tim.c **** /* Private functions ---------------------------------------------------------*/
ARM GAS  C:\Users\choee\AppData\Local\Temp\ccsccNXx.s 			page 2


  32:Src/stm32l4xx_hal_timebase_tim.c **** 
  33:Src/stm32l4xx_hal_timebase_tim.c **** /**
  34:Src/stm32l4xx_hal_timebase_tim.c ****   * @brief  This function configures the TIM2 as a time base source. 
  35:Src/stm32l4xx_hal_timebase_tim.c ****   *         The time source is configured  to have 1ms time base with a dedicated 
  36:Src/stm32l4xx_hal_timebase_tim.c ****   *         Tick interrupt priority. 
  37:Src/stm32l4xx_hal_timebase_tim.c ****   * @note   This function is called  automatically at the beginning of program after
  38:Src/stm32l4xx_hal_timebase_tim.c ****   *         reset by HAL_Init() or at any time when clock is configured, by HAL_RCC_ClockConfig(). 
  39:Src/stm32l4xx_hal_timebase_tim.c ****   * @param  TickPriority: Tick interrupt priority.
  40:Src/stm32l4xx_hal_timebase_tim.c ****   * @retval HAL status
  41:Src/stm32l4xx_hal_timebase_tim.c ****   */
  42:Src/stm32l4xx_hal_timebase_tim.c **** HAL_StatusTypeDef HAL_InitTick(uint32_t TickPriority)
  43:Src/stm32l4xx_hal_timebase_tim.c **** {
  28              		.loc 1 43 0
  29              		.cfi_startproc
  30              		@ args = 0, pretend = 0, frame = 32
  31              		@ frame_needed = 0, uses_anonymous_args = 0
  32              	.LVL0:
  33 0000 00B5     		push	{lr}
  34              	.LCFI0:
  35              		.cfi_def_cfa_offset 4
  36              		.cfi_offset 14, -4
  37 0002 89B0     		sub	sp, sp, #36
  38              	.LCFI1:
  39              		.cfi_def_cfa_offset 40
  40              	.LVL1:
  44:Src/stm32l4xx_hal_timebase_tim.c ****   RCC_ClkInitTypeDef    clkconfig;
  45:Src/stm32l4xx_hal_timebase_tim.c ****   uint32_t              uwTimclock = 0;
  46:Src/stm32l4xx_hal_timebase_tim.c ****   uint32_t              uwPrescalerValue = 0;
  47:Src/stm32l4xx_hal_timebase_tim.c ****   uint32_t              pFLatency;
  48:Src/stm32l4xx_hal_timebase_tim.c ****   
  49:Src/stm32l4xx_hal_timebase_tim.c ****   /*Configure the TIM2 IRQ priority */
  50:Src/stm32l4xx_hal_timebase_tim.c ****   HAL_NVIC_SetPriority(TIM2_IRQn, TickPriority ,0); 
  41              		.loc 1 50 0
  42 0004 0022     		movs	r2, #0
  43 0006 0146     		mov	r1, r0
  44 0008 1C20     		movs	r0, #28
  45              	.LVL2:
  46 000a FFF7FEFF 		bl	HAL_NVIC_SetPriority
  47              	.LVL3:
  51:Src/stm32l4xx_hal_timebase_tim.c ****   
  52:Src/stm32l4xx_hal_timebase_tim.c ****   /* Enable the TIM2 global Interrupt */
  53:Src/stm32l4xx_hal_timebase_tim.c ****   HAL_NVIC_EnableIRQ(TIM2_IRQn); 
  48              		.loc 1 53 0
  49 000e 1C20     		movs	r0, #28
  50 0010 FFF7FEFF 		bl	HAL_NVIC_EnableIRQ
  51              	.LVL4:
  52              	.LBB2:
  54:Src/stm32l4xx_hal_timebase_tim.c ****   
  55:Src/stm32l4xx_hal_timebase_tim.c ****   /* Enable TIM2 clock */
  56:Src/stm32l4xx_hal_timebase_tim.c ****   __HAL_RCC_TIM2_CLK_ENABLE();
  53              		.loc 1 56 0
  54 0014 154B     		ldr	r3, .L6
  55 0016 9A6D     		ldr	r2, [r3, #88]
  56 0018 42F00102 		orr	r2, r2, #1
  57 001c 9A65     		str	r2, [r3, #88]
  58 001e 9B6D     		ldr	r3, [r3, #88]
  59 0020 03F00103 		and	r3, r3, #1
ARM GAS  C:\Users\choee\AppData\Local\Temp\ccsccNXx.s 			page 3


  60 0024 0193     		str	r3, [sp, #4]
  61 0026 019B     		ldr	r3, [sp, #4]
  62              	.LBE2:
  57:Src/stm32l4xx_hal_timebase_tim.c ****   
  58:Src/stm32l4xx_hal_timebase_tim.c ****   /* Get clock configuration */
  59:Src/stm32l4xx_hal_timebase_tim.c ****   HAL_RCC_GetClockConfig(&clkconfig, &pFLatency);
  63              		.loc 1 59 0
  64 0028 02A9     		add	r1, sp, #8
  65 002a 03A8     		add	r0, sp, #12
  66 002c FFF7FEFF 		bl	HAL_RCC_GetClockConfig
  67              	.LVL5:
  60:Src/stm32l4xx_hal_timebase_tim.c ****   
  61:Src/stm32l4xx_hal_timebase_tim.c ****   /* Compute TIM2 clock */
  62:Src/stm32l4xx_hal_timebase_tim.c ****   uwTimclock = HAL_RCC_GetPCLK1Freq();
  68              		.loc 1 62 0
  69 0030 FFF7FEFF 		bl	HAL_RCC_GetPCLK1Freq
  70              	.LVL6:
  63:Src/stm32l4xx_hal_timebase_tim.c ****    
  64:Src/stm32l4xx_hal_timebase_tim.c ****   /* Compute the prescaler value to have TIM2 counter clock equal to 1MHz */
  65:Src/stm32l4xx_hal_timebase_tim.c ****   uwPrescalerValue = (uint32_t) ((uwTimclock / 1000000) - 1);
  71              		.loc 1 65 0
  72 0034 0E4B     		ldr	r3, .L6+4
  73 0036 A3FB0023 		umull	r2, r3, r3, r0
  74 003a 9B0C     		lsrs	r3, r3, #18
  75 003c 013B     		subs	r3, r3, #1
  76              	.LVL7:
  66:Src/stm32l4xx_hal_timebase_tim.c ****   
  67:Src/stm32l4xx_hal_timebase_tim.c ****   /* Initialize TIM2 */
  68:Src/stm32l4xx_hal_timebase_tim.c ****   htim2.Instance = TIM2;
  77              		.loc 1 68 0
  78 003e 0D48     		ldr	r0, .L6+8
  79              	.LVL8:
  80 0040 4FF08042 		mov	r2, #1073741824
  81 0044 0260     		str	r2, [r0]
  69:Src/stm32l4xx_hal_timebase_tim.c ****   
  70:Src/stm32l4xx_hal_timebase_tim.c ****   /* Initialize TIMx peripheral as follow:
  71:Src/stm32l4xx_hal_timebase_tim.c ****   + Period = [(TIM2CLK/1000) - 1]. to have a (1/1000) s time base.
  72:Src/stm32l4xx_hal_timebase_tim.c ****   + Prescaler = (uwTimclock/1000000 - 1) to have a 1MHz counter clock.
  73:Src/stm32l4xx_hal_timebase_tim.c ****   + ClockDivision = 0
  74:Src/stm32l4xx_hal_timebase_tim.c ****   + Counter direction = Up
  75:Src/stm32l4xx_hal_timebase_tim.c ****   */
  76:Src/stm32l4xx_hal_timebase_tim.c ****   htim2.Init.Period = (1000000 / 1000) - 1;
  82              		.loc 1 76 0
  83 0046 40F2E732 		movw	r2, #999
  84 004a C260     		str	r2, [r0, #12]
  77:Src/stm32l4xx_hal_timebase_tim.c ****   htim2.Init.Prescaler = uwPrescalerValue;
  85              		.loc 1 77 0
  86 004c 4360     		str	r3, [r0, #4]
  78:Src/stm32l4xx_hal_timebase_tim.c ****   htim2.Init.ClockDivision = 0;
  87              		.loc 1 78 0
  88 004e 0023     		movs	r3, #0
  89              	.LVL9:
  90 0050 0361     		str	r3, [r0, #16]
  79:Src/stm32l4xx_hal_timebase_tim.c ****   htim2.Init.CounterMode = TIM_COUNTERMODE_UP;
  91              		.loc 1 79 0
  92 0052 8360     		str	r3, [r0, #8]
  80:Src/stm32l4xx_hal_timebase_tim.c ****   if(HAL_TIM_Base_Init(&htim2) == HAL_OK)
ARM GAS  C:\Users\choee\AppData\Local\Temp\ccsccNXx.s 			page 4


  93              		.loc 1 80 0
  94 0054 FFF7FEFF 		bl	HAL_TIM_Base_Init
  95              	.LVL10:
  96 0058 18B1     		cbz	r0, .L5
  81:Src/stm32l4xx_hal_timebase_tim.c ****   {
  82:Src/stm32l4xx_hal_timebase_tim.c ****     /* Start the TIM time Base generation in interrupt mode */
  83:Src/stm32l4xx_hal_timebase_tim.c ****     return HAL_TIM_Base_Start_IT(&htim2);
  84:Src/stm32l4xx_hal_timebase_tim.c ****   }
  85:Src/stm32l4xx_hal_timebase_tim.c ****   
  86:Src/stm32l4xx_hal_timebase_tim.c ****   /* Return function status */
  87:Src/stm32l4xx_hal_timebase_tim.c ****   return HAL_ERROR;
  97              		.loc 1 87 0
  98 005a 0120     		movs	r0, #1
  99              	.L2:
  88:Src/stm32l4xx_hal_timebase_tim.c **** }
 100              		.loc 1 88 0
 101 005c 09B0     		add	sp, sp, #36
 102              	.LCFI2:
 103              		.cfi_remember_state
 104              		.cfi_def_cfa_offset 4
 105              		@ sp needed
 106 005e 5DF804FB 		ldr	pc, [sp], #4
 107              	.L5:
 108              	.LCFI3:
 109              		.cfi_restore_state
  83:Src/stm32l4xx_hal_timebase_tim.c ****   }
 110              		.loc 1 83 0
 111 0062 0448     		ldr	r0, .L6+8
 112 0064 FFF7FEFF 		bl	HAL_TIM_Base_Start_IT
 113              	.LVL11:
 114 0068 F8E7     		b	.L2
 115              	.L7:
 116 006a 00BF     		.align	2
 117              	.L6:
 118 006c 00100240 		.word	1073876992
 119 0070 83DE1B43 		.word	1125899907
 120 0074 00000000 		.word	htim2
 121              		.cfi_endproc
 122              	.LFE130:
 124              		.section	.text.HAL_SuspendTick,"ax",%progbits
 125              		.align	1
 126              		.global	HAL_SuspendTick
 127              		.syntax unified
 128              		.thumb
 129              		.thumb_func
 130              		.fpu fpv4-sp-d16
 132              	HAL_SuspendTick:
 133              	.LFB131:
  89:Src/stm32l4xx_hal_timebase_tim.c **** 
  90:Src/stm32l4xx_hal_timebase_tim.c **** /**
  91:Src/stm32l4xx_hal_timebase_tim.c ****   * @brief  Suspend Tick increment.
  92:Src/stm32l4xx_hal_timebase_tim.c ****   * @note   Disable the tick increment by disabling TIM2 update interrupt.
  93:Src/stm32l4xx_hal_timebase_tim.c ****   * @param  None
  94:Src/stm32l4xx_hal_timebase_tim.c ****   * @retval None
  95:Src/stm32l4xx_hal_timebase_tim.c ****   */
  96:Src/stm32l4xx_hal_timebase_tim.c **** void HAL_SuspendTick(void)
  97:Src/stm32l4xx_hal_timebase_tim.c **** {
ARM GAS  C:\Users\choee\AppData\Local\Temp\ccsccNXx.s 			page 5


 134              		.loc 1 97 0
 135              		.cfi_startproc
 136              		@ args = 0, pretend = 0, frame = 0
 137              		@ frame_needed = 0, uses_anonymous_args = 0
 138              		@ link register save eliminated.
  98:Src/stm32l4xx_hal_timebase_tim.c ****   /* Disable TIM2 update Interrupt */
  99:Src/stm32l4xx_hal_timebase_tim.c ****   __HAL_TIM_DISABLE_IT(&htim2, TIM_IT_UPDATE);                                                  
 139              		.loc 1 99 0
 140 0000 034B     		ldr	r3, .L9
 141 0002 1A68     		ldr	r2, [r3]
 142 0004 D368     		ldr	r3, [r2, #12]
 143 0006 23F00103 		bic	r3, r3, #1
 144 000a D360     		str	r3, [r2, #12]
 145 000c 7047     		bx	lr
 146              	.L10:
 147 000e 00BF     		.align	2
 148              	.L9:
 149 0010 00000000 		.word	htim2
 150              		.cfi_endproc
 151              	.LFE131:
 153              		.section	.text.HAL_ResumeTick,"ax",%progbits
 154              		.align	1
 155              		.global	HAL_ResumeTick
 156              		.syntax unified
 157              		.thumb
 158              		.thumb_func
 159              		.fpu fpv4-sp-d16
 161              	HAL_ResumeTick:
 162              	.LFB132:
 100:Src/stm32l4xx_hal_timebase_tim.c **** }
 101:Src/stm32l4xx_hal_timebase_tim.c **** 
 102:Src/stm32l4xx_hal_timebase_tim.c **** /**
 103:Src/stm32l4xx_hal_timebase_tim.c ****   * @brief  Resume Tick increment.
 104:Src/stm32l4xx_hal_timebase_tim.c ****   * @note   Enable the tick increment by Enabling TIM2 update interrupt.
 105:Src/stm32l4xx_hal_timebase_tim.c ****   * @param  None
 106:Src/stm32l4xx_hal_timebase_tim.c ****   * @retval None
 107:Src/stm32l4xx_hal_timebase_tim.c ****   */
 108:Src/stm32l4xx_hal_timebase_tim.c **** void HAL_ResumeTick(void)
 109:Src/stm32l4xx_hal_timebase_tim.c **** {
 163              		.loc 1 109 0
 164              		.cfi_startproc
 165              		@ args = 0, pretend = 0, frame = 0
 166              		@ frame_needed = 0, uses_anonymous_args = 0
 167              		@ link register save eliminated.
 110:Src/stm32l4xx_hal_timebase_tim.c ****   /* Enable TIM2 Update interrupt */
 111:Src/stm32l4xx_hal_timebase_tim.c ****   __HAL_TIM_ENABLE_IT(&htim2, TIM_IT_UPDATE);
 168              		.loc 1 111 0
 169 0000 034B     		ldr	r3, .L12
 170 0002 1A68     		ldr	r2, [r3]
 171 0004 D368     		ldr	r3, [r2, #12]
 172 0006 43F00103 		orr	r3, r3, #1
 173 000a D360     		str	r3, [r2, #12]
 174 000c 7047     		bx	lr
 175              	.L13:
 176 000e 00BF     		.align	2
 177              	.L12:
 178 0010 00000000 		.word	htim2
ARM GAS  C:\Users\choee\AppData\Local\Temp\ccsccNXx.s 			page 6


 179              		.cfi_endproc
 180              	.LFE132:
 182              		.comm	htim2,64,4
 183              		.text
 184              	.Letext0:
 185              		.file 2 "c:\\program files (x86)\\gnu tools arm embedded\\6 2017-q2-update\\arm-none-eabi\\include
 186              		.file 3 "c:\\program files (x86)\\gnu tools arm embedded\\6 2017-q2-update\\arm-none-eabi\\include
 187              		.file 4 "Drivers/CMSIS/Include/core_cm4.h"
 188              		.file 5 "Drivers/CMSIS/Device/ST/STM32L4xx/Include/system_stm32l4xx.h"
 189              		.file 6 "Drivers/CMSIS/Device/ST/STM32L4xx/Include/stm32l475xx.h"
 190              		.file 7 "Drivers/STM32L4xx_HAL_Driver/Inc/stm32l4xx_hal_def.h"
 191              		.file 8 "Drivers/STM32L4xx_HAL_Driver/Inc/stm32l4xx_hal_rcc.h"
 192              		.file 9 "Drivers/STM32L4xx_HAL_Driver/Inc/stm32l4xx_hal_dma.h"
 193              		.file 10 "Drivers/STM32L4xx_HAL_Driver/Inc/stm32l4xx_hal_flash.h"
 194              		.file 11 "Drivers/STM32L4xx_HAL_Driver/Inc/stm32l4xx_hal_tim.h"
 195              		.file 12 "Drivers/STM32L4xx_HAL_Driver/Inc/stm32l4xx_hal.h"
 196              		.file 13 "Drivers/STM32L4xx_HAL_Driver/Inc/stm32l4xx_hal_cortex.h"
ARM GAS  C:\Users\choee\AppData\Local\Temp\ccsccNXx.s 			page 7


DEFINED SYMBOLS
                            *ABS*:00000000 stm32l4xx_hal_timebase_tim.c
C:\Users\choee\AppData\Local\Temp\ccsccNXx.s:18     .text.HAL_InitTick:00000000 $t
C:\Users\choee\AppData\Local\Temp\ccsccNXx.s:25     .text.HAL_InitTick:00000000 HAL_InitTick
C:\Users\choee\AppData\Local\Temp\ccsccNXx.s:118    .text.HAL_InitTick:0000006c $d
                            *COM*:00000040 htim2
C:\Users\choee\AppData\Local\Temp\ccsccNXx.s:125    .text.HAL_SuspendTick:00000000 $t
C:\Users\choee\AppData\Local\Temp\ccsccNXx.s:132    .text.HAL_SuspendTick:00000000 HAL_SuspendTick
C:\Users\choee\AppData\Local\Temp\ccsccNXx.s:149    .text.HAL_SuspendTick:00000010 $d
C:\Users\choee\AppData\Local\Temp\ccsccNXx.s:154    .text.HAL_ResumeTick:00000000 $t
C:\Users\choee\AppData\Local\Temp\ccsccNXx.s:161    .text.HAL_ResumeTick:00000000 HAL_ResumeTick
C:\Users\choee\AppData\Local\Temp\ccsccNXx.s:178    .text.HAL_ResumeTick:00000010 $d
                     .debug_frame:00000010 $d

UNDEFINED SYMBOLS
HAL_NVIC_SetPriority
HAL_NVIC_EnableIRQ
HAL_RCC_GetClockConfig
HAL_RCC_GetPCLK1Freq
HAL_TIM_Base_Init
HAL_TIM_Base_Start_IT
