ARM GAS  C:\Users\choee\AppData\Local\Temp\ccqFbe0g.s 			page 1


   1              		.cpu cortex-m4
   2              		.eabi_attribute 27, 1
   3              		.eabi_attribute 28, 1
   4              		.eabi_attribute 20, 1
   5              		.eabi_attribute 21, 1
   6              		.eabi_attribute 23, 3
   7              		.eabi_attribute 24, 1
   8              		.eabi_attribute 25, 1
   9              		.eabi_attribute 26, 1
  10              		.eabi_attribute 30, 1
  11              		.eabi_attribute 34, 1
  12              		.eabi_attribute 18, 4
  13              		.file	"stm32l4xx_it.c"
  14              		.text
  15              	.Ltext0:
  16              		.cfi_sections	.debug_frame
  17              		.section	.text.NMI_Handler,"ax",%progbits
  18              		.align	1
  19              		.global	NMI_Handler
  20              		.syntax unified
  21              		.thumb
  22              		.thumb_func
  23              		.fpu fpv4-sp-d16
  25              	NMI_Handler:
  26              	.LFB134:
  27              		.file 1 "Src/stm32l4xx_it.c"
   1:Src/stm32l4xx_it.c **** /* USER CODE BEGIN Header */
   2:Src/stm32l4xx_it.c **** /**
   3:Src/stm32l4xx_it.c ****   ******************************************************************************
   4:Src/stm32l4xx_it.c ****   * @file    stm32l4xx_it.c
   5:Src/stm32l4xx_it.c ****   * @brief   Interrupt Service Routines.
   6:Src/stm32l4xx_it.c ****   ******************************************************************************
   7:Src/stm32l4xx_it.c ****   * @attention
   8:Src/stm32l4xx_it.c ****   *
   9:Src/stm32l4xx_it.c ****   * <h2><center>&copy; Copyright (c) 2020 STMicroelectronics.
  10:Src/stm32l4xx_it.c ****   * All rights reserved.</center></h2>
  11:Src/stm32l4xx_it.c ****   *
  12:Src/stm32l4xx_it.c ****   * This software component is licensed by ST under Ultimate Liberty license
  13:Src/stm32l4xx_it.c ****   * SLA0044, the "License"; You may not use this file except in compliance with
  14:Src/stm32l4xx_it.c ****   * the License. You may obtain a copy of the License at:
  15:Src/stm32l4xx_it.c ****   *                             www.st.com/SLA0044
  16:Src/stm32l4xx_it.c ****   *
  17:Src/stm32l4xx_it.c ****   ******************************************************************************
  18:Src/stm32l4xx_it.c ****   */
  19:Src/stm32l4xx_it.c **** /* USER CODE END Header */
  20:Src/stm32l4xx_it.c **** 
  21:Src/stm32l4xx_it.c **** /* Includes ------------------------------------------------------------------*/
  22:Src/stm32l4xx_it.c **** #include "main.h"
  23:Src/stm32l4xx_it.c **** #include "stm32l4xx_it.h"
  24:Src/stm32l4xx_it.c **** #include "FreeRTOS.h"
  25:Src/stm32l4xx_it.c **** #include "task.h"
  26:Src/stm32l4xx_it.c **** /* Private includes ----------------------------------------------------------*/
  27:Src/stm32l4xx_it.c **** /* USER CODE BEGIN Includes */
  28:Src/stm32l4xx_it.c **** /* USER CODE END Includes */
  29:Src/stm32l4xx_it.c **** 
  30:Src/stm32l4xx_it.c **** /* Private typedef -----------------------------------------------------------*/
  31:Src/stm32l4xx_it.c **** /* USER CODE BEGIN TD */
ARM GAS  C:\Users\choee\AppData\Local\Temp\ccqFbe0g.s 			page 2


  32:Src/stm32l4xx_it.c **** 
  33:Src/stm32l4xx_it.c **** /* USER CODE END TD */
  34:Src/stm32l4xx_it.c **** 
  35:Src/stm32l4xx_it.c **** /* Private define ------------------------------------------------------------*/
  36:Src/stm32l4xx_it.c **** /* USER CODE BEGIN PD */
  37:Src/stm32l4xx_it.c ****  
  38:Src/stm32l4xx_it.c **** /* USER CODE END PD */
  39:Src/stm32l4xx_it.c **** 
  40:Src/stm32l4xx_it.c **** /* Private macro -------------------------------------------------------------*/
  41:Src/stm32l4xx_it.c **** /* USER CODE BEGIN PM */
  42:Src/stm32l4xx_it.c **** 
  43:Src/stm32l4xx_it.c **** /* USER CODE END PM */
  44:Src/stm32l4xx_it.c **** 
  45:Src/stm32l4xx_it.c **** /* Private variables ---------------------------------------------------------*/
  46:Src/stm32l4xx_it.c **** /* USER CODE BEGIN PV */
  47:Src/stm32l4xx_it.c **** 
  48:Src/stm32l4xx_it.c **** /* USER CODE END PV */
  49:Src/stm32l4xx_it.c **** 
  50:Src/stm32l4xx_it.c **** /* Private function prototypes -----------------------------------------------*/
  51:Src/stm32l4xx_it.c **** /* USER CODE BEGIN PFP */
  52:Src/stm32l4xx_it.c **** 
  53:Src/stm32l4xx_it.c **** /* USER CODE END PFP */
  54:Src/stm32l4xx_it.c **** 
  55:Src/stm32l4xx_it.c **** /* Private user code ---------------------------------------------------------*/
  56:Src/stm32l4xx_it.c **** /* USER CODE BEGIN 0 */
  57:Src/stm32l4xx_it.c **** 
  58:Src/stm32l4xx_it.c **** /* USER CODE END 0 */
  59:Src/stm32l4xx_it.c **** 
  60:Src/stm32l4xx_it.c **** /* External variables --------------------------------------------------------*/
  61:Src/stm32l4xx_it.c **** extern TIM_HandleTypeDef htim2;
  62:Src/stm32l4xx_it.c **** 
  63:Src/stm32l4xx_it.c **** /* USER CODE BEGIN EV */
  64:Src/stm32l4xx_it.c **** 
  65:Src/stm32l4xx_it.c **** /* USER CODE END EV */
  66:Src/stm32l4xx_it.c **** 
  67:Src/stm32l4xx_it.c **** /******************************************************************************/
  68:Src/stm32l4xx_it.c **** /*           Cortex-M4 Processor Interruption and Exception Handlers          */ 
  69:Src/stm32l4xx_it.c **** /******************************************************************************/
  70:Src/stm32l4xx_it.c **** /**
  71:Src/stm32l4xx_it.c ****   * @brief This function handles Non maskable interrupt.
  72:Src/stm32l4xx_it.c ****   */
  73:Src/stm32l4xx_it.c **** void NMI_Handler(void)
  74:Src/stm32l4xx_it.c **** {
  28              		.loc 1 74 0
  29              		.cfi_startproc
  30              		@ args = 0, pretend = 0, frame = 0
  31              		@ frame_needed = 0, uses_anonymous_args = 0
  32              		@ link register save eliminated.
  33 0000 7047     		bx	lr
  34              		.cfi_endproc
  35              	.LFE134:
  37              		.section	.text.HardFault_Handler,"ax",%progbits
  38              		.align	1
  39              		.global	HardFault_Handler
  40              		.syntax unified
  41              		.thumb
  42              		.thumb_func
ARM GAS  C:\Users\choee\AppData\Local\Temp\ccqFbe0g.s 			page 3


  43              		.fpu fpv4-sp-d16
  45              	HardFault_Handler:
  46              	.LFB135:
  75:Src/stm32l4xx_it.c ****   /* USER CODE BEGIN NonMaskableInt_IRQn 0 */
  76:Src/stm32l4xx_it.c **** 
  77:Src/stm32l4xx_it.c ****   /* USER CODE END NonMaskableInt_IRQn 0 */
  78:Src/stm32l4xx_it.c ****   /* USER CODE BEGIN NonMaskableInt_IRQn 1 */
  79:Src/stm32l4xx_it.c **** 
  80:Src/stm32l4xx_it.c ****   /* USER CODE END NonMaskableInt_IRQn 1 */
  81:Src/stm32l4xx_it.c **** }
  82:Src/stm32l4xx_it.c **** 
  83:Src/stm32l4xx_it.c **** /**
  84:Src/stm32l4xx_it.c ****   * @brief This function handles Hard fault interrupt.
  85:Src/stm32l4xx_it.c ****   */
  86:Src/stm32l4xx_it.c **** void HardFault_Handler(void)
  87:Src/stm32l4xx_it.c **** {
  47              		.loc 1 87 0
  48              		.cfi_startproc
  49              		@ Volatile: function does not return.
  50              		@ args = 0, pretend = 0, frame = 0
  51              		@ frame_needed = 0, uses_anonymous_args = 0
  52              		@ link register save eliminated.
  53              	.L3:
  54 0000 FEE7     		b	.L3
  55              		.cfi_endproc
  56              	.LFE135:
  58              		.section	.text.MemManage_Handler,"ax",%progbits
  59              		.align	1
  60              		.global	MemManage_Handler
  61              		.syntax unified
  62              		.thumb
  63              		.thumb_func
  64              		.fpu fpv4-sp-d16
  66              	MemManage_Handler:
  67              	.LFB136:
  88:Src/stm32l4xx_it.c ****   /* USER CODE BEGIN HardFault_IRQn 0 */
  89:Src/stm32l4xx_it.c **** 
  90:Src/stm32l4xx_it.c ****   /* USER CODE END HardFault_IRQn 0 */
  91:Src/stm32l4xx_it.c ****   while (1)
  92:Src/stm32l4xx_it.c ****   {
  93:Src/stm32l4xx_it.c ****     /* USER CODE BEGIN W1_HardFault_IRQn 0 */
  94:Src/stm32l4xx_it.c ****     /* USER CODE END W1_HardFault_IRQn 0 */
  95:Src/stm32l4xx_it.c ****   }
  96:Src/stm32l4xx_it.c **** }
  97:Src/stm32l4xx_it.c **** 
  98:Src/stm32l4xx_it.c **** /**
  99:Src/stm32l4xx_it.c ****   * @brief This function handles Memory management fault.
 100:Src/stm32l4xx_it.c ****   */
 101:Src/stm32l4xx_it.c **** void MemManage_Handler(void)
 102:Src/stm32l4xx_it.c **** {
  68              		.loc 1 102 0
  69              		.cfi_startproc
  70              		@ Volatile: function does not return.
  71              		@ args = 0, pretend = 0, frame = 0
  72              		@ frame_needed = 0, uses_anonymous_args = 0
  73              		@ link register save eliminated.
  74              	.L5:
ARM GAS  C:\Users\choee\AppData\Local\Temp\ccqFbe0g.s 			page 4


  75 0000 FEE7     		b	.L5
  76              		.cfi_endproc
  77              	.LFE136:
  79              		.section	.text.BusFault_Handler,"ax",%progbits
  80              		.align	1
  81              		.global	BusFault_Handler
  82              		.syntax unified
  83              		.thumb
  84              		.thumb_func
  85              		.fpu fpv4-sp-d16
  87              	BusFault_Handler:
  88              	.LFB137:
 103:Src/stm32l4xx_it.c ****   /* USER CODE BEGIN MemoryManagement_IRQn 0 */
 104:Src/stm32l4xx_it.c **** 
 105:Src/stm32l4xx_it.c ****   /* USER CODE END MemoryManagement_IRQn 0 */
 106:Src/stm32l4xx_it.c ****   while (1)
 107:Src/stm32l4xx_it.c ****   {
 108:Src/stm32l4xx_it.c ****     /* USER CODE BEGIN W1_MemoryManagement_IRQn 0 */
 109:Src/stm32l4xx_it.c ****     /* USER CODE END W1_MemoryManagement_IRQn 0 */
 110:Src/stm32l4xx_it.c ****   }
 111:Src/stm32l4xx_it.c **** }
 112:Src/stm32l4xx_it.c **** 
 113:Src/stm32l4xx_it.c **** /**
 114:Src/stm32l4xx_it.c ****   * @brief This function handles Prefetch fault, memory access fault.
 115:Src/stm32l4xx_it.c ****   */
 116:Src/stm32l4xx_it.c **** void BusFault_Handler(void)
 117:Src/stm32l4xx_it.c **** {
  89              		.loc 1 117 0
  90              		.cfi_startproc
  91              		@ Volatile: function does not return.
  92              		@ args = 0, pretend = 0, frame = 0
  93              		@ frame_needed = 0, uses_anonymous_args = 0
  94              		@ link register save eliminated.
  95              	.L7:
  96 0000 FEE7     		b	.L7
  97              		.cfi_endproc
  98              	.LFE137:
 100              		.section	.text.UsageFault_Handler,"ax",%progbits
 101              		.align	1
 102              		.global	UsageFault_Handler
 103              		.syntax unified
 104              		.thumb
 105              		.thumb_func
 106              		.fpu fpv4-sp-d16
 108              	UsageFault_Handler:
 109              	.LFB138:
 118:Src/stm32l4xx_it.c ****   /* USER CODE BEGIN BusFault_IRQn 0 */
 119:Src/stm32l4xx_it.c **** 
 120:Src/stm32l4xx_it.c ****   /* USER CODE END BusFault_IRQn 0 */
 121:Src/stm32l4xx_it.c ****   while (1)
 122:Src/stm32l4xx_it.c ****   {
 123:Src/stm32l4xx_it.c ****     /* USER CODE BEGIN W1_BusFault_IRQn 0 */
 124:Src/stm32l4xx_it.c ****     /* USER CODE END W1_BusFault_IRQn 0 */
 125:Src/stm32l4xx_it.c ****   }
 126:Src/stm32l4xx_it.c **** }
 127:Src/stm32l4xx_it.c **** 
 128:Src/stm32l4xx_it.c **** /**
ARM GAS  C:\Users\choee\AppData\Local\Temp\ccqFbe0g.s 			page 5


 129:Src/stm32l4xx_it.c ****   * @brief This function handles Undefined instruction or illegal state.
 130:Src/stm32l4xx_it.c ****   */
 131:Src/stm32l4xx_it.c **** void UsageFault_Handler(void)
 132:Src/stm32l4xx_it.c **** {
 110              		.loc 1 132 0
 111              		.cfi_startproc
 112              		@ Volatile: function does not return.
 113              		@ args = 0, pretend = 0, frame = 0
 114              		@ frame_needed = 0, uses_anonymous_args = 0
 115              		@ link register save eliminated.
 116              	.L9:
 117 0000 FEE7     		b	.L9
 118              		.cfi_endproc
 119              	.LFE138:
 121              		.section	.text.DebugMon_Handler,"ax",%progbits
 122              		.align	1
 123              		.global	DebugMon_Handler
 124              		.syntax unified
 125              		.thumb
 126              		.thumb_func
 127              		.fpu fpv4-sp-d16
 129              	DebugMon_Handler:
 130              	.LFB139:
 133:Src/stm32l4xx_it.c ****   /* USER CODE BEGIN UsageFault_IRQn 0 */
 134:Src/stm32l4xx_it.c **** 
 135:Src/stm32l4xx_it.c ****   /* USER CODE END UsageFault_IRQn 0 */
 136:Src/stm32l4xx_it.c ****   while (1)
 137:Src/stm32l4xx_it.c ****   {
 138:Src/stm32l4xx_it.c ****     /* USER CODE BEGIN W1_UsageFault_IRQn 0 */
 139:Src/stm32l4xx_it.c ****     /* USER CODE END W1_UsageFault_IRQn 0 */
 140:Src/stm32l4xx_it.c ****   }
 141:Src/stm32l4xx_it.c **** }
 142:Src/stm32l4xx_it.c **** 
 143:Src/stm32l4xx_it.c **** /**
 144:Src/stm32l4xx_it.c ****   * @brief This function handles Debug monitor.
 145:Src/stm32l4xx_it.c ****   */
 146:Src/stm32l4xx_it.c **** void DebugMon_Handler(void)
 147:Src/stm32l4xx_it.c **** {
 131              		.loc 1 147 0
 132              		.cfi_startproc
 133              		@ args = 0, pretend = 0, frame = 0
 134              		@ frame_needed = 0, uses_anonymous_args = 0
 135              		@ link register save eliminated.
 136 0000 7047     		bx	lr
 137              		.cfi_endproc
 138              	.LFE139:
 140              		.section	.text.EXTI9_5_IRQHandler,"ax",%progbits
 141              		.align	1
 142              		.global	EXTI9_5_IRQHandler
 143              		.syntax unified
 144              		.thumb
 145              		.thumb_func
 146              		.fpu fpv4-sp-d16
 148              	EXTI9_5_IRQHandler:
 149              	.LFB140:
 148:Src/stm32l4xx_it.c ****   /* USER CODE BEGIN DebugMonitor_IRQn 0 */
 149:Src/stm32l4xx_it.c **** 
ARM GAS  C:\Users\choee\AppData\Local\Temp\ccqFbe0g.s 			page 6


 150:Src/stm32l4xx_it.c ****   /* USER CODE END DebugMonitor_IRQn 0 */
 151:Src/stm32l4xx_it.c ****   /* USER CODE BEGIN DebugMonitor_IRQn 1 */
 152:Src/stm32l4xx_it.c **** 
 153:Src/stm32l4xx_it.c ****   /* USER CODE END DebugMonitor_IRQn 1 */
 154:Src/stm32l4xx_it.c **** }
 155:Src/stm32l4xx_it.c **** 
 156:Src/stm32l4xx_it.c **** /******************************************************************************/
 157:Src/stm32l4xx_it.c **** /* STM32L4xx Peripheral Interrupt Handlers                                    */
 158:Src/stm32l4xx_it.c **** /* Add here the Interrupt Handlers for the used peripherals.                  */
 159:Src/stm32l4xx_it.c **** /* For the available peripheral interrupt handler names,                      */
 160:Src/stm32l4xx_it.c **** /* please refer to the startup file (startup_stm32l4xx.s).                    */
 161:Src/stm32l4xx_it.c **** /******************************************************************************/
 162:Src/stm32l4xx_it.c **** 
 163:Src/stm32l4xx_it.c **** /**
 164:Src/stm32l4xx_it.c ****   * @brief This function handles EXTI line[9:5] interrupts.
 165:Src/stm32l4xx_it.c ****   */
 166:Src/stm32l4xx_it.c **** void EXTI9_5_IRQHandler(void)
 167:Src/stm32l4xx_it.c **** {
 150              		.loc 1 167 0
 151              		.cfi_startproc
 152              		@ args = 0, pretend = 0, frame = 0
 153              		@ frame_needed = 0, uses_anonymous_args = 0
 154              		.loc 1 167 0
 155 0000 08B5     		push	{r3, lr}
 156              	.LCFI0:
 157              		.cfi_def_cfa_offset 8
 158              		.cfi_offset 3, -8
 159              		.cfi_offset 14, -4
 168:Src/stm32l4xx_it.c ****   /* USER CODE BEGIN EXTI9_5_IRQn 0 */
 169:Src/stm32l4xx_it.c **** 
 170:Src/stm32l4xx_it.c ****   /* USER CODE END EXTI9_5_IRQn 0 */
 171:Src/stm32l4xx_it.c ****   HAL_GPIO_EXTI_IRQHandler(GPIO_PIN_5);
 160              		.loc 1 171 0
 161 0002 2020     		movs	r0, #32
 162 0004 FFF7FEFF 		bl	HAL_GPIO_EXTI_IRQHandler
 163              	.LVL0:
 172:Src/stm32l4xx_it.c ****   HAL_GPIO_EXTI_IRQHandler(GPIO_PIN_6);
 164              		.loc 1 172 0
 165 0008 4020     		movs	r0, #64
 166 000a FFF7FEFF 		bl	HAL_GPIO_EXTI_IRQHandler
 167              	.LVL1:
 173:Src/stm32l4xx_it.c ****   HAL_GPIO_EXTI_IRQHandler(GPIO_PIN_7);
 168              		.loc 1 173 0
 169 000e 8020     		movs	r0, #128
 170 0010 FFF7FEFF 		bl	HAL_GPIO_EXTI_IRQHandler
 171              	.LVL2:
 174:Src/stm32l4xx_it.c ****   HAL_GPIO_EXTI_IRQHandler(GPIO_PIN_8);
 172              		.loc 1 174 0
 173 0014 4FF48070 		mov	r0, #256
 174 0018 FFF7FEFF 		bl	HAL_GPIO_EXTI_IRQHandler
 175              	.LVL3:
 176 001c 08BD     		pop	{r3, pc}
 177              		.cfi_endproc
 178              	.LFE140:
 180              		.section	.text.TIM2_IRQHandler,"ax",%progbits
 181              		.align	1
 182              		.global	TIM2_IRQHandler
ARM GAS  C:\Users\choee\AppData\Local\Temp\ccqFbe0g.s 			page 7


 183              		.syntax unified
 184              		.thumb
 185              		.thumb_func
 186              		.fpu fpv4-sp-d16
 188              	TIM2_IRQHandler:
 189              	.LFB141:
 175:Src/stm32l4xx_it.c ****   /* USER CODE BEGIN EXTI9_5_IRQn 1 */
 176:Src/stm32l4xx_it.c **** 
 177:Src/stm32l4xx_it.c ****   /* USER CODE END EXTI9_5_IRQn 1 */
 178:Src/stm32l4xx_it.c **** }
 179:Src/stm32l4xx_it.c **** 
 180:Src/stm32l4xx_it.c **** /**
 181:Src/stm32l4xx_it.c ****   * @brief This function handles TIM2 global interrupt.
 182:Src/stm32l4xx_it.c ****   */
 183:Src/stm32l4xx_it.c **** void TIM2_IRQHandler(void)
 184:Src/stm32l4xx_it.c **** {
 190              		.loc 1 184 0
 191              		.cfi_startproc
 192              		@ args = 0, pretend = 0, frame = 0
 193              		@ frame_needed = 0, uses_anonymous_args = 0
 194 0000 08B5     		push	{r3, lr}
 195              	.LCFI1:
 196              		.cfi_def_cfa_offset 8
 197              		.cfi_offset 3, -8
 198              		.cfi_offset 14, -4
 185:Src/stm32l4xx_it.c ****   /* USER CODE BEGIN TIM2_IRQn 0 */
 186:Src/stm32l4xx_it.c **** 
 187:Src/stm32l4xx_it.c ****   /* USER CODE END TIM2_IRQn 0 */
 188:Src/stm32l4xx_it.c ****   HAL_TIM_IRQHandler(&htim2);
 199              		.loc 1 188 0
 200 0002 0248     		ldr	r0, .L15
 201 0004 FFF7FEFF 		bl	HAL_TIM_IRQHandler
 202              	.LVL4:
 203 0008 08BD     		pop	{r3, pc}
 204              	.L16:
 205 000a 00BF     		.align	2
 206              	.L15:
 207 000c 00000000 		.word	htim2
 208              		.cfi_endproc
 209              	.LFE141:
 211              		.section	.text.EXTI15_10_IRQHandler,"ax",%progbits
 212              		.align	1
 213              		.global	EXTI15_10_IRQHandler
 214              		.syntax unified
 215              		.thumb
 216              		.thumb_func
 217              		.fpu fpv4-sp-d16
 219              	EXTI15_10_IRQHandler:
 220              	.LFB142:
 189:Src/stm32l4xx_it.c ****   /* USER CODE BEGIN TIM2_IRQn 1 */
 190:Src/stm32l4xx_it.c **** 
 191:Src/stm32l4xx_it.c ****   /* USER CODE END TIM2_IRQn 1 */
 192:Src/stm32l4xx_it.c **** }
 193:Src/stm32l4xx_it.c **** 
 194:Src/stm32l4xx_it.c **** /**
 195:Src/stm32l4xx_it.c ****   * @brief This function handles EXTI line[15:10] interrupts.
 196:Src/stm32l4xx_it.c ****   */
ARM GAS  C:\Users\choee\AppData\Local\Temp\ccqFbe0g.s 			page 8


 197:Src/stm32l4xx_it.c **** void EXTI15_10_IRQHandler(void)
 198:Src/stm32l4xx_it.c **** {
 221              		.loc 1 198 0
 222              		.cfi_startproc
 223              		@ args = 0, pretend = 0, frame = 0
 224              		@ frame_needed = 0, uses_anonymous_args = 0
 225 0000 08B5     		push	{r3, lr}
 226              	.LCFI2:
 227              		.cfi_def_cfa_offset 8
 228              		.cfi_offset 3, -8
 229              		.cfi_offset 14, -4
 199:Src/stm32l4xx_it.c ****   /* USER CODE BEGIN EXTI15_10_IRQn 0 */
 200:Src/stm32l4xx_it.c **** 
 201:Src/stm32l4xx_it.c ****   /* USER CODE END EXTI15_10_IRQn 0 */
 202:Src/stm32l4xx_it.c ****   HAL_GPIO_EXTI_IRQHandler(GPIO_PIN_10);
 230              		.loc 1 202 0
 231 0002 4FF48060 		mov	r0, #1024
 232 0006 FFF7FEFF 		bl	HAL_GPIO_EXTI_IRQHandler
 233              	.LVL5:
 203:Src/stm32l4xx_it.c ****   HAL_GPIO_EXTI_IRQHandler(GPIO_PIN_11);
 234              		.loc 1 203 0
 235 000a 4FF40060 		mov	r0, #2048
 236 000e FFF7FEFF 		bl	HAL_GPIO_EXTI_IRQHandler
 237              	.LVL6:
 204:Src/stm32l4xx_it.c ****   HAL_GPIO_EXTI_IRQHandler(GPIO_PIN_13);
 238              		.loc 1 204 0
 239 0012 4FF40050 		mov	r0, #8192
 240 0016 FFF7FEFF 		bl	HAL_GPIO_EXTI_IRQHandler
 241              	.LVL7:
 205:Src/stm32l4xx_it.c ****   HAL_GPIO_EXTI_IRQHandler(GPIO_PIN_14);
 242              		.loc 1 205 0
 243 001a 4FF48040 		mov	r0, #16384
 244 001e FFF7FEFF 		bl	HAL_GPIO_EXTI_IRQHandler
 245              	.LVL8:
 206:Src/stm32l4xx_it.c ****   HAL_GPIO_EXTI_IRQHandler(GPIO_PIN_15);
 246              		.loc 1 206 0
 247 0022 4FF40040 		mov	r0, #32768
 248 0026 FFF7FEFF 		bl	HAL_GPIO_EXTI_IRQHandler
 249              	.LVL9:
 250 002a 08BD     		pop	{r3, pc}
 251              		.cfi_endproc
 252              	.LFE142:
 254              		.text
 255              	.Letext0:
 256              		.file 2 "c:\\program files (x86)\\gnu tools arm embedded\\6 2017-q2-update\\arm-none-eabi\\include
 257              		.file 3 "c:\\program files (x86)\\gnu tools arm embedded\\6 2017-q2-update\\arm-none-eabi\\include
 258              		.file 4 "Drivers/CMSIS/Include/core_cm4.h"
 259              		.file 5 "Drivers/CMSIS/Device/ST/STM32L4xx/Include/system_stm32l4xx.h"
 260              		.file 6 "Drivers/CMSIS/Device/ST/STM32L4xx/Include/stm32l475xx.h"
 261              		.file 7 "Drivers/STM32L4xx_HAL_Driver/Inc/stm32l4xx_hal_def.h"
 262              		.file 8 "Drivers/STM32L4xx_HAL_Driver/Inc/stm32l4xx_hal_dma.h"
 263              		.file 9 "Drivers/STM32L4xx_HAL_Driver/Inc/stm32l4xx_hal_flash.h"
 264              		.file 10 "Drivers/STM32L4xx_HAL_Driver/Inc/stm32l4xx_hal_tim.h"
 265              		.file 11 "Drivers/STM32L4xx_HAL_Driver/Inc/stm32l4xx_hal_uart.h"
 266              		.file 12 "Drivers/STM32L4xx_HAL_Driver/Inc/stm32l4xx_hal.h"
 267              		.file 13 "Inc/stm32l4xx_nucleo.h"
 268              		.file 14 "Drivers/STM32L4xx_HAL_Driver/Inc/stm32l4xx_hal_gpio.h"
ARM GAS  C:\Users\choee\AppData\Local\Temp\ccqFbe0g.s 			page 9


ARM GAS  C:\Users\choee\AppData\Local\Temp\ccqFbe0g.s 			page 10


DEFINED SYMBOLS
                            *ABS*:00000000 stm32l4xx_it.c
C:\Users\choee\AppData\Local\Temp\ccqFbe0g.s:18     .text.NMI_Handler:00000000 $t
C:\Users\choee\AppData\Local\Temp\ccqFbe0g.s:25     .text.NMI_Handler:00000000 NMI_Handler
C:\Users\choee\AppData\Local\Temp\ccqFbe0g.s:38     .text.HardFault_Handler:00000000 $t
C:\Users\choee\AppData\Local\Temp\ccqFbe0g.s:45     .text.HardFault_Handler:00000000 HardFault_Handler
C:\Users\choee\AppData\Local\Temp\ccqFbe0g.s:59     .text.MemManage_Handler:00000000 $t
C:\Users\choee\AppData\Local\Temp\ccqFbe0g.s:66     .text.MemManage_Handler:00000000 MemManage_Handler
C:\Users\choee\AppData\Local\Temp\ccqFbe0g.s:80     .text.BusFault_Handler:00000000 $t
C:\Users\choee\AppData\Local\Temp\ccqFbe0g.s:87     .text.BusFault_Handler:00000000 BusFault_Handler
C:\Users\choee\AppData\Local\Temp\ccqFbe0g.s:101    .text.UsageFault_Handler:00000000 $t
C:\Users\choee\AppData\Local\Temp\ccqFbe0g.s:108    .text.UsageFault_Handler:00000000 UsageFault_Handler
C:\Users\choee\AppData\Local\Temp\ccqFbe0g.s:122    .text.DebugMon_Handler:00000000 $t
C:\Users\choee\AppData\Local\Temp\ccqFbe0g.s:129    .text.DebugMon_Handler:00000000 DebugMon_Handler
C:\Users\choee\AppData\Local\Temp\ccqFbe0g.s:141    .text.EXTI9_5_IRQHandler:00000000 $t
C:\Users\choee\AppData\Local\Temp\ccqFbe0g.s:148    .text.EXTI9_5_IRQHandler:00000000 EXTI9_5_IRQHandler
C:\Users\choee\AppData\Local\Temp\ccqFbe0g.s:181    .text.TIM2_IRQHandler:00000000 $t
C:\Users\choee\AppData\Local\Temp\ccqFbe0g.s:188    .text.TIM2_IRQHandler:00000000 TIM2_IRQHandler
C:\Users\choee\AppData\Local\Temp\ccqFbe0g.s:207    .text.TIM2_IRQHandler:0000000c $d
C:\Users\choee\AppData\Local\Temp\ccqFbe0g.s:212    .text.EXTI15_10_IRQHandler:00000000 $t
C:\Users\choee\AppData\Local\Temp\ccqFbe0g.s:219    .text.EXTI15_10_IRQHandler:00000000 EXTI15_10_IRQHandler
                     .debug_frame:00000010 $d

UNDEFINED SYMBOLS
HAL_GPIO_EXTI_IRQHandler
HAL_TIM_IRQHandler
htim2
