ARM GAS  C:\Users\choee\AppData\Local\Temp\ccgUBqR3.s 			page 1


   1              		.cpu cortex-m4
   2              		.eabi_attribute 27, 1
   3              		.eabi_attribute 28, 1
   4              		.eabi_attribute 20, 1
   5              		.eabi_attribute 21, 1
   6              		.eabi_attribute 23, 3
   7              		.eabi_attribute 24, 1
   8              		.eabi_attribute 25, 1
   9              		.eabi_attribute 26, 1
  10              		.eabi_attribute 30, 1
  11              		.eabi_attribute 34, 1
  12              		.eabi_attribute 18, 4
  13              		.file	"usb_otg.c"
  14              		.text
  15              	.Ltext0:
  16              		.cfi_sections	.debug_frame
  17              		.section	.text.MX_USB_OTG_FS_PCD_Init,"ax",%progbits
  18              		.align	1
  19              		.global	MX_USB_OTG_FS_PCD_Init
  20              		.syntax unified
  21              		.thumb
  22              		.thumb_func
  23              		.fpu fpv4-sp-d16
  25              	MX_USB_OTG_FS_PCD_Init:
  26              	.LFB130:
  27              		.file 1 "Src/usb_otg.c"
   1:Src/usb_otg.c **** /**
   2:Src/usb_otg.c ****   ******************************************************************************
   3:Src/usb_otg.c ****   * File Name          : USB_OTG.c
   4:Src/usb_otg.c ****   * Description        : This file provides code for the configuration
   5:Src/usb_otg.c ****   *                      of the USB_OTG instances.
   6:Src/usb_otg.c ****   ******************************************************************************
   7:Src/usb_otg.c ****   * @attention
   8:Src/usb_otg.c ****   *
   9:Src/usb_otg.c ****   * <h2><center>&copy; Copyright (c) 2020 STMicroelectronics.
  10:Src/usb_otg.c ****   * All rights reserved.</center></h2>
  11:Src/usb_otg.c ****   *
  12:Src/usb_otg.c ****   * This software component is licensed by ST under Ultimate Liberty license
  13:Src/usb_otg.c ****   * SLA0044, the "License"; You may not use this file except in compliance with
  14:Src/usb_otg.c ****   * the License. You may obtain a copy of the License at:
  15:Src/usb_otg.c ****   *                             www.st.com/SLA0044
  16:Src/usb_otg.c ****   *
  17:Src/usb_otg.c ****   ******************************************************************************
  18:Src/usb_otg.c ****   */
  19:Src/usb_otg.c **** 
  20:Src/usb_otg.c **** /* Includes ------------------------------------------------------------------*/
  21:Src/usb_otg.c **** #include "usb_otg.h"
  22:Src/usb_otg.c **** 
  23:Src/usb_otg.c **** /* USER CODE BEGIN 0 */
  24:Src/usb_otg.c **** 
  25:Src/usb_otg.c **** /* USER CODE END 0 */
  26:Src/usb_otg.c **** 
  27:Src/usb_otg.c **** PCD_HandleTypeDef hpcd_USB_OTG_FS;
  28:Src/usb_otg.c **** 
  29:Src/usb_otg.c **** /* USB_OTG_FS init function */
  30:Src/usb_otg.c **** 
  31:Src/usb_otg.c **** void MX_USB_OTG_FS_PCD_Init(void)
ARM GAS  C:\Users\choee\AppData\Local\Temp\ccgUBqR3.s 			page 2


  32:Src/usb_otg.c **** {
  28              		.loc 1 32 0
  29              		.cfi_startproc
  30              		@ args = 0, pretend = 0, frame = 0
  31              		@ frame_needed = 0, uses_anonymous_args = 0
  32 0000 08B5     		push	{r3, lr}
  33              	.LCFI0:
  34              		.cfi_def_cfa_offset 8
  35              		.cfi_offset 3, -8
  36              		.cfi_offset 14, -4
  33:Src/usb_otg.c **** 
  34:Src/usb_otg.c ****   hpcd_USB_OTG_FS.Instance = USB_OTG_FS;
  37              		.loc 1 34 0
  38 0002 0B48     		ldr	r0, .L5
  39 0004 4FF0A043 		mov	r3, #1342177280
  40 0008 0360     		str	r3, [r0]
  35:Src/usb_otg.c ****   hpcd_USB_OTG_FS.Init.dev_endpoints = 6;
  41              		.loc 1 35 0
  42 000a 0623     		movs	r3, #6
  43 000c 4360     		str	r3, [r0, #4]
  36:Src/usb_otg.c ****   hpcd_USB_OTG_FS.Init.speed = PCD_SPEED_FULL;
  44              		.loc 1 36 0
  45 000e 0223     		movs	r3, #2
  46 0010 C360     		str	r3, [r0, #12]
  37:Src/usb_otg.c ****   hpcd_USB_OTG_FS.Init.phy_itface = PCD_PHY_EMBEDDED;
  47              		.loc 1 37 0
  48 0012 8361     		str	r3, [r0, #24]
  38:Src/usb_otg.c ****   hpcd_USB_OTG_FS.Init.Sof_enable = DISABLE;
  49              		.loc 1 38 0
  50 0014 0023     		movs	r3, #0
  51 0016 C361     		str	r3, [r0, #28]
  39:Src/usb_otg.c ****   hpcd_USB_OTG_FS.Init.low_power_enable = DISABLE;
  52              		.loc 1 39 0
  53 0018 0362     		str	r3, [r0, #32]
  40:Src/usb_otg.c ****   hpcd_USB_OTG_FS.Init.lpm_enable = DISABLE;
  54              		.loc 1 40 0
  55 001a 4362     		str	r3, [r0, #36]
  41:Src/usb_otg.c ****   hpcd_USB_OTG_FS.Init.battery_charging_enable = DISABLE;
  56              		.loc 1 41 0
  57 001c 8362     		str	r3, [r0, #40]
  42:Src/usb_otg.c ****   hpcd_USB_OTG_FS.Init.use_dedicated_ep1 = DISABLE;
  58              		.loc 1 42 0
  59 001e 0363     		str	r3, [r0, #48]
  43:Src/usb_otg.c ****   hpcd_USB_OTG_FS.Init.vbus_sensing_enable = DISABLE;
  60              		.loc 1 43 0
  61 0020 C362     		str	r3, [r0, #44]
  44:Src/usb_otg.c ****   if (HAL_PCD_Init(&hpcd_USB_OTG_FS) != HAL_OK)
  62              		.loc 1 44 0
  63 0022 FFF7FEFF 		bl	HAL_PCD_Init
  64              	.LVL0:
  65 0026 00B9     		cbnz	r0, .L4
  66              	.L1:
  67 0028 08BD     		pop	{r3, pc}
  68              	.L4:
  45:Src/usb_otg.c ****   {
  46:Src/usb_otg.c ****     Error_Handler();
  69              		.loc 1 46 0
ARM GAS  C:\Users\choee\AppData\Local\Temp\ccgUBqR3.s 			page 3


  70 002a FFF7FEFF 		bl	Error_Handler
  71              	.LVL1:
  47:Src/usb_otg.c ****   }
  48:Src/usb_otg.c **** 
  49:Src/usb_otg.c **** }
  72              		.loc 1 49 0
  73 002e FBE7     		b	.L1
  74              	.L6:
  75              		.align	2
  76              	.L5:
  77 0030 00000000 		.word	hpcd_USB_OTG_FS
  78              		.cfi_endproc
  79              	.LFE130:
  81              		.section	.text.HAL_PCD_MspInit,"ax",%progbits
  82              		.align	1
  83              		.global	HAL_PCD_MspInit
  84              		.syntax unified
  85              		.thumb
  86              		.thumb_func
  87              		.fpu fpv4-sp-d16
  89              	HAL_PCD_MspInit:
  90              	.LFB131:
  50:Src/usb_otg.c **** 
  51:Src/usb_otg.c **** void HAL_PCD_MspInit(PCD_HandleTypeDef* pcdHandle)
  52:Src/usb_otg.c **** {
  91              		.loc 1 52 0
  92              		.cfi_startproc
  93              		@ args = 0, pretend = 0, frame = 32
  94              		@ frame_needed = 0, uses_anonymous_args = 0
  95              	.LVL2:
  96 0000 30B5     		push	{r4, r5, lr}
  97              	.LCFI1:
  98              		.cfi_def_cfa_offset 12
  99              		.cfi_offset 4, -12
 100              		.cfi_offset 5, -8
 101              		.cfi_offset 14, -4
 102 0002 89B0     		sub	sp, sp, #36
 103              	.LCFI2:
 104              		.cfi_def_cfa_offset 48
  53:Src/usb_otg.c **** 
  54:Src/usb_otg.c ****   GPIO_InitTypeDef GPIO_InitStruct = {0};
 105              		.loc 1 54 0
 106 0004 0023     		movs	r3, #0
 107 0006 0393     		str	r3, [sp, #12]
 108 0008 0493     		str	r3, [sp, #16]
 109 000a 0593     		str	r3, [sp, #20]
 110 000c 0693     		str	r3, [sp, #24]
 111 000e 0793     		str	r3, [sp, #28]
  55:Src/usb_otg.c ****   if(pcdHandle->Instance==USB_OTG_FS)
 112              		.loc 1 55 0
 113 0010 0368     		ldr	r3, [r0]
 114 0012 B3F1A04F 		cmp	r3, #1342177280
 115 0016 01D0     		beq	.L11
 116              	.LVL3:
 117              	.L7:
  56:Src/usb_otg.c ****   {
  57:Src/usb_otg.c ****   /* USER CODE BEGIN USB_OTG_FS_MspInit 0 */
ARM GAS  C:\Users\choee\AppData\Local\Temp\ccgUBqR3.s 			page 4


  58:Src/usb_otg.c **** 
  59:Src/usb_otg.c ****   /* USER CODE END USB_OTG_FS_MspInit 0 */
  60:Src/usb_otg.c ****   
  61:Src/usb_otg.c ****     __HAL_RCC_GPIOA_CLK_ENABLE();
  62:Src/usb_otg.c ****     /**USB_OTG_FS GPIO Configuration    
  63:Src/usb_otg.c ****     PA9     ------> USB_OTG_FS_VBUS
  64:Src/usb_otg.c ****     PA10     ------> USB_OTG_FS_ID
  65:Src/usb_otg.c ****     PA11     ------> USB_OTG_FS_DM
  66:Src/usb_otg.c ****     PA12     ------> USB_OTG_FS_DP 
  67:Src/usb_otg.c ****     */
  68:Src/usb_otg.c ****     GPIO_InitStruct.Pin = USB_OTG_FS_VBUS_Pin;
  69:Src/usb_otg.c ****     GPIO_InitStruct.Mode = GPIO_MODE_INPUT;
  70:Src/usb_otg.c ****     GPIO_InitStruct.Pull = GPIO_NOPULL;
  71:Src/usb_otg.c ****     HAL_GPIO_Init(USB_OTG_FS_VBUS_GPIO_Port, &GPIO_InitStruct);
  72:Src/usb_otg.c **** 
  73:Src/usb_otg.c ****     GPIO_InitStruct.Pin = USB_OTG_FS_ID_Pin|USB_OTG_FS_DM_Pin|USB_OTG_FS_DP_Pin;
  74:Src/usb_otg.c ****     GPIO_InitStruct.Mode = GPIO_MODE_AF_PP;
  75:Src/usb_otg.c ****     GPIO_InitStruct.Pull = GPIO_NOPULL;
  76:Src/usb_otg.c ****     GPIO_InitStruct.Speed = GPIO_SPEED_FREQ_VERY_HIGH;
  77:Src/usb_otg.c ****     GPIO_InitStruct.Alternate = GPIO_AF10_OTG_FS;
  78:Src/usb_otg.c ****     HAL_GPIO_Init(GPIOA, &GPIO_InitStruct);
  79:Src/usb_otg.c **** 
  80:Src/usb_otg.c ****     /* USB_OTG_FS clock enable */
  81:Src/usb_otg.c ****     __HAL_RCC_USB_OTG_FS_CLK_ENABLE();
  82:Src/usb_otg.c **** 
  83:Src/usb_otg.c ****     /* Enable VDDUSB */
  84:Src/usb_otg.c ****     if(__HAL_RCC_PWR_IS_CLK_DISABLED())
  85:Src/usb_otg.c ****     {
  86:Src/usb_otg.c ****       __HAL_RCC_PWR_CLK_ENABLE();
  87:Src/usb_otg.c ****       HAL_PWREx_EnableVddUSB();
  88:Src/usb_otg.c ****       __HAL_RCC_PWR_CLK_DISABLE();
  89:Src/usb_otg.c ****     }
  90:Src/usb_otg.c ****     else
  91:Src/usb_otg.c ****     {
  92:Src/usb_otg.c ****       HAL_PWREx_EnableVddUSB();
  93:Src/usb_otg.c ****     }
  94:Src/usb_otg.c ****   /* USER CODE BEGIN USB_OTG_FS_MspInit 1 */
  95:Src/usb_otg.c **** 
  96:Src/usb_otg.c ****   /* USER CODE END USB_OTG_FS_MspInit 1 */
  97:Src/usb_otg.c ****   }
  98:Src/usb_otg.c **** }
 118              		.loc 1 98 0
 119 0018 09B0     		add	sp, sp, #36
 120              	.LCFI3:
 121              		.cfi_remember_state
 122              		.cfi_def_cfa_offset 12
 123              		@ sp needed
 124 001a 30BD     		pop	{r4, r5, pc}
 125              	.LVL4:
 126              	.L11:
 127              	.LCFI4:
 128              		.cfi_restore_state
 129              	.LBB2:
  61:Src/usb_otg.c ****     /**USB_OTG_FS GPIO Configuration    
 130              		.loc 1 61 0
 131 001c 214C     		ldr	r4, .L13
 132 001e E36C     		ldr	r3, [r4, #76]
ARM GAS  C:\Users\choee\AppData\Local\Temp\ccgUBqR3.s 			page 5


 133 0020 43F00103 		orr	r3, r3, #1
 134 0024 E364     		str	r3, [r4, #76]
 135 0026 E36C     		ldr	r3, [r4, #76]
 136 0028 03F00103 		and	r3, r3, #1
 137 002c 0093     		str	r3, [sp]
 138 002e 009B     		ldr	r3, [sp]
 139              	.LBE2:
  68:Src/usb_otg.c ****     GPIO_InitStruct.Mode = GPIO_MODE_INPUT;
 140              		.loc 1 68 0
 141 0030 08AD     		add	r5, sp, #32
 142 0032 4FF40073 		mov	r3, #512
 143 0036 45F8143D 		str	r3, [r5, #-20]!
  71:Src/usb_otg.c **** 
 144              		.loc 1 71 0
 145 003a 2946     		mov	r1, r5
 146 003c 4FF09040 		mov	r0, #1207959552
 147              	.LVL5:
 148 0040 FFF7FEFF 		bl	HAL_GPIO_Init
 149              	.LVL6:
  73:Src/usb_otg.c ****     GPIO_InitStruct.Mode = GPIO_MODE_AF_PP;
 150              		.loc 1 73 0
 151 0044 4FF4E053 		mov	r3, #7168
 152 0048 0393     		str	r3, [sp, #12]
  74:Src/usb_otg.c ****     GPIO_InitStruct.Pull = GPIO_NOPULL;
 153              		.loc 1 74 0
 154 004a 0223     		movs	r3, #2
 155 004c 0493     		str	r3, [sp, #16]
  75:Src/usb_otg.c ****     GPIO_InitStruct.Speed = GPIO_SPEED_FREQ_VERY_HIGH;
 156              		.loc 1 75 0
 157 004e 0023     		movs	r3, #0
 158 0050 0593     		str	r3, [sp, #20]
  76:Src/usb_otg.c ****     GPIO_InitStruct.Alternate = GPIO_AF10_OTG_FS;
 159              		.loc 1 76 0
 160 0052 0323     		movs	r3, #3
 161 0054 0693     		str	r3, [sp, #24]
  77:Src/usb_otg.c ****     HAL_GPIO_Init(GPIOA, &GPIO_InitStruct);
 162              		.loc 1 77 0
 163 0056 0A23     		movs	r3, #10
 164 0058 0793     		str	r3, [sp, #28]
  78:Src/usb_otg.c **** 
 165              		.loc 1 78 0
 166 005a 2946     		mov	r1, r5
 167 005c 4FF09040 		mov	r0, #1207959552
 168 0060 FFF7FEFF 		bl	HAL_GPIO_Init
 169              	.LVL7:
 170              	.LBB3:
  81:Src/usb_otg.c **** 
 171              		.loc 1 81 0
 172 0064 E36C     		ldr	r3, [r4, #76]
 173 0066 43F48053 		orr	r3, r3, #4096
 174 006a E364     		str	r3, [r4, #76]
 175 006c E36C     		ldr	r3, [r4, #76]
 176 006e 03F48053 		and	r3, r3, #4096
 177 0072 0193     		str	r3, [sp, #4]
 178 0074 019B     		ldr	r3, [sp, #4]
 179              	.LBE3:
  84:Src/usb_otg.c ****     {
ARM GAS  C:\Users\choee\AppData\Local\Temp\ccgUBqR3.s 			page 6


 180              		.loc 1 84 0
 181 0076 A36D     		ldr	r3, [r4, #88]
 182 0078 13F0805F 		tst	r3, #268435456
 183 007c 02D0     		beq	.L12
  92:Src/usb_otg.c ****     }
 184              		.loc 1 92 0
 185 007e FFF7FEFF 		bl	HAL_PWREx_EnableVddUSB
 186              	.LVL8:
 187              		.loc 1 98 0
 188 0082 C9E7     		b	.L7
 189              	.L12:
 190              	.LBB4:
  86:Src/usb_otg.c ****       HAL_PWREx_EnableVddUSB();
 191              		.loc 1 86 0
 192 0084 A36D     		ldr	r3, [r4, #88]
 193 0086 43F08053 		orr	r3, r3, #268435456
 194 008a A365     		str	r3, [r4, #88]
 195 008c A36D     		ldr	r3, [r4, #88]
 196 008e 03F08053 		and	r3, r3, #268435456
 197 0092 0293     		str	r3, [sp, #8]
 198 0094 029B     		ldr	r3, [sp, #8]
 199              	.LBE4:
  87:Src/usb_otg.c ****       __HAL_RCC_PWR_CLK_DISABLE();
 200              		.loc 1 87 0
 201 0096 FFF7FEFF 		bl	HAL_PWREx_EnableVddUSB
 202              	.LVL9:
  88:Src/usb_otg.c ****     }
 203              		.loc 1 88 0
 204 009a A36D     		ldr	r3, [r4, #88]
 205 009c 23F08053 		bic	r3, r3, #268435456
 206 00a0 A365     		str	r3, [r4, #88]
 207 00a2 B9E7     		b	.L7
 208              	.L14:
 209              		.align	2
 210              	.L13:
 211 00a4 00100240 		.word	1073876992
 212              		.cfi_endproc
 213              	.LFE131:
 215              		.section	.text.HAL_PCD_MspDeInit,"ax",%progbits
 216              		.align	1
 217              		.global	HAL_PCD_MspDeInit
 218              		.syntax unified
 219              		.thumb
 220              		.thumb_func
 221              		.fpu fpv4-sp-d16
 223              	HAL_PCD_MspDeInit:
 224              	.LFB132:
  99:Src/usb_otg.c **** 
 100:Src/usb_otg.c **** void HAL_PCD_MspDeInit(PCD_HandleTypeDef* pcdHandle)
 101:Src/usb_otg.c **** {
 225              		.loc 1 101 0
 226              		.cfi_startproc
 227              		@ args = 0, pretend = 0, frame = 8
 228              		@ frame_needed = 0, uses_anonymous_args = 0
 229              	.LVL10:
 102:Src/usb_otg.c **** 
 103:Src/usb_otg.c ****   if(pcdHandle->Instance==USB_OTG_FS)
ARM GAS  C:\Users\choee\AppData\Local\Temp\ccgUBqR3.s 			page 7


 230              		.loc 1 103 0
 231 0000 0368     		ldr	r3, [r0]
 232 0002 B3F1A04F 		cmp	r3, #1342177280
 233 0006 00D0     		beq	.L22
 234 0008 7047     		bx	lr
 235              	.L22:
 101:Src/usb_otg.c **** 
 236              		.loc 1 101 0
 237 000a 10B5     		push	{r4, lr}
 238              	.LCFI5:
 239              		.cfi_def_cfa_offset 8
 240              		.cfi_offset 4, -8
 241              		.cfi_offset 14, -4
 242 000c 82B0     		sub	sp, sp, #8
 243              	.LCFI6:
 244              		.cfi_def_cfa_offset 16
 104:Src/usb_otg.c ****   {
 105:Src/usb_otg.c ****   /* USER CODE BEGIN USB_OTG_FS_MspDeInit 0 */
 106:Src/usb_otg.c **** 
 107:Src/usb_otg.c ****   /* USER CODE END USB_OTG_FS_MspDeInit 0 */
 108:Src/usb_otg.c ****     /* Peripheral clock disable */
 109:Src/usb_otg.c ****     __HAL_RCC_USB_OTG_FS_CLK_DISABLE();
 245              		.loc 1 109 0
 246 000e 114C     		ldr	r4, .L24
 247 0010 E36C     		ldr	r3, [r4, #76]
 248 0012 23F48053 		bic	r3, r3, #4096
 249 0016 E364     		str	r3, [r4, #76]
 110:Src/usb_otg.c ****   
 111:Src/usb_otg.c ****     /**USB_OTG_FS GPIO Configuration    
 112:Src/usb_otg.c ****     PA9     ------> USB_OTG_FS_VBUS
 113:Src/usb_otg.c ****     PA10     ------> USB_OTG_FS_ID
 114:Src/usb_otg.c ****     PA11     ------> USB_OTG_FS_DM
 115:Src/usb_otg.c ****     PA12     ------> USB_OTG_FS_DP 
 116:Src/usb_otg.c ****     */
 117:Src/usb_otg.c ****     HAL_GPIO_DeInit(GPIOA, USB_OTG_FS_VBUS_Pin|USB_OTG_FS_ID_Pin|USB_OTG_FS_DM_Pin|USB_OTG_FS_DP_Pi
 250              		.loc 1 117 0
 251 0018 4FF4F051 		mov	r1, #7680
 252 001c 4FF09040 		mov	r0, #1207959552
 253              	.LVL11:
 254 0020 FFF7FEFF 		bl	HAL_GPIO_DeInit
 255              	.LVL12:
 118:Src/usb_otg.c **** 
 119:Src/usb_otg.c ****     /* Disable VDDUSB */
 120:Src/usb_otg.c ****     if(__HAL_RCC_PWR_IS_CLK_DISABLED())
 256              		.loc 1 120 0
 257 0024 A36D     		ldr	r3, [r4, #88]
 258 0026 13F0805F 		tst	r3, #268435456
 259 002a 03D0     		beq	.L23
 121:Src/usb_otg.c ****     {
 122:Src/usb_otg.c ****       __HAL_RCC_PWR_CLK_ENABLE();
 123:Src/usb_otg.c ****       HAL_PWREx_DisableVddUSB();
 124:Src/usb_otg.c ****       __HAL_RCC_PWR_CLK_DISABLE();
 125:Src/usb_otg.c ****     }
 126:Src/usb_otg.c ****     else
 127:Src/usb_otg.c ****     {
 128:Src/usb_otg.c ****       HAL_PWREx_DisableVddUSB();
 260              		.loc 1 128 0
ARM GAS  C:\Users\choee\AppData\Local\Temp\ccgUBqR3.s 			page 8


 261 002c FFF7FEFF 		bl	HAL_PWREx_DisableVddUSB
 262              	.LVL13:
 263              	.L15:
 129:Src/usb_otg.c ****     }
 130:Src/usb_otg.c ****   /* USER CODE BEGIN USB_OTG_FS_MspDeInit 1 */
 131:Src/usb_otg.c **** 
 132:Src/usb_otg.c ****   /* USER CODE END USB_OTG_FS_MspDeInit 1 */
 133:Src/usb_otg.c ****   }
 134:Src/usb_otg.c **** } 
 264              		.loc 1 134 0
 265 0030 02B0     		add	sp, sp, #8
 266              	.LCFI7:
 267              		.cfi_remember_state
 268              		.cfi_def_cfa_offset 8
 269              		@ sp needed
 270 0032 10BD     		pop	{r4, pc}
 271              	.L23:
 272              	.LCFI8:
 273              		.cfi_restore_state
 274              	.LBB5:
 122:Src/usb_otg.c ****       HAL_PWREx_DisableVddUSB();
 275              		.loc 1 122 0
 276 0034 A36D     		ldr	r3, [r4, #88]
 277 0036 43F08053 		orr	r3, r3, #268435456
 278 003a A365     		str	r3, [r4, #88]
 279 003c A36D     		ldr	r3, [r4, #88]
 280 003e 03F08053 		and	r3, r3, #268435456
 281 0042 0193     		str	r3, [sp, #4]
 282 0044 019B     		ldr	r3, [sp, #4]
 283              	.LBE5:
 123:Src/usb_otg.c ****       __HAL_RCC_PWR_CLK_DISABLE();
 284              		.loc 1 123 0
 285 0046 FFF7FEFF 		bl	HAL_PWREx_DisableVddUSB
 286              	.LVL14:
 124:Src/usb_otg.c ****     }
 287              		.loc 1 124 0
 288 004a A36D     		ldr	r3, [r4, #88]
 289 004c 23F08053 		bic	r3, r3, #268435456
 290 0050 A365     		str	r3, [r4, #88]
 291 0052 EDE7     		b	.L15
 292              	.L25:
 293              		.align	2
 294              	.L24:
 295 0054 00100240 		.word	1073876992
 296              		.cfi_endproc
 297              	.LFE132:
 299              		.comm	hpcd_USB_OTG_FS,1032,4
 300              		.text
 301              	.Letext0:
 302              		.file 2 "c:\\program files (x86)\\gnu tools arm embedded\\6 2017-q2-update\\arm-none-eabi\\include
 303              		.file 3 "c:\\program files (x86)\\gnu tools arm embedded\\6 2017-q2-update\\arm-none-eabi\\include
 304              		.file 4 "Drivers/CMSIS/Include/core_cm4.h"
 305              		.file 5 "Drivers/CMSIS/Device/ST/STM32L4xx/Include/system_stm32l4xx.h"
 306              		.file 6 "Drivers/CMSIS/Device/ST/STM32L4xx/Include/stm32l475xx.h"
 307              		.file 7 "Drivers/CMSIS/Device/ST/STM32L4xx/Include/stm32l4xx.h"
 308              		.file 8 "Drivers/STM32L4xx_HAL_Driver/Inc/stm32l4xx_hal_def.h"
 309              		.file 9 "Drivers/STM32L4xx_HAL_Driver/Inc/stm32l4xx_hal_gpio.h"
ARM GAS  C:\Users\choee\AppData\Local\Temp\ccgUBqR3.s 			page 9


 310              		.file 10 "Drivers/STM32L4xx_HAL_Driver/Inc/stm32l4xx_hal_dma.h"
 311              		.file 11 "Drivers/STM32L4xx_HAL_Driver/Inc/stm32l4xx_hal_flash.h"
 312              		.file 12 "Drivers/STM32L4xx_HAL_Driver/Inc/stm32l4xx_hal_uart.h"
 313              		.file 13 "Drivers/STM32L4xx_HAL_Driver/Inc/stm32l4xx_ll_usb.h"
 314              		.file 14 "Drivers/STM32L4xx_HAL_Driver/Inc/stm32l4xx_hal_pcd.h"
 315              		.file 15 "Drivers/STM32L4xx_HAL_Driver/Inc/stm32l4xx_hal.h"
 316              		.file 16 "Inc/stm32l4xx_nucleo.h"
 317              		.file 17 "Inc/usb_otg.h"
 318              		.file 18 "Drivers/STM32L4xx_HAL_Driver/Inc/stm32l4xx_hal_pwr_ex.h"
 319              		.file 19 "Inc/main.h"
ARM GAS  C:\Users\choee\AppData\Local\Temp\ccgUBqR3.s 			page 10


DEFINED SYMBOLS
                            *ABS*:00000000 usb_otg.c
C:\Users\choee\AppData\Local\Temp\ccgUBqR3.s:18     .text.MX_USB_OTG_FS_PCD_Init:00000000 $t
C:\Users\choee\AppData\Local\Temp\ccgUBqR3.s:25     .text.MX_USB_OTG_FS_PCD_Init:00000000 MX_USB_OTG_FS_PCD_Init
C:\Users\choee\AppData\Local\Temp\ccgUBqR3.s:77     .text.MX_USB_OTG_FS_PCD_Init:00000030 $d
                            *COM*:00000408 hpcd_USB_OTG_FS
C:\Users\choee\AppData\Local\Temp\ccgUBqR3.s:82     .text.HAL_PCD_MspInit:00000000 $t
C:\Users\choee\AppData\Local\Temp\ccgUBqR3.s:89     .text.HAL_PCD_MspInit:00000000 HAL_PCD_MspInit
C:\Users\choee\AppData\Local\Temp\ccgUBqR3.s:211    .text.HAL_PCD_MspInit:000000a4 $d
C:\Users\choee\AppData\Local\Temp\ccgUBqR3.s:216    .text.HAL_PCD_MspDeInit:00000000 $t
C:\Users\choee\AppData\Local\Temp\ccgUBqR3.s:223    .text.HAL_PCD_MspDeInit:00000000 HAL_PCD_MspDeInit
C:\Users\choee\AppData\Local\Temp\ccgUBqR3.s:295    .text.HAL_PCD_MspDeInit:00000054 $d
                     .debug_frame:00000010 $d

UNDEFINED SYMBOLS
HAL_PCD_Init
Error_Handler
HAL_GPIO_Init
HAL_PWREx_EnableVddUSB
HAL_GPIO_DeInit
HAL_PWREx_DisableVddUSB
